[ 2016-11-15T00:00:55+08:00 ] ::1 /fofs/1/index.php/Home/Password/first.html
INFO: [ app_init ] --START--
INFO: Run Behavior\BuildLiteBehavior [ RunTime:0.000073s ]
INFO: [ app_init ] --END-- [ RunTime:0.002098s ]
INFO: [ app_begin ] --START--
INFO: Run Behavior\ReadHtmlCacheBehavior [ RunTime:0.002789s ]
INFO: Run Behavior\CheckLangBehavior [ RunTime:0.007161s ]
INFO: [ app_begin ] --END-- [ RunTime:0.010374s ]
INFO: [ view_parse ] --START--
INFO: [ template_filter ] --START--
INFO: Run Behavior\ContentReplaceBehavior [ RunTime:0.000575s ]
INFO: [ template_filter ] --END-- [ RunTime:0.000861s ]
NOTIC: [8] Undefined variable: keywords D:\phpStudy\WWW\fofs\1\Application\Runtime\Cache\Home\b9b1e52b0e097ed8b25ae0651af49884.php 第 43 行.
NOTIC: [8] Undefined variable: user_id D:\phpStudy\WWW\fofs\1\Application\Runtime\Cache\Home\b9b1e52b0e097ed8b25ae0651af49884.php 第 49 行.
INFO: Run Behavior\ParseTemplateBehavior [ RunTime:0.080200s ]
INFO: [ view_parse ] --END-- [ RunTime:0.080673s ]
INFO: [ view_filter ] --START--
INFO: Run Behavior\WriteHtmlCacheBehavior [ RunTime:0.001655s ]
INFO: [ view_filter ] --END-- [ RunTime:0.001965s ]
INFO: [ app_end ] --START--
INFO: Run Behavior\ShowPageTraceBehavior [ RunTime:0.010974s ]
INFO: [ app_end ] --END-- [ RunTime:0.011601s ]

[ 2016-11-15T00:02:40+08:00 ] ::1 /fofs/1/index.php/Home/Password/first.html
INFO: [ app_init ] --START--
INFO: Run Behavior\BuildLiteBehavior [ RunTime:0.000041s ]
INFO: [ app_init ] --END-- [ RunTime:0.001257s ]
INFO: [ app_begin ] --START--
INFO: Run Behavior\ReadHtmlCacheBehavior [ RunTime:0.001837s ]
INFO: Run Behavior\CheckLangBehavior [ RunTime:0.005699s ]
INFO: [ app_begin ] --END-- [ RunTime:0.007836s ]
INFO: [ view_parse ] --START--
INFO: [ template_filter ] --START--
INFO: Run Behavior\ContentReplaceBehavior [ RunTime:0.000318s ]
INFO: [ template_filter ] --END-- [ RunTime:0.000484s ]
NOTIC: [8] Undefined variable: keywords D:\phpStudy\WWW\fofs\1\Application\Runtime\Cache\Home\b9b1e52b0e097ed8b25ae0651af49884.php 第 43 行.
NOTIC: [8] Undefined variable: user_id D:\phpStudy\WWW\fofs\1\Application\Runtime\Cache\Home\b9b1e52b0e097ed8b25ae0651af49884.php 第 49 行.
INFO: Run Behavior\ParseTemplateBehavior [ RunTime:0.035221s ]
INFO: [ view_parse ] --END-- [ RunTime:0.035454s ]
INFO: [ view_filter ] --START--
INFO: Run Behavior\WriteHtmlCacheBehavior [ RunTime:0.001397s ]
INFO: [ view_filter ] --END-- [ RunTime:0.001560s ]
INFO: [ app_end ] --START--
INFO: Run Behavior\ShowPageTraceBehavior [ RunTime:0.002394s ]
INFO: [ app_end ] --END-- [ RunTime:0.002667s ]

[ 2016-11-15T00:02:54+08:00 ] ::1 /fofs/1/index.php/Home/Password/first.html
INFO: [ app_init ] --START--
INFO: Run Behavior\BuildLiteBehavior [ RunTime:0.000058s ]
INFO: [ app_init ] --END-- [ RunTime:0.001260s ]
INFO: [ app_begin ] --START--
INFO: Run Behavior\ReadHtmlCacheBehavior [ RunTime:0.002235s ]
INFO: Run Behavior\CheckLangBehavior [ RunTime:0.006528s ]
INFO: [ app_begin ] --END-- [ RunTime:0.009253s ]
INFO: [ view_parse ] --START--
INFO: [ template_filter ] --START--
INFO: Run Behavior\ContentReplaceBehavior [ RunTime:0.000527s ]
INFO: [ template_filter ] --END-- [ RunTime:0.000943s ]
NOTIC: [8] Undefined variable: keywords D:\phpStudy\WWW\fofs\1\Application\Runtime\Cache\Home\b9b1e52b0e097ed8b25ae0651af49884.php 第 43 行.
NOTIC: [8] Undefined variable: user_id D:\phpStudy\WWW\fofs\1\Application\Runtime\Cache\Home\b9b1e52b0e097ed8b25ae0651af49884.php 第 49 行.
INFO: Run Behavior\ParseTemplateBehavior [ RunTime:0.041172s ]
INFO: [ view_parse ] --END-- [ RunTime:0.041392s ]
INFO: [ view_filter ] --START--
INFO: Run Behavior\WriteHtmlCacheBehavior [ RunTime:0.001345s ]
INFO: [ view_filter ] --END-- [ RunTime:0.001487s ]
INFO: [ app_end ] --START--
INFO: Run Behavior\ShowPageTraceBehavior [ RunTime:0.004082s ]
INFO: [ app_end ] --END-- [ RunTime:0.004513s ]

[ 2016-11-15T00:03:30+08:00 ] ::1 /fofs/1/index.php/Home/Password/first.html
INFO: [ app_init ] --START--
INFO: Run Behavior\BuildLiteBehavior [ RunTime:0.000043s ]
INFO: [ app_init ] --END-- [ RunTime:0.001454s ]
INFO: [ app_begin ] --START--
INFO: Run Behavior\ReadHtmlCacheBehavior [ RunTime:0.001736s ]
INFO: Run Behavior\CheckLangBehavior [ RunTime:0.005435s ]
INFO: [ app_begin ] --END-- [ RunTime:0.007497s ]
INFO: [ view_parse ] --START--
INFO: [ template_filter ] --START--
INFO: Run Behavior\ContentReplaceBehavior [ RunTime:0.000317s ]
INFO: [ template_filter ] --END-- [ RunTime:0.000484s ]
NOTIC: [8] Undefined variable: keywords D:\phpStudy\WWW\fofs\1\Application\Runtime\Cache\Home\b9b1e52b0e097ed8b25ae0651af49884.php 第 43 行.
NOTIC: [8] Undefined variable: user_id D:\phpStudy\WWW\fofs\1\Application\Runtime\Cache\Home\b9b1e52b0e097ed8b25ae0651af49884.php 第 49 行.
INFO: Run Behavior\ParseTemplateBehavior [ RunTime:0.036549s ]
INFO: [ view_parse ] --END-- [ RunTime:0.036761s ]
INFO: [ view_filter ] --START--
INFO: Run Behavior\WriteHtmlCacheBehavior [ RunTime:0.001309s ]
INFO: [ view_filter ] --END-- [ RunTime:0.001477s ]
INFO: [ app_end ] --START--
INFO: Run Behavior\ShowPageTraceBehavior [ RunTime:0.002248s ]
INFO: [ app_end ] --END-- [ RunTime:0.002476s ]

[ 2016-11-15T00:03:45+08:00 ] ::1 /fofs/1/index.php/Home/Password/send_mail
INFO: [ app_init ] --START--
INFO: Run Behavior\BuildLiteBehavior [ RunTime:0.000042s ]
INFO: [ app_init ] --END-- [ RunTime:0.001427s ]
INFO: [ app_begin ] --START--
INFO: Run Behavior\ReadHtmlCacheBehavior [ RunTime:0.001852s ]
INFO: Run Behavior\CheckLangBehavior [ RunTime:0.004733s ]
INFO: [ app_begin ] --END-- [ RunTime:0.006871s ]
NOTIC: [8] Undefined index: userType D:\phpStudy\WWW\fofs\1\Application\Home\Controller\PasswordController.class.php 第 564 行.
INFO: [ view_parse ] --START--
INFO: [ template_filter ] --START--
INFO: Run Behavior\ContentReplaceBehavior [ RunTime:0.000127s ]
INFO: [ template_filter ] --END-- [ RunTime:0.000330s ]
INFO: Run Behavior\ParseTemplateBehavior [ RunTime:0.071895s ]
INFO: [ view_parse ] --END-- [ RunTime:0.072098s ]
INFO: [ view_filter ] --START--
INFO: Run Behavior\WriteHtmlCacheBehavior [ RunTime:0.001316s ]
INFO: [ view_filter ] --END-- [ RunTime:0.001457s ]

[ 2016-11-15T00:03:48+08:00 ] ::1 /fofs/1/index.php/Home/Index
INFO: [ app_init ] --START--
INFO: Run Behavior\BuildLiteBehavior [ RunTime:0.000042s ]
INFO: [ app_init ] --END-- [ RunTime:0.001293s ]
INFO: [ app_begin ] --START--
INFO: Run Behavior\ReadHtmlCacheBehavior [ RunTime:0.001966s ]
INFO: Run Behavior\CheckLangBehavior [ RunTime:0.005107s ]
INFO: [ app_begin ] --END-- [ RunTime:0.007455s ]
SQL: SHOW COLUMNS FROM `fofs_article` [ RunTime:0.0273s ]
SQL: SELECT * FROM `fofs_article` WHERE `article_type` = 1 ORDER BY id desc LIMIT 1,10   [ RunTime:0.0017s ]
SQL: SELECT * FROM `fofs_article` WHERE `article_type` = 2 ORDER BY id desc LIMIT 10   [ RunTime:0.0013s ]
SQL: SELECT * FROM `fofs_article` WHERE `article_type` = 3 ORDER BY id desc LIMIT 10   [ RunTime:0.0013s ]
SQL: SELECT * FROM `fofs_article` WHERE `article_type` = 4 ORDER BY id desc LIMIT 10   [ RunTime:0.0013s ]
INFO: [ view_parse ] --START--
INFO: [ template_filter ] --START--
INFO: Run Behavior\ContentReplaceBehavior [ RunTime:0.000437s ]
INFO: [ template_filter ] --END-- [ RunTime:0.000609s ]
NOTIC: [8] Undefined variable: keywords D:\phpStudy\WWW\fofs\1\Application\Runtime\Cache\Home\2a94b8bda04ff446dcedd42276fc99ee.php 第 43 行.
NOTIC: [8] Undefined variable: user_id D:\phpStudy\WWW\fofs\1\Application\Runtime\Cache\Home\2a94b8bda04ff446dcedd42276fc99ee.php 第 49 行.
NOTIC: [8] Undefined variable: link D:\phpStudy\WWW\fofs\1\Application\Runtime\Cache\Home\2a94b8bda04ff446dcedd42276fc99ee.php 第 247 行.
NOTIC: [8] Undefined variable: link D:\phpStudy\WWW\fofs\1\Application\Runtime\Cache\Home\2a94b8bda04ff446dcedd42276fc99ee.php 第 264 行.
NOTIC: [8] Undefined variable: link D:\phpStudy\WWW\fofs\1\Application\Runtime\Cache\Home\2a94b8bda04ff446dcedd42276fc99ee.php 第 281 行.
INFO: Run Behavior\ParseTemplateBehavior [ RunTime:0.063454s ]
INFO: [ view_parse ] --END-- [ RunTime:0.063615s ]
INFO: [ view_filter ] --START--
INFO: Run Behavior\WriteHtmlCacheBehavior [ RunTime:0.001210s ]
INFO: [ view_filter ] --END-- [ RunTime:0.001376s ]
INFO: [ app_end ] --START--
INFO: Run Behavior\ShowPageTraceBehavior [ RunTime:0.004114s ]
INFO: [ app_end ] --END-- [ RunTime:0.006603s ]

[ 2016-11-15T00:05:19+08:00 ] ::1 /fofs/1/index.php/Home/Password/first.html
INFO: [ app_init ] --START--
INFO: Run Behavior\BuildLiteBehavior [ RunTime:0.000056s ]
INFO: [ app_init ] --END-- [ RunTime:0.002316s ]
INFO: [ app_begin ] --START--
INFO: Run Behavior\ReadHtmlCacheBehavior [ RunTime:0.003016s ]
INFO: Run Behavior\CheckLangBehavior [ RunTime:0.008409s ]
INFO: [ app_begin ] --END-- [ RunTime:0.012055s ]
INFO: [ view_parse ] --START--
INFO: [ template_filter ] --START--
INFO: Run Behavior\ContentReplaceBehavior [ RunTime:0.000310s ]
INFO: [ template_filter ] --END-- [ RunTime:0.000516s ]
NOTIC: [8] Undefined variable: keywords D:\phpStudy\WWW\fofs\1\Application\Runtime\Cache\Home\b9b1e52b0e097ed8b25ae0651af49884.php 第 43 行.
NOTIC: [8] Undefined variable: user_id D:\phpStudy\WWW\fofs\1\Application\Runtime\Cache\Home\b9b1e52b0e097ed8b25ae0651af49884.php 第 49 行.
INFO: Run Behavior\ParseTemplateBehavior [ RunTime:0.069466s ]
INFO: [ view_parse ] --END-- [ RunTime:0.069773s ]
INFO: [ view_filter ] --START--
INFO: Run Behavior\WriteHtmlCacheBehavior [ RunTime:0.003354s ]
INFO: [ view_filter ] --END-- [ RunTime:0.003619s ]
INFO: [ app_end ] --START--
INFO: Run Behavior\ShowPageTraceBehavior [ RunTime:0.002978s ]
INFO: [ app_end ] --END-- [ RunTime:0.003298s ]

[ 2016-11-15T00:16:55+08:00 ] ::1 /fofs/1/index.php/Home/Password/first.html
INFO: [ app_init ] --START--
INFO: Run Behavior\BuildLiteBehavior [ RunTime:0.000065s ]
INFO: [ app_init ] --END-- [ RunTime:0.001827s ]
INFO: [ app_begin ] --START--
INFO: Run Behavior\ReadHtmlCacheBehavior [ RunTime:0.002667s ]
INFO: Run Behavior\CheckLangBehavior [ RunTime:0.007778s ]
INFO: [ app_begin ] --END-- [ RunTime:0.010909s ]
INFO: [ view_parse ] --START--
INFO: [ template_filter ] --START--
INFO: Run Behavior\ContentReplaceBehavior [ RunTime:0.000495s ]
INFO: [ template_filter ] --END-- [ RunTime:0.000754s ]
NOTIC: [8] Undefined variable: keywords D:\phpStudy\WWW\fofs\1\Application\Runtime\Cache\Home\b9b1e52b0e097ed8b25ae0651af49884.php 第 43 行.
NOTIC: [8] Undefined variable: user_id D:\phpStudy\WWW\fofs\1\Application\Runtime\Cache\Home\b9b1e52b0e097ed8b25ae0651af49884.php 第 49 行.
INFO: Run Behavior\ParseTemplateBehavior [ RunTime:0.044236s ]
INFO: [ view_parse ] --END-- [ RunTime:0.044463s ]
INFO: [ view_filter ] --START--
INFO: Run Behavior\WriteHtmlCacheBehavior [ RunTime:0.001879s ]
INFO: [ view_filter ] --END-- [ RunTime:0.002171s ]
INFO: [ app_end ] --START--
INFO: Run Behavior\ShowPageTraceBehavior [ RunTime:0.003262s ]
INFO: [ app_end ] --END-- [ RunTime:0.003543s ]

[ 2016-11-15T23:16:37+08:00 ] ::1 /fofs/1/
INFO: [ app_init ] --START--
INFO: Run Behavior\BuildLiteBehavior [ RunTime:0.000061s ]
INFO: [ app_init ] --END-- [ RunTime:0.001262s ]
INFO: [ app_begin ] --START--
INFO: Run Behavior\ReadHtmlCacheBehavior [ RunTime:0.001764s ]
INFO: Run Behavior\CheckLangBehavior [ RunTime:0.005207s ]
INFO: [ app_begin ] --END-- [ RunTime:0.007281s ]
SQL: SHOW COLUMNS FROM `fofs_article` [ RunTime:0.0659s ]
SQL: SELECT * FROM `fofs_article` WHERE `article_type` = 1 ORDER BY id desc LIMIT 1,10   [ RunTime:0.0013s ]
SQL: SELECT * FROM `fofs_article` WHERE `article_type` = 2 ORDER BY id desc LIMIT 10   [ RunTime:0.0009s ]
SQL: SELECT * FROM `fofs_article` WHERE `article_type` = 3 ORDER BY id desc LIMIT 10   [ RunTime:0.0007s ]
SQL: SELECT * FROM `fofs_article` WHERE `article_type` = 4 ORDER BY id desc LIMIT 10   [ RunTime:0.0007s ]
INFO: [ view_parse ] --START--
INFO: [ template_filter ] --START--
INFO: Run Behavior\ContentReplaceBehavior [ RunTime:0.000198s ]
INFO: [ template_filter ] --END-- [ RunTime:0.000283s ]
NOTIC: [8] Undefined variable: keywords D:\phpStudy\WWW\fofs\1\Application\Runtime\Cache\Home\2a94b8bda04ff446dcedd42276fc99ee.php 第 43 行.
NOTIC: [8] Undefined variable: user_id D:\phpStudy\WWW\fofs\1\Application\Runtime\Cache\Home\2a94b8bda04ff446dcedd42276fc99ee.php 第 49 行.
NOTIC: [8] Undefined variable: link D:\phpStudy\WWW\fofs\1\Application\Runtime\Cache\Home\2a94b8bda04ff446dcedd42276fc99ee.php 第 247 行.
NOTIC: [8] Undefined variable: link D:\phpStudy\WWW\fofs\1\Application\Runtime\Cache\Home\2a94b8bda04ff446dcedd42276fc99ee.php 第 264 行.
NOTIC: [8] Undefined variable: link D:\phpStudy\WWW\fofs\1\Application\Runtime\Cache\Home\2a94b8bda04ff446dcedd42276fc99ee.php 第 281 行.
INFO: Run Behavior\ParseTemplateBehavior [ RunTime:0.029170s ]
INFO: [ view_parse ] --END-- [ RunTime:0.029254s ]
INFO: [ view_filter ] --START--
INFO: Run Behavior\WriteHtmlCacheBehavior [ RunTime:0.000653s ]
INFO: [ view_filter ] --END-- [ RunTime:0.000723s ]
INFO: [ app_end ] --START--
INFO: Run Behavior\ShowPageTraceBehavior [ RunTime:0.001176s ]
INFO: [ app_end ] --END-- [ RunTime:0.001287s ]

[ 2016-11-15T23:16:38+08:00 ] ::1 /fofs/1/?l=zh-cn
INFO: [ app_init ] --START--
INFO: Run Behavior\BuildLiteBehavior [ RunTime:0.000021s ]
INFO: [ app_init ] --END-- [ RunTime:0.000529s ]
INFO: [ app_begin ] --START--
INFO: Run Behavior\ReadHtmlCacheBehavior [ RunTime:0.000740s ]
INFO: Run Behavior\CheckLangBehavior [ RunTime:0.001924s ]
INFO: [ app_begin ] --END-- [ RunTime:0.002792s ]
SQL: SHOW COLUMNS FROM `fofs_article` [ RunTime:0.0134s ]
SQL: SELECT * FROM `fofs_article` WHERE `article_type` = 1 ORDER BY id desc LIMIT 1,10   [ RunTime:0.0009s ]
SQL: SELECT * FROM `fofs_article` WHERE `article_type` = 2 ORDER BY id desc LIMIT 10   [ RunTime:0.0007s ]
SQL: SELECT * FROM `fofs_article` WHERE `article_type` = 3 ORDER BY id desc LIMIT 10   [ RunTime:0.0007s ]
SQL: SELECT * FROM `fofs_article` WHERE `article_type` = 4 ORDER BY id desc LIMIT 10   [ RunTime:0.0007s ]
INFO: [ view_parse ] --START--
INFO: [ template_filter ] --START--
INFO: Run Behavior\ContentReplaceBehavior [ RunTime:0.000197s ]
INFO: [ template_filter ] --END-- [ RunTime:0.000281s ]
NOTIC: [8] Undefined variable: keywords D:\phpStudy\WWW\fofs\1\Application\Runtime\Cache\Home\2a94b8bda04ff446dcedd42276fc99ee.php 第 43 行.
NOTIC: [8] Undefined variable: user_id D:\phpStudy\WWW\fofs\1\Application\Runtime\Cache\Home\2a94b8bda04ff446dcedd42276fc99ee.php 第 49 行.
NOTIC: [8] Undefined variable: link D:\phpStudy\WWW\fofs\1\Application\Runtime\Cache\Home\2a94b8bda04ff446dcedd42276fc99ee.php 第 247 行.
NOTIC: [8] Undefined variable: link D:\phpStudy\WWW\fofs\1\Application\Runtime\Cache\Home\2a94b8bda04ff446dcedd42276fc99ee.php 第 264 行.
NOTIC: [8] Undefined variable: link D:\phpStudy\WWW\fofs\1\Application\Runtime\Cache\Home\2a94b8bda04ff446dcedd42276fc99ee.php 第 281 行.
INFO: Run Behavior\ParseTemplateBehavior [ RunTime:0.035589s ]
INFO: [ view_parse ] --END-- [ RunTime:0.035669s ]
INFO: [ view_filter ] --START--
INFO: Run Behavior\WriteHtmlCacheBehavior [ RunTime:0.000581s ]
INFO: [ view_filter ] --END-- [ RunTime:0.000644s ]
INFO: [ app_end ] --START--
INFO: Run Behavior\ShowPageTraceBehavior [ RunTime:0.001147s ]
INFO: [ app_end ] --END-- [ RunTime:0.001257s ]

[ 2016-11-15T23:16:44+08:00 ] ::1 /fofs/1/index.php/Home/Password/first.html
INFO: [ app_init ] --START--
INFO: Run Behavior\BuildLiteBehavior [ RunTime:0.000022s ]
INFO: [ app_init ] --END-- [ RunTime:0.000704s ]
INFO: [ app_begin ] --START--
INFO: Run Behavior\ReadHtmlCacheBehavior [ RunTime:0.000671s ]
INFO: Run Behavior\CheckLangBehavior [ RunTime:0.001729s ]
INFO: [ app_begin ] --END-- [ RunTime:0.002523s ]
INFO: [ view_parse ] --START--
INFO: [ template_filter ] --START--
INFO: Run Behavior\ContentReplaceBehavior [ RunTime:0.000153s ]
INFO: [ template_filter ] --END-- [ RunTime:0.000238s ]
NOTIC: [8] Undefined variable: keywords D:\phpStudy\WWW\fofs\1\Application\Runtime\Cache\Home\b9b1e52b0e097ed8b25ae0651af49884.php 第 43 行.
NOTIC: [8] Undefined variable: user_id D:\phpStudy\WWW\fofs\1\Application\Runtime\Cache\Home\b9b1e52b0e097ed8b25ae0651af49884.php 第 49 行.
INFO: Run Behavior\ParseTemplateBehavior [ RunTime:0.016234s ]
INFO: [ view_parse ] --END-- [ RunTime:0.016343s ]
INFO: [ view_filter ] --START--
INFO: Run Behavior\WriteHtmlCacheBehavior [ RunTime:0.000410s ]
INFO: [ view_filter ] --END-- [ RunTime:0.000472s ]
INFO: [ app_end ] --START--
INFO: Run Behavior\ShowPageTraceBehavior [ RunTime:0.000971s ]
INFO: [ app_end ] --END-- [ RunTime:0.001099s ]

[ 2016-11-15T23:17:31+08:00 ] ::1 /fofs/1/index.php/Home/Password/first.html
INFO: [ app_init ] --START--
INFO: Run Behavior\BuildLiteBehavior [ RunTime:0.000022s ]
INFO: [ app_init ] --END-- [ RunTime:0.000642s ]
INFO: [ app_begin ] --START--
INFO: Run Behavior\ReadHtmlCacheBehavior [ RunTime:0.000678s ]
INFO: Run Behavior\CheckLangBehavior [ RunTime:0.001747s ]
INFO: [ app_begin ] --END-- [ RunTime:0.002547s ]
INFO: [ view_parse ] --START--
INFO: [ template_filter ] --START--
INFO: Run Behavior\ContentReplaceBehavior [ RunTime:0.000160s ]
INFO: [ template_filter ] --END-- [ RunTime:0.000253s ]
NOTIC: [8] Undefined variable: keywords D:\phpStudy\WWW\fofs\1\Application\Runtime\Cache\Home\b9b1e52b0e097ed8b25ae0651af49884.php 第 43 行.
NOTIC: [8] Undefined variable: user_id D:\phpStudy\WWW\fofs\1\Application\Runtime\Cache\Home\b9b1e52b0e097ed8b25ae0651af49884.php 第 49 行.
INFO: Run Behavior\ParseTemplateBehavior [ RunTime:0.014293s ]
INFO: [ view_parse ] --END-- [ RunTime:0.014383s ]
INFO: [ view_filter ] --START--
INFO: Run Behavior\WriteHtmlCacheBehavior [ RunTime:0.000502s ]
INFO: [ view_filter ] --END-- [ RunTime:0.000573s ]
INFO: [ app_end ] --START--
INFO: Run Behavior\ShowPageTraceBehavior [ RunTime:0.000915s ]
INFO: [ app_end ] --END-- [ RunTime:0.001004s ]

[ 2016-11-15T23:17:35+08:00 ] ::1 /fofs/1/index.php/Home/Password/first.html
INFO: [ app_init ] --START--
INFO: Run Behavior\BuildLiteBehavior [ RunTime:0.000021s ]
INFO: [ app_init ] --END-- [ RunTime:0.000687s ]
INFO: [ app_begin ] --START--
INFO: Run Behavior\ReadHtmlCacheBehavior [ RunTime:0.000836s ]
INFO: Run Behavior\CheckLangBehavior [ RunTime:0.002435s ]
INFO: [ app_begin ] --END-- [ RunTime:0.003416s ]
INFO: [ view_parse ] --START--
INFO: [ template_filter ] --START--
INFO: Run Behavior\ContentReplaceBehavior [ RunTime:0.000160s ]
INFO: [ template_filter ] --END-- [ RunTime:0.000246s ]
NOTIC: [8] Undefined variable: keywords D:\phpStudy\WWW\fofs\1\Application\Runtime\Cache\Home\b9b1e52b0e097ed8b25ae0651af49884.php 第 43 行.
NOTIC: [8] Undefined variable: user_id D:\phpStudy\WWW\fofs\1\Application\Runtime\Cache\Home\b9b1e52b0e097ed8b25ae0651af49884.php 第 49 行.
INFO: Run Behavior\ParseTemplateBehavior [ RunTime:0.017044s ]
INFO: [ view_parse ] --END-- [ RunTime:0.017139s ]
INFO: [ view_filter ] --START--
INFO: Run Behavior\WriteHtmlCacheBehavior [ RunTime:0.000621s ]
INFO: [ view_filter ] --END-- [ RunTime:0.000688s ]
INFO: [ app_end ] --START--
INFO: Run Behavior\ShowPageTraceBehavior [ RunTime:0.001016s ]
INFO: [ app_end ] --END-- [ RunTime:0.001122s ]

[ 2016-11-15T23:22:54+08:00 ] ::1 /fofs/1/index.php/Home/Password/first.html
INFO: [ app_init ] --START--
INFO: Run Behavior\BuildLiteBehavior [ RunTime:0.000029s ]
INFO: [ app_init ] --END-- [ RunTime:0.000784s ]
INFO: [ app_begin ] --START--
INFO: Run Behavior\ReadHtmlCacheBehavior [ RunTime:0.000848s ]
INFO: Run Behavior\CheckLangBehavior [ RunTime:0.002314s ]
INFO: [ app_begin ] --END-- [ RunTime:0.003301s ]
INFO: [ view_parse ] --START--
INFO: [ template_filter ] --START--
INFO: Run Behavior\ContentReplaceBehavior [ RunTime:0.000154s ]
INFO: [ template_filter ] --END-- [ RunTime:0.000239s ]
NOTIC: [8] Undefined variable: keywords D:\phpStudy\WWW\fofs\1\Application\Runtime\Cache\Home\b9b1e52b0e097ed8b25ae0651af49884.php 第 43 行.
NOTIC: [8] Undefined variable: user_id D:\phpStudy\WWW\fofs\1\Application\Runtime\Cache\Home\b9b1e52b0e097ed8b25ae0651af49884.php 第 49 行.
INFO: Run Behavior\ParseTemplateBehavior [ RunTime:0.015316s ]
INFO: [ view_parse ] --END-- [ RunTime:0.015422s ]
INFO: [ view_filter ] --START--
INFO: Run Behavior\WriteHtmlCacheBehavior [ RunTime:0.000642s ]
INFO: [ view_filter ] --END-- [ RunTime:0.000712s ]
INFO: [ app_end ] --START--
INFO: Run Behavior\ShowPageTraceBehavior [ RunTime:0.000993s ]
INFO: [ app_end ] --END-- [ RunTime:0.001087s ]

[ 2016-11-15T23:23:12+08:00 ] ::1 /fofs/1/index.php/Home/Password/first.html
INFO: [ app_init ] --START--
INFO: Run Behavior\BuildLiteBehavior [ RunTime:0.000021s ]
INFO: [ app_init ] --END-- [ RunTime:0.000615s ]
INFO: [ app_begin ] --START--
INFO: Run Behavior\ReadHtmlCacheBehavior [ RunTime:0.000756s ]
INFO: Run Behavior\CheckLangBehavior [ RunTime:0.001987s ]
INFO: [ app_begin ] --END-- [ RunTime:0.002861s ]
INFO: [ view_parse ] --START--
INFO: [ template_filter ] --START--
INFO: Run Behavior\ContentReplaceBehavior [ RunTime:0.000151s ]
INFO: [ template_filter ] --END-- [ RunTime:0.000237s ]
NOTIC: [8] Undefined variable: keywords D:\phpStudy\WWW\fofs\1\Application\Runtime\Cache\Home\b9b1e52b0e097ed8b25ae0651af49884.php 第 43 行.
NOTIC: [8] Undefined variable: user_id D:\phpStudy\WWW\fofs\1\Application\Runtime\Cache\Home\b9b1e52b0e097ed8b25ae0651af49884.php 第 49 行.
INFO: Run Behavior\ParseTemplateBehavior [ RunTime:0.015224s ]
INFO: [ view_parse ] --END-- [ RunTime:0.015309s ]
INFO: [ view_filter ] --START--
INFO: Run Behavior\WriteHtmlCacheBehavior [ RunTime:0.000533s ]
INFO: [ view_filter ] --END-- [ RunTime:0.000602s ]
INFO: [ app_end ] --START--
INFO: Run Behavior\ShowPageTraceBehavior [ RunTime:0.001150s ]
INFO: [ app_end ] --END-- [ RunTime:0.001268s ]

[ 2016-11-15T23:23:59+08:00 ] ::1 /fofs/1/index.php/Home/Password/first.html
INFO: [ app_init ] --START--
INFO: Run Behavior\BuildLiteBehavior [ RunTime:0.000021s ]
INFO: [ app_init ] --END-- [ RunTime:0.000617s ]
INFO: [ app_begin ] --START--
INFO: Run Behavior\ReadHtmlCacheBehavior [ RunTime:0.000812s ]
INFO: Run Behavior\CheckLangBehavior [ RunTime:0.002022s ]
INFO: [ app_begin ] --END-- [ RunTime:0.002956s ]
INFO: [ view_parse ] --START--
INFO: [ template_filter ] --START--
INFO: Run Behavior\ContentReplaceBehavior [ RunTime:0.000153s ]
INFO: [ template_filter ] --END-- [ RunTime:0.000235s ]
NOTIC: [8] Undefined variable: keywords D:\phpStudy\WWW\fofs\1\Application\Runtime\Cache\Home\b9b1e52b0e097ed8b25ae0651af49884.php 第 43 行.
NOTIC: [8] Undefined variable: user_id D:\phpStudy\WWW\fofs\1\Application\Runtime\Cache\Home\b9b1e52b0e097ed8b25ae0651af49884.php 第 49 行.
INFO: Run Behavior\ParseTemplateBehavior [ RunTime:0.014950s ]
INFO: [ view_parse ] --END-- [ RunTime:0.015035s ]
INFO: [ view_filter ] --START--
INFO: Run Behavior\WriteHtmlCacheBehavior [ RunTime:0.000534s ]
INFO: [ view_filter ] --END-- [ RunTime:0.000595s ]
INFO: [ app_end ] --START--
INFO: Run Behavior\ShowPageTraceBehavior [ RunTime:0.000993s ]
INFO: [ app_end ] --END-- [ RunTime:0.001101s ]

[ 2016-11-15T23:25:27+08:00 ] ::1 /fofs/1/index.php/Home/Password/first.html
INFO: [ app_init ] --START--
INFO: Run Behavior\BuildLiteBehavior [ RunTime:0.000021s ]
INFO: [ app_init ] --END-- [ RunTime:0.000649s ]
INFO: [ app_begin ] --START--
INFO: Run Behavior\ReadHtmlCacheBehavior [ RunTime:0.000839s ]
INFO: Run Behavior\CheckLangBehavior [ RunTime:0.002205s ]
INFO: [ app_begin ] --END-- [ RunTime:0.003198s ]
INFO: [ view_parse ] --START--
INFO: [ template_filter ] --START--
INFO: Run Behavior\ContentReplaceBehavior [ RunTime:0.000181s ]
INFO: [ template_filter ] --END-- [ RunTime:0.000264s ]
NOTIC: [8] Undefined variable: keywords D:\phpStudy\WWW\fofs\1\Application\Runtime\Cache\Home\b9b1e52b0e097ed8b25ae0651af49884.php 第 43 行.
NOTIC: [8] Undefined variable: user_id D:\phpStudy\WWW\fofs\1\Application\Runtime\Cache\Home\b9b1e52b0e097ed8b25ae0651af49884.php 第 49 行.
INFO: Run Behavior\ParseTemplateBehavior [ RunTime:0.015049s ]
INFO: [ view_parse ] --END-- [ RunTime:0.015135s ]
INFO: [ view_filter ] --START--
INFO: Run Behavior\WriteHtmlCacheBehavior [ RunTime:0.000536s ]
INFO: [ view_filter ] --END-- [ RunTime:0.000599s ]
INFO: [ app_end ] --START--
INFO: Run Behavior\ShowPageTraceBehavior [ RunTime:0.000888s ]
INFO: [ app_end ] --END-- [ RunTime:0.000976s ]

[ 2016-11-15T23:25:31+08:00 ] ::1 /fofs/1/index.php/Home/Password/first.html
INFO: [ app_init ] --START--
INFO: Run Behavior\BuildLiteBehavior [ RunTime:0.000023s ]
INFO: [ app_init ] --END-- [ RunTime:0.000715s ]
INFO: [ app_begin ] --START--
INFO: Run Behavior\ReadHtmlCacheBehavior [ RunTime:0.000792s ]
INFO: Run Behavior\CheckLangBehavior [ RunTime:0.002016s ]
INFO: [ app_begin ] --END-- [ RunTime:0.002928s ]
INFO: [ view_parse ] --START--
INFO: [ template_filter ] --START--
INFO: Run Behavior\ContentReplaceBehavior [ RunTime:0.000162s ]
INFO: [ template_filter ] --END-- [ RunTime:0.000249s ]
NOTIC: [8] Undefined variable: keywords D:\phpStudy\WWW\fofs\1\Application\Runtime\Cache\Home\b9b1e52b0e097ed8b25ae0651af49884.php 第 43 行.
NOTIC: [8] Undefined variable: user_id D:\phpStudy\WWW\fofs\1\Application\Runtime\Cache\Home\b9b1e52b0e097ed8b25ae0651af49884.php 第 49 行.
INFO: Run Behavior\ParseTemplateBehavior [ RunTime:0.016354s ]
INFO: [ view_parse ] --END-- [ RunTime:0.016480s ]
INFO: [ view_filter ] --START--
INFO: Run Behavior\WriteHtmlCacheBehavior [ RunTime:0.000621s ]
INFO: [ view_filter ] --END-- [ RunTime:0.000688s ]
INFO: [ app_end ] --START--
INFO: Run Behavior\ShowPageTraceBehavior [ RunTime:0.000963s ]
INFO: [ app_end ] --END-- [ RunTime:0.001062s ]

[ 2016-11-15T23:25:45+08:00 ] ::1 /fofs/1/index.php/Home/Index/aboutUs.html
INFO: [ app_init ] --START--
INFO: Run Behavior\BuildLiteBehavior [ RunTime:0.000020s ]
INFO: [ app_init ] --END-- [ RunTime:0.000620s ]
INFO: [ app_begin ] --START--
INFO: Run Behavior\ReadHtmlCacheBehavior [ RunTime:0.000869s ]
INFO: Run Behavior\CheckLangBehavior [ RunTime:0.002088s ]
INFO: [ app_begin ] --END-- [ RunTime:0.003120s ]
SQL: SHOW COLUMNS FROM `fofs_article` [ RunTime:0.0135s ]
SQL: SELECT * FROM `fofs_article` WHERE `article_type` = 5 LIMIT 1   [ RunTime:0.0009s ]
INFO: [ view_parse ] --START--
INFO: [ template_filter ] --START--
INFO: Run Behavior\ContentReplaceBehavior [ RunTime:0.000150s ]
INFO: [ template_filter ] --END-- [ RunTime:0.000244s ]
NOTIC: [8] Undefined variable: keywords D:\phpStudy\WWW\fofs\1\Application\Runtime\Cache\Home\25bb2c381f98c27aacc12447c867872c.php 第 43 行.
NOTIC: [8] Undefined variable: user_id D:\phpStudy\WWW\fofs\1\Application\Runtime\Cache\Home\25bb2c381f98c27aacc12447c867872c.php 第 49 行.
INFO: Run Behavior\ParseTemplateBehavior [ RunTime:0.079004s ]
INFO: [ view_parse ] --END-- [ RunTime:0.079098s ]
INFO: [ view_filter ] --START--
INFO: Run Behavior\WriteHtmlCacheBehavior [ RunTime:0.000557s ]
INFO: [ view_filter ] --END-- [ RunTime:0.000621s ]
INFO: [ app_end ] --START--
INFO: Run Behavior\ShowPageTraceBehavior [ RunTime:0.000912s ]
INFO: [ app_end ] --END-- [ RunTime:0.000995s ]

[ 2016-11-15T23:25:54+08:00 ] ::1 /fofs/1/index.php/Home/Index/aboutAlliance.html?article_type=9
INFO: [ app_init ] --START--
INFO: Run Behavior\BuildLiteBehavior [ RunTime:0.000025s ]
INFO: [ app_init ] --END-- [ RunTime:0.000564s ]
INFO: [ app_begin ] --START--
INFO: Run Behavior\ReadHtmlCacheBehavior [ RunTime:0.000680s ]
INFO: Run Behavior\CheckLangBehavior [ RunTime:0.001728s ]
INFO: [ app_begin ] --END-- [ RunTime:0.002553s ]
SQL: SHOW COLUMNS FROM `fofs_article` [ RunTime:0.0123s ]
SQL: SELECT * FROM `fofs_article` WHERE `article_type` = 9 LIMIT 1   [ RunTime:0.0008s ]
INFO: [ view_parse ] --START--
INFO: [ template_filter ] --START--
INFO: Run Behavior\ContentReplaceBehavior [ RunTime:0.000350s ]
INFO: [ template_filter ] --END-- [ RunTime:0.000535s ]
NOTIC: [8] Undefined variable: keywords D:\phpStudy\WWW\fofs\1\Application\Runtime\Cache\Home\b528f4ddcc84698bb220ed5d07f09f62.php 第 43 行.
NOTIC: [8] Undefined variable: user_id D:\phpStudy\WWW\fofs\1\Application\Runtime\Cache\Home\b528f4ddcc84698bb220ed5d07f09f62.php 第 49 行.
INFO: Run Behavior\ParseTemplateBehavior [ RunTime:0.089896s ]
INFO: [ view_parse ] --END-- [ RunTime:0.089985s ]
INFO: [ view_filter ] --START--
INFO: Run Behavior\WriteHtmlCacheBehavior [ RunTime:0.000488s ]
INFO: [ view_filter ] --END-- [ RunTime:0.000559s ]
INFO: [ app_end ] --START--
INFO: Run Behavior\ShowPageTraceBehavior [ RunTime:0.001093s ]
INFO: [ app_end ] --END-- [ RunTime:0.001240s ]

[ 2016-11-15T23:25:56+08:00 ] ::1 /fofs/1/index.php/Home/Index/index.html
INFO: [ app_init ] --START--
INFO: Run Behavior\BuildLiteBehavior [ RunTime:0.000031s ]
INFO: [ app_init ] --END-- [ RunTime:0.000792s ]
INFO: [ app_begin ] --START--
INFO: Run Behavior\ReadHtmlCacheBehavior [ RunTime:0.000964s ]
INFO: Run Behavior\CheckLangBehavior [ RunTime:0.001940s ]
INFO: [ app_begin ] --END-- [ RunTime:0.003094s ]
SQL: SHOW COLUMNS FROM `fofs_article` [ RunTime:0.0145s ]
SQL: SELECT * FROM `fofs_article` WHERE `article_type` = 1 ORDER BY id desc LIMIT 1,10   [ RunTime:0.0009s ]
SQL: SELECT * FROM `fofs_article` WHERE `article_type` = 2 ORDER BY id desc LIMIT 10   [ RunTime:0.0007s ]
SQL: SELECT * FROM `fofs_article` WHERE `article_type` = 3 ORDER BY id desc LIMIT 10   [ RunTime:0.0007s ]
SQL: SELECT * FROM `fofs_article` WHERE `article_type` = 4 ORDER BY id desc LIMIT 10   [ RunTime:0.0007s ]
INFO: [ view_parse ] --START--
INFO: [ template_filter ] --START--
INFO: Run Behavior\ContentReplaceBehavior [ RunTime:0.000195s ]
INFO: [ template_filter ] --END-- [ RunTime:0.000277s ]
NOTIC: [8] Undefined variable: keywords D:\phpStudy\WWW\fofs\1\Application\Runtime\Cache\Home\2a94b8bda04ff446dcedd42276fc99ee.php 第 43 行.
NOTIC: [8] Undefined variable: user_id D:\phpStudy\WWW\fofs\1\Application\Runtime\Cache\Home\2a94b8bda04ff446dcedd42276fc99ee.php 第 49 行.
NOTIC: [8] Undefined variable: link D:\phpStudy\WWW\fofs\1\Application\Runtime\Cache\Home\2a94b8bda04ff446dcedd42276fc99ee.php 第 247 行.
NOTIC: [8] Undefined variable: link D:\phpStudy\WWW\fofs\1\Application\Runtime\Cache\Home\2a94b8bda04ff446dcedd42276fc99ee.php 第 264 行.
NOTIC: [8] Undefined variable: link D:\phpStudy\WWW\fofs\1\Application\Runtime\Cache\Home\2a94b8bda04ff446dcedd42276fc99ee.php 第 281 行.
INFO: Run Behavior\ParseTemplateBehavior [ RunTime:0.027846s ]
INFO: [ view_parse ] --END-- [ RunTime:0.027942s ]
INFO: [ view_filter ] --START--
INFO: Run Behavior\WriteHtmlCacheBehavior [ RunTime:0.000410s ]
INFO: [ view_filter ] --END-- [ RunTime:0.000471s ]
INFO: [ app_end ] --START--
INFO: Run Behavior\ShowPageTraceBehavior [ RunTime:0.000731s ]
INFO: [ app_end ] --END-- [ RunTime:0.000819s ]

[ 2016-11-15T23:29:01+08:00 ] ::1 /fofs/1/index.php/Home/Password/first.html
INFO: [ app_init ] --START--
INFO: Run Behavior\BuildLiteBehavior [ RunTime:0.000021s ]
INFO: [ app_init ] --END-- [ RunTime:0.000583s ]
INFO: [ app_begin ] --START--
INFO: Run Behavior\ReadHtmlCacheBehavior [ RunTime:0.001014s ]
INFO: Run Behavior\CheckLangBehavior [ RunTime:0.002038s ]
INFO: [ app_begin ] --END-- [ RunTime:0.003200s ]
INFO: [ view_parse ] --START--
INFO: [ template_filter ] --START--
INFO: Run Behavior\ContentReplaceBehavior [ RunTime:0.000142s ]
INFO: [ template_filter ] --END-- [ RunTime:0.000225s ]
NOTIC: [8] Undefined variable: keywords D:\phpStudy\WWW\fofs\1\Application\Runtime\Cache\Home\b9b1e52b0e097ed8b25ae0651af49884.php 第 43 行.
NOTIC: [8] Undefined variable: user_id D:\phpStudy\WWW\fofs\1\Application\Runtime\Cache\Home\b9b1e52b0e097ed8b25ae0651af49884.php 第 49 行.
INFO: Run Behavior\ParseTemplateBehavior [ RunTime:0.015179s ]
INFO: [ view_parse ] --END-- [ RunTime:0.015265s ]
INFO: [ view_filter ] --START--
INFO: Run Behavior\WriteHtmlCacheBehavior [ RunTime:0.000479s ]
INFO: [ view_filter ] --END-- [ RunTime:0.000543s ]
INFO: [ app_end ] --START--
INFO: Run Behavior\ShowPageTraceBehavior [ RunTime:0.000924s ]
INFO: [ app_end ] --END-- [ RunTime:0.001011s ]

