[ 2016-11-25T00:46:52+08:00 ] ::1 /fofs/1/index.php/
INFO: [ app_init ] --START--
INFO: Run Behavior\BuildLiteBehavior [ RunTime:0.000047s ]
INFO: [ app_init ] --END-- [ RunTime:0.000943s ]
INFO: [ app_begin ] --START--
INFO: Run Behavior\ReadHtmlCacheBehavior [ RunTime:0.001148s ]
INFO: Run Behavior\CheckLangBehavior [ RunTime:0.004474s ]
INFO: [ app_begin ] --END-- [ RunTime:0.005900s ]
NOTIC: [8] Undefined variable: base_url D:\phpStudy\WWW\fofs\1\Application\Home\Controller\BaseController.class.php 第 27 行.
SQL: SHOW COLUMNS FROM `fofs_article` [ RunTime:0.0102s ]
SQL: SELECT * FROM `fofs_article` WHERE `article_type` = 1 ORDER BY id desc LIMIT 1,10   [ RunTime:0.0015s ]
SQL: SELECT * FROM `fofs_article` WHERE `article_type` = 2 ORDER BY id desc LIMIT 10   [ RunTime:0.0012s ]
SQL: SELECT * FROM `fofs_article` WHERE `article_type` = 3 ORDER BY id desc LIMIT 10   [ RunTime:0.0017s ]
SQL: SELECT * FROM `fofs_article` WHERE `article_type` = 4 ORDER BY id desc LIMIT 10   [ RunTime:0.0012s ]
INFO: [ view_parse ] --START--
INFO: [ template_filter ] --START--
INFO: Run Behavior\ContentReplaceBehavior [ RunTime:0.000486s ]
INFO: [ template_filter ] --END-- [ RunTime:0.000678s ]
NOTIC: [8] Undefined variable: keywords D:\phpStudy\WWW\fofs\1\Application\Runtime\Cache\Home\2a94b8bda04ff446dcedd42276fc99ee.php 第 43 行.
NOTIC: [8] Undefined variable: link D:\phpStudy\WWW\fofs\1\Application\Runtime\Cache\Home\2a94b8bda04ff446dcedd42276fc99ee.php 第 247 行.
NOTIC: [8] Undefined variable: link D:\phpStudy\WWW\fofs\1\Application\Runtime\Cache\Home\2a94b8bda04ff446dcedd42276fc99ee.php 第 264 行.
NOTIC: [8] Undefined variable: link D:\phpStudy\WWW\fofs\1\Application\Runtime\Cache\Home\2a94b8bda04ff446dcedd42276fc99ee.php 第 281 行.
INFO: Run Behavior\ParseTemplateBehavior [ RunTime:0.047027s ]
INFO: [ view_parse ] --END-- [ RunTime:0.047178s ]
INFO: [ view_filter ] --START--
INFO: Run Behavior\WriteHtmlCacheBehavior [ RunTime:0.000736s ]
INFO: [ view_filter ] --END-- [ RunTime:0.000842s ]
INFO: [ app_end ] --START--
INFO: Run Behavior\ShowPageTraceBehavior [ RunTime:0.001270s ]
INFO: [ app_end ] --END-- [ RunTime:0.001427s ]

[ 2016-11-25T00:46:56+08:00 ] ::1 /fofs/1/index.php/Home/Search/saSearch.html
INFO: [ app_init ] --START--
INFO: Run Behavior\BuildLiteBehavior [ RunTime:0.000032s ]
INFO: [ app_init ] --END-- [ RunTime:0.000902s ]
INFO: [ app_begin ] --START--
INFO: Run Behavior\ReadHtmlCacheBehavior [ RunTime:0.000966s ]
INFO: Run Behavior\CheckLangBehavior [ RunTime:0.003351s ]
INFO: [ app_begin ] --END-- [ RunTime:0.004530s ]
NOTIC: [8] Undefined variable: base_url D:\phpStudy\WWW\fofs\1\Application\Home\Controller\BaseController.class.php 第 27 行.
SQL: SHOW COLUMNS FROM `fofs_fa` [ RunTime:0.0099s ]
NOTIC: [8] Undefined variable: where D:\phpStudy\WWW\fofs\1\Application\Home\Controller\SearchController.class.php 第 587 行.
SQL: SELECT COUNT(*) AS tp_count FROM `fofs_fa` LIMIT 1   [ RunTime:0.0010s ]
NOTIC: [8] Undefined variable: where D:\phpStudy\WWW\fofs\1\Application\Home\Controller\SearchController.class.php 第 595 行.
SQL: SELECT `id`,`institution_type`,`institution_fullname_cn`,`institution_logo_img` FROM `fofs_fa`  [ RunTime:0.0010s ]
SQL: SHOW COLUMNS FROM `fofs_interest_list` [ RunTime:0.0086s ]
SQL: SELECT * FROM `fofs_interest_list` WHERE `fan_id` = 4 AND `fan_type` = 10 AND `host_id` = 1 AND `host_type` = 4  [ RunTime:0.0011s ]
INFO: [ view_parse ] --START--
INFO: [ template_filter ] --START--
INFO: Run Behavior\ContentReplaceBehavior [ RunTime:0.000327s ]
INFO: [ template_filter ] --END-- [ RunTime:0.000448s ]
NOTIC: [8] Undefined variable: keywords D:\phpStudy\WWW\fofs\1\Application\Runtime\Cache\Home\4ec7caa947d9c0bdf76399e5da119be9.php 第 43 行.
NOTIC: [8] Undefined index: is_by_followed D:\phpStudy\WWW\fofs\1\Application\Runtime\Cache\Home\4ec7caa947d9c0bdf76399e5da119be9.php 第 279 行.
NOTIC: [8] Undefined variable: results2 D:\phpStudy\WWW\fofs\1\Application\Runtime\Cache\Home\4ec7caa947d9c0bdf76399e5da119be9.php 第 295 行.
NOTIC: [8] Undefined variable: results3 D:\phpStudy\WWW\fofs\1\Application\Runtime\Cache\Home\4ec7caa947d9c0bdf76399e5da119be9.php 第 338 行.
NOTIC: [8] Undefined variable: results4 D:\phpStudy\WWW\fofs\1\Application\Runtime\Cache\Home\4ec7caa947d9c0bdf76399e5da119be9.php 第 384 行.
NOTIC: [8] Undefined variable: results5 D:\phpStudy\WWW\fofs\1\Application\Runtime\Cache\Home\4ec7caa947d9c0bdf76399e5da119be9.php 第 427 行.
INFO: Run Behavior\ParseTemplateBehavior [ RunTime:0.046306s ]
INFO: [ view_parse ] --END-- [ RunTime:0.046426s ]
INFO: [ view_filter ] --START--
INFO: Run Behavior\WriteHtmlCacheBehavior [ RunTime:0.000883s ]
INFO: [ view_filter ] --END-- [ RunTime:0.000989s ]
INFO: [ app_end ] --START--
INFO: Run Behavior\ShowPageTraceBehavior [ RunTime:0.001231s ]
INFO: [ app_end ] --END-- [ RunTime:0.001399s ]

[ 2016-11-25T00:46:58+08:00 ] ::1 /fofs/1/index.php/Home/Search/saSearch/institution_type/8.html
INFO: [ app_init ] --START--
INFO: Run Behavior\BuildLiteBehavior [ RunTime:0.000030s ]
INFO: [ app_init ] --END-- [ RunTime:0.000860s ]
INFO: [ app_begin ] --START--
INFO: Run Behavior\ReadHtmlCacheBehavior [ RunTime:0.001256s ]
INFO: Run Behavior\CheckLangBehavior [ RunTime:0.003867s ]
INFO: [ app_begin ] --END-- [ RunTime:0.005422s ]
NOTIC: [8] Undefined variable: base_url D:\phpStudy\WWW\fofs\1\Application\Home\Controller\BaseController.class.php 第 27 行.
SQL: SHOW COLUMNS FROM `fofs_other_institution` [ RunTime:0.0099s ]
NOTIC: [8] Undefined variable: where D:\phpStudy\WWW\fofs\1\Application\Home\Controller\SearchController.class.php 第 587 行.
SQL: SELECT COUNT(*) AS tp_count FROM `fofs_other_institution` LIMIT 1   [ RunTime:0.0009s ]
NOTIC: [8] Undefined variable: where D:\phpStudy\WWW\fofs\1\Application\Home\Controller\SearchController.class.php 第 595 行.
SQL: SELECT `id`,`institution_type`,`institution_fullname_cn`,`institution_logo_img` FROM `fofs_other_institution`  [ RunTime:0.0010s ]
SQL: SHOW COLUMNS FROM `fofs_interest_list` [ RunTime:0.0076s ]
SQL: SELECT * FROM `fofs_interest_list` WHERE `fan_id` = 4 AND `fan_type` = 10 AND `host_id` = 2 AND `host_type` = 8  [ RunTime:0.0010s ]
INFO: [ view_parse ] --START--
INFO: [ template_filter ] --START--
INFO: Run Behavior\ContentReplaceBehavior [ RunTime:0.000336s ]
INFO: [ template_filter ] --END-- [ RunTime:0.000481s ]
NOTIC: [8] Undefined variable: keywords D:\phpStudy\WWW\fofs\1\Application\Runtime\Cache\Home\4ec7caa947d9c0bdf76399e5da119be9.php 第 43 行.
NOTIC: [8] Undefined variable: results1 D:\phpStudy\WWW\fofs\1\Application\Runtime\Cache\Home\4ec7caa947d9c0bdf76399e5da119be9.php 第 256 行.
NOTIC: [8] Undefined variable: results2 D:\phpStudy\WWW\fofs\1\Application\Runtime\Cache\Home\4ec7caa947d9c0bdf76399e5da119be9.php 第 295 行.
NOTIC: [8] Undefined variable: results3 D:\phpStudy\WWW\fofs\1\Application\Runtime\Cache\Home\4ec7caa947d9c0bdf76399e5da119be9.php 第 338 行.
NOTIC: [8] Undefined variable: results4 D:\phpStudy\WWW\fofs\1\Application\Runtime\Cache\Home\4ec7caa947d9c0bdf76399e5da119be9.php 第 384 行.
NOTIC: [8] Undefined index: is_by_followed D:\phpStudy\WWW\fofs\1\Application\Runtime\Cache\Home\4ec7caa947d9c0bdf76399e5da119be9.php 第 450 行.
INFO: Run Behavior\ParseTemplateBehavior [ RunTime:0.057487s ]
INFO: [ view_parse ] --END-- [ RunTime:0.057606s ]
INFO: [ view_filter ] --START--
INFO: Run Behavior\WriteHtmlCacheBehavior [ RunTime:0.000759s ]
INFO: [ view_filter ] --END-- [ RunTime:0.000857s ]
INFO: [ app_end ] --START--
INFO: Run Behavior\ShowPageTraceBehavior [ RunTime:0.001271s ]
INFO: [ app_end ] --END-- [ RunTime:0.001482s ]

[ 2016-11-25T00:47:00+08:00 ] ::1 /fofs/1/index.php/Home/Search/otherProfile.html?id=2&institution_type=8
INFO: [ app_init ] --START--
INFO: Run Behavior\BuildLiteBehavior [ RunTime:0.000052s ]
INFO: [ app_init ] --END-- [ RunTime:0.001318s ]
INFO: [ app_begin ] --START--
INFO: Run Behavior\ReadHtmlCacheBehavior [ RunTime:0.002180s ]
INFO: Run Behavior\CheckLangBehavior [ RunTime:0.005005s ]
INFO: [ app_begin ] --END-- [ RunTime:0.007522s ]
NOTIC: [8] Undefined variable: base_url D:\phpStudy\WWW\fofs\1\Application\Home\Controller\BaseController.class.php 第 27 行.
SQL: SHOW COLUMNS FROM `fofs_other_institution` [ RunTime:0.0094s ]
SQL: SELECT * FROM `fofs_other_institution` WHERE `id` = 2 LIMIT 1   [ RunTime:0.0013s ]
SQL: SHOW COLUMNS FROM `fofs_interest_list` [ RunTime:0.0074s ]
SQL: SELECT * FROM `fofs_interest_list` WHERE `fan_id` = 4 AND `fan_type` = 10 AND `host_id` = 2 AND `host_type` = 8  [ RunTime:0.0012s ]
SQL: SHOW COLUMNS FROM `fofs_senior_executive` [ RunTime:0.0080s ]
SQL: SELECT * FROM `fofs_senior_executive` WHERE `institution_type` = 8 AND `institution_id` = 2  [ RunTime:0.0011s ]
SQL: SHOW COLUMNS FROM `fofs_business_experience` [ RunTime:0.0098s ]
SQL: SELECT * FROM `fofs_business_experience` WHERE `senior_executive_id` = 31  [ RunTime:0.0010s ]
SQL: SELECT * FROM `fofs_business_experience` WHERE `senior_executive_id` = 30  [ RunTime:0.0010s ]
SQL: SELECT * FROM `fofs_business_experience` WHERE `senior_executive_id` = 33  [ RunTime:0.0010s ]
INFO: [ view_parse ] --START--
INFO: [ template_filter ] --START--
INFO: Run Behavior\ContentReplaceBehavior [ RunTime:0.000451s ]
INFO: [ template_filter ] --END-- [ RunTime:0.000647s ]
NOTIC: [8] Undefined variable: keywords D:\phpStudy\WWW\fofs\1\Application\Runtime\Cache\Home\cd4f6404dd6fd14aa1098ad4bf38e44e.php 第 43 行.
INFO: Run Behavior\ParseTemplateBehavior [ RunTime:0.033637s ]
INFO: [ view_parse ] --END-- [ RunTime:0.033771s ]
INFO: [ view_filter ] --START--
INFO: Run Behavior\WriteHtmlCacheBehavior [ RunTime:0.001429s ]
INFO: [ view_filter ] --END-- [ RunTime:0.001590s ]
INFO: [ app_end ] --START--
INFO: Run Behavior\ShowPageTraceBehavior [ RunTime:0.002035s ]
INFO: [ app_end ] --END-- [ RunTime:0.002344s ]

[ 2016-11-25T00:47:07+08:00 ] ::1 /fofs/1/index.php/Home/Search/search.html
INFO: [ app_init ] --START--
INFO: Run Behavior\BuildLiteBehavior [ RunTime:0.000031s ]
INFO: [ app_init ] --END-- [ RunTime:0.000940s ]
INFO: [ app_begin ] --START--
INFO: Run Behavior\ReadHtmlCacheBehavior [ RunTime:0.001074s ]
INFO: Run Behavior\CheckLangBehavior [ RunTime:0.003040s ]
INFO: [ app_begin ] --END-- [ RunTime:0.004309s ]
NOTIC: [8] Undefined variable: base_url D:\phpStudy\WWW\fofs\1\Application\Home\Controller\BaseController.class.php 第 27 行.
SQL: SHOW COLUMNS FROM `fofs_article` [ RunTime:0.0103s ]
SQL: SELECT * FROM `fofs_article` WHERE `title` LIKE '%新华%' ORDER BY pub_time desc  [ RunTime:0.0012s ]
SQL: SHOW COLUMNS FROM `fofs_user` [ RunTime:0.0086s ]
SQL: SELECT * FROM `fofs_user` WHERE `nickname` LIKE '%新华%'  [ RunTime:0.0014s ]
SQL: SHOW COLUMNS FROM `fofs_lp` [ RunTime:0.0098s ]
SQL: SELECT * FROM `fofs_lp` WHERE `institution_abbr` LIKE '%新华%'  [ RunTime:0.0013s ]
SQL: SHOW COLUMNS FROM `fofs_gp` [ RunTime:0.0125s ]
SQL: SELECT * FROM `fofs_gp` WHERE `institution_abbr` LIKE '%新华%'  [ RunTime:0.0014s ]
SQL: SHOW COLUMNS FROM `fofs_startup_company` [ RunTime:0.0099s ]
SQL: SELECT * FROM `fofs_startup_company` WHERE `institution_abbr` LIKE '%新华%'  [ RunTime:0.0014s ]
SQL: SHOW COLUMNS FROM `fofs_fa` [ RunTime:0.0082s ]
SQL: SELECT * FROM `fofs_fa` WHERE `institution_abbr` LIKE '%新华%'  [ RunTime:0.0012s ]
SQL: SHOW COLUMNS FROM `fofs_legal_agency` [ RunTime:0.0092s ]
SQL: SELECT * FROM `fofs_legal_agency` WHERE `institution_abbr` LIKE '%新华%'  [ RunTime:0.0012s ]
SQL: SHOW COLUMNS FROM `fofs_financial_institution` [ RunTime:0.0106s ]
SQL: SELECT * FROM `fofs_financial_institution` WHERE `institution_abbr` LIKE '%新华%'  [ RunTime:0.0013s ]
SQL: SHOW COLUMNS FROM `fofs_business_incubator` [ RunTime:0.0091s ]
SQL: SELECT * FROM `fofs_business_incubator` WHERE `institution_abbr` LIKE '%新华%'  [ RunTime:0.0012s ]
SQL: SHOW COLUMNS FROM `fofs_other_institution` [ RunTime:0.0077s ]
SQL: SELECT * FROM `fofs_other_institution` WHERE `institution_abbr` LIKE '%新华%'  [ RunTime:0.0012s ]
INFO: [ view_parse ] --START--
INFO: [ template_filter ] --START--
INFO: Run Behavior\ContentReplaceBehavior [ RunTime:0.000308s ]
INFO: [ template_filter ] --END-- [ RunTime:0.000426s ]
INFO: Run Behavior\ParseTemplateBehavior [ RunTime:0.039352s ]
INFO: [ view_parse ] --END-- [ RunTime:0.039480s ]
INFO: [ view_filter ] --START--
INFO: Run Behavior\WriteHtmlCacheBehavior [ RunTime:0.000825s ]
INFO: [ view_filter ] --END-- [ RunTime:0.000927s ]
INFO: [ app_end ] --START--
INFO: Run Behavior\ShowPageTraceBehavior [ RunTime:0.001300s ]
INFO: [ app_end ] --END-- [ RunTime:0.001417s ]

[ 2016-11-25T00:47:12+08:00 ] ::1 /fofs/1/index.php/Home/Search/search.html
INFO: [ app_init ] --START--
INFO: Run Behavior\BuildLiteBehavior [ RunTime:0.000030s ]
INFO: [ app_init ] --END-- [ RunTime:0.000873s ]
INFO: [ app_begin ] --START--
INFO: Run Behavior\ReadHtmlCacheBehavior [ RunTime:0.000962s ]
INFO: Run Behavior\CheckLangBehavior [ RunTime:0.003481s ]
INFO: [ app_begin ] --END-- [ RunTime:0.004760s ]
NOTIC: [8] Undefined variable: base_url D:\phpStudy\WWW\fofs\1\Application\Home\Controller\BaseController.class.php 第 27 行.
SQL: SHOW COLUMNS FROM `fofs_article` [ RunTime:0.0082s ]
SQL: SELECT * FROM `fofs_article` WHERE `title` LIKE '%小麦%' ORDER BY pub_time desc  [ RunTime:0.0011s ]
SQL: SHOW COLUMNS FROM `fofs_user` [ RunTime:0.0084s ]
SQL: SELECT * FROM `fofs_user` WHERE `nickname` LIKE '%小麦%'  [ RunTime:0.0012s ]
SQL: SHOW COLUMNS FROM `fofs_lp` [ RunTime:0.0088s ]
SQL: SELECT * FROM `fofs_lp` WHERE `institution_abbr` LIKE '%小麦%'  [ RunTime:0.0013s ]
SQL: SHOW COLUMNS FROM `fofs_gp` [ RunTime:0.0093s ]
SQL: SELECT * FROM `fofs_gp` WHERE `institution_abbr` LIKE '%小麦%'  [ RunTime:0.0014s ]
SQL: SHOW COLUMNS FROM `fofs_startup_company` [ RunTime:0.0093s ]
SQL: SELECT * FROM `fofs_startup_company` WHERE `institution_abbr` LIKE '%小麦%'  [ RunTime:0.0014s ]
SQL: SHOW COLUMNS FROM `fofs_fa` [ RunTime:0.0084s ]
SQL: SELECT * FROM `fofs_fa` WHERE `institution_abbr` LIKE '%小麦%'  [ RunTime:0.0012s ]
SQL: SHOW COLUMNS FROM `fofs_legal_agency` [ RunTime:0.0081s ]
SQL: SELECT * FROM `fofs_legal_agency` WHERE `institution_abbr` LIKE '%小麦%'  [ RunTime:0.0015s ]
SQL: SHOW COLUMNS FROM `fofs_financial_institution` [ RunTime:0.0100s ]
SQL: SELECT * FROM `fofs_financial_institution` WHERE `institution_abbr` LIKE '%小麦%'  [ RunTime:0.0013s ]
SQL: SHOW COLUMNS FROM `fofs_business_incubator` [ RunTime:0.0097s ]
SQL: SELECT * FROM `fofs_business_incubator` WHERE `institution_abbr` LIKE '%小麦%'  [ RunTime:0.0013s ]
SQL: SHOW COLUMNS FROM `fofs_other_institution` [ RunTime:0.0081s ]
SQL: SELECT * FROM `fofs_other_institution` WHERE `institution_abbr` LIKE '%小麦%'  [ RunTime:0.0013s ]
INFO: [ view_parse ] --START--
INFO: [ template_filter ] --START--
INFO: Run Behavior\ContentReplaceBehavior [ RunTime:0.000302s ]
INFO: [ template_filter ] --END-- [ RunTime:0.000427s ]
INFO: Run Behavior\ParseTemplateBehavior [ RunTime:0.037116s ]
INFO: [ view_parse ] --END-- [ RunTime:0.037256s ]
INFO: [ view_filter ] --START--
INFO: Run Behavior\WriteHtmlCacheBehavior [ RunTime:0.000775s ]
INFO: [ view_filter ] --END-- [ RunTime:0.000899s ]
INFO: [ app_end ] --START--
INFO: Run Behavior\ShowPageTraceBehavior [ RunTime:0.001625s ]
INFO: [ app_end ] --END-- [ RunTime:0.001786s ]

[ 2016-11-25T00:47:14+08:00 ] ::1 /fofs/1/index.php/Home/Search/saProfile.html?id=2&institution_type=8
INFO: [ app_init ] --START--
INFO: Run Behavior\BuildLiteBehavior [ RunTime:0.000053s ]
INFO: [ app_init ] --END-- [ RunTime:0.001311s ]
INFO: [ app_begin ] --START--
INFO: Run Behavior\ReadHtmlCacheBehavior [ RunTime:0.001704s ]
INFO: Run Behavior\CheckLangBehavior [ RunTime:0.006890s ]
INFO: [ app_begin ] --END-- [ RunTime:0.008901s ]
NOTIC: [8] Undefined variable: base_url D:\phpStudy\WWW\fofs\1\Application\Home\Controller\BaseController.class.php 第 27 行.
SQL: SHOW COLUMNS FROM `fofs_other_institution` [ RunTime:0.0084s ]
SQL: SELECT * FROM `fofs_other_institution` WHERE `id` = 2 LIMIT 1   [ RunTime:0.0012s ]
NOTIC: [8] Undefined variable: img_url D:\phpStudy\WWW\fofs\1\Application\Home\Controller\SearchController.class.php 第 670 行.
SQL: SHOW COLUMNS FROM `fofs_interest_list` [ RunTime:0.0089s ]
SQL: SELECT * FROM `fofs_interest_list` WHERE `fan_id` = 4 AND `fan_type` = 10 AND `host_id` = 2 AND `host_type` = 8  [ RunTime:0.0010s ]
SQL: SHOW COLUMNS FROM `fofs_senior_executive` [ RunTime:0.0093s ]
SQL: SELECT * FROM `fofs_senior_executive` WHERE `institution_type` = 8 AND `institution_id` = 2  [ RunTime:0.0014s ]
SQL: SHOW COLUMNS FROM `fofs_business_experience` [ RunTime:0.0072s ]
SQL: SELECT * FROM `fofs_business_experience` WHERE `senior_executive_id` = 31  [ RunTime:0.0009s ]
SQL: SELECT * FROM `fofs_business_experience` WHERE `senior_executive_id` = 30  [ RunTime:0.0010s ]
SQL: SELECT * FROM `fofs_business_experience` WHERE `senior_executive_id` = 33  [ RunTime:0.0009s ]
NOTIC: [8] Undefined variable: Server_product D:\phpStudy\WWW\fofs\1\Application\Home\Controller\SearchController.class.php 第 717 行.

[ 2016-11-25T00:47:54+08:00 ] ::1 /fofs/1/index.php/Home/Search/saProfile.html?id=2&institution_type=8
INFO: [ app_init ] --START--
INFO: Run Behavior\BuildLiteBehavior [ RunTime:0.000031s ]
INFO: [ app_init ] --END-- [ RunTime:0.000981s ]
INFO: [ app_begin ] --START--
INFO: Run Behavior\ReadHtmlCacheBehavior [ RunTime:0.001184s ]
INFO: Run Behavior\CheckLangBehavior [ RunTime:0.003328s ]
INFO: [ app_begin ] --END-- [ RunTime:0.004701s ]
NOTIC: [8] Undefined variable: base_url D:\phpStudy\WWW\fofs\1\Application\Home\Controller\BaseController.class.php 第 27 行.
SQL: SHOW COLUMNS FROM `fofs_other_institution` [ RunTime:0.0090s ]
SQL: SELECT * FROM `fofs_other_institution` WHERE `id` = 2 LIMIT 1   [ RunTime:0.0013s ]
NOTIC: [8] Undefined variable: img_url D:\phpStudy\WWW\fofs\1\Application\Home\Controller\SearchController.class.php 第 670 行.
SQL: SHOW COLUMNS FROM `fofs_interest_list` [ RunTime:0.0074s ]
SQL: SELECT * FROM `fofs_interest_list` WHERE `fan_id` = 4 AND `fan_type` = 10 AND `host_id` = 2 AND `host_type` = 8  [ RunTime:0.0012s ]
SQL: SHOW COLUMNS FROM `fofs_senior_executive` [ RunTime:0.0072s ]
SQL: SELECT * FROM `fofs_senior_executive` WHERE `institution_type` = 8 AND `institution_id` = 2  [ RunTime:0.0011s ]
SQL: SHOW COLUMNS FROM `fofs_business_experience` [ RunTime:0.0113s ]
SQL: SELECT * FROM `fofs_business_experience` WHERE `senior_executive_id` = 31  [ RunTime:0.0012s ]
SQL: SELECT * FROM `fofs_business_experience` WHERE `senior_executive_id` = 30  [ RunTime:0.0010s ]
SQL: SELECT * FROM `fofs_business_experience` WHERE `senior_executive_id` = 33  [ RunTime:0.0009s ]
NOTIC: [8] Undefined variable: Server_product D:\phpStudy\WWW\fofs\1\Application\Home\Controller\SearchController.class.php 第 717 行.

[ 2016-11-25T00:48:00+08:00 ] ::1 /fofs/1/index.php/Home/Search/search.html
INFO: [ app_init ] --START--
INFO: Run Behavior\BuildLiteBehavior [ RunTime:0.000046s ]
INFO: [ app_init ] --END-- [ RunTime:0.001363s ]
INFO: [ app_begin ] --START--
INFO: Run Behavior\ReadHtmlCacheBehavior [ RunTime:0.001218s ]
INFO: Run Behavior\CheckLangBehavior [ RunTime:0.003240s ]
INFO: [ app_begin ] --END-- [ RunTime:0.004704s ]
NOTIC: [8] Undefined variable: base_url D:\phpStudy\WWW\fofs\1\Application\Home\Controller\BaseController.class.php 第 27 行.
SQL: SHOW COLUMNS FROM `fofs_article` [ RunTime:0.0081s ]
SQL: SELECT * FROM `fofs_article` WHERE `title` LIKE '%小麦%' ORDER BY pub_time desc  [ RunTime:0.0011s ]
SQL: SHOW COLUMNS FROM `fofs_user` [ RunTime:0.0086s ]
SQL: SELECT * FROM `fofs_user` WHERE `nickname` LIKE '%小麦%'  [ RunTime:0.0011s ]
SQL: SHOW COLUMNS FROM `fofs_lp` [ RunTime:0.0096s ]
SQL: SELECT * FROM `fofs_lp` WHERE `institution_abbr` LIKE '%小麦%'  [ RunTime:0.0015s ]
SQL: SHOW COLUMNS FROM `fofs_gp` [ RunTime:0.0112s ]
SQL: SELECT * FROM `fofs_gp` WHERE `institution_abbr` LIKE '%小麦%'  [ RunTime:0.0016s ]
SQL: SHOW COLUMNS FROM `fofs_startup_company` [ RunTime:0.0115s ]
SQL: SELECT * FROM `fofs_startup_company` WHERE `institution_abbr` LIKE '%小麦%'  [ RunTime:0.0014s ]
SQL: SHOW COLUMNS FROM `fofs_fa` [ RunTime:0.0088s ]
SQL: SELECT * FROM `fofs_fa` WHERE `institution_abbr` LIKE '%小麦%'  [ RunTime:0.0012s ]
SQL: SHOW COLUMNS FROM `fofs_legal_agency` [ RunTime:0.0087s ]
SQL: SELECT * FROM `fofs_legal_agency` WHERE `institution_abbr` LIKE '%小麦%'  [ RunTime:0.0012s ]
SQL: SHOW COLUMNS FROM `fofs_financial_institution` [ RunTime:0.0079s ]
SQL: SELECT * FROM `fofs_financial_institution` WHERE `institution_abbr` LIKE '%小麦%'  [ RunTime:0.0012s ]
SQL: SHOW COLUMNS FROM `fofs_business_incubator` [ RunTime:0.0094s ]
SQL: SELECT * FROM `fofs_business_incubator` WHERE `institution_abbr` LIKE '%小麦%'  [ RunTime:0.0012s ]
SQL: SHOW COLUMNS FROM `fofs_other_institution` [ RunTime:0.0088s ]
SQL: SELECT * FROM `fofs_other_institution` WHERE `institution_abbr` LIKE '%小麦%'  [ RunTime:0.0012s ]
INFO: [ view_parse ] --START--
INFO: [ template_filter ] --START--
INFO: Run Behavior\ContentReplaceBehavior [ RunTime:0.000299s ]
INFO: [ template_filter ] --END-- [ RunTime:0.000419s ]
INFO: Run Behavior\ParseTemplateBehavior [ RunTime:0.035588s ]
INFO: [ view_parse ] --END-- [ RunTime:0.035719s ]
INFO: [ view_filter ] --START--
INFO: Run Behavior\WriteHtmlCacheBehavior [ RunTime:0.000880s ]
INFO: [ view_filter ] --END-- [ RunTime:0.000983s ]
INFO: [ app_end ] --START--
INFO: Run Behavior\ShowPageTraceBehavior [ RunTime:0.001331s ]
INFO: [ app_end ] --END-- [ RunTime:0.001479s ]

[ 2016-11-25T00:48:01+08:00 ] ::1 /fofs/1/index.php/Home/Search/otherProfile.html?id=2&institution_type=8
INFO: [ app_init ] --START--
INFO: Run Behavior\BuildLiteBehavior [ RunTime:0.000052s ]
INFO: [ app_init ] --END-- [ RunTime:0.001483s ]
INFO: [ app_begin ] --START--
INFO: Run Behavior\ReadHtmlCacheBehavior [ RunTime:0.001828s ]
INFO: Run Behavior\CheckLangBehavior [ RunTime:0.005334s ]
INFO: [ app_begin ] --END-- [ RunTime:0.007513s ]
NOTIC: [8] Undefined variable: base_url D:\phpStudy\WWW\fofs\1\Application\Home\Controller\BaseController.class.php 第 27 行.
SQL: SHOW COLUMNS FROM `fofs_other_institution` [ RunTime:0.0117s ]
SQL: SELECT * FROM `fofs_other_institution` WHERE `id` = 2 LIMIT 1   [ RunTime:0.0015s ]
SQL: SHOW COLUMNS FROM `fofs_interest_list` [ RunTime:0.0100s ]
SQL: SELECT * FROM `fofs_interest_list` WHERE `fan_id` = 4 AND `fan_type` = 10 AND `host_id` = 2 AND `host_type` = 8  [ RunTime:0.0012s ]
SQL: SHOW COLUMNS FROM `fofs_senior_executive` [ RunTime:0.0110s ]
SQL: SELECT * FROM `fofs_senior_executive` WHERE `institution_type` = 8 AND `institution_id` = 2  [ RunTime:0.0011s ]
SQL: SHOW COLUMNS FROM `fofs_business_experience` [ RunTime:0.0092s ]
SQL: SELECT * FROM `fofs_business_experience` WHERE `senior_executive_id` = 31  [ RunTime:0.0015s ]
SQL: SELECT * FROM `fofs_business_experience` WHERE `senior_executive_id` = 30  [ RunTime:0.0011s ]
SQL: SELECT * FROM `fofs_business_experience` WHERE `senior_executive_id` = 33  [ RunTime:0.0010s ]
INFO: [ view_parse ] --START--
INFO: [ template_filter ] --START--
INFO: Run Behavior\ContentReplaceBehavior [ RunTime:0.000297s ]
INFO: [ template_filter ] --END-- [ RunTime:0.000448s ]
NOTIC: [8] Undefined variable: keywords D:\phpStudy\WWW\fofs\1\Application\Runtime\Cache\Home\cd4f6404dd6fd14aa1098ad4bf38e44e.php 第 43 行.
INFO: Run Behavior\ParseTemplateBehavior [ RunTime:0.037099s ]
INFO: [ view_parse ] --END-- [ RunTime:0.037293s ]
INFO: [ view_filter ] --START--
INFO: Run Behavior\WriteHtmlCacheBehavior [ RunTime:0.001255s ]
INFO: [ view_filter ] --END-- [ RunTime:0.001415s ]
INFO: [ app_end ] --START--
INFO: Run Behavior\ShowPageTraceBehavior [ RunTime:0.001818s ]
INFO: [ app_end ] --END-- [ RunTime:0.002055s ]

[ 2016-11-25T00:48:07+08:00 ] ::1 /fofs/1/index.php/Home/Index/index.html
INFO: [ app_init ] --START--
INFO: Run Behavior\BuildLiteBehavior [ RunTime:0.000031s ]
INFO: [ app_init ] --END-- [ RunTime:0.000935s ]
INFO: [ app_begin ] --START--
INFO: Run Behavior\ReadHtmlCacheBehavior [ RunTime:0.001036s ]
INFO: Run Behavior\CheckLangBehavior [ RunTime:0.002942s ]
INFO: [ app_begin ] --END-- [ RunTime:0.004176s ]
NOTIC: [8] Undefined variable: base_url D:\phpStudy\WWW\fofs\1\Application\Home\Controller\BaseController.class.php 第 27 行.
SQL: SHOW COLUMNS FROM `fofs_article` [ RunTime:0.0075s ]
SQL: SELECT * FROM `fofs_article` WHERE `article_type` = 1 ORDER BY id desc LIMIT 1,10   [ RunTime:0.0018s ]
SQL: SELECT * FROM `fofs_article` WHERE `article_type` = 2 ORDER BY id desc LIMIT 10   [ RunTime:0.0011s ]
SQL: SELECT * FROM `fofs_article` WHERE `article_type` = 3 ORDER BY id desc LIMIT 10   [ RunTime:0.0010s ]
SQL: SELECT * FROM `fofs_article` WHERE `article_type` = 4 ORDER BY id desc LIMIT 10   [ RunTime:0.0012s ]
INFO: [ view_parse ] --START--
INFO: [ template_filter ] --START--
INFO: Run Behavior\ContentReplaceBehavior [ RunTime:0.000304s ]
INFO: [ template_filter ] --END-- [ RunTime:0.000456s ]
NOTIC: [8] Undefined variable: keywords D:\phpStudy\WWW\fofs\1\Application\Runtime\Cache\Home\2a94b8bda04ff446dcedd42276fc99ee.php 第 43 行.
NOTIC: [8] Undefined variable: link D:\phpStudy\WWW\fofs\1\Application\Runtime\Cache\Home\2a94b8bda04ff446dcedd42276fc99ee.php 第 247 行.
NOTIC: [8] Undefined variable: link D:\phpStudy\WWW\fofs\1\Application\Runtime\Cache\Home\2a94b8bda04ff446dcedd42276fc99ee.php 第 264 行.
NOTIC: [8] Undefined variable: link D:\phpStudy\WWW\fofs\1\Application\Runtime\Cache\Home\2a94b8bda04ff446dcedd42276fc99ee.php 第 281 行.
INFO: Run Behavior\ParseTemplateBehavior [ RunTime:0.041658s ]
INFO: [ view_parse ] --END-- [ RunTime:0.041790s ]
INFO: [ view_filter ] --START--
INFO: Run Behavior\WriteHtmlCacheBehavior [ RunTime:0.001038s ]
INFO: [ view_filter ] --END-- [ RunTime:0.001143s ]
INFO: [ app_end ] --START--
INFO: Run Behavior\ShowPageTraceBehavior [ RunTime:0.002594s ]
INFO: [ app_end ] --END-- [ RunTime:0.003000s ]

[ 2016-11-25T00:48:08+08:00 ] ::1 /fofs/1/index.php/Home
INFO: [ app_init ] --START--
INFO: Run Behavior\BuildLiteBehavior [ RunTime:0.000030s ]
INFO: [ app_init ] --END-- [ RunTime:0.000841s ]
INFO: [ app_begin ] --START--
INFO: Run Behavior\ReadHtmlCacheBehavior [ RunTime:0.001168s ]
INFO: Run Behavior\CheckLangBehavior [ RunTime:0.003056s ]
INFO: [ app_begin ] --END-- [ RunTime:0.004447s ]
NOTIC: [8] Undefined variable: base_url D:\phpStudy\WWW\fofs\1\Application\Home\Controller\BaseController.class.php 第 27 行.
SQL: SHOW COLUMNS FROM `fofs_article` [ RunTime:0.0076s ]
SQL: SELECT * FROM `fofs_article` WHERE `article_type` = 1 ORDER BY id desc LIMIT 1,10   [ RunTime:0.0014s ]
SQL: SELECT * FROM `fofs_article` WHERE `article_type` = 2 ORDER BY id desc LIMIT 10   [ RunTime:0.0013s ]
SQL: SELECT * FROM `fofs_article` WHERE `article_type` = 3 ORDER BY id desc LIMIT 10   [ RunTime:0.0012s ]
SQL: SELECT * FROM `fofs_article` WHERE `article_type` = 4 ORDER BY id desc LIMIT 10   [ RunTime:0.0011s ]
INFO: [ view_parse ] --START--
INFO: [ template_filter ] --START--
INFO: Run Behavior\ContentReplaceBehavior [ RunTime:0.000313s ]
INFO: [ template_filter ] --END-- [ RunTime:0.000439s ]
NOTIC: [8] Undefined variable: keywords D:\phpStudy\WWW\fofs\1\Application\Runtime\Cache\Home\2a94b8bda04ff446dcedd42276fc99ee.php 第 43 行.
NOTIC: [8] Undefined variable: link D:\phpStudy\WWW\fofs\1\Application\Runtime\Cache\Home\2a94b8bda04ff446dcedd42276fc99ee.php 第 247 行.
NOTIC: [8] Undefined variable: link D:\phpStudy\WWW\fofs\1\Application\Runtime\Cache\Home\2a94b8bda04ff446dcedd42276fc99ee.php 第 264 行.
NOTIC: [8] Undefined variable: link D:\phpStudy\WWW\fofs\1\Application\Runtime\Cache\Home\2a94b8bda04ff446dcedd42276fc99ee.php 第 281 行.
INFO: Run Behavior\ParseTemplateBehavior [ RunTime:0.039082s ]
INFO: [ view_parse ] --END-- [ RunTime:0.039207s ]
INFO: [ view_filter ] --START--
INFO: Run Behavior\WriteHtmlCacheBehavior [ RunTime:0.001067s ]
INFO: [ view_filter ] --END-- [ RunTime:0.001171s ]
INFO: [ app_end ] --START--
INFO: Run Behavior\ShowPageTraceBehavior [ RunTime:0.001360s ]
INFO: [ app_end ] --END-- [ RunTime:0.001520s ]

[ 2016-11-25T07:38:45+08:00 ] ::1 /fofs/1/index.php
INFO: [ app_init ] --START--
INFO: Run Behavior\BuildLiteBehavior [ RunTime:0.000019s ]
INFO: [ app_init ] --END-- [ RunTime:0.000632s ]
INFO: [ app_begin ] --START--
INFO: Run Behavior\ReadHtmlCacheBehavior [ RunTime:0.001523s ]
INFO: Run Behavior\CheckLangBehavior [ RunTime:0.034663s ]
INFO: [ app_begin ] --END-- [ RunTime:0.036342s ]
SQL: SHOW COLUMNS FROM `fofs_article` [ RunTime:0.0037s ]
SQL: SELECT * FROM `fofs_article` WHERE `article_type` = 1 ORDER BY id desc LIMIT 1,10   [ RunTime:0.0219s ]
SQL: SELECT * FROM `fofs_article` WHERE `article_type` = 2 ORDER BY id desc LIMIT 10   [ RunTime:0.0007s ]
SQL: SELECT * FROM `fofs_article` WHERE `article_type` = 3 ORDER BY id desc LIMIT 10   [ RunTime:0.0006s ]
SQL: SELECT * FROM `fofs_article` WHERE `article_type` = 4 ORDER BY id desc LIMIT 10   [ RunTime:0.0006s ]
INFO: [ view_parse ] --START--
INFO: [ template_filter ] --START--
INFO: Run Behavior\ContentReplaceBehavior [ RunTime:0.000202s ]
INFO: [ template_filter ] --END-- [ RunTime:0.000302s ]
NOTIC: [8] Undefined variable: keywords D:\phpStudy\WWW\fofs\1\Application\Runtime\Cache\Home\2a94b8bda04ff446dcedd42276fc99ee.php 第 43 行.
NOTIC: [8] Undefined variable: user_id D:\phpStudy\WWW\fofs\1\Application\Runtime\Cache\Home\2a94b8bda04ff446dcedd42276fc99ee.php 第 49 行.
NOTIC: [8] Undefined variable: link D:\phpStudy\WWW\fofs\1\Application\Runtime\Cache\Home\2a94b8bda04ff446dcedd42276fc99ee.php 第 247 行.
NOTIC: [8] Undefined variable: link D:\phpStudy\WWW\fofs\1\Application\Runtime\Cache\Home\2a94b8bda04ff446dcedd42276fc99ee.php 第 264 行.
NOTIC: [8] Undefined variable: link D:\phpStudy\WWW\fofs\1\Application\Runtime\Cache\Home\2a94b8bda04ff446dcedd42276fc99ee.php 第 281 行.
INFO: Run Behavior\ParseTemplateBehavior [ RunTime:0.159616s ]
INFO: [ view_parse ] --END-- [ RunTime:0.159718s ]
INFO: [ view_filter ] --START--
INFO: Run Behavior\WriteHtmlCacheBehavior [ RunTime:0.001789s ]
INFO: [ view_filter ] --END-- [ RunTime:0.001887s ]
INFO: [ app_end ] --START--
INFO: Run Behavior\ShowPageTraceBehavior [ RunTime:0.002112s ]
INFO: [ app_end ] --END-- [ RunTime:0.002207s ]

[ 2016-11-25T07:38:47+08:00 ] ::1 /fofs/1/index.php?l=zh-cn
INFO: [ app_init ] --START--
INFO: Run Behavior\BuildLiteBehavior [ RunTime:0.000026s ]
INFO: [ app_init ] --END-- [ RunTime:0.000926s ]
INFO: [ app_begin ] --START--
INFO: Run Behavior\ReadHtmlCacheBehavior [ RunTime:0.001960s ]
INFO: Run Behavior\CheckLangBehavior [ RunTime:0.004796s ]
INFO: [ app_begin ] --END-- [ RunTime:0.006955s ]
SQL: SHOW COLUMNS FROM `fofs_article` [ RunTime:0.0046s ]
SQL: SELECT * FROM `fofs_article` WHERE `article_type` = 1 ORDER BY id desc LIMIT 1,10   [ RunTime:0.0010s ]
SQL: SELECT * FROM `fofs_article` WHERE `article_type` = 2 ORDER BY id desc LIMIT 10   [ RunTime:0.0008s ]
SQL: SELECT * FROM `fofs_article` WHERE `article_type` = 3 ORDER BY id desc LIMIT 10   [ RunTime:0.0010s ]
SQL: SELECT * FROM `fofs_article` WHERE `article_type` = 4 ORDER BY id desc LIMIT 10   [ RunTime:0.0008s ]
INFO: [ view_parse ] --START--
INFO: [ template_filter ] --START--
INFO: Run Behavior\ContentReplaceBehavior [ RunTime:0.000290s ]
INFO: [ template_filter ] --END-- [ RunTime:0.000501s ]
NOTIC: [8] Undefined variable: keywords D:\phpStudy\WWW\fofs\1\Application\Runtime\Cache\Home\2a94b8bda04ff446dcedd42276fc99ee.php 第 43 行.
NOTIC: [8] Undefined variable: user_id D:\phpStudy\WWW\fofs\1\Application\Runtime\Cache\Home\2a94b8bda04ff446dcedd42276fc99ee.php 第 49 行.
NOTIC: [8] Undefined variable: link D:\phpStudy\WWW\fofs\1\Application\Runtime\Cache\Home\2a94b8bda04ff446dcedd42276fc99ee.php 第 247 行.
NOTIC: [8] Undefined variable: link D:\phpStudy\WWW\fofs\1\Application\Runtime\Cache\Home\2a94b8bda04ff446dcedd42276fc99ee.php 第 264 行.
NOTIC: [8] Undefined variable: link D:\phpStudy\WWW\fofs\1\Application\Runtime\Cache\Home\2a94b8bda04ff446dcedd42276fc99ee.php 第 281 行.
INFO: Run Behavior\ParseTemplateBehavior [ RunTime:0.038370s ]
INFO: [ view_parse ] --END-- [ RunTime:0.038460s ]
INFO: [ view_filter ] --START--
INFO: Run Behavior\WriteHtmlCacheBehavior [ RunTime:0.001857s ]
INFO: [ view_filter ] --END-- [ RunTime:0.001950s ]
INFO: [ app_end ] --START--
INFO: Run Behavior\ShowPageTraceBehavior [ RunTime:0.001782s ]
INFO: [ app_end ] --END-- [ RunTime:0.001900s ]

[ 2016-11-25T07:38:51+08:00 ] ::1 /fofs/1/index.php/Home/Search/lpSearch.html
INFO: [ app_init ] --START--
INFO: Run Behavior\BuildLiteBehavior [ RunTime:0.000017s ]
INFO: [ app_init ] --END-- [ RunTime:0.000727s ]
INFO: [ app_begin ] --START--
INFO: Run Behavior\ReadHtmlCacheBehavior [ RunTime:0.001611s ]
INFO: Run Behavior\CheckLangBehavior [ RunTime:0.003372s ]
INFO: [ app_begin ] --END-- [ RunTime:0.005095s ]
SQL: SHOW COLUMNS FROM `fofs_lp_fund_product` [ RunTime:0.0042s ]
NOTIC: [8] Undefined variable: where D:\phpStudy\WWW\fofs\1\Application\Home\Controller\SearchController.class.php 第 157 行.
SQL: SELECT DISTINCT  `institution_id` FROM `fofs_lp_fund_product`  [ RunTime:0.0110s ]
SQL: SHOW COLUMNS FROM `fofs_lp` [ RunTime:0.0040s ]
SQL: SELECT COUNT(*) AS tp_count FROM `fofs_lp` WHERE `id` IN ('3','4') LIMIT 1   [ RunTime:0.0013s ]
SQL: SELECT `id`,`institution_type`,`institution_fullname_cn`,`institution_logo_img`,`is_securities_fund`,`is_stock_fund`,`is_startup_fund`,`is_other_fund` FROM `fofs_lp` WHERE `id` IN ('3','4') ORDER BY id desc LIMIT 0,10   [ RunTime:0.0015s ]
INFO: [ view_parse ] --START--
INFO: [ template_filter ] --START--
INFO: Run Behavior\ContentReplaceBehavior [ RunTime:0.000250s ]
INFO: [ template_filter ] --END-- [ RunTime:0.000337s ]
NOTIC: [8] Undefined variable: keywords D:\phpStudy\WWW\fofs\1\Application\Runtime\Cache\Home\46ffef79ff36275cb149efd05d9222a4.php 第 43 行.
NOTIC: [8] Undefined variable: user_id D:\phpStudy\WWW\fofs\1\Application\Runtime\Cache\Home\46ffef79ff36275cb149efd05d9222a4.php 第 49 行.
NOTIC: [8] Undefined variable: is_government_guidance D:\phpStudy\WWW\fofs\1\Application\Runtime\Cache\Home\46ffef79ff36275cb149efd05d9222a4.php 第 251 行.
NOTIC: [8] Undefined variable: is_private_capital D:\phpStudy\WWW\fofs\1\Application\Runtime\Cache\Home\46ffef79ff36275cb149efd05d9222a4.php 第 252 行.
NOTIC: [8] Undefined variable: is_state_owned D:\phpStudy\WWW\fofs\1\Application\Runtime\Cache\Home\46ffef79ff36275cb149efd05d9222a4.php 第 253 行.
NOTIC: [8] Undefined variable: is_investment_security D:\phpStudy\WWW\fofs\1\Application\Runtime\Cache\Home\46ffef79ff36275cb149efd05d9222a4.php 第 266 行.
NOTIC: [8] Undefined variable: is_equity_investment D:\phpStudy\WWW\fofs\1\Application\Runtime\Cache\Home\46ffef79ff36275cb149efd05d9222a4.php 第 270 行.
NOTIC: [8] Undefined variable: is_venture_investment D:\phpStudy\WWW\fofs\1\Application\Runtime\Cache\Home\46ffef79ff36275cb149efd05d9222a4.php 第 274 行.
NOTIC: [8] Undefined variable: is_other_investment D:\phpStudy\WWW\fofs\1\Application\Runtime\Cache\Home\46ffef79ff36275cb149efd05d9222a4.php 第 278 行.
NOTIC: [8] Undefined variable: investment_field D:\phpStudy\WWW\fofs\1\Application\Runtime\Cache\Home\46ffef79ff36275cb149efd05d9222a4.php 第 291 行.
NOTIC: [8] Undefined index: is_by_followed D:\phpStudy\WWW\fofs\1\Application\Runtime\Cache\Home\46ffef79ff36275cb149efd05d9222a4.php 第 371 行.
NOTIC: [8] Undefined index: is_by_followed D:\phpStudy\WWW\fofs\1\Application\Runtime\Cache\Home\46ffef79ff36275cb149efd05d9222a4.php 第 371 行.
NOTIC: [8] Undefined variable: tip D:\phpStudy\WWW\fofs\1\Application\Runtime\Cache\Home\46ffef79ff36275cb149efd05d9222a4.php 第 380 行.
INFO: Run Behavior\ParseTemplateBehavior [ RunTime:0.058561s ]
INFO: [ view_parse ] --END-- [ RunTime:0.058664s ]
INFO: [ view_filter ] --START--
INFO: Run Behavior\WriteHtmlCacheBehavior [ RunTime:0.001256s ]
INFO: [ view_filter ] --END-- [ RunTime:0.001311s ]
INFO: [ app_end ] --START--
INFO: Run Behavior\ShowPageTraceBehavior [ RunTime:0.002281s ]
INFO: [ app_end ] --END-- [ RunTime:0.002415s ]

[ 2016-11-25T07:38:58+08:00 ] ::1 /fofs/1/index.php/Home/Search/gpSearch.html
INFO: [ app_init ] --START--
INFO: Run Behavior\BuildLiteBehavior [ RunTime:0.000018s ]
INFO: [ app_init ] --END-- [ RunTime:0.000648s ]
INFO: [ app_begin ] --START--
INFO: Run Behavior\ReadHtmlCacheBehavior [ RunTime:0.001338s ]
INFO: Run Behavior\CheckLangBehavior [ RunTime:0.002941s ]
INFO: [ app_begin ] --END-- [ RunTime:0.004380s ]
SQL: SHOW COLUMNS FROM `fofs_gp_fund_product` [ RunTime:0.0035s ]
NOTIC: [8] Undefined variable: where D:\phpStudy\WWW\fofs\1\Application\Home\Controller\SearchController.class.php 第 340 行.
SQL: SELECT DISTINCT  `institution_id` FROM `fofs_gp_fund_product`  [ RunTime:0.0008s ]
SQL: SHOW COLUMNS FROM `fofs_gp` [ RunTime:0.0037s ]
SQL: SELECT COUNT(*) AS tp_count FROM `fofs_gp` WHERE `id` IN ('2','3') LIMIT 1   [ RunTime:0.0006s ]
SQL: SELECT `id`,`institution_type`,`institution_fullname_cn`,`institution_logo_img`,`is_securities_fund`,`is_stock_fund`,`is_startup_fund`,`is_other_fund` FROM `fofs_gp` WHERE `id` IN ('2','3') ORDER BY id desc LIMIT 0,2   [ RunTime:0.0007s ]
INFO: [ view_parse ] --START--
INFO: [ template_filter ] --START--
INFO: Run Behavior\ContentReplaceBehavior [ RunTime:0.000180s ]
INFO: [ template_filter ] --END-- [ RunTime:0.000260s ]
NOTIC: [8] Undefined variable: keywords D:\phpStudy\WWW\fofs\1\Application\Runtime\Cache\Home\bc5dfa4b95e7bea426908244e271d3cb.php 第 43 行.
NOTIC: [8] Undefined variable: user_id D:\phpStudy\WWW\fofs\1\Application\Runtime\Cache\Home\bc5dfa4b95e7bea426908244e271d3cb.php 第 49 行.
NOTIC: [8] Undefined variable: is_angel_investment D:\phpStudy\WWW\fofs\1\Application\Runtime\Cache\Home\bc5dfa4b95e7bea426908244e271d3cb.php 第 251 行.
NOTIC: [8] Undefined variable: is_vc_investment D:\phpStudy\WWW\fofs\1\Application\Runtime\Cache\Home\bc5dfa4b95e7bea426908244e271d3cb.php 第 252 行.
NOTIC: [8] Undefined variable: is_pe_investment D:\phpStudy\WWW\fofs\1\Application\Runtime\Cache\Home\bc5dfa4b95e7bea426908244e271d3cb.php 第 253 行.
NOTIC: [8] Undefined variable: is_other_investment D:\phpStudy\WWW\fofs\1\Application\Runtime\Cache\Home\bc5dfa4b95e7bea426908244e271d3cb.php 第 254 行.
NOTIC: [8] Undefined variable: is_securities_fund D:\phpStudy\WWW\fofs\1\Application\Runtime\Cache\Home\bc5dfa4b95e7bea426908244e271d3cb.php 第 268 行.
NOTIC: [8] Undefined variable: is_stock_fund D:\phpStudy\WWW\fofs\1\Application\Runtime\Cache\Home\bc5dfa4b95e7bea426908244e271d3cb.php 第 272 行.
NOTIC: [8] Undefined variable: is_startup_fund D:\phpStudy\WWW\fofs\1\Application\Runtime\Cache\Home\bc5dfa4b95e7bea426908244e271d3cb.php 第 276 行.
NOTIC: [8] Undefined variable: is_other_fund D:\phpStudy\WWW\fofs\1\Application\Runtime\Cache\Home\bc5dfa4b95e7bea426908244e271d3cb.php 第 280 行.
NOTIC: [8] Undefined variable: investment_field D:\phpStudy\WWW\fofs\1\Application\Runtime\Cache\Home\bc5dfa4b95e7bea426908244e271d3cb.php 第 292 行.
NOTIC: [8] Undefined variable: investment_region D:\phpStudy\WWW\fofs\1\Application\Runtime\Cache\Home\bc5dfa4b95e7bea426908244e271d3cb.php 第 304 行.
NOTIC: [8] Undefined index: is_by_followed D:\phpStudy\WWW\fofs\1\Application\Runtime\Cache\Home\bc5dfa4b95e7bea426908244e271d3cb.php 第 353 行.
NOTIC: [8] Undefined index: is_by_followed D:\phpStudy\WWW\fofs\1\Application\Runtime\Cache\Home\bc5dfa4b95e7bea426908244e271d3cb.php 第 353 行.
NOTIC: [8] Undefined variable: tip D:\phpStudy\WWW\fofs\1\Application\Runtime\Cache\Home\bc5dfa4b95e7bea426908244e271d3cb.php 第 362 行.
INFO: Run Behavior\ParseTemplateBehavior [ RunTime:0.051894s ]
INFO: [ view_parse ] --END-- [ RunTime:0.051966s ]
INFO: [ view_filter ] --START--
INFO: Run Behavior\WriteHtmlCacheBehavior [ RunTime:0.001560s ]
INFO: [ view_filter ] --END-- [ RunTime:0.001643s ]
INFO: [ app_end ] --START--
INFO: Run Behavior\ShowPageTraceBehavior [ RunTime:0.002427s ]
INFO: [ app_end ] --END-- [ RunTime:0.002534s ]

[ 2016-11-25T07:39:00+08:00 ] ::1 /fofs/1/index.php/Home/Search/lpSearch.html
INFO: [ app_init ] --START--
INFO: Run Behavior\BuildLiteBehavior [ RunTime:0.000018s ]
INFO: [ app_init ] --END-- [ RunTime:0.000694s ]
INFO: [ app_begin ] --START--
INFO: Run Behavior\ReadHtmlCacheBehavior [ RunTime:0.001411s ]
INFO: Run Behavior\CheckLangBehavior [ RunTime:0.003267s ]
INFO: [ app_begin ] --END-- [ RunTime:0.004790s ]
SQL: SHOW COLUMNS FROM `fofs_lp_fund_product` [ RunTime:0.0035s ]
NOTIC: [8] Undefined variable: where D:\phpStudy\WWW\fofs\1\Application\Home\Controller\SearchController.class.php 第 157 行.
SQL: SELECT DISTINCT  `institution_id` FROM `fofs_lp_fund_product`  [ RunTime:0.0007s ]
SQL: SHOW COLUMNS FROM `fofs_lp` [ RunTime:0.0037s ]
SQL: SELECT COUNT(*) AS tp_count FROM `fofs_lp` WHERE `id` IN ('3','4') LIMIT 1   [ RunTime:0.0006s ]
SQL: SELECT `id`,`institution_type`,`institution_fullname_cn`,`institution_logo_img`,`is_securities_fund`,`is_stock_fund`,`is_startup_fund`,`is_other_fund` FROM `fofs_lp` WHERE `id` IN ('3','4') ORDER BY id desc LIMIT 0,10   [ RunTime:0.0007s ]
INFO: [ view_parse ] --START--
INFO: [ template_filter ] --START--
INFO: Run Behavior\ContentReplaceBehavior [ RunTime:0.000163s ]
INFO: [ template_filter ] --END-- [ RunTime:0.000228s ]
NOTIC: [8] Undefined variable: keywords D:\phpStudy\WWW\fofs\1\Application\Runtime\Cache\Home\46ffef79ff36275cb149efd05d9222a4.php 第 43 行.
NOTIC: [8] Undefined variable: user_id D:\phpStudy\WWW\fofs\1\Application\Runtime\Cache\Home\46ffef79ff36275cb149efd05d9222a4.php 第 49 行.
NOTIC: [8] Undefined variable: is_government_guidance D:\phpStudy\WWW\fofs\1\Application\Runtime\Cache\Home\46ffef79ff36275cb149efd05d9222a4.php 第 251 行.
NOTIC: [8] Undefined variable: is_private_capital D:\phpStudy\WWW\fofs\1\Application\Runtime\Cache\Home\46ffef79ff36275cb149efd05d9222a4.php 第 252 行.
NOTIC: [8] Undefined variable: is_state_owned D:\phpStudy\WWW\fofs\1\Application\Runtime\Cache\Home\46ffef79ff36275cb149efd05d9222a4.php 第 253 行.
NOTIC: [8] Undefined variable: is_investment_security D:\phpStudy\WWW\fofs\1\Application\Runtime\Cache\Home\46ffef79ff36275cb149efd05d9222a4.php 第 266 行.
NOTIC: [8] Undefined variable: is_equity_investment D:\phpStudy\WWW\fofs\1\Application\Runtime\Cache\Home\46ffef79ff36275cb149efd05d9222a4.php 第 270 行.
NOTIC: [8] Undefined variable: is_venture_investment D:\phpStudy\WWW\fofs\1\Application\Runtime\Cache\Home\46ffef79ff36275cb149efd05d9222a4.php 第 274 行.
NOTIC: [8] Undefined variable: is_other_investment D:\phpStudy\WWW\fofs\1\Application\Runtime\Cache\Home\46ffef79ff36275cb149efd05d9222a4.php 第 278 行.
NOTIC: [8] Undefined variable: investment_field D:\phpStudy\WWW\fofs\1\Application\Runtime\Cache\Home\46ffef79ff36275cb149efd05d9222a4.php 第 291 行.
NOTIC: [8] Undefined index: is_by_followed D:\phpStudy\WWW\fofs\1\Application\Runtime\Cache\Home\46ffef79ff36275cb149efd05d9222a4.php 第 371 行.
NOTIC: [8] Undefined index: is_by_followed D:\phpStudy\WWW\fofs\1\Application\Runtime\Cache\Home\46ffef79ff36275cb149efd05d9222a4.php 第 371 行.
NOTIC: [8] Undefined variable: tip D:\phpStudy\WWW\fofs\1\Application\Runtime\Cache\Home\46ffef79ff36275cb149efd05d9222a4.php 第 380 行.
INFO: Run Behavior\ParseTemplateBehavior [ RunTime:0.017571s ]
INFO: [ view_parse ] --END-- [ RunTime:0.017635s ]
INFO: [ view_filter ] --START--
INFO: Run Behavior\WriteHtmlCacheBehavior [ RunTime:0.001224s ]
INFO: [ view_filter ] --END-- [ RunTime:0.001283s ]
INFO: [ app_end ] --START--
INFO: Run Behavior\ShowPageTraceBehavior [ RunTime:0.002043s ]
INFO: [ app_end ] --END-- [ RunTime:0.002172s ]

[ 2016-11-25T23:18:29+08:00 ] ::1 /fofs/1/
INFO: [ app_init ] --START--
INFO: Run Behavior\BuildLiteBehavior [ RunTime:0.000021s ]
INFO: [ app_init ] --END-- [ RunTime:0.000510s ]
INFO: [ app_begin ] --START--
INFO: Run Behavior\ReadHtmlCacheBehavior [ RunTime:0.000691s ]
INFO: Run Behavior\CheckLangBehavior [ RunTime:0.001863s ]
INFO: [ app_begin ] --END-- [ RunTime:0.002670s ]
NOTIC: [8] Undefined variable: base_url D:\phpStudy\WWW\fofs\1\Application\Home\Controller\BaseController.class.php 第 27 行.
SQL: SHOW COLUMNS FROM `fofs_article` [ RunTime:0.0286s ]
SQL: SELECT * FROM `fofs_article` WHERE `article_type` = 1 ORDER BY id desc LIMIT 1,10   [ RunTime:0.0010s ]
SQL: SELECT * FROM `fofs_article` WHERE `article_type` = 2 ORDER BY id desc LIMIT 10   [ RunTime:0.0007s ]
SQL: SELECT * FROM `fofs_article` WHERE `article_type` = 3 ORDER BY id desc LIMIT 10   [ RunTime:0.0007s ]
SQL: SELECT * FROM `fofs_article` WHERE `article_type` = 4 ORDER BY id desc LIMIT 10   [ RunTime:0.0007s ]
INFO: [ view_parse ] --START--
INFO: [ template_filter ] --START--
INFO: Run Behavior\ContentReplaceBehavior [ RunTime:0.000196s ]
INFO: [ template_filter ] --END-- [ RunTime:0.000282s ]
NOTIC: [8] Undefined variable: keywords D:\phpStudy\WWW\fofs\1\Application\Runtime\Cache\Home\2a94b8bda04ff446dcedd42276fc99ee.php 第 43 行.
NOTIC: [8] Undefined variable: link D:\phpStudy\WWW\fofs\1\Application\Runtime\Cache\Home\2a94b8bda04ff446dcedd42276fc99ee.php 第 247 行.
NOTIC: [8] Undefined variable: link D:\phpStudy\WWW\fofs\1\Application\Runtime\Cache\Home\2a94b8bda04ff446dcedd42276fc99ee.php 第 264 行.
NOTIC: [8] Undefined variable: link D:\phpStudy\WWW\fofs\1\Application\Runtime\Cache\Home\2a94b8bda04ff446dcedd42276fc99ee.php 第 281 行.
INFO: Run Behavior\ParseTemplateBehavior [ RunTime:0.026511s ]
INFO: [ view_parse ] --END-- [ RunTime:0.026592s ]
INFO: [ view_filter ] --START--
INFO: Run Behavior\WriteHtmlCacheBehavior [ RunTime:0.000636s ]
INFO: [ view_filter ] --END-- [ RunTime:0.000704s ]
INFO: [ app_end ] --START--
INFO: Run Behavior\ShowPageTraceBehavior [ RunTime:0.000900s ]
INFO: [ app_end ] --END-- [ RunTime:0.000982s ]

[ 2016-11-25T23:18:33+08:00 ] ::1 /fofs/1/index.php/Home//individualProfile
INFO: [ app_init ] --START--
INFO: Run Behavior\BuildLiteBehavior [ RunTime:0.000022s ]
INFO: [ app_init ] --END-- [ RunTime:0.000566s ]
INFO: [ app_begin ] --START--
INFO: Run Behavior\ReadHtmlCacheBehavior [ RunTime:0.000742s ]
INFO: Run Behavior\CheckLangBehavior [ RunTime:0.002607s ]
INFO: [ app_begin ] --END-- [ RunTime:0.003553s ]
NOTIC: [8] Undefined variable: base_url D:\phpStudy\WWW\fofs\1\Application\Home\Controller\BaseController.class.php 第 27 行.
INFO: [ view_parse ] --START--
INFO: [ template_filter ] --START--
INFO: Run Behavior\ContentReplaceBehavior [ RunTime:0.000079s ]
INFO: [ template_filter ] --END-- [ RunTime:0.000210s ]
INFO: Run Behavior\ParseTemplateBehavior [ RunTime:0.008461s ]
INFO: [ view_parse ] --END-- [ RunTime:0.008555s ]
INFO: [ view_filter ] --START--
INFO: Run Behavior\WriteHtmlCacheBehavior [ RunTime:0.000398s ]
INFO: [ view_filter ] --END-- [ RunTime:0.000461s ]

[ 2016-11-25T23:18:36+08:00 ] ::1 /fofs/1/index.php/Home/Index
INFO: [ app_init ] --START--
INFO: Run Behavior\BuildLiteBehavior [ RunTime:0.000024s ]
INFO: [ app_init ] --END-- [ RunTime:0.000620s ]
INFO: [ app_begin ] --START--
INFO: Run Behavior\ReadHtmlCacheBehavior [ RunTime:0.000727s ]
INFO: Run Behavior\CheckLangBehavior [ RunTime:0.001920s ]
INFO: [ app_begin ] --END-- [ RunTime:0.002773s ]
NOTIC: [8] Undefined variable: base_url D:\phpStudy\WWW\fofs\1\Application\Home\Controller\BaseController.class.php 第 27 行.
SQL: SHOW COLUMNS FROM `fofs_article` [ RunTime:0.0040s ]
SQL: SELECT * FROM `fofs_article` WHERE `article_type` = 1 ORDER BY id desc LIMIT 1,10   [ RunTime:0.0008s ]
SQL: SELECT * FROM `fofs_article` WHERE `article_type` = 2 ORDER BY id desc LIMIT 10   [ RunTime:0.0006s ]
SQL: SELECT * FROM `fofs_article` WHERE `article_type` = 3 ORDER BY id desc LIMIT 10   [ RunTime:0.0006s ]
SQL: SELECT * FROM `fofs_article` WHERE `article_type` = 4 ORDER BY id desc LIMIT 10   [ RunTime:0.0006s ]
INFO: [ view_parse ] --START--
INFO: [ template_filter ] --START--
INFO: Run Behavior\ContentReplaceBehavior [ RunTime:0.000197s ]
INFO: [ template_filter ] --END-- [ RunTime:0.000282s ]
NOTIC: [8] Undefined variable: keywords D:\phpStudy\WWW\fofs\1\Application\Runtime\Cache\Home\2a94b8bda04ff446dcedd42276fc99ee.php 第 43 行.
NOTIC: [8] Undefined variable: link D:\phpStudy\WWW\fofs\1\Application\Runtime\Cache\Home\2a94b8bda04ff446dcedd42276fc99ee.php 第 247 行.
NOTIC: [8] Undefined variable: link D:\phpStudy\WWW\fofs\1\Application\Runtime\Cache\Home\2a94b8bda04ff446dcedd42276fc99ee.php 第 264 行.
NOTIC: [8] Undefined variable: link D:\phpStudy\WWW\fofs\1\Application\Runtime\Cache\Home\2a94b8bda04ff446dcedd42276fc99ee.php 第 281 行.
INFO: Run Behavior\ParseTemplateBehavior [ RunTime:0.024737s ]
INFO: [ view_parse ] --END-- [ RunTime:0.024816s ]
INFO: [ view_filter ] --START--
INFO: Run Behavior\WriteHtmlCacheBehavior [ RunTime:0.000493s ]
INFO: [ view_filter ] --END-- [ RunTime:0.000585s ]
INFO: [ app_end ] --START--
INFO: Run Behavior\ShowPageTraceBehavior [ RunTime:0.000918s ]
INFO: [ app_end ] --END-- [ RunTime:0.001004s ]

