[ 2016-10-11T08:47:21+08:00 ] ::1 /fofs/1/index.php
INFO: [ app_init ] --START--
INFO: Run Behavior\BuildLiteBehavior [ RunTime:0.000032s ]
INFO: [ app_init ] --END-- [ RunTime:0.000678s ]
INFO: [ app_begin ] --START--
INFO: Run Behavior\ReadHtmlCacheBehavior [ RunTime:0.000993s ]
INFO: Run Behavior\CheckLangBehavior [ RunTime:0.020035s ]
INFO: [ app_begin ] --END-- [ RunTime:0.021158s ]
INFO: [ view_parse ] --START--
INFO: [ template_filter ] --START--
INFO: Run Behavior\ContentReplaceBehavior [ RunTime:0.000637s ]
INFO: [ template_filter ] --END-- [ RunTime:0.000797s ]
NOTIC: [8] Undefined variable: user_id D:\phpStudy\WWW\fofs\1\Application\Runtime\Cache\Home\2a94b8bda04ff446dcedd42276fc99ee.php 第 63 行.
INFO: Run Behavior\ParseTemplateBehavior [ RunTime:0.056765s ]
INFO: [ view_parse ] --END-- [ RunTime:0.056945s ]
INFO: [ view_filter ] --START--
INFO: Run Behavior\WriteHtmlCacheBehavior [ RunTime:0.001246s ]
INFO: [ view_filter ] --END-- [ RunTime:0.001399s ]
INFO: [ app_end ] --START--
INFO: Run Behavior\ShowPageTraceBehavior [ RunTime:0.002341s ]
INFO: [ app_end ] --END-- [ RunTime:0.002579s ]

[ 2016-10-11T08:47:23+08:00 ] ::1 /fofs/1/index.php?l=zh-cn
INFO: [ app_init ] --START--
INFO: Run Behavior\BuildLiteBehavior [ RunTime:0.000028s ]
INFO: [ app_init ] --END-- [ RunTime:0.000676s ]
INFO: [ app_begin ] --START--
INFO: Run Behavior\ReadHtmlCacheBehavior [ RunTime:0.000737s ]
INFO: Run Behavior\CheckLangBehavior [ RunTime:0.002072s ]
INFO: [ app_begin ] --END-- [ RunTime:0.002948s ]
INFO: [ view_parse ] --START--
INFO: [ template_filter ] --START--
INFO: Run Behavior\ContentReplaceBehavior [ RunTime:0.000179s ]
INFO: [ template_filter ] --END-- [ RunTime:0.000265s ]
NOTIC: [8] Undefined variable: user_id D:\phpStudy\WWW\fofs\1\Application\Runtime\Cache\Home\2a94b8bda04ff446dcedd42276fc99ee.php 第 63 行.
INFO: Run Behavior\ParseTemplateBehavior [ RunTime:0.016541s ]
INFO: [ view_parse ] --END-- [ RunTime:0.016642s ]
INFO: [ view_filter ] --START--
INFO: Run Behavior\WriteHtmlCacheBehavior [ RunTime:0.000449s ]
INFO: [ view_filter ] --END-- [ RunTime:0.000518s ]
INFO: [ app_end ] --START--
INFO: Run Behavior\ShowPageTraceBehavior [ RunTime:0.000765s ]
INFO: [ app_end ] --END-- [ RunTime:0.000841s ]

[ 2016-10-11T08:47:27+08:00 ] ::1 /fofs/1/index.php/Home/Register/email.html
INFO: [ app_init ] --START--
INFO: Run Behavior\BuildLiteBehavior [ RunTime:0.000017s ]
INFO: [ app_init ] --END-- [ RunTime:0.000431s ]
INFO: [ app_begin ] --START--
INFO: Run Behavior\ReadHtmlCacheBehavior [ RunTime:0.000545s ]
INFO: Run Behavior\CheckLangBehavior [ RunTime:0.001412s ]
INFO: [ app_begin ] --END-- [ RunTime:0.002058s ]
INFO: [ view_parse ] --START--
INFO: [ template_filter ] --START--
INFO: Run Behavior\ContentReplaceBehavior [ RunTime:0.000196s ]
INFO: [ template_filter ] --END-- [ RunTime:0.000306s ]
NOTIC: [8] Undefined variable: user_id D:\phpStudy\WWW\fofs\1\Application\Runtime\Cache\Home\3954881c943cabfffe974ff0eb003fd6.php 第 63 行.
INFO: Run Behavior\ParseTemplateBehavior [ RunTime:0.076109s ]
INFO: [ view_parse ] --END-- [ RunTime:0.076303s ]
INFO: [ view_filter ] --START--
INFO: Run Behavior\WriteHtmlCacheBehavior [ RunTime:0.000662s ]
INFO: [ view_filter ] --END-- [ RunTime:0.000773s ]
INFO: [ app_end ] --START--
INFO: Run Behavior\ShowPageTraceBehavior [ RunTime:0.001290s ]
INFO: [ app_end ] --END-- [ RunTime:0.001447s ]

[ 2016-10-11T08:47:28+08:00 ] ::1 /fofs/1/index.php/Home/Register/email.html
INFO: [ app_init ] --START--
INFO: Run Behavior\BuildLiteBehavior [ RunTime:0.000171s ]
INFO: [ app_init ] --END-- [ RunTime:0.000732s ]
INFO: [ app_begin ] --START--
INFO: Run Behavior\ReadHtmlCacheBehavior [ RunTime:0.000767s ]
INFO: Run Behavior\CheckLangBehavior [ RunTime:0.002319s ]
INFO: [ app_begin ] --END-- [ RunTime:0.003220s ]
INFO: [ view_parse ] --START--
INFO: [ template_filter ] --START--
INFO: Run Behavior\ContentReplaceBehavior [ RunTime:0.000133s ]
INFO: [ template_filter ] --END-- [ RunTime:0.000213s ]
NOTIC: [8] Undefined variable: user_id D:\phpStudy\WWW\fofs\1\Application\Runtime\Cache\Home\3954881c943cabfffe974ff0eb003fd6.php 第 63 行.
INFO: Run Behavior\ParseTemplateBehavior [ RunTime:0.013091s ]
INFO: [ view_parse ] --END-- [ RunTime:0.013175s ]
INFO: [ view_filter ] --START--
INFO: Run Behavior\WriteHtmlCacheBehavior [ RunTime:0.000547s ]
INFO: [ view_filter ] --END-- [ RunTime:0.000625s ]
INFO: [ app_end ] --START--
INFO: Run Behavior\ShowPageTraceBehavior [ RunTime:0.000856s ]
INFO: [ app_end ] --END-- [ RunTime:0.000944s ]

[ 2016-10-11T08:47:38+08:00 ] ::1 /fofs/1/index.php/Home/Cooperations/cooperations.html
INFO: [ app_init ] --START--
INFO: Run Behavior\BuildLiteBehavior [ RunTime:0.000021s ]
INFO: [ app_init ] --END-- [ RunTime:0.000581s ]
INFO: [ app_begin ] --START--
INFO: Run Behavior\ReadHtmlCacheBehavior [ RunTime:0.000720s ]
INFO: Run Behavior\CheckLangBehavior [ RunTime:0.001936s ]
INFO: [ app_begin ] --END-- [ RunTime:0.002776s ]
INFO: [ view_parse ] --START--
INFO: [ template_filter ] --START--
INFO: Run Behavior\ContentReplaceBehavior [ RunTime:0.000136s ]
INFO: [ template_filter ] --END-- [ RunTime:0.000234s ]
NOTIC: [8] Undefined variable: user_id D:\phpStudy\WWW\fofs\1\Application\Runtime\Cache\Home\478e3e619b4480cfba981fff560fed19.php 第 63 行.
INFO: Run Behavior\ParseTemplateBehavior [ RunTime:0.029530s ]
INFO: [ view_parse ] --END-- [ RunTime:0.029679s ]
INFO: [ view_filter ] --START--
INFO: Run Behavior\WriteHtmlCacheBehavior [ RunTime:0.000843s ]
INFO: [ view_filter ] --END-- [ RunTime:0.000929s ]
INFO: [ app_end ] --START--
INFO: Run Behavior\ShowPageTraceBehavior [ RunTime:0.001141s ]
INFO: [ app_end ] --END-- [ RunTime:0.001243s ]

[ 2016-10-11T08:47:41+08:00 ] ::1 /fofs/1/index.php/Home/Index/index.html
INFO: [ app_init ] --START--
INFO: Run Behavior\BuildLiteBehavior [ RunTime:0.000041s ]
INFO: [ app_init ] --END-- [ RunTime:0.000651s ]
INFO: [ app_begin ] --START--
INFO: Run Behavior\ReadHtmlCacheBehavior [ RunTime:0.001206s ]
INFO: Run Behavior\CheckLangBehavior [ RunTime:0.002335s ]
INFO: [ app_begin ] --END-- [ RunTime:0.003711s ]
INFO: [ view_parse ] --START--
INFO: [ template_filter ] --START--
INFO: Run Behavior\ContentReplaceBehavior [ RunTime:0.000178s ]
INFO: [ template_filter ] --END-- [ RunTime:0.000248s ]
NOTIC: [8] Undefined variable: user_id D:\phpStudy\WWW\fofs\1\Application\Runtime\Cache\Home\2a94b8bda04ff446dcedd42276fc99ee.php 第 63 行.
INFO: Run Behavior\ParseTemplateBehavior [ RunTime:0.015588s ]
INFO: [ view_parse ] --END-- [ RunTime:0.015659s ]
INFO: [ view_filter ] --START--
INFO: Run Behavior\WriteHtmlCacheBehavior [ RunTime:0.000652s ]
INFO: [ view_filter ] --END-- [ RunTime:0.000712s ]
INFO: [ app_end ] --START--
INFO: Run Behavior\ShowPageTraceBehavior [ RunTime:0.000913s ]
INFO: [ app_end ] --END-- [ RunTime:0.000988s ]

[ 2016-10-11T08:47:49+08:00 ] ::1 /fofs/1/index.php/Home/Index/newsList.html
INFO: [ app_init ] --START--
INFO: Run Behavior\BuildLiteBehavior [ RunTime:0.000022s ]
INFO: [ app_init ] --END-- [ RunTime:0.000573s ]
INFO: [ app_begin ] --START--
INFO: Run Behavior\ReadHtmlCacheBehavior [ RunTime:0.000839s ]
INFO: Run Behavior\CheckLangBehavior [ RunTime:0.002231s ]
INFO: [ app_begin ] --END-- [ RunTime:0.003185s ]
INFO: [ view_parse ] --START--
INFO: [ template_filter ] --START--
INFO: Run Behavior\ContentReplaceBehavior [ RunTime:0.000161s ]
INFO: [ template_filter ] --END-- [ RunTime:0.000258s ]
NOTIC: [8] Undefined variable: user_id D:\phpStudy\WWW\fofs\1\Application\Runtime\Cache\Home\ec79fe818a7b937d34b79585114aea58.php 第 63 行.
INFO: Run Behavior\ParseTemplateBehavior [ RunTime:0.038326s ]
INFO: [ view_parse ] --END-- [ RunTime:0.038489s ]
INFO: [ view_filter ] --START--
INFO: Run Behavior\WriteHtmlCacheBehavior [ RunTime:0.000614s ]
INFO: [ view_filter ] --END-- [ RunTime:0.000670s ]
INFO: [ app_end ] --START--
INFO: Run Behavior\ShowPageTraceBehavior [ RunTime:0.000755s ]
INFO: [ app_end ] --END-- [ RunTime:0.000823s ]

[ 2016-10-11T08:47:54+08:00 ] ::1 /fofs/1/index.php/Home/Index/newsDetail.html
INFO: [ app_init ] --START--
INFO: Run Behavior\BuildLiteBehavior [ RunTime:0.000019s ]
INFO: [ app_init ] --END-- [ RunTime:0.000447s ]
INFO: [ app_begin ] --START--
INFO: Run Behavior\ReadHtmlCacheBehavior [ RunTime:0.000789s ]
INFO: Run Behavior\CheckLangBehavior [ RunTime:0.002460s ]
INFO: [ app_begin ] --END-- [ RunTime:0.003396s ]
INFO: [ view_parse ] --START--
INFO: [ template_filter ] --START--
INFO: Run Behavior\ContentReplaceBehavior [ RunTime:0.000202s ]
INFO: [ template_filter ] --END-- [ RunTime:0.000328s ]
NOTIC: [8] Undefined variable: user_id D:\phpStudy\WWW\fofs\1\Application\Runtime\Cache\Home\e912bb0d10aa30919c53fa9481c3ea90.php 第 63 行.
INFO: Run Behavior\ParseTemplateBehavior [ RunTime:0.011665s ]
INFO: [ view_parse ] --END-- [ RunTime:0.011738s ]
INFO: [ view_filter ] --START--
INFO: Run Behavior\WriteHtmlCacheBehavior [ RunTime:0.000536s ]
INFO: [ view_filter ] --END-- [ RunTime:0.000615s ]
INFO: [ app_end ] --START--
INFO: Run Behavior\ShowPageTraceBehavior [ RunTime:0.001426s ]
INFO: [ app_end ] --END-- [ RunTime:0.001583s ]

[ 2016-10-11T08:48:06+08:00 ] ::1 /fofs/1/index.php/Home/Index/aboutAlliance.html
INFO: [ app_init ] --START--
INFO: Run Behavior\BuildLiteBehavior [ RunTime:0.000023s ]
INFO: [ app_init ] --END-- [ RunTime:0.000516s ]
INFO: [ app_begin ] --START--
INFO: Run Behavior\ReadHtmlCacheBehavior [ RunTime:0.000777s ]
INFO: Run Behavior\CheckLangBehavior [ RunTime:0.002109s ]
INFO: [ app_begin ] --END-- [ RunTime:0.003044s ]
INFO: [ view_parse ] --START--
INFO: [ template_filter ] --START--
INFO: Run Behavior\ContentReplaceBehavior [ RunTime:0.000315s ]
INFO: [ template_filter ] --END-- [ RunTime:0.000498s ]
NOTIC: [8] Undefined variable: user_id D:\phpStudy\WWW\fofs\1\Application\Runtime\Cache\Home\b528f4ddcc84698bb220ed5d07f09f62.php 第 63 行.
INFO: Run Behavior\ParseTemplateBehavior [ RunTime:0.059771s ]
INFO: [ view_parse ] --END-- [ RunTime:0.059949s ]
INFO: [ view_filter ] --START--
INFO: Run Behavior\WriteHtmlCacheBehavior [ RunTime:0.000986s ]
INFO: [ view_filter ] --END-- [ RunTime:0.001079s ]
INFO: [ app_end ] --START--
INFO: Run Behavior\ShowPageTraceBehavior [ RunTime:0.001265s ]
INFO: [ app_end ] --END-- [ RunTime:0.001395s ]

[ 2016-10-11T08:48:12+08:00 ] ::1 /fofs/1/index.php/Home/Index/aboutAllianceNews.html
INFO: [ app_init ] --START--
INFO: Run Behavior\BuildLiteBehavior [ RunTime:0.000019s ]
INFO: [ app_init ] --END-- [ RunTime:0.000485s ]
INFO: [ app_begin ] --START--
INFO: Run Behavior\ReadHtmlCacheBehavior [ RunTime:0.000704s ]
INFO: Run Behavior\CheckLangBehavior [ RunTime:0.001958s ]
INFO: [ app_begin ] --END-- [ RunTime:0.002770s ]
INFO: [ view_parse ] --START--
INFO: [ template_filter ] --START--
INFO: Run Behavior\ContentReplaceBehavior [ RunTime:0.000163s ]
INFO: [ template_filter ] --END-- [ RunTime:0.000250s ]
NOTIC: [8] Undefined variable: user_id D:\phpStudy\WWW\fofs\1\Application\Runtime\Cache\Home\72b985da9e2d4412c8d605c8aa894c93.php 第 63 行.
INFO: Run Behavior\ParseTemplateBehavior [ RunTime:0.029412s ]
INFO: [ view_parse ] --END-- [ RunTime:0.029484s ]
INFO: [ view_filter ] --START--
INFO: Run Behavior\WriteHtmlCacheBehavior [ RunTime:0.000550s ]
INFO: [ view_filter ] --END-- [ RunTime:0.000606s ]
INFO: [ app_end ] --START--
INFO: Run Behavior\ShowPageTraceBehavior [ RunTime:0.000750s ]
INFO: [ app_end ] --END-- [ RunTime:0.000819s ]

[ 2016-10-11T08:48:14+08:00 ] ::1 /fofs/1/index.php/Home/Index/aboutAlliance.html
INFO: [ app_init ] --START--
INFO: Run Behavior\BuildLiteBehavior [ RunTime:0.000020s ]
INFO: [ app_init ] --END-- [ RunTime:0.000623s ]
INFO: [ app_begin ] --START--
INFO: Run Behavior\ReadHtmlCacheBehavior [ RunTime:0.000826s ]
INFO: Run Behavior\CheckLangBehavior [ RunTime:0.002109s ]
INFO: [ app_begin ] --END-- [ RunTime:0.003070s ]
INFO: [ view_parse ] --START--
INFO: [ template_filter ] --START--
INFO: Run Behavior\ContentReplaceBehavior [ RunTime:0.000147s ]
INFO: [ template_filter ] --END-- [ RunTime:0.000265s ]
NOTIC: [8] Undefined variable: user_id D:\phpStudy\WWW\fofs\1\Application\Runtime\Cache\Home\b528f4ddcc84698bb220ed5d07f09f62.php 第 63 行.
INFO: Run Behavior\ParseTemplateBehavior [ RunTime:0.012580s ]
INFO: [ view_parse ] --END-- [ RunTime:0.012659s ]
INFO: [ view_filter ] --START--
INFO: Run Behavior\WriteHtmlCacheBehavior [ RunTime:0.000508s ]
INFO: [ view_filter ] --END-- [ RunTime:0.000566s ]
INFO: [ app_end ] --START--
INFO: Run Behavior\ShowPageTraceBehavior [ RunTime:0.001074s ]
INFO: [ app_end ] --END-- [ RunTime:0.001173s ]

[ 2016-10-11T08:49:16+08:00 ] ::1 /fofs/1/index.php/Home/Index/aboutAlliance.html
INFO: [ app_init ] --START--
INFO: Run Behavior\BuildLiteBehavior [ RunTime:0.000036s ]
INFO: [ app_init ] --END-- [ RunTime:0.001250s ]
INFO: [ app_begin ] --START--
INFO: Run Behavior\ReadHtmlCacheBehavior [ RunTime:0.001127s ]
INFO: Run Behavior\CheckLangBehavior [ RunTime:0.002877s ]
INFO: [ app_begin ] --END-- [ RunTime:0.004222s ]
INFO: [ view_parse ] --START--
INFO: [ template_filter ] --START--
INFO: Run Behavior\ContentReplaceBehavior [ RunTime:0.000179s ]
INFO: [ template_filter ] --END-- [ RunTime:0.000306s ]
NOTIC: [8] Undefined variable: user_id D:\phpStudy\WWW\fofs\1\Application\Runtime\Cache\Home\b528f4ddcc84698bb220ed5d07f09f62.php 第 63 行.
INFO: Run Behavior\ParseTemplateBehavior [ RunTime:0.014041s ]
INFO: [ view_parse ] --END-- [ RunTime:0.014141s ]
INFO: [ view_filter ] --START--
INFO: Run Behavior\WriteHtmlCacheBehavior [ RunTime:0.000830s ]
INFO: [ view_filter ] --END-- [ RunTime:0.000897s ]
INFO: [ app_end ] --START--
INFO: Run Behavior\ShowPageTraceBehavior [ RunTime:0.001107s ]
INFO: [ app_end ] --END-- [ RunTime:0.001216s ]

[ 2016-10-11T08:49:24+08:00 ] ::1 /fofs/1/index.php/Home/Index/aboutAllianceNews.html
INFO: [ app_init ] --START--
INFO: Run Behavior\BuildLiteBehavior [ RunTime:0.000027s ]
INFO: [ app_init ] --END-- [ RunTime:0.000664s ]
INFO: [ app_begin ] --START--
INFO: Run Behavior\ReadHtmlCacheBehavior [ RunTime:0.000792s ]
INFO: Run Behavior\CheckLangBehavior [ RunTime:0.001914s ]
INFO: [ app_begin ] --END-- [ RunTime:0.002893s ]
INFO: [ view_parse ] --START--
INFO: [ template_filter ] --START--
INFO: Run Behavior\ContentReplaceBehavior [ RunTime:0.000139s ]
INFO: [ template_filter ] --END-- [ RunTime:0.000214s ]
NOTIC: [8] Undefined variable: user_id D:\phpStudy\WWW\fofs\1\Application\Runtime\Cache\Home\72b985da9e2d4412c8d605c8aa894c93.php 第 63 行.
INFO: Run Behavior\ParseTemplateBehavior [ RunTime:0.012945s ]
INFO: [ view_parse ] --END-- [ RunTime:0.013020s ]
INFO: [ view_filter ] --START--
INFO: Run Behavior\WriteHtmlCacheBehavior [ RunTime:0.000476s ]
INFO: [ view_filter ] --END-- [ RunTime:0.000531s ]
INFO: [ app_end ] --START--
INFO: Run Behavior\ShowPageTraceBehavior [ RunTime:0.001045s ]
INFO: [ app_end ] --END-- [ RunTime:0.001177s ]

[ 2016-10-11T08:49:29+08:00 ] ::1 /fofs/1/index.php/Home/Index/aboutAllianceNews.html
INFO: [ app_init ] --START--
INFO: Run Behavior\BuildLiteBehavior [ RunTime:0.000018s ]
INFO: [ app_init ] --END-- [ RunTime:0.000461s ]
INFO: [ app_begin ] --START--
INFO: Run Behavior\ReadHtmlCacheBehavior [ RunTime:0.000620s ]
INFO: Run Behavior\CheckLangBehavior [ RunTime:0.001821s ]
INFO: [ app_begin ] --END-- [ RunTime:0.002578s ]
INFO: [ view_parse ] --START--
INFO: [ template_filter ] --START--
INFO: Run Behavior\ContentReplaceBehavior [ RunTime:0.000162s ]
INFO: [ template_filter ] --END-- [ RunTime:0.000241s ]
NOTIC: [8] Undefined variable: user_id D:\phpStudy\WWW\fofs\1\Application\Runtime\Cache\Home\72b985da9e2d4412c8d605c8aa894c93.php 第 63 行.
INFO: Run Behavior\ParseTemplateBehavior [ RunTime:0.012346s ]
INFO: [ view_parse ] --END-- [ RunTime:0.012418s ]
INFO: [ view_filter ] --START--
INFO: Run Behavior\WriteHtmlCacheBehavior [ RunTime:0.000387s ]
INFO: [ view_filter ] --END-- [ RunTime:0.000444s ]
INFO: [ app_end ] --START--
INFO: Run Behavior\ShowPageTraceBehavior [ RunTime:0.000613s ]
INFO: [ app_end ] --END-- [ RunTime:0.000679s ]

[ 2016-10-11T08:51:21+08:00 ] ::1 /fofs/1/index.php/Home/Index/aboutAllianceNews.html
INFO: [ app_init ] --START--
INFO: Run Behavior\BuildLiteBehavior [ RunTime:0.000035s ]
INFO: [ app_init ] --END-- [ RunTime:0.000605s ]
INFO: [ app_begin ] --START--
INFO: Run Behavior\ReadHtmlCacheBehavior [ RunTime:0.000697s ]
INFO: Run Behavior\CheckLangBehavior [ RunTime:0.001740s ]
INFO: [ app_begin ] --END-- [ RunTime:0.002566s ]
INFO: [ view_parse ] --START--
INFO: [ template_filter ] --START--
INFO: Run Behavior\ContentReplaceBehavior [ RunTime:0.000141s ]
INFO: [ template_filter ] --END-- [ RunTime:0.000219s ]
NOTIC: [8] Undefined variable: user_id D:\phpStudy\WWW\fofs\1\Application\Runtime\Cache\Home\72b985da9e2d4412c8d605c8aa894c93.php 第 63 行.
INFO: Run Behavior\ParseTemplateBehavior [ RunTime:0.013082s ]
INFO: [ view_parse ] --END-- [ RunTime:0.013157s ]
INFO: [ view_filter ] --START--
INFO: Run Behavior\WriteHtmlCacheBehavior [ RunTime:0.000415s ]
INFO: [ view_filter ] --END-- [ RunTime:0.000473s ]
INFO: [ app_end ] --START--
INFO: Run Behavior\ShowPageTraceBehavior [ RunTime:0.000629s ]
INFO: [ app_end ] --END-- [ RunTime:0.000714s ]

[ 2016-10-11T08:51:23+08:00 ] ::1 /fofs/1/index.php/Home/Index/aboutAllianceNews.html
INFO: [ app_init ] --START--
INFO: Run Behavior\BuildLiteBehavior [ RunTime:0.000033s ]
INFO: [ app_init ] --END-- [ RunTime:0.000780s ]
INFO: [ app_begin ] --START--
INFO: Run Behavior\ReadHtmlCacheBehavior [ RunTime:0.000925s ]
INFO: Run Behavior\CheckLangBehavior [ RunTime:0.002060s ]
INFO: [ app_begin ] --END-- [ RunTime:0.003117s ]
INFO: [ view_parse ] --START--
INFO: [ template_filter ] --START--
INFO: Run Behavior\ContentReplaceBehavior [ RunTime:0.000167s ]
INFO: [ template_filter ] --END-- [ RunTime:0.000244s ]
NOTIC: [8] Undefined variable: user_id D:\phpStudy\WWW\fofs\1\Application\Runtime\Cache\Home\72b985da9e2d4412c8d605c8aa894c93.php 第 63 行.
INFO: Run Behavior\ParseTemplateBehavior [ RunTime:0.014771s ]
INFO: [ view_parse ] --END-- [ RunTime:0.014866s ]
INFO: [ view_filter ] --START--
INFO: Run Behavior\WriteHtmlCacheBehavior [ RunTime:0.000920s ]
INFO: [ view_filter ] --END-- [ RunTime:0.001006s ]
INFO: [ app_end ] --START--
INFO: Run Behavior\ShowPageTraceBehavior [ RunTime:0.000961s ]
INFO: [ app_end ] --END-- [ RunTime:0.001067s ]

[ 2016-10-11T08:51:55+08:00 ] ::1 /fofs/1/index.php/Home/Index/aboutAllianceNews.html
INFO: [ app_init ] --START--
INFO: Run Behavior\BuildLiteBehavior [ RunTime:0.000021s ]
INFO: [ app_init ] --END-- [ RunTime:0.000580s ]
INFO: [ app_begin ] --START--
INFO: Run Behavior\ReadHtmlCacheBehavior [ RunTime:0.000769s ]
INFO: Run Behavior\CheckLangBehavior [ RunTime:0.002059s ]
INFO: [ app_begin ] --END-- [ RunTime:0.002939s ]
INFO: [ view_parse ] --START--
INFO: [ template_filter ] --START--
INFO: Run Behavior\ContentReplaceBehavior [ RunTime:0.000162s ]
INFO: [ template_filter ] --END-- [ RunTime:0.000236s ]
NOTIC: [8] Undefined variable: user_id D:\phpStudy\WWW\fofs\1\Application\Runtime\Cache\Home\72b985da9e2d4412c8d605c8aa894c93.php 第 63 行.
INFO: Run Behavior\ParseTemplateBehavior [ RunTime:0.014885s ]
INFO: [ view_parse ] --END-- [ RunTime:0.014957s ]
INFO: [ view_filter ] --START--
INFO: Run Behavior\WriteHtmlCacheBehavior [ RunTime:0.000620s ]
INFO: [ view_filter ] --END-- [ RunTime:0.000676s ]
INFO: [ app_end ] --START--
INFO: Run Behavior\ShowPageTraceBehavior [ RunTime:0.001179s ]
INFO: [ app_end ] --END-- [ RunTime:0.001285s ]

[ 2016-10-11T08:51:57+08:00 ] ::1 /fofs/1/index.php/Home/Index/aboutAlliance.html
INFO: [ app_init ] --START--
INFO: Run Behavior\BuildLiteBehavior [ RunTime:0.000027s ]
INFO: [ app_init ] --END-- [ RunTime:0.000563s ]
INFO: [ app_begin ] --START--
INFO: Run Behavior\ReadHtmlCacheBehavior [ RunTime:0.000787s ]
INFO: Run Behavior\CheckLangBehavior [ RunTime:0.002060s ]
INFO: [ app_begin ] --END-- [ RunTime:0.002959s ]
INFO: [ view_parse ] --START--
INFO: [ template_filter ] --START--
INFO: Run Behavior\ContentReplaceBehavior [ RunTime:0.000142s ]
INFO: [ template_filter ] --END-- [ RunTime:0.000245s ]
NOTIC: [8] Undefined variable: user_id D:\phpStudy\WWW\fofs\1\Application\Runtime\Cache\Home\b528f4ddcc84698bb220ed5d07f09f62.php 第 63 行.
INFO: Run Behavior\ParseTemplateBehavior [ RunTime:0.012956s ]
INFO: [ view_parse ] --END-- [ RunTime:0.013031s ]
INFO: [ view_filter ] --START--
INFO: Run Behavior\WriteHtmlCacheBehavior [ RunTime:0.000585s ]
INFO: [ view_filter ] --END-- [ RunTime:0.000640s ]
INFO: [ app_end ] --START--
INFO: Run Behavior\ShowPageTraceBehavior [ RunTime:0.000922s ]
INFO: [ app_end ] --END-- [ RunTime:0.001015s ]

[ 2016-10-11T08:52:03+08:00 ] ::1 /fofs/1/index.php/Home/Index/aboutAllianceNews.html
INFO: [ app_init ] --START--
INFO: Run Behavior\BuildLiteBehavior [ RunTime:0.000020s ]
INFO: [ app_init ] --END-- [ RunTime:0.000579s ]
INFO: [ app_begin ] --START--
INFO: Run Behavior\ReadHtmlCacheBehavior [ RunTime:0.001013s ]
INFO: Run Behavior\CheckLangBehavior [ RunTime:0.002407s ]
INFO: [ app_begin ] --END-- [ RunTime:0.003589s ]
INFO: [ view_parse ] --START--
INFO: [ template_filter ] --START--
INFO: Run Behavior\ContentReplaceBehavior [ RunTime:0.000142s ]
INFO: [ template_filter ] --END-- [ RunTime:0.000220s ]
NOTIC: [8] Undefined variable: user_id D:\phpStudy\WWW\fofs\1\Application\Runtime\Cache\Home\72b985da9e2d4412c8d605c8aa894c93.php 第 63 行.
INFO: Run Behavior\ParseTemplateBehavior [ RunTime:0.014602s ]
INFO: [ view_parse ] --END-- [ RunTime:0.014679s ]
INFO: [ view_filter ] --START--
INFO: Run Behavior\WriteHtmlCacheBehavior [ RunTime:0.000673s ]
INFO: [ view_filter ] --END-- [ RunTime:0.000731s ]
INFO: [ app_end ] --START--
INFO: Run Behavior\ShowPageTraceBehavior [ RunTime:0.001098s ]
INFO: [ app_end ] --END-- [ RunTime:0.001180s ]

[ 2016-10-11T08:52:12+08:00 ] ::1 /fofs/1/index.php/Home/Index/aboutAllianceNews.html
INFO: [ app_init ] --START--
INFO: Run Behavior\BuildLiteBehavior [ RunTime:0.000019s ]
INFO: [ app_init ] --END-- [ RunTime:0.000555s ]
INFO: [ app_begin ] --START--
INFO: Run Behavior\ReadHtmlCacheBehavior [ RunTime:0.000848s ]
INFO: Run Behavior\CheckLangBehavior [ RunTime:0.002222s ]
INFO: [ app_begin ] --END-- [ RunTime:0.003186s ]
INFO: [ view_parse ] --START--
INFO: [ template_filter ] --START--
INFO: Run Behavior\ContentReplaceBehavior [ RunTime:0.000140s ]
INFO: [ template_filter ] --END-- [ RunTime:0.000211s ]
NOTIC: [8] Undefined variable: user_id D:\phpStudy\WWW\fofs\1\Application\Runtime\Cache\Home\72b985da9e2d4412c8d605c8aa894c93.php 第 63 行.
INFO: Run Behavior\ParseTemplateBehavior [ RunTime:0.014291s ]
INFO: [ view_parse ] --END-- [ RunTime:0.014439s ]
INFO: [ view_filter ] --START--
INFO: Run Behavior\WriteHtmlCacheBehavior [ RunTime:0.000813s ]
INFO: [ view_filter ] --END-- [ RunTime:0.000953s ]
INFO: [ app_end ] --START--
INFO: Run Behavior\ShowPageTraceBehavior [ RunTime:0.001159s ]
INFO: [ app_end ] --END-- [ RunTime:0.001259s ]

[ 2016-10-11T08:52:36+08:00 ] ::1 /fofs/1/index.php/Home/Index/aboutAllianceNews.html
INFO: [ app_init ] --START--
INFO: Run Behavior\BuildLiteBehavior [ RunTime:0.000020s ]
INFO: [ app_init ] --END-- [ RunTime:0.000546s ]
INFO: [ app_begin ] --START--
INFO: Run Behavior\ReadHtmlCacheBehavior [ RunTime:0.001078s ]
INFO: Run Behavior\CheckLangBehavior [ RunTime:0.002242s ]
INFO: [ app_begin ] --END-- [ RunTime:0.003465s ]
INFO: [ view_parse ] --START--
INFO: [ template_filter ] --START--
INFO: Run Behavior\ContentReplaceBehavior [ RunTime:0.000143s ]
INFO: [ template_filter ] --END-- [ RunTime:0.000225s ]
NOTIC: [8] Undefined variable: user_id D:\phpStudy\WWW\fofs\1\Application\Runtime\Cache\Home\72b985da9e2d4412c8d605c8aa894c93.php 第 63 行.
INFO: Run Behavior\ParseTemplateBehavior [ RunTime:0.016913s ]
INFO: [ view_parse ] --END-- [ RunTime:0.016985s ]
INFO: [ view_filter ] --START--
INFO: Run Behavior\WriteHtmlCacheBehavior [ RunTime:0.000898s ]
INFO: [ view_filter ] --END-- [ RunTime:0.000962s ]
INFO: [ app_end ] --START--
INFO: Run Behavior\ShowPageTraceBehavior [ RunTime:0.001093s ]
INFO: [ app_end ] --END-- [ RunTime:0.001220s ]

[ 2016-10-11T08:52:38+08:00 ] ::1 /fofs/1/index.php/Home/Index/aboutAlliance.html
INFO: [ app_init ] --START--
INFO: Run Behavior\BuildLiteBehavior [ RunTime:0.000022s ]
INFO: [ app_init ] --END-- [ RunTime:0.000513s ]
INFO: [ app_begin ] --START--
INFO: Run Behavior\ReadHtmlCacheBehavior [ RunTime:0.000982s ]
INFO: Run Behavior\CheckLangBehavior [ RunTime:0.002011s ]
INFO: [ app_begin ] --END-- [ RunTime:0.003140s ]
INFO: [ view_parse ] --START--
INFO: [ template_filter ] --START--
INFO: Run Behavior\ContentReplaceBehavior [ RunTime:0.000119s ]
INFO: [ template_filter ] --END-- [ RunTime:0.000194s ]
NOTIC: [8] Undefined variable: user_id D:\phpStudy\WWW\fofs\1\Application\Runtime\Cache\Home\b528f4ddcc84698bb220ed5d07f09f62.php 第 63 行.
INFO: Run Behavior\ParseTemplateBehavior [ RunTime:0.011846s ]
INFO: [ view_parse ] --END-- [ RunTime:0.011977s ]
INFO: [ view_filter ] --START--
INFO: Run Behavior\WriteHtmlCacheBehavior [ RunTime:0.000679s ]
INFO: [ view_filter ] --END-- [ RunTime:0.000781s ]
INFO: [ app_end ] --START--
INFO: Run Behavior\ShowPageTraceBehavior [ RunTime:0.001367s ]
INFO: [ app_end ] --END-- [ RunTime:0.001470s ]

[ 2016-10-11T08:52:39+08:00 ] ::1 /fofs/1/index.php/Home/Index/aboutAllianceNews.html
INFO: [ app_init ] --START--
INFO: Run Behavior\BuildLiteBehavior [ RunTime:0.000038s ]
INFO: [ app_init ] --END-- [ RunTime:0.000824s ]
INFO: [ app_begin ] --START--
INFO: Run Behavior\ReadHtmlCacheBehavior [ RunTime:0.000849s ]
INFO: Run Behavior\CheckLangBehavior [ RunTime:0.002076s ]
INFO: [ app_begin ] --END-- [ RunTime:0.003108s ]
INFO: [ view_parse ] --START--
INFO: [ template_filter ] --START--
INFO: Run Behavior\ContentReplaceBehavior [ RunTime:0.000156s ]
INFO: [ template_filter ] --END-- [ RunTime:0.000240s ]
NOTIC: [8] Undefined variable: user_id D:\phpStudy\WWW\fofs\1\Application\Runtime\Cache\Home\72b985da9e2d4412c8d605c8aa894c93.php 第 63 行.
INFO: Run Behavior\ParseTemplateBehavior [ RunTime:0.014835s ]
INFO: [ view_parse ] --END-- [ RunTime:0.014918s ]
INFO: [ view_filter ] --START--
INFO: Run Behavior\WriteHtmlCacheBehavior [ RunTime:0.000386s ]
INFO: [ view_filter ] --END-- [ RunTime:0.000451s ]
INFO: [ app_end ] --START--
INFO: Run Behavior\ShowPageTraceBehavior [ RunTime:0.000836s ]
INFO: [ app_end ] --END-- [ RunTime:0.000950s ]

[ 2016-10-11T08:53:15+08:00 ] ::1 /fofs/1/index.php/Home/Index/login
INFO: [ app_init ] --START--
INFO: Run Behavior\BuildLiteBehavior [ RunTime:0.000035s ]
INFO: [ app_init ] --END-- [ RunTime:0.000591s ]
INFO: [ app_begin ] --START--
INFO: Run Behavior\ReadHtmlCacheBehavior [ RunTime:0.000666s ]
INFO: Run Behavior\CheckLangBehavior [ RunTime:0.001605s ]
INFO: [ app_begin ] --END-- [ RunTime:0.002425s ]
SQL: SHOW COLUMNS FROM `saas_buyer` [ RunTime:0.0404s ]
SQL: SELECT * FROM `saas_buyer` WHERE `email` = 'chaixd@vadestone.com' LIMIT 1   [ RunTime:0.0009s ]
INFO: [ view_parse ] --START--
INFO: [ template_filter ] --START--
INFO: Run Behavior\ContentReplaceBehavior [ RunTime:0.000048s ]
INFO: [ template_filter ] --END-- [ RunTime:0.000128s ]
INFO: Run Behavior\ParseTemplateBehavior [ RunTime:0.028223s ]
INFO: [ view_parse ] --END-- [ RunTime:0.028334s ]
INFO: [ view_filter ] --START--
INFO: Run Behavior\WriteHtmlCacheBehavior [ RunTime:0.000465s ]
INFO: [ view_filter ] --END-- [ RunTime:0.000533s ]
INFO: [ app_end ] --START--
INFO: Run Behavior\ShowPageTraceBehavior [ RunTime:0.000858s ]
INFO: [ app_end ] --END-- [ RunTime:0.000950s ]

[ 2016-10-11T08:53:16+08:00 ] ::1 /fofs/1/index.php/Home/Search/search
INFO: [ app_init ] --START--
INFO: Run Behavior\BuildLiteBehavior [ RunTime:0.000031s ]
INFO: [ app_init ] --END-- [ RunTime:0.000716s ]
INFO: [ app_begin ] --START--
INFO: Run Behavior\ReadHtmlCacheBehavior [ RunTime:0.000949s ]
INFO: Run Behavior\CheckLangBehavior [ RunTime:0.002649s ]
INFO: [ app_begin ] --END-- [ RunTime:0.003779s ]
SQL: SHOW COLUMNS FROM `saas_processing_technic_first` [ RunTime:0.0275s ]
SQL: SELECT * FROM `saas_processing_technic_first`  [ RunTime:0.0007s ]
SQL: SHOW COLUMNS FROM `saas_currency_type` [ RunTime:0.0060s ]
SQL: SELECT * FROM `saas_currency_type`  [ RunTime:0.0007s ]
SQL: SHOW COLUMNS FROM `saas_industry_cate` [ RunTime:0.0056s ]
SQL: SELECT * FROM `saas_industry_cate`  [ RunTime:0.0007s ]
SQL: SHOW COLUMNS FROM `saas_area_partition` [ RunTime:0.0056s ]
SQL: SELECT * FROM `saas_area_partition`  [ RunTime:0.0008s ]
SQL: SHOW COLUMNS FROM `saas_system_criteria` [ RunTime:0.0042s ]
SQL: SELECT * FROM `saas_system_criteria`  [ RunTime:0.0007s ]
SQL: SHOW COLUMNS FROM `saas_product_criteria` [ RunTime:0.0046s ]
SQL: SELECT * FROM `saas_product_criteria`  [ RunTime:0.0008s ]
SQL: SHOW COLUMNS FROM `saas_country_code` [ RunTime:0.0053s ]
SQL: SELECT * FROM `saas_country_code`  [ RunTime:0.0008s ]
INFO: [ view_parse ] --START--
INFO: [ template_filter ] --START--
INFO: Run Behavior\ContentReplaceBehavior [ RunTime:0.000212s ]
INFO: [ template_filter ] --END-- [ RunTime:0.000296s ]
INFO: Run Behavior\ParseTemplateBehavior [ RunTime:0.054212s ]
INFO: [ view_parse ] --END-- [ RunTime:0.054322s ]
INFO: [ view_filter ] --START--
INFO: Run Behavior\WriteHtmlCacheBehavior [ RunTime:0.000397s ]
INFO: [ view_filter ] --END-- [ RunTime:0.000458s ]
INFO: [ app_end ] --START--
INFO: Run Behavior\ShowPageTraceBehavior [ RunTime:0.000726s ]
INFO: [ app_end ] --END-- [ RunTime:0.000809s ]

[ 2016-10-11T08:53:25+08:00 ] ::1 /fofs/1/index.php/Home/Individual/individualProfile.html
INFO: [ app_init ] --START--
INFO: Run Behavior\BuildLiteBehavior [ RunTime:0.000018s ]
INFO: [ app_init ] --END-- [ RunTime:0.000419s ]
INFO: [ app_begin ] --START--
INFO: Run Behavior\ReadHtmlCacheBehavior [ RunTime:0.000725s ]
INFO: Run Behavior\CheckLangBehavior [ RunTime:0.001751s ]
INFO: [ app_begin ] --END-- [ RunTime:0.002634s ]
SQL: SHOW COLUMNS FROM `saas_buyer` [ RunTime:0.0048s ]
SQL: SELECT * FROM `saas_buyer` WHERE `id` = 19 LIMIT 1   [ RunTime:0.0008s ]
SQL: SHOW COLUMNS FROM `saas_letter` [ RunTime:0.0519s ]
SQL: SHOW COLUMNS FROM `saas_buyer_interest_list` [ RunTime:0.0392s ]
SQL: SELECT * FROM `saas_letter` WHERE (  `sender_id` = '19' AND `sender_type` = 1 AND `type` = 1 AND `state` <> 0 ) OR ( recipient_id=19 AND recipient_type=1 )  [ RunTime:0.0008s ]
SQL: SELECT * FROM `saas_buyer_interest_list` WHERE ( buyer_id=19 )  [ RunTime:0.0006s ]
SQL: SHOW COLUMNS FROM `saas_project` [ RunTime:0.0325s ]
SQL: SELECT * FROM `saas_project` WHERE ( creator_id=19 ) LIMIT 3   [ RunTime:0.0007s ]
INFO: [ view_parse ] --START--
INFO: [ template_filter ] --START--
INFO: Run Behavior\ContentReplaceBehavior [ RunTime:0.000180s ]
INFO: [ template_filter ] --END-- [ RunTime:0.000260s ]
INFO: Run Behavior\ParseTemplateBehavior [ RunTime:0.042170s ]
INFO: [ view_parse ] --END-- [ RunTime:0.042280s ]
INFO: [ view_filter ] --START--
INFO: Run Behavior\WriteHtmlCacheBehavior [ RunTime:0.000525s ]
INFO: [ view_filter ] --END-- [ RunTime:0.000598s ]
INFO: [ app_end ] --START--
INFO: Run Behavior\ShowPageTraceBehavior [ RunTime:0.000707s ]
INFO: [ app_end ] --END-- [ RunTime:0.000802s ]

[ 2016-10-11T08:57:26+08:00 ] ::1 /fofs/1/index.php/Home/Individual/individualProfile.html
INFO: [ app_init ] --START--
INFO: Run Behavior\BuildLiteBehavior [ RunTime:0.000037s ]
INFO: [ app_init ] --END-- [ RunTime:0.000868s ]
INFO: [ app_begin ] --START--
INFO: Run Behavior\ReadHtmlCacheBehavior [ RunTime:0.000929s ]
INFO: Run Behavior\CheckLangBehavior [ RunTime:0.001997s ]
INFO: [ app_begin ] --END-- [ RunTime:0.003074s ]
SQL: SHOW COLUMNS FROM `saas_buyer` [ RunTime:0.0046s ]
SQL: SELECT * FROM `saas_buyer` WHERE `id` = 19 LIMIT 1   [ RunTime:0.0008s ]
SQL: SHOW COLUMNS FROM `saas_letter` [ RunTime:0.0044s ]
SQL: SHOW COLUMNS FROM `saas_buyer_interest_list` [ RunTime:0.0037s ]
SQL: SELECT * FROM `saas_letter` WHERE (  `sender_id` = '19' AND `sender_type` = 1 AND `type` = 1 AND `state` <> 0 ) OR ( recipient_id=19 AND recipient_type=1 )  [ RunTime:0.0008s ]
SQL: SELECT * FROM `saas_buyer_interest_list` WHERE ( buyer_id=19 )  [ RunTime:0.0006s ]
SQL: SHOW COLUMNS FROM `saas_project` [ RunTime:0.0039s ]
SQL: SELECT * FROM `saas_project` WHERE ( creator_id=19 ) LIMIT 3   [ RunTime:0.0006s ]
INFO: [ view_parse ] --START--
INFO: [ template_filter ] --START--
INFO: Run Behavior\ContentReplaceBehavior [ RunTime:0.000174s ]
INFO: [ template_filter ] --END-- [ RunTime:0.000252s ]
INFO: Run Behavior\ParseTemplateBehavior [ RunTime:0.014493s ]
INFO: [ view_parse ] --END-- [ RunTime:0.014588s ]
INFO: [ view_filter ] --START--
INFO: Run Behavior\WriteHtmlCacheBehavior [ RunTime:0.000668s ]
INFO: [ view_filter ] --END-- [ RunTime:0.000753s ]
INFO: [ app_end ] --START--
INFO: Run Behavior\ShowPageTraceBehavior [ RunTime:0.001026s ]
INFO: [ app_end ] --END-- [ RunTime:0.001151s ]

[ 2016-10-11T08:57:29+08:00 ] ::1 /fofs/1/index.php/Home/Individual/individualProfile.html
INFO: [ app_init ] --START--
INFO: Run Behavior\BuildLiteBehavior [ RunTime:0.000020s ]
INFO: [ app_init ] --END-- [ RunTime:0.000493s ]
INFO: [ app_begin ] --START--
INFO: Run Behavior\ReadHtmlCacheBehavior [ RunTime:0.000774s ]
INFO: Run Behavior\CheckLangBehavior [ RunTime:0.002117s ]
INFO: [ app_begin ] --END-- [ RunTime:0.003009s ]
SQL: SHOW COLUMNS FROM `saas_buyer` [ RunTime:0.0053s ]
SQL: SELECT * FROM `saas_buyer` WHERE `id` = 19 LIMIT 1   [ RunTime:0.0010s ]
SQL: SHOW COLUMNS FROM `saas_letter` [ RunTime:0.0041s ]
SQL: SHOW COLUMNS FROM `saas_buyer_interest_list` [ RunTime:0.0038s ]
SQL: SELECT * FROM `saas_letter` WHERE (  `sender_id` = '19' AND `sender_type` = 1 AND `type` = 1 AND `state` <> 0 ) OR ( recipient_id=19 AND recipient_type=1 )  [ RunTime:0.0007s ]
SQL: SELECT * FROM `saas_buyer_interest_list` WHERE ( buyer_id=19 )  [ RunTime:0.0005s ]
SQL: SHOW COLUMNS FROM `saas_project` [ RunTime:0.0041s ]
SQL: SELECT * FROM `saas_project` WHERE ( creator_id=19 ) LIMIT 3   [ RunTime:0.0007s ]
INFO: [ view_parse ] --START--
INFO: [ template_filter ] --START--
INFO: Run Behavior\ContentReplaceBehavior [ RunTime:0.000165s ]
INFO: [ template_filter ] --END-- [ RunTime:0.000239s ]
INFO: Run Behavior\ParseTemplateBehavior [ RunTime:0.015631s ]
INFO: [ view_parse ] --END-- [ RunTime:0.015722s ]
INFO: [ view_filter ] --START--
INFO: Run Behavior\WriteHtmlCacheBehavior [ RunTime:0.000637s ]
INFO: [ view_filter ] --END-- [ RunTime:0.000691s ]
INFO: [ app_end ] --START--
INFO: Run Behavior\ShowPageTraceBehavior [ RunTime:0.000913s ]
INFO: [ app_end ] --END-- [ RunTime:0.000989s ]

[ 2016-10-11T08:57:31+08:00 ] ::1 /fofs/1/index.php/Home/Individual/myCompany.html
INFO: [ app_init ] --START--
INFO: Run Behavior\BuildLiteBehavior [ RunTime:0.000019s ]
INFO: [ app_init ] --END-- [ RunTime:0.000517s ]
INFO: [ app_begin ] --START--
INFO: Run Behavior\ReadHtmlCacheBehavior [ RunTime:0.000754s ]
INFO: Run Behavior\CheckLangBehavior [ RunTime:0.002035s ]
INFO: [ app_begin ] --END-- [ RunTime:0.002917s ]
INFO: [ view_parse ] --START--
INFO: [ template_filter ] --START--
INFO: Run Behavior\ContentReplaceBehavior [ RunTime:0.000144s ]
INFO: [ template_filter ] --END-- [ RunTime:0.000221s ]
NOTIC: [8] Undefined variable: user D:\phpStudy\WWW\fofs\1\Application\Runtime\Cache\Home\f4853f3fe82bf03a01ab6378f867d3ba.php 第 273 行.
NOTIC: [8] Undefined variable: user D:\phpStudy\WWW\fofs\1\Application\Runtime\Cache\Home\f4853f3fe82bf03a01ab6378f867d3ba.php 第 279 行.
NOTIC: [8] Undefined variable: user D:\phpStudy\WWW\fofs\1\Application\Runtime\Cache\Home\f4853f3fe82bf03a01ab6378f867d3ba.php 第 280 行.
NOTIC: [8] Undefined variable: user D:\phpStudy\WWW\fofs\1\Application\Runtime\Cache\Home\f4853f3fe82bf03a01ab6378f867d3ba.php 第 281 行.
NOTIC: [8] Undefined variable: amount D:\phpStudy\WWW\fofs\1\Application\Runtime\Cache\Home\f4853f3fe82bf03a01ab6378f867d3ba.php 第 326 行.
NOTIC: [8] Undefined variable: amount D:\phpStudy\WWW\fofs\1\Application\Runtime\Cache\Home\f4853f3fe82bf03a01ab6378f867d3ba.php 第 342 行.
NOTIC: [8] Undefined variable: amount D:\phpStudy\WWW\fofs\1\Application\Runtime\Cache\Home\f4853f3fe82bf03a01ab6378f867d3ba.php 第 343 行.
INFO: Run Behavior\ParseTemplateBehavior [ RunTime:0.075890s ]
INFO: [ view_parse ] --END-- [ RunTime:0.075968s ]
INFO: [ view_filter ] --START--
INFO: Run Behavior\WriteHtmlCacheBehavior [ RunTime:0.000675s ]
INFO: [ view_filter ] --END-- [ RunTime:0.000757s ]
INFO: [ app_end ] --START--
INFO: Run Behavior\ShowPageTraceBehavior [ RunTime:0.000883s ]
INFO: [ app_end ] --END-- [ RunTime:0.000948s ]

[ 2016-10-11T08:57:33+08:00 ] ::1 /fofs/1/index.php/Home/Individual/accountSetting.html
INFO: [ app_init ] --START--
INFO: Run Behavior\BuildLiteBehavior [ RunTime:0.000020s ]
INFO: [ app_init ] --END-- [ RunTime:0.000569s ]
INFO: [ app_begin ] --START--
INFO: Run Behavior\ReadHtmlCacheBehavior [ RunTime:0.000822s ]
INFO: Run Behavior\CheckLangBehavior [ RunTime:0.002497s ]
INFO: [ app_begin ] --END-- [ RunTime:0.003444s ]
INFO: [ view_parse ] --START--
INFO: [ template_filter ] --START--
INFO: Run Behavior\ContentReplaceBehavior [ RunTime:0.000138s ]
INFO: [ template_filter ] --END-- [ RunTime:0.000211s ]
NOTIC: [8] Undefined variable: user D:\phpStudy\WWW\fofs\1\Application\Runtime\Cache\Home\c1b683e422d728f4569b00a0bd1eb147.php 第 273 行.
NOTIC: [8] Undefined variable: user D:\phpStudy\WWW\fofs\1\Application\Runtime\Cache\Home\c1b683e422d728f4569b00a0bd1eb147.php 第 279 行.
NOTIC: [8] Undefined variable: user D:\phpStudy\WWW\fofs\1\Application\Runtime\Cache\Home\c1b683e422d728f4569b00a0bd1eb147.php 第 280 行.
NOTIC: [8] Undefined variable: user D:\phpStudy\WWW\fofs\1\Application\Runtime\Cache\Home\c1b683e422d728f4569b00a0bd1eb147.php 第 281 行.
NOTIC: [8] Undefined variable: amount D:\phpStudy\WWW\fofs\1\Application\Runtime\Cache\Home\c1b683e422d728f4569b00a0bd1eb147.php 第 326 行.
NOTIC: [8] Undefined variable: amount D:\phpStudy\WWW\fofs\1\Application\Runtime\Cache\Home\c1b683e422d728f4569b00a0bd1eb147.php 第 342 行.
NOTIC: [8] Undefined variable: amount D:\phpStudy\WWW\fofs\1\Application\Runtime\Cache\Home\c1b683e422d728f4569b00a0bd1eb147.php 第 343 行.
INFO: Run Behavior\ParseTemplateBehavior [ RunTime:0.065995s ]
INFO: [ view_parse ] --END-- [ RunTime:0.066085s ]
INFO: [ view_filter ] --START--
INFO: Run Behavior\WriteHtmlCacheBehavior [ RunTime:0.000627s ]
INFO: [ view_filter ] --END-- [ RunTime:0.000696s ]
INFO: [ app_end ] --START--
INFO: Run Behavior\ShowPageTraceBehavior [ RunTime:0.001106s ]
INFO: [ app_end ] --END-- [ RunTime:0.001182s ]

[ 2016-10-11T08:57:35+08:00 ] ::1 /fofs/1/index.php/Home/Individual/inbox.html
INFO: [ app_init ] --START--
INFO: Run Behavior\BuildLiteBehavior [ RunTime:0.000020s ]
INFO: [ app_init ] --END-- [ RunTime:0.000530s ]
INFO: [ app_begin ] --START--
INFO: Run Behavior\ReadHtmlCacheBehavior [ RunTime:0.000946s ]
INFO: Run Behavior\CheckLangBehavior [ RunTime:0.002073s ]
INFO: [ app_begin ] --END-- [ RunTime:0.003162s ]
INFO: [ view_parse ] --START--
INFO: [ template_filter ] --START--
INFO: Run Behavior\ContentReplaceBehavior [ RunTime:0.000195s ]
INFO: [ template_filter ] --END-- [ RunTime:0.000271s ]
NOTIC: [8] Undefined variable: user D:\phpStudy\WWW\fofs\1\Application\Runtime\Cache\Home\dde57da6e1079244c3857ed2fd70ee30.php 第 273 行.
NOTIC: [8] Undefined variable: user D:\phpStudy\WWW\fofs\1\Application\Runtime\Cache\Home\dde57da6e1079244c3857ed2fd70ee30.php 第 279 行.
NOTIC: [8] Undefined variable: user D:\phpStudy\WWW\fofs\1\Application\Runtime\Cache\Home\dde57da6e1079244c3857ed2fd70ee30.php 第 280 行.
NOTIC: [8] Undefined variable: user D:\phpStudy\WWW\fofs\1\Application\Runtime\Cache\Home\dde57da6e1079244c3857ed2fd70ee30.php 第 281 行.
NOTIC: [8] Undefined variable: amount D:\phpStudy\WWW\fofs\1\Application\Runtime\Cache\Home\dde57da6e1079244c3857ed2fd70ee30.php 第 326 行.
NOTIC: [8] Undefined variable: amount D:\phpStudy\WWW\fofs\1\Application\Runtime\Cache\Home\dde57da6e1079244c3857ed2fd70ee30.php 第 342 行.
NOTIC: [8] Undefined variable: amount D:\phpStudy\WWW\fofs\1\Application\Runtime\Cache\Home\dde57da6e1079244c3857ed2fd70ee30.php 第 343 行.
INFO: Run Behavior\ParseTemplateBehavior [ RunTime:0.015251s ]
INFO: [ view_parse ] --END-- [ RunTime:0.015320s ]
INFO: [ view_filter ] --START--
INFO: Run Behavior\WriteHtmlCacheBehavior [ RunTime:0.000625s ]
INFO: [ view_filter ] --END-- [ RunTime:0.000681s ]

[ 2016-10-11T08:57:40+08:00 ] ::1 /fofs/1/index.php/Home/Individual/myFollows.html
INFO: [ app_init ] --START--
INFO: Run Behavior\BuildLiteBehavior [ RunTime:0.000020s ]
INFO: [ app_init ] --END-- [ RunTime:0.000499s ]
INFO: [ app_begin ] --START--
INFO: Run Behavior\ReadHtmlCacheBehavior [ RunTime:0.000777s ]
INFO: Run Behavior\CheckLangBehavior [ RunTime:0.002322s ]
INFO: [ app_begin ] --END-- [ RunTime:0.003232s ]
INFO: [ view_parse ] --START--
INFO: [ template_filter ] --START--
INFO: Run Behavior\ContentReplaceBehavior [ RunTime:0.000163s ]
INFO: [ template_filter ] --END-- [ RunTime:0.000235s ]
NOTIC: [8] Undefined variable: user D:\phpStudy\WWW\fofs\1\Application\Runtime\Cache\Home\86b490cb72366fec75e7cfe469cfc7e9.php 第 273 行.
NOTIC: [8] Undefined variable: user D:\phpStudy\WWW\fofs\1\Application\Runtime\Cache\Home\86b490cb72366fec75e7cfe469cfc7e9.php 第 279 行.
NOTIC: [8] Undefined variable: user D:\phpStudy\WWW\fofs\1\Application\Runtime\Cache\Home\86b490cb72366fec75e7cfe469cfc7e9.php 第 280 行.
NOTIC: [8] Undefined variable: user D:\phpStudy\WWW\fofs\1\Application\Runtime\Cache\Home\86b490cb72366fec75e7cfe469cfc7e9.php 第 281 行.
NOTIC: [8] Undefined variable: amount D:\phpStudy\WWW\fofs\1\Application\Runtime\Cache\Home\86b490cb72366fec75e7cfe469cfc7e9.php 第 326 行.
NOTIC: [8] Undefined variable: amount D:\phpStudy\WWW\fofs\1\Application\Runtime\Cache\Home\86b490cb72366fec75e7cfe469cfc7e9.php 第 342 行.
NOTIC: [8] Undefined variable: amount D:\phpStudy\WWW\fofs\1\Application\Runtime\Cache\Home\86b490cb72366fec75e7cfe469cfc7e9.php 第 343 行.
INFO: Run Behavior\ParseTemplateBehavior [ RunTime:0.016169s ]
INFO: [ view_parse ] --END-- [ RunTime:0.016239s ]
INFO: [ view_filter ] --START--
INFO: Run Behavior\WriteHtmlCacheBehavior [ RunTime:0.000727s ]
INFO: [ view_filter ] --END-- [ RunTime:0.000783s ]
INFO: [ app_end ] --START--
INFO: Run Behavior\ShowPageTraceBehavior [ RunTime:0.000991s ]
INFO: [ app_end ] --END-- [ RunTime:0.001061s ]

[ 2016-10-11T08:57:43+08:00 ] ::1 /fofs/1/index.php/Home/Individual/myFollowing.html
INFO: [ app_init ] --START--
INFO: Run Behavior\BuildLiteBehavior [ RunTime:0.000020s ]
INFO: [ app_init ] --END-- [ RunTime:0.000565s ]
INFO: [ app_begin ] --START--
INFO: Run Behavior\ReadHtmlCacheBehavior [ RunTime:0.000876s ]
INFO: Run Behavior\CheckLangBehavior [ RunTime:0.002328s ]
INFO: [ app_begin ] --END-- [ RunTime:0.003322s ]
INFO: [ view_parse ] --START--
INFO: [ template_filter ] --START--
INFO: Run Behavior\ContentReplaceBehavior [ RunTime:0.000199s ]
INFO: [ template_filter ] --END-- [ RunTime:0.000285s ]
NOTIC: [8] Undefined variable: user D:\phpStudy\WWW\fofs\1\Application\Runtime\Cache\Home\a524f4a83c62884b989dc38a0b69aeba.php 第 273 行.
NOTIC: [8] Undefined variable: user D:\phpStudy\WWW\fofs\1\Application\Runtime\Cache\Home\a524f4a83c62884b989dc38a0b69aeba.php 第 279 行.
NOTIC: [8] Undefined variable: user D:\phpStudy\WWW\fofs\1\Application\Runtime\Cache\Home\a524f4a83c62884b989dc38a0b69aeba.php 第 280 行.
NOTIC: [8] Undefined variable: user D:\phpStudy\WWW\fofs\1\Application\Runtime\Cache\Home\a524f4a83c62884b989dc38a0b69aeba.php 第 281 行.
NOTIC: [8] Undefined variable: amount D:\phpStudy\WWW\fofs\1\Application\Runtime\Cache\Home\a524f4a83c62884b989dc38a0b69aeba.php 第 326 行.
NOTIC: [8] Undefined variable: amount D:\phpStudy\WWW\fofs\1\Application\Runtime\Cache\Home\a524f4a83c62884b989dc38a0b69aeba.php 第 342 行.
NOTIC: [8] Undefined variable: amount D:\phpStudy\WWW\fofs\1\Application\Runtime\Cache\Home\a524f4a83c62884b989dc38a0b69aeba.php 第 343 行.
INFO: Run Behavior\ParseTemplateBehavior [ RunTime:0.018047s ]
INFO: [ view_parse ] --END-- [ RunTime:0.018131s ]
INFO: [ view_filter ] --START--
INFO: Run Behavior\WriteHtmlCacheBehavior [ RunTime:0.000707s ]
INFO: [ view_filter ] --END-- [ RunTime:0.000774s ]
INFO: [ app_end ] --START--
INFO: Run Behavior\ShowPageTraceBehavior [ RunTime:0.001144s ]
INFO: [ app_end ] --END-- [ RunTime:0.001233s ]

[ 2016-10-11T08:57:45+08:00 ] ::1 /fofs/1/index.php/Home/Individual/myFollows.html
INFO: [ app_init ] --START--
INFO: Run Behavior\BuildLiteBehavior [ RunTime:0.000020s ]
INFO: [ app_init ] --END-- [ RunTime:0.000635s ]
INFO: [ app_begin ] --START--
INFO: Run Behavior\ReadHtmlCacheBehavior [ RunTime:0.000904s ]
INFO: Run Behavior\CheckLangBehavior [ RunTime:0.002255s ]
INFO: [ app_begin ] --END-- [ RunTime:0.003271s ]
INFO: [ view_parse ] --START--
INFO: [ template_filter ] --START--
INFO: Run Behavior\ContentReplaceBehavior [ RunTime:0.000164s ]
INFO: [ template_filter ] --END-- [ RunTime:0.000239s ]
NOTIC: [8] Undefined variable: user D:\phpStudy\WWW\fofs\1\Application\Runtime\Cache\Home\86b490cb72366fec75e7cfe469cfc7e9.php 第 273 行.
NOTIC: [8] Undefined variable: user D:\phpStudy\WWW\fofs\1\Application\Runtime\Cache\Home\86b490cb72366fec75e7cfe469cfc7e9.php 第 279 行.
NOTIC: [8] Undefined variable: user D:\phpStudy\WWW\fofs\1\Application\Runtime\Cache\Home\86b490cb72366fec75e7cfe469cfc7e9.php 第 280 行.
NOTIC: [8] Undefined variable: user D:\phpStudy\WWW\fofs\1\Application\Runtime\Cache\Home\86b490cb72366fec75e7cfe469cfc7e9.php 第 281 行.
NOTIC: [8] Undefined variable: amount D:\phpStudy\WWW\fofs\1\Application\Runtime\Cache\Home\86b490cb72366fec75e7cfe469cfc7e9.php 第 326 行.
NOTIC: [8] Undefined variable: amount D:\phpStudy\WWW\fofs\1\Application\Runtime\Cache\Home\86b490cb72366fec75e7cfe469cfc7e9.php 第 342 行.
NOTIC: [8] Undefined variable: amount D:\phpStudy\WWW\fofs\1\Application\Runtime\Cache\Home\86b490cb72366fec75e7cfe469cfc7e9.php 第 343 行.
INFO: Run Behavior\ParseTemplateBehavior [ RunTime:0.017214s ]
INFO: [ view_parse ] --END-- [ RunTime:0.017336s ]
INFO: [ view_filter ] --START--
INFO: Run Behavior\WriteHtmlCacheBehavior [ RunTime:0.000692s ]
INFO: [ view_filter ] --END-- [ RunTime:0.000752s ]
INFO: [ app_end ] --START--
INFO: Run Behavior\ShowPageTraceBehavior [ RunTime:0.000925s ]
INFO: [ app_end ] --END-- [ RunTime:0.000998s ]

[ 2016-10-11T08:57:47+08:00 ] ::1 /fofs/1/index.php/Home/Individual/individualProfile.html
INFO: [ app_init ] --START--
INFO: Run Behavior\BuildLiteBehavior [ RunTime:0.000031s ]
INFO: [ app_init ] --END-- [ RunTime:0.000715s ]
INFO: [ app_begin ] --START--
INFO: Run Behavior\ReadHtmlCacheBehavior [ RunTime:0.000817s ]
INFO: Run Behavior\CheckLangBehavior [ RunTime:0.002339s ]
INFO: [ app_begin ] --END-- [ RunTime:0.003292s ]
SQL: SHOW COLUMNS FROM `saas_buyer` [ RunTime:0.0055s ]
SQL: SELECT * FROM `saas_buyer` WHERE `id` = 19 LIMIT 1   [ RunTime:0.0008s ]
SQL: SHOW COLUMNS FROM `saas_letter` [ RunTime:0.0056s ]
SQL: SHOW COLUMNS FROM `saas_buyer_interest_list` [ RunTime:0.0046s ]
SQL: SELECT * FROM `saas_letter` WHERE (  `sender_id` = '19' AND `sender_type` = 1 AND `type` = 1 AND `state` <> 0 ) OR ( recipient_id=19 AND recipient_type=1 )  [ RunTime:0.0007s ]
SQL: SELECT * FROM `saas_buyer_interest_list` WHERE ( buyer_id=19 )  [ RunTime:0.0006s ]
SQL: SHOW COLUMNS FROM `saas_project` [ RunTime:0.0042s ]
SQL: SELECT * FROM `saas_project` WHERE ( creator_id=19 ) LIMIT 3   [ RunTime:0.0006s ]
INFO: [ view_parse ] --START--
INFO: [ template_filter ] --START--
INFO: Run Behavior\ContentReplaceBehavior [ RunTime:0.000164s ]
INFO: [ template_filter ] --END-- [ RunTime:0.000239s ]
INFO: Run Behavior\ParseTemplateBehavior [ RunTime:0.017028s ]
INFO: [ view_parse ] --END-- [ RunTime:0.017139s ]
INFO: [ view_filter ] --START--
INFO: Run Behavior\WriteHtmlCacheBehavior [ RunTime:0.000720s ]
INFO: [ view_filter ] --END-- [ RunTime:0.000803s ]
INFO: [ app_end ] --START--
INFO: Run Behavior\ShowPageTraceBehavior [ RunTime:0.001101s ]
INFO: [ app_end ] --END-- [ RunTime:0.001218s ]

[ 2016-10-11T09:02:43+08:00 ] ::1 /fofs/1/index.php/Home/Search/search.html
INFO: [ app_init ] --START--
INFO: Run Behavior\BuildLiteBehavior [ RunTime:0.000021s ]
INFO: [ app_init ] --END-- [ RunTime:0.000568s ]
INFO: [ app_begin ] --START--
INFO: Run Behavior\ReadHtmlCacheBehavior [ RunTime:0.000714s ]
INFO: Run Behavior\CheckLangBehavior [ RunTime:0.002225s ]
INFO: [ app_begin ] --END-- [ RunTime:0.003060s ]
SQL: SHOW COLUMNS FROM `saas_processing_technic_first` [ RunTime:0.0043s ]
SQL: SELECT * FROM `saas_processing_technic_first`  [ RunTime:0.0008s ]
SQL: SHOW COLUMNS FROM `saas_currency_type` [ RunTime:0.0048s ]
SQL: SELECT * FROM `saas_currency_type`  [ RunTime:0.0006s ]
SQL: SHOW COLUMNS FROM `saas_industry_cate` [ RunTime:0.0040s ]
SQL: SELECT * FROM `saas_industry_cate`  [ RunTime:0.0006s ]
SQL: SHOW COLUMNS FROM `saas_area_partition` [ RunTime:0.0038s ]
SQL: SELECT * FROM `saas_area_partition`  [ RunTime:0.0006s ]
SQL: SHOW COLUMNS FROM `saas_system_criteria` [ RunTime:0.0040s ]
SQL: SELECT * FROM `saas_system_criteria`  [ RunTime:0.0006s ]
SQL: SHOW COLUMNS FROM `saas_product_criteria` [ RunTime:0.0042s ]
SQL: SELECT * FROM `saas_product_criteria`  [ RunTime:0.0007s ]
SQL: SHOW COLUMNS FROM `saas_country_code` [ RunTime:0.0040s ]
SQL: SELECT * FROM `saas_country_code`  [ RunTime:0.0006s ]
INFO: [ view_parse ] --START--
INFO: [ template_filter ] --START--
INFO: Run Behavior\ContentReplaceBehavior [ RunTime:0.000196s ]
INFO: [ template_filter ] --END-- [ RunTime:0.000276s ]
INFO: Run Behavior\ParseTemplateBehavior [ RunTime:0.015758s ]
INFO: [ view_parse ] --END-- [ RunTime:0.015841s ]
INFO: [ view_filter ] --START--
INFO: Run Behavior\WriteHtmlCacheBehavior [ RunTime:0.000600s ]
INFO: [ view_filter ] --END-- [ RunTime:0.000659s ]
INFO: [ app_end ] --START--
INFO: Run Behavior\ShowPageTraceBehavior [ RunTime:0.000923s ]
INFO: [ app_end ] --END-- [ RunTime:0.001026s ]

[ 2016-10-11T09:02:53+08:00 ] ::1 /fofs/1/index.php/Home/Index/index.html
INFO: [ app_init ] --START--
INFO: Run Behavior\BuildLiteBehavior [ RunTime:0.000020s ]
INFO: [ app_init ] --END-- [ RunTime:0.000621s ]
INFO: [ app_begin ] --START--
INFO: Run Behavior\ReadHtmlCacheBehavior [ RunTime:0.000744s ]
INFO: Run Behavior\CheckLangBehavior [ RunTime:0.002112s ]
INFO: [ app_begin ] --END-- [ RunTime:0.002980s ]
INFO: [ view_parse ] --START--
INFO: [ template_filter ] --START--
INFO: Run Behavior\ContentReplaceBehavior [ RunTime:0.000191s ]
INFO: [ template_filter ] --END-- [ RunTime:0.000269s ]
INFO: Run Behavior\ParseTemplateBehavior [ RunTime:0.015729s ]
INFO: [ view_parse ] --END-- [ RunTime:0.015816s ]
INFO: [ view_filter ] --START--
INFO: Run Behavior\WriteHtmlCacheBehavior [ RunTime:0.000550s ]
INFO: [ view_filter ] --END-- [ RunTime:0.000609s ]
INFO: [ app_end ] --START--
INFO: Run Behavior\ShowPageTraceBehavior [ RunTime:0.000869s ]
INFO: [ app_end ] --END-- [ RunTime:0.000970s ]

[ 2016-10-11T09:02:56+08:00 ] ::1 /fofs/1/index.php/Home/Search/search.html
INFO: [ app_init ] --START--
INFO: Run Behavior\BuildLiteBehavior [ RunTime:0.000019s ]
INFO: [ app_init ] --END-- [ RunTime:0.000497s ]
INFO: [ app_begin ] --START--
INFO: Run Behavior\ReadHtmlCacheBehavior [ RunTime:0.000718s ]
INFO: Run Behavior\CheckLangBehavior [ RunTime:0.001910s ]
INFO: [ app_begin ] --END-- [ RunTime:0.002760s ]
SQL: SHOW COLUMNS FROM `saas_processing_technic_first` [ RunTime:0.0044s ]
SQL: SELECT * FROM `saas_processing_technic_first`  [ RunTime:0.0007s ]
SQL: SHOW COLUMNS FROM `saas_currency_type` [ RunTime:0.0051s ]
SQL: SELECT * FROM `saas_currency_type`  [ RunTime:0.0006s ]
SQL: SHOW COLUMNS FROM `saas_industry_cate` [ RunTime:0.0044s ]
SQL: SELECT * FROM `saas_industry_cate`  [ RunTime:0.0007s ]
SQL: SHOW COLUMNS FROM `saas_area_partition` [ RunTime:0.0041s ]
SQL: SELECT * FROM `saas_area_partition`  [ RunTime:0.0007s ]
SQL: SHOW COLUMNS FROM `saas_system_criteria` [ RunTime:0.0050s ]
SQL: SELECT * FROM `saas_system_criteria`  [ RunTime:0.0006s ]
SQL: SHOW COLUMNS FROM `saas_product_criteria` [ RunTime:0.0040s ]
SQL: SELECT * FROM `saas_product_criteria`  [ RunTime:0.0007s ]
SQL: SHOW COLUMNS FROM `saas_country_code` [ RunTime:0.0043s ]
SQL: SELECT * FROM `saas_country_code`  [ RunTime:0.0007s ]
INFO: [ view_parse ] --START--
INFO: [ template_filter ] --START--
INFO: Run Behavior\ContentReplaceBehavior [ RunTime:0.000228s ]
INFO: [ template_filter ] --END-- [ RunTime:0.000310s ]
INFO: Run Behavior\ParseTemplateBehavior [ RunTime:0.015844s ]
INFO: [ view_parse ] --END-- [ RunTime:0.015930s ]
INFO: [ view_filter ] --START--
INFO: Run Behavior\WriteHtmlCacheBehavior [ RunTime:0.000577s ]
INFO: [ view_filter ] --END-- [ RunTime:0.000637s ]
INFO: [ app_end ] --START--
INFO: Run Behavior\ShowPageTraceBehavior [ RunTime:0.001113s ]
INFO: [ app_end ] --END-- [ RunTime:0.001216s ]

[ 2016-10-11T09:02:59+08:00 ] ::1 /fofs/1/index.php/Home/Individual/inbox.html
INFO: [ app_init ] --START--
INFO: Run Behavior\BuildLiteBehavior [ RunTime:0.000023s ]
INFO: [ app_init ] --END-- [ RunTime:0.000541s ]
INFO: [ app_begin ] --START--
INFO: Run Behavior\ReadHtmlCacheBehavior [ RunTime:0.001147s ]
INFO: Run Behavior\CheckLangBehavior [ RunTime:0.002093s ]
INFO: [ app_begin ] --END-- [ RunTime:0.003409s ]
INFO: [ view_parse ] --START--
INFO: [ template_filter ] --START--
INFO: Run Behavior\ContentReplaceBehavior [ RunTime:0.000160s ]
INFO: [ template_filter ] --END-- [ RunTime:0.000238s ]
NOTIC: [8] Undefined variable: user D:\phpStudy\WWW\fofs\1\Application\Runtime\Cache\Home\dde57da6e1079244c3857ed2fd70ee30.php 第 273 行.
NOTIC: [8] Undefined variable: user D:\phpStudy\WWW\fofs\1\Application\Runtime\Cache\Home\dde57da6e1079244c3857ed2fd70ee30.php 第 279 行.
NOTIC: [8] Undefined variable: user D:\phpStudy\WWW\fofs\1\Application\Runtime\Cache\Home\dde57da6e1079244c3857ed2fd70ee30.php 第 280 行.
NOTIC: [8] Undefined variable: user D:\phpStudy\WWW\fofs\1\Application\Runtime\Cache\Home\dde57da6e1079244c3857ed2fd70ee30.php 第 281 行.
NOTIC: [8] Undefined variable: amount D:\phpStudy\WWW\fofs\1\Application\Runtime\Cache\Home\dde57da6e1079244c3857ed2fd70ee30.php 第 326 行.
NOTIC: [8] Undefined variable: amount D:\phpStudy\WWW\fofs\1\Application\Runtime\Cache\Home\dde57da6e1079244c3857ed2fd70ee30.php 第 342 行.
NOTIC: [8] Undefined variable: amount D:\phpStudy\WWW\fofs\1\Application\Runtime\Cache\Home\dde57da6e1079244c3857ed2fd70ee30.php 第 343 行.
INFO: Run Behavior\ParseTemplateBehavior [ RunTime:0.015565s ]
INFO: [ view_parse ] --END-- [ RunTime:0.015636s ]
INFO: [ view_filter ] --START--
INFO: Run Behavior\WriteHtmlCacheBehavior [ RunTime:0.000592s ]
INFO: [ view_filter ] --END-- [ RunTime:0.000649s ]

[ 2016-10-11T09:03:44+08:00 ] ::1 /fofs/1/index.php/Home/Individual/inbox.html
INFO: [ app_init ] --START--
INFO: Run Behavior\BuildLiteBehavior [ RunTime:0.000022s ]
INFO: [ app_init ] --END-- [ RunTime:0.000596s ]
INFO: [ app_begin ] --START--
INFO: Run Behavior\ReadHtmlCacheBehavior [ RunTime:0.000894s ]
INFO: Run Behavior\CheckLangBehavior [ RunTime:0.002531s ]
INFO: [ app_begin ] --END-- [ RunTime:0.003564s ]
INFO: [ view_parse ] --START--
INFO: [ template_filter ] --START--
INFO: Run Behavior\ContentReplaceBehavior [ RunTime:0.000160s ]
INFO: [ template_filter ] --END-- [ RunTime:0.000235s ]
NOTIC: [8] Undefined variable: user D:\phpStudy\WWW\fofs\1\Application\Runtime\Cache\Home\dde57da6e1079244c3857ed2fd70ee30.php 第 273 行.
NOTIC: [8] Undefined variable: user D:\phpStudy\WWW\fofs\1\Application\Runtime\Cache\Home\dde57da6e1079244c3857ed2fd70ee30.php 第 279 行.
NOTIC: [8] Undefined variable: user D:\phpStudy\WWW\fofs\1\Application\Runtime\Cache\Home\dde57da6e1079244c3857ed2fd70ee30.php 第 280 行.
NOTIC: [8] Undefined variable: user D:\phpStudy\WWW\fofs\1\Application\Runtime\Cache\Home\dde57da6e1079244c3857ed2fd70ee30.php 第 281 行.
NOTIC: [8] Undefined variable: amount D:\phpStudy\WWW\fofs\1\Application\Runtime\Cache\Home\dde57da6e1079244c3857ed2fd70ee30.php 第 326 行.
NOTIC: [8] Undefined variable: amount D:\phpStudy\WWW\fofs\1\Application\Runtime\Cache\Home\dde57da6e1079244c3857ed2fd70ee30.php 第 342 行.
NOTIC: [8] Undefined variable: amount D:\phpStudy\WWW\fofs\1\Application\Runtime\Cache\Home\dde57da6e1079244c3857ed2fd70ee30.php 第 343 行.
INFO: Run Behavior\ParseTemplateBehavior [ RunTime:0.015641s ]
INFO: [ view_parse ] --END-- [ RunTime:0.015738s ]
INFO: [ view_filter ] --START--
INFO: Run Behavior\WriteHtmlCacheBehavior [ RunTime:0.000713s ]
INFO: [ view_filter ] --END-- [ RunTime:0.000787s ]

[ 2016-10-11T09:03:46+08:00 ] ::1 /fofs/1/index.php/Home/Individual/inbox.html
INFO: [ app_init ] --START--
INFO: Run Behavior\BuildLiteBehavior [ RunTime:0.000021s ]
INFO: [ app_init ] --END-- [ RunTime:0.000606s ]
INFO: [ app_begin ] --START--
INFO: Run Behavior\ReadHtmlCacheBehavior [ RunTime:0.000847s ]
INFO: Run Behavior\CheckLangBehavior [ RunTime:0.002159s ]
INFO: [ app_begin ] --END-- [ RunTime:0.003133s ]
INFO: [ view_parse ] --START--
INFO: [ template_filter ] --START--
INFO: Run Behavior\ContentReplaceBehavior [ RunTime:0.000187s ]
INFO: [ template_filter ] --END-- [ RunTime:0.000283s ]
NOTIC: [8] Undefined variable: user D:\phpStudy\WWW\fofs\1\Application\Runtime\Cache\Home\dde57da6e1079244c3857ed2fd70ee30.php 第 273 行.
NOTIC: [8] Undefined variable: user D:\phpStudy\WWW\fofs\1\Application\Runtime\Cache\Home\dde57da6e1079244c3857ed2fd70ee30.php 第 279 行.
NOTIC: [8] Undefined variable: user D:\phpStudy\WWW\fofs\1\Application\Runtime\Cache\Home\dde57da6e1079244c3857ed2fd70ee30.php 第 280 行.
NOTIC: [8] Undefined variable: user D:\phpStudy\WWW\fofs\1\Application\Runtime\Cache\Home\dde57da6e1079244c3857ed2fd70ee30.php 第 281 行.
NOTIC: [8] Undefined variable: amount D:\phpStudy\WWW\fofs\1\Application\Runtime\Cache\Home\dde57da6e1079244c3857ed2fd70ee30.php 第 326 行.
NOTIC: [8] Undefined variable: amount D:\phpStudy\WWW\fofs\1\Application\Runtime\Cache\Home\dde57da6e1079244c3857ed2fd70ee30.php 第 342 行.
NOTIC: [8] Undefined variable: amount D:\phpStudy\WWW\fofs\1\Application\Runtime\Cache\Home\dde57da6e1079244c3857ed2fd70ee30.php 第 343 行.
INFO: Run Behavior\ParseTemplateBehavior [ RunTime:0.015992s ]
INFO: [ view_parse ] --END-- [ RunTime:0.016069s ]
INFO: [ view_filter ] --START--
INFO: Run Behavior\WriteHtmlCacheBehavior [ RunTime:0.000661s ]
INFO: [ view_filter ] --END-- [ RunTime:0.000724s ]

[ 2016-10-11T09:03:47+08:00 ] ::1 /fofs/1/index.php/Home/Individual/inbox.html
INFO: [ app_init ] --START--
INFO: Run Behavior\BuildLiteBehavior [ RunTime:0.000022s ]
INFO: [ app_init ] --END-- [ RunTime:0.000574s ]
INFO: [ app_begin ] --START--
INFO: Run Behavior\ReadHtmlCacheBehavior [ RunTime:0.000770s ]
INFO: Run Behavior\CheckLangBehavior [ RunTime:0.002376s ]
INFO: [ app_begin ] --END-- [ RunTime:0.003279s ]
INFO: [ view_parse ] --START--
INFO: [ template_filter ] --START--
INFO: Run Behavior\ContentReplaceBehavior [ RunTime:0.000160s ]
INFO: [ template_filter ] --END-- [ RunTime:0.000236s ]
NOTIC: [8] Undefined variable: user D:\phpStudy\WWW\fofs\1\Application\Runtime\Cache\Home\dde57da6e1079244c3857ed2fd70ee30.php 第 273 行.
NOTIC: [8] Undefined variable: user D:\phpStudy\WWW\fofs\1\Application\Runtime\Cache\Home\dde57da6e1079244c3857ed2fd70ee30.php 第 279 行.
NOTIC: [8] Undefined variable: user D:\phpStudy\WWW\fofs\1\Application\Runtime\Cache\Home\dde57da6e1079244c3857ed2fd70ee30.php 第 280 行.
NOTIC: [8] Undefined variable: user D:\phpStudy\WWW\fofs\1\Application\Runtime\Cache\Home\dde57da6e1079244c3857ed2fd70ee30.php 第 281 行.
NOTIC: [8] Undefined variable: amount D:\phpStudy\WWW\fofs\1\Application\Runtime\Cache\Home\dde57da6e1079244c3857ed2fd70ee30.php 第 326 行.
NOTIC: [8] Undefined variable: amount D:\phpStudy\WWW\fofs\1\Application\Runtime\Cache\Home\dde57da6e1079244c3857ed2fd70ee30.php 第 342 行.
NOTIC: [8] Undefined variable: amount D:\phpStudy\WWW\fofs\1\Application\Runtime\Cache\Home\dde57da6e1079244c3857ed2fd70ee30.php 第 343 行.
INFO: Run Behavior\ParseTemplateBehavior [ RunTime:0.016470s ]
INFO: [ view_parse ] --END-- [ RunTime:0.016565s ]
INFO: [ view_filter ] --START--
INFO: Run Behavior\WriteHtmlCacheBehavior [ RunTime:0.000590s ]
INFO: [ view_filter ] --END-- [ RunTime:0.000652s ]

[ 2016-10-11T09:03:47+08:00 ] ::1 /fofs/1/index.php/Home/Individual/inbox.html
INFO: [ app_init ] --START--
INFO: Run Behavior\BuildLiteBehavior [ RunTime:0.000018s ]
INFO: [ app_init ] --END-- [ RunTime:0.000547s ]
INFO: [ app_begin ] --START--
INFO: Run Behavior\ReadHtmlCacheBehavior [ RunTime:0.000684s ]
INFO: Run Behavior\CheckLangBehavior [ RunTime:0.001981s ]
INFO: [ app_begin ] --END-- [ RunTime:0.002807s ]
INFO: [ view_parse ] --START--
INFO: [ template_filter ] --START--
INFO: Run Behavior\ContentReplaceBehavior [ RunTime:0.000169s ]
INFO: [ template_filter ] --END-- [ RunTime:0.000248s ]
NOTIC: [8] Undefined variable: user D:\phpStudy\WWW\fofs\1\Application\Runtime\Cache\Home\dde57da6e1079244c3857ed2fd70ee30.php 第 273 行.
NOTIC: [8] Undefined variable: user D:\phpStudy\WWW\fofs\1\Application\Runtime\Cache\Home\dde57da6e1079244c3857ed2fd70ee30.php 第 279 行.
NOTIC: [8] Undefined variable: user D:\phpStudy\WWW\fofs\1\Application\Runtime\Cache\Home\dde57da6e1079244c3857ed2fd70ee30.php 第 280 行.
NOTIC: [8] Undefined variable: user D:\phpStudy\WWW\fofs\1\Application\Runtime\Cache\Home\dde57da6e1079244c3857ed2fd70ee30.php 第 281 行.
NOTIC: [8] Undefined variable: amount D:\phpStudy\WWW\fofs\1\Application\Runtime\Cache\Home\dde57da6e1079244c3857ed2fd70ee30.php 第 326 行.
NOTIC: [8] Undefined variable: amount D:\phpStudy\WWW\fofs\1\Application\Runtime\Cache\Home\dde57da6e1079244c3857ed2fd70ee30.php 第 342 行.
NOTIC: [8] Undefined variable: amount D:\phpStudy\WWW\fofs\1\Application\Runtime\Cache\Home\dde57da6e1079244c3857ed2fd70ee30.php 第 343 行.
INFO: Run Behavior\ParseTemplateBehavior [ RunTime:0.015639s ]
INFO: [ view_parse ] --END-- [ RunTime:0.015745s ]
INFO: [ view_filter ] --START--
INFO: Run Behavior\WriteHtmlCacheBehavior [ RunTime:0.000401s ]
INFO: [ view_filter ] --END-- [ RunTime:0.000457s ]

[ 2016-10-11T09:04:22+08:00 ] ::1 /fofs/1/index.php/Home/Individual/inbox.html
INFO: [ app_init ] --START--
INFO: Run Behavior\BuildLiteBehavior [ RunTime:0.000022s ]
INFO: [ app_init ] --END-- [ RunTime:0.000600s ]
INFO: [ app_begin ] --START--
INFO: Run Behavior\ReadHtmlCacheBehavior [ RunTime:0.000706s ]
INFO: Run Behavior\CheckLangBehavior [ RunTime:0.001913s ]
INFO: [ app_begin ] --END-- [ RunTime:0.002753s ]
INFO: [ view_parse ] --START--
INFO: [ template_filter ] --START--
INFO: Run Behavior\ContentReplaceBehavior [ RunTime:0.000160s ]
INFO: [ template_filter ] --END-- [ RunTime:0.000245s ]
NOTIC: [8] Undefined variable: user D:\phpStudy\WWW\fofs\1\Application\Runtime\Cache\Home\dde57da6e1079244c3857ed2fd70ee30.php 第 273 行.
NOTIC: [8] Undefined variable: user D:\phpStudy\WWW\fofs\1\Application\Runtime\Cache\Home\dde57da6e1079244c3857ed2fd70ee30.php 第 279 行.
NOTIC: [8] Undefined variable: user D:\phpStudy\WWW\fofs\1\Application\Runtime\Cache\Home\dde57da6e1079244c3857ed2fd70ee30.php 第 280 行.
NOTIC: [8] Undefined variable: user D:\phpStudy\WWW\fofs\1\Application\Runtime\Cache\Home\dde57da6e1079244c3857ed2fd70ee30.php 第 281 行.
NOTIC: [8] Undefined variable: amount D:\phpStudy\WWW\fofs\1\Application\Runtime\Cache\Home\dde57da6e1079244c3857ed2fd70ee30.php 第 326 行.
NOTIC: [8] Undefined variable: amount D:\phpStudy\WWW\fofs\1\Application\Runtime\Cache\Home\dde57da6e1079244c3857ed2fd70ee30.php 第 342 行.
NOTIC: [8] Undefined variable: amount D:\phpStudy\WWW\fofs\1\Application\Runtime\Cache\Home\dde57da6e1079244c3857ed2fd70ee30.php 第 343 行.
INFO: Run Behavior\ParseTemplateBehavior [ RunTime:0.014491s ]
INFO: [ view_parse ] --END-- [ RunTime:0.014568s ]
INFO: [ view_filter ] --START--
INFO: Run Behavior\WriteHtmlCacheBehavior [ RunTime:0.000524s ]
INFO: [ view_filter ] --END-- [ RunTime:0.000585s ]

[ 2016-10-11T09:04:24+08:00 ] ::1 /fofs/1/index.php/Home/Individual/individualProfile.html
INFO: [ app_init ] --START--
INFO: Run Behavior\BuildLiteBehavior [ RunTime:0.000019s ]
INFO: [ app_init ] --END-- [ RunTime:0.000493s ]
INFO: [ app_begin ] --START--
INFO: Run Behavior\ReadHtmlCacheBehavior [ RunTime:0.000790s ]
INFO: Run Behavior\CheckLangBehavior [ RunTime:0.002376s ]
INFO: [ app_begin ] --END-- [ RunTime:0.003276s ]
SQL: SHOW COLUMNS FROM `saas_buyer` [ RunTime:0.0052s ]
SQL: SELECT * FROM `saas_buyer` WHERE `id` = 19 LIMIT 1   [ RunTime:0.0010s ]
SQL: SHOW COLUMNS FROM `saas_letter` [ RunTime:0.0048s ]
SQL: SHOW COLUMNS FROM `saas_buyer_interest_list` [ RunTime:0.0041s ]
SQL: SELECT * FROM `saas_letter` WHERE (  `sender_id` = '19' AND `sender_type` = 1 AND `type` = 1 AND `state` <> 0 ) OR ( recipient_id=19 AND recipient_type=1 )  [ RunTime:0.0007s ]
SQL: SELECT * FROM `saas_buyer_interest_list` WHERE ( buyer_id=19 )  [ RunTime:0.0006s ]
SQL: SHOW COLUMNS FROM `saas_project` [ RunTime:0.0041s ]
SQL: SELECT * FROM `saas_project` WHERE ( creator_id=19 ) LIMIT 3   [ RunTime:0.0007s ]
INFO: [ view_parse ] --START--
INFO: [ template_filter ] --START--
INFO: Run Behavior\ContentReplaceBehavior [ RunTime:0.000164s ]
INFO: [ template_filter ] --END-- [ RunTime:0.000237s ]
INFO: Run Behavior\ParseTemplateBehavior [ RunTime:0.015877s ]
INFO: [ view_parse ] --END-- [ RunTime:0.015984s ]
INFO: [ view_filter ] --START--
INFO: Run Behavior\WriteHtmlCacheBehavior [ RunTime:0.000615s ]
INFO: [ view_filter ] --END-- [ RunTime:0.000670s ]
INFO: [ app_end ] --START--
INFO: Run Behavior\ShowPageTraceBehavior [ RunTime:0.000923s ]
INFO: [ app_end ] --END-- [ RunTime:0.001017s ]

[ 2016-10-11T09:05:10+08:00 ] ::1 /fofs/1/index.php/Home/Individual/individualProfile.html
INFO: [ app_init ] --START--
INFO: Run Behavior\BuildLiteBehavior [ RunTime:0.000018s ]
INFO: [ app_init ] --END-- [ RunTime:0.000561s ]
INFO: [ app_begin ] --START--
INFO: Run Behavior\ReadHtmlCacheBehavior [ RunTime:0.000992s ]
INFO: Run Behavior\CheckLangBehavior [ RunTime:0.002300s ]
INFO: [ app_begin ] --END-- [ RunTime:0.003424s ]
SQL: SHOW COLUMNS FROM `saas_buyer` [ RunTime:0.0052s ]
SQL: SELECT * FROM `saas_buyer` WHERE `id` = 19 LIMIT 1   [ RunTime:0.0008s ]
SQL: SHOW COLUMNS FROM `saas_letter` [ RunTime:0.0041s ]
SQL: SHOW COLUMNS FROM `saas_buyer_interest_list` [ RunTime:0.0043s ]
SQL: SELECT * FROM `saas_letter` WHERE (  `sender_id` = '19' AND `sender_type` = 1 AND `type` = 1 AND `state` <> 0 ) OR ( recipient_id=19 AND recipient_type=1 )  [ RunTime:0.0007s ]
SQL: SELECT * FROM `saas_buyer_interest_list` WHERE ( buyer_id=19 )  [ RunTime:0.0006s ]
SQL: SHOW COLUMNS FROM `saas_project` [ RunTime:0.0041s ]
SQL: SELECT * FROM `saas_project` WHERE ( creator_id=19 ) LIMIT 3   [ RunTime:0.0006s ]
INFO: [ view_parse ] --START--
INFO: [ template_filter ] --START--
INFO: Run Behavior\ContentReplaceBehavior [ RunTime:0.000150s ]
INFO: [ template_filter ] --END-- [ RunTime:0.000221s ]
INFO: Run Behavior\ParseTemplateBehavior [ RunTime:0.016094s ]
INFO: [ view_parse ] --END-- [ RunTime:0.016185s ]
INFO: [ view_filter ] --START--
INFO: Run Behavior\WriteHtmlCacheBehavior [ RunTime:0.000982s ]
INFO: [ view_filter ] --END-- [ RunTime:0.001104s ]
INFO: [ app_end ] --START--
INFO: Run Behavior\ShowPageTraceBehavior [ RunTime:0.001391s ]
INFO: [ app_end ] --END-- [ RunTime:0.001524s ]

[ 2016-10-11T11:13:28+08:00 ] ::1 /fofs/1/index.php/Home/Cooperations/cooperations.html
INFO: [ app_init ] --START--
INFO: Run Behavior\BuildLiteBehavior [ RunTime:0.000055s ]
INFO: [ app_init ] --END-- [ RunTime:0.015698s ]
INFO: [ app_begin ] --START--
INFO: Run Behavior\ReadHtmlCacheBehavior [ RunTime:0.022576s ]
INFO: Run Behavior\CheckLangBehavior [ RunTime:0.044471s ]
INFO: [ app_begin ] --END-- [ RunTime:0.067344s ]
INFO: [ view_parse ] --START--
INFO: [ template_filter ] --START--
INFO: Run Behavior\ContentReplaceBehavior [ RunTime:0.000262s ]
INFO: [ template_filter ] --END-- [ RunTime:0.000437s ]
INFO: Run Behavior\ParseTemplateBehavior [ RunTime:0.184501s ]
INFO: [ view_parse ] --END-- [ RunTime:0.184685s ]
INFO: [ view_filter ] --START--
INFO: Run Behavior\WriteHtmlCacheBehavior [ RunTime:0.001019s ]
INFO: [ view_filter ] --END-- [ RunTime:0.001108s ]
INFO: [ app_end ] --START--
INFO: Run Behavior\ShowPageTraceBehavior [ RunTime:0.002892s ]
INFO: [ app_end ] --END-- [ RunTime:0.003028s ]

