[ 2016-11-10T23:42:20+08:00 ] ::1 /fofs/1/index.php
INFO: [ app_init ] --START--
INFO: Run Behavior\BuildLiteBehavior [ RunTime:0.000052s ]
INFO: [ app_init ] --END-- [ RunTime:0.001766s ]
INFO: [ app_begin ] --START--
INFO: Run Behavior\ReadHtmlCacheBehavior [ RunTime:0.023832s ]
INFO: Run Behavior\CheckLangBehavior [ RunTime:0.013379s ]
INFO: [ app_begin ] --END-- [ RunTime:0.037565s ]
SQL: SHOW COLUMNS FROM `fofs_article` [ RunTime:0.0462s ]
SQL: SELECT * FROM `fofs_article` WHERE `article_type` = 1 ORDER BY id desc LIMIT 1,10   [ RunTime:0.0101s ]
SQL: SELECT * FROM `fofs_article` WHERE `article_type` = 2 ORDER BY id desc LIMIT 10   [ RunTime:0.0014s ]
SQL: SELECT * FROM `fofs_article` WHERE `article_type` = 3 ORDER BY id desc LIMIT 10   [ RunTime:0.0013s ]
SQL: SELECT * FROM `fofs_article` WHERE `article_type` = 4 ORDER BY id desc LIMIT 10   [ RunTime:0.0013s ]
INFO: [ view_parse ] --START--
INFO: [ template_filter ] --START--
INFO: Run Behavior\ContentReplaceBehavior [ RunTime:0.000164s ]
INFO: [ template_filter ] --END-- [ RunTime:0.000237s ]
NOTIC: [8] Undefined variable: user_id D:\phpStudy\WWW\fofs\1\Application\Runtime\Cache\Home\2a94b8bda04ff446dcedd42276fc99ee.php 第 49 行.
NOTIC: [8] Undefined variable: link D:\phpStudy\WWW\fofs\1\Application\Runtime\Cache\Home\2a94b8bda04ff446dcedd42276fc99ee.php 第 247 行.
NOTIC: [8] Undefined variable: link D:\phpStudy\WWW\fofs\1\Application\Runtime\Cache\Home\2a94b8bda04ff446dcedd42276fc99ee.php 第 264 行.
NOTIC: [8] Undefined variable: link D:\phpStudy\WWW\fofs\1\Application\Runtime\Cache\Home\2a94b8bda04ff446dcedd42276fc99ee.php 第 281 行.
INFO: Run Behavior\ParseTemplateBehavior [ RunTime:0.190177s ]
INFO: [ view_parse ] --END-- [ RunTime:0.190289s ]
INFO: [ view_filter ] --START--
INFO: Run Behavior\WriteHtmlCacheBehavior [ RunTime:0.012567s ]
INFO: [ view_filter ] --END-- [ RunTime:0.012645s ]
INFO: [ app_end ] --START--
INFO: Run Behavior\ShowPageTraceBehavior [ RunTime:0.014840s ]
INFO: [ app_end ] --END-- [ RunTime:0.014956s ]

[ 2016-11-10T23:42:22+08:00 ] ::1 /fofs/1/index.php?l=zh-cn
INFO: [ app_init ] --START--
INFO: Run Behavior\BuildLiteBehavior [ RunTime:0.000036s ]
INFO: [ app_init ] --END-- [ RunTime:0.000900s ]
INFO: [ app_begin ] --START--
INFO: Run Behavior\ReadHtmlCacheBehavior [ RunTime:0.001006s ]
INFO: Run Behavior\CheckLangBehavior [ RunTime:0.002332s ]
INFO: [ app_begin ] --END-- [ RunTime:0.003521s ]
SQL: SHOW COLUMNS FROM `fofs_article` [ RunTime:0.0080s ]
SQL: SELECT * FROM `fofs_article` WHERE `article_type` = 1 ORDER BY id desc LIMIT 1,10   [ RunTime:0.0020s ]
SQL: SELECT * FROM `fofs_article` WHERE `article_type` = 2 ORDER BY id desc LIMIT 10   [ RunTime:0.0011s ]
SQL: SELECT * FROM `fofs_article` WHERE `article_type` = 3 ORDER BY id desc LIMIT 10   [ RunTime:0.0010s ]
SQL: SELECT * FROM `fofs_article` WHERE `article_type` = 4 ORDER BY id desc LIMIT 10   [ RunTime:0.0010s ]
INFO: [ view_parse ] --START--
INFO: [ template_filter ] --START--
INFO: Run Behavior\ContentReplaceBehavior [ RunTime:0.000241s ]
INFO: [ template_filter ] --END-- [ RunTime:0.000353s ]
NOTIC: [8] Undefined variable: user_id D:\phpStudy\WWW\fofs\1\Application\Runtime\Cache\Home\2a94b8bda04ff446dcedd42276fc99ee.php 第 49 行.
NOTIC: [8] Undefined variable: link D:\phpStudy\WWW\fofs\1\Application\Runtime\Cache\Home\2a94b8bda04ff446dcedd42276fc99ee.php 第 247 行.
NOTIC: [8] Undefined variable: link D:\phpStudy\WWW\fofs\1\Application\Runtime\Cache\Home\2a94b8bda04ff446dcedd42276fc99ee.php 第 264 行.
NOTIC: [8] Undefined variable: link D:\phpStudy\WWW\fofs\1\Application\Runtime\Cache\Home\2a94b8bda04ff446dcedd42276fc99ee.php 第 281 行.
INFO: Run Behavior\ParseTemplateBehavior [ RunTime:0.027753s ]
INFO: [ view_parse ] --END-- [ RunTime:0.027823s ]
INFO: [ view_filter ] --START--
INFO: Run Behavior\WriteHtmlCacheBehavior [ RunTime:0.000504s ]
INFO: [ view_filter ] --END-- [ RunTime:0.000557s ]
INFO: [ app_end ] --START--
INFO: Run Behavior\ShowPageTraceBehavior [ RunTime:0.000835s ]
INFO: [ app_end ] --END-- [ RunTime:0.000903s ]

[ 2016-11-10T23:42:24+08:00 ] ::1 /fofs/1/index.php/Home
INFO: [ app_init ] --START--
INFO: Run Behavior\BuildLiteBehavior [ RunTime:0.000044s ]
INFO: [ app_init ] --END-- [ RunTime:0.000677s ]
INFO: [ app_begin ] --START--
INFO: Run Behavior\ReadHtmlCacheBehavior [ RunTime:0.000747s ]
INFO: Run Behavior\CheckLangBehavior [ RunTime:0.001976s ]
INFO: [ app_begin ] --END-- [ RunTime:0.002845s ]
SQL: SHOW COLUMNS FROM `fofs_article` [ RunTime:0.0051s ]
SQL: SELECT * FROM `fofs_article` WHERE `article_type` = 1 ORDER BY id desc LIMIT 1,10   [ RunTime:0.0015s ]
SQL: SELECT * FROM `fofs_article` WHERE `article_type` = 2 ORDER BY id desc LIMIT 10   [ RunTime:0.0011s ]
SQL: SELECT * FROM `fofs_article` WHERE `article_type` = 3 ORDER BY id desc LIMIT 10   [ RunTime:0.0010s ]
SQL: SELECT * FROM `fofs_article` WHERE `article_type` = 4 ORDER BY id desc LIMIT 10   [ RunTime:0.0010s ]
INFO: [ view_parse ] --START--
INFO: [ template_filter ] --START--
INFO: Run Behavior\ContentReplaceBehavior [ RunTime:0.000211s ]
INFO: [ template_filter ] --END-- [ RunTime:0.000281s ]
NOTIC: [8] Undefined variable: user_id D:\phpStudy\WWW\fofs\1\Application\Runtime\Cache\Home\2a94b8bda04ff446dcedd42276fc99ee.php 第 49 行.
NOTIC: [8] Undefined variable: link D:\phpStudy\WWW\fofs\1\Application\Runtime\Cache\Home\2a94b8bda04ff446dcedd42276fc99ee.php 第 247 行.
NOTIC: [8] Undefined variable: link D:\phpStudy\WWW\fofs\1\Application\Runtime\Cache\Home\2a94b8bda04ff446dcedd42276fc99ee.php 第 264 行.
NOTIC: [8] Undefined variable: link D:\phpStudy\WWW\fofs\1\Application\Runtime\Cache\Home\2a94b8bda04ff446dcedd42276fc99ee.php 第 281 行.
INFO: Run Behavior\ParseTemplateBehavior [ RunTime:0.020764s ]
INFO: [ view_parse ] --END-- [ RunTime:0.020831s ]
INFO: [ view_filter ] --START--
INFO: Run Behavior\WriteHtmlCacheBehavior [ RunTime:0.000430s ]
INFO: [ view_filter ] --END-- [ RunTime:0.000488s ]
INFO: [ app_end ] --START--
INFO: Run Behavior\ShowPageTraceBehavior [ RunTime:0.000670s ]
INFO: [ app_end ] --END-- [ RunTime:0.000741s ]

[ 2016-11-10T23:42:33+08:00 ] ::1 /fofs/1/index.php/Home/Search/search.html
INFO: [ app_init ] --START--
INFO: Run Behavior\BuildLiteBehavior [ RunTime:0.000017s ]
INFO: [ app_init ] --END-- [ RunTime:0.000436s ]
INFO: [ app_begin ] --START--
INFO: Run Behavior\ReadHtmlCacheBehavior [ RunTime:0.000564s ]
INFO: Run Behavior\CheckLangBehavior [ RunTime:0.001552s ]
INFO: [ app_begin ] --END-- [ RunTime:0.002228s ]
INFO: [ view_parse ] --START--
INFO: [ template_filter ] --START--
INFO: Run Behavior\ContentReplaceBehavior [ RunTime:0.000048s ]
INFO: [ template_filter ] --END-- [ RunTime:0.000140s ]
INFO: Run Behavior\ParseTemplateBehavior [ RunTime:0.043052s ]
INFO: [ view_parse ] --END-- [ RunTime:0.043150s ]
INFO: [ view_filter ] --START--
INFO: Run Behavior\WriteHtmlCacheBehavior [ RunTime:0.000400s ]
INFO: [ view_filter ] --END-- [ RunTime:0.000461s ]

[ 2016-11-10T23:42:41+08:00 ] ::1 /fofs/1/index.php/Home/Search/search.html
INFO: [ app_init ] --START--
INFO: Run Behavior\BuildLiteBehavior [ RunTime:0.000020s ]
INFO: [ app_init ] --END-- [ RunTime:0.000486s ]
INFO: [ app_begin ] --START--
INFO: Run Behavior\ReadHtmlCacheBehavior [ RunTime:0.000645s ]
INFO: Run Behavior\CheckLangBehavior [ RunTime:0.001750s ]
INFO: [ app_begin ] --END-- [ RunTime:0.002505s ]
SQL: SHOW COLUMNS FROM `fofs_article` [ RunTime:0.0049s ]
SQL: SELECT * FROM `fofs_article` WHERE `title` LIKE '%文章%' ORDER BY pub_time desc  [ RunTime:0.1086s ]
SQL: SHOW COLUMNS FROM `fofs_user` [ RunTime:0.0758s ]
SQL: SELECT * FROM `fofs_user` WHERE `nickname` LIKE '%文章%'  [ RunTime:0.0024s ]
SQL: SHOW COLUMNS FROM `fofs_lp` [ RunTime:0.0512s ]
SQL: SELECT * FROM `fofs_lp` WHERE `institution_abbr` LIKE '%文章%'  [ RunTime:0.0172s ]
SQL: SHOW COLUMNS FROM `fofs_gp` [ RunTime:0.0834s ]
SQL: SELECT * FROM `fofs_gp` WHERE `institution_abbr` LIKE '%文章%'  [ RunTime:0.0023s ]
SQL: SHOW COLUMNS FROM `fofs_startup_company` [ RunTime:0.0923s ]
SQL: SELECT * FROM `fofs_startup_company` WHERE `institution_abbr` LIKE '%文章%'  [ RunTime:0.0169s ]
SQL: SHOW COLUMNS FROM `fofs_fa` [ RunTime:0.0284s ]
SQL: SELECT * FROM `fofs_fa` WHERE `institution_abbr` LIKE '%文章%'  [ RunTime:0.0013s ]
SQL: SHOW COLUMNS FROM `fofs_legal_agency` [ RunTime:0.0264s ]
SQL: SELECT * FROM `fofs_legal_agency` WHERE `institution_abbr` LIKE '%文章%'  [ RunTime:0.0013s ]
SQL: SHOW COLUMNS FROM `fofs_financial_institution` [ RunTime:0.0324s ]
SQL: SELECT * FROM `fofs_financial_institution` WHERE `institution_abbr` LIKE '%文章%'  [ RunTime:0.0014s ]
SQL: SHOW COLUMNS FROM `fofs_business_incubator` [ RunTime:0.0325s ]
SQL: SELECT * FROM `fofs_business_incubator` WHERE `institution_abbr` LIKE '%文章%'  [ RunTime:0.0015s ]
SQL: SHOW COLUMNS FROM `fofs_other_institution` [ RunTime:0.0451s ]
SQL: SELECT * FROM `fofs_other_institution` WHERE `institution_abbr` LIKE '%文章%'  [ RunTime:0.0018s ]
INFO: [ view_parse ] --START--
INFO: [ template_filter ] --START--
INFO: Run Behavior\ContentReplaceBehavior [ RunTime:0.000157s ]
INFO: [ template_filter ] --END-- [ RunTime:0.000225s ]
NOTIC: [8] Undefined variable: user_id D:\phpStudy\WWW\fofs\1\Application\Runtime\Cache\Home\dc21e6da2e1dbcec494898213c16ba46.php 第 49 行.
INFO: Run Behavior\ParseTemplateBehavior [ RunTime:0.070531s ]
INFO: [ view_parse ] --END-- [ RunTime:0.070627s ]
INFO: [ view_filter ] --START--
INFO: Run Behavior\WriteHtmlCacheBehavior [ RunTime:0.000394s ]
INFO: [ view_filter ] --END-- [ RunTime:0.000450s ]
INFO: [ app_end ] --START--
INFO: Run Behavior\ShowPageTraceBehavior [ RunTime:0.000776s ]
INFO: [ app_end ] --END-- [ RunTime:0.000867s ]

[ 2016-11-10T23:54:34+08:00 ] ::1 /fofs/1/index.php/Home/Search/search.html
INFO: [ app_init ] --START--
INFO: Run Behavior\BuildLiteBehavior [ RunTime:0.000020s ]
INFO: [ app_init ] --END-- [ RunTime:0.000678s ]
INFO: [ app_begin ] --START--
INFO: Run Behavior\ReadHtmlCacheBehavior [ RunTime:0.000987s ]
INFO: Run Behavior\CheckLangBehavior [ RunTime:0.002177s ]
INFO: [ app_begin ] --END-- [ RunTime:0.003327s ]
SQL: SHOW COLUMNS FROM `fofs_article` [ RunTime:0.0060s ]
SQL: SELECT * FROM `fofs_article` WHERE `title` LIKE '%文章%' ORDER BY pub_time desc  [ RunTime:0.0014s ]
SQL: SHOW COLUMNS FROM `fofs_user` [ RunTime:0.0054s ]
SQL: SELECT * FROM `fofs_user` WHERE `nickname` LIKE '%文章%'  [ RunTime:0.0011s ]
SQL: SHOW COLUMNS FROM `fofs_lp` [ RunTime:0.0056s ]
SQL: SELECT * FROM `fofs_lp` WHERE `institution_abbr` LIKE '%文章%'  [ RunTime:0.0015s ]
SQL: SHOW COLUMNS FROM `fofs_gp` [ RunTime:0.0055s ]
SQL: SELECT * FROM `fofs_gp` WHERE `institution_abbr` LIKE '%文章%'  [ RunTime:0.0014s ]
SQL: SHOW COLUMNS FROM `fofs_startup_company` [ RunTime:0.0058s ]
SQL: SELECT * FROM `fofs_startup_company` WHERE `institution_abbr` LIKE '%文章%'  [ RunTime:0.0014s ]
SQL: SHOW COLUMNS FROM `fofs_fa` [ RunTime:0.0053s ]
SQL: SELECT * FROM `fofs_fa` WHERE `institution_abbr` LIKE '%文章%'  [ RunTime:0.0012s ]
SQL: SHOW COLUMNS FROM `fofs_legal_agency` [ RunTime:0.0050s ]
SQL: SELECT * FROM `fofs_legal_agency` WHERE `institution_abbr` LIKE '%文章%'  [ RunTime:0.0013s ]
SQL: SHOW COLUMNS FROM `fofs_financial_institution` [ RunTime:0.0069s ]
SQL: SELECT * FROM `fofs_financial_institution` WHERE `institution_abbr` LIKE '%文章%'  [ RunTime:0.0013s ]
SQL: SHOW COLUMNS FROM `fofs_business_incubator` [ RunTime:0.0053s ]
SQL: SELECT * FROM `fofs_business_incubator` WHERE `institution_abbr` LIKE '%文章%'  [ RunTime:0.0011s ]
SQL: SHOW COLUMNS FROM `fofs_other_institution` [ RunTime:0.0056s ]
SQL: SELECT * FROM `fofs_other_institution` WHERE `institution_abbr` LIKE '%文章%'  [ RunTime:0.0012s ]
INFO: [ view_parse ] --START--
INFO: [ template_filter ] --START--
INFO: Run Behavior\ContentReplaceBehavior [ RunTime:0.000170s ]
INFO: [ template_filter ] --END-- [ RunTime:0.000240s ]
NOTIC: [8] Undefined variable: user_id D:\phpStudy\WWW\fofs\1\Application\Runtime\Cache\Home\dc21e6da2e1dbcec494898213c16ba46.php 第 49 行.
INFO: Run Behavior\ParseTemplateBehavior [ RunTime:0.021610s ]
INFO: [ view_parse ] --END-- [ RunTime:0.021701s ]
INFO: [ view_filter ] --START--
INFO: Run Behavior\WriteHtmlCacheBehavior [ RunTime:0.000537s ]
INFO: [ view_filter ] --END-- [ RunTime:0.000592s ]
INFO: [ app_end ] --START--
INFO: Run Behavior\ShowPageTraceBehavior [ RunTime:0.000744s ]
INFO: [ app_end ] --END-- [ RunTime:0.000821s ]

[ 2016-11-10T23:54:43+08:00 ] ::1 /fofs/1/index.php/Home/Search/search.html
INFO: [ app_init ] --START--
INFO: Run Behavior\BuildLiteBehavior [ RunTime:0.000019s ]
INFO: [ app_init ] --END-- [ RunTime:0.000581s ]
INFO: [ app_begin ] --START--
INFO: Run Behavior\ReadHtmlCacheBehavior [ RunTime:0.000786s ]
INFO: Run Behavior\CheckLangBehavior [ RunTime:0.002081s ]
INFO: [ app_begin ] --END-- [ RunTime:0.002987s ]
SQL: SHOW COLUMNS FROM `fofs_article` [ RunTime:0.0055s ]
SQL: SELECT * FROM `fofs_article` WHERE `title` LIKE '%公司%' ORDER BY pub_time desc  [ RunTime:0.0013s ]
SQL: SHOW COLUMNS FROM `fofs_user` [ RunTime:0.0053s ]
SQL: SELECT * FROM `fofs_user` WHERE `nickname` LIKE '%公司%'  [ RunTime:0.0011s ]
SQL: SHOW COLUMNS FROM `fofs_lp` [ RunTime:0.0058s ]
SQL: SELECT * FROM `fofs_lp` WHERE `institution_abbr` LIKE '%公司%'  [ RunTime:0.0012s ]
SQL: SHOW COLUMNS FROM `fofs_gp` [ RunTime:0.0054s ]
SQL: SELECT * FROM `fofs_gp` WHERE `institution_abbr` LIKE '%公司%'  [ RunTime:0.0012s ]
SQL: SHOW COLUMNS FROM `fofs_startup_company` [ RunTime:0.0065s ]
SQL: SELECT * FROM `fofs_startup_company` WHERE `institution_abbr` LIKE '%公司%'  [ RunTime:0.0013s ]
SQL: SHOW COLUMNS FROM `fofs_fa` [ RunTime:0.0050s ]
SQL: SELECT * FROM `fofs_fa` WHERE `institution_abbr` LIKE '%公司%'  [ RunTime:0.0011s ]
SQL: SHOW COLUMNS FROM `fofs_legal_agency` [ RunTime:0.0049s ]
SQL: SELECT * FROM `fofs_legal_agency` WHERE `institution_abbr` LIKE '%公司%'  [ RunTime:0.0011s ]
SQL: SHOW COLUMNS FROM `fofs_financial_institution` [ RunTime:0.0051s ]
SQL: SELECT * FROM `fofs_financial_institution` WHERE `institution_abbr` LIKE '%公司%'  [ RunTime:0.0011s ]
SQL: SHOW COLUMNS FROM `fofs_business_incubator` [ RunTime:0.0049s ]
SQL: SELECT * FROM `fofs_business_incubator` WHERE `institution_abbr` LIKE '%公司%'  [ RunTime:0.0013s ]
SQL: SHOW COLUMNS FROM `fofs_other_institution` [ RunTime:0.0058s ]
SQL: SELECT * FROM `fofs_other_institution` WHERE `institution_abbr` LIKE '%公司%'  [ RunTime:0.0011s ]
INFO: [ view_parse ] --START--
INFO: [ template_filter ] --START--
INFO: Run Behavior\ContentReplaceBehavior [ RunTime:0.000206s ]
INFO: [ template_filter ] --END-- [ RunTime:0.000295s ]
NOTIC: [8] Undefined variable: user_id D:\phpStudy\WWW\fofs\1\Application\Runtime\Cache\Home\dc21e6da2e1dbcec494898213c16ba46.php 第 49 行.
INFO: Run Behavior\ParseTemplateBehavior [ RunTime:0.024379s ]
INFO: [ view_parse ] --END-- [ RunTime:0.024474s ]
INFO: [ view_filter ] --START--
INFO: Run Behavior\WriteHtmlCacheBehavior [ RunTime:0.000736s ]
INFO: [ view_filter ] --END-- [ RunTime:0.000811s ]
INFO: [ app_end ] --START--
INFO: Run Behavior\ShowPageTraceBehavior [ RunTime:0.001104s ]
INFO: [ app_end ] --END-- [ RunTime:0.001223s ]

[ 2016-11-10T23:55:30+08:00 ] ::1 /fofs/1/index.php/Home/Search/search.html
INFO: [ app_init ] --START--
INFO: Run Behavior\BuildLiteBehavior [ RunTime:0.000017s ]
INFO: [ app_init ] --END-- [ RunTime:0.000537s ]
INFO: [ app_begin ] --START--
INFO: Run Behavior\ReadHtmlCacheBehavior [ RunTime:0.000780s ]
INFO: Run Behavior\CheckLangBehavior [ RunTime:0.002148s ]
INFO: [ app_begin ] --END-- [ RunTime:0.003062s ]
SQL: SHOW COLUMNS FROM `fofs_article` [ RunTime:0.0049s ]
SQL: SELECT * FROM `fofs_article` WHERE `title` LIKE '%公司%' ORDER BY pub_time desc  [ RunTime:0.0011s ]
SQL: SHOW COLUMNS FROM `fofs_user` [ RunTime:0.0049s ]
SQL: SELECT * FROM `fofs_user` WHERE `nickname` LIKE '%公司%'  [ RunTime:0.0012s ]
SQL: SHOW COLUMNS FROM `fofs_lp` [ RunTime:0.0058s ]
SQL: SELECT * FROM `fofs_lp` WHERE `institution_abbr` LIKE '%公司%'  [ RunTime:0.0012s ]
SQL: SHOW COLUMNS FROM `fofs_gp` [ RunTime:0.0062s ]
SQL: SELECT * FROM `fofs_gp` WHERE `institution_abbr` LIKE '%公司%'  [ RunTime:0.0012s ]
SQL: SHOW COLUMNS FROM `fofs_startup_company` [ RunTime:0.0062s ]
SQL: SELECT * FROM `fofs_startup_company` WHERE `institution_abbr` LIKE '%公司%'  [ RunTime:0.0012s ]
SQL: SHOW COLUMNS FROM `fofs_fa` [ RunTime:0.0059s ]
SQL: SELECT * FROM `fofs_fa` WHERE `institution_abbr` LIKE '%公司%'  [ RunTime:0.0011s ]
SQL: SHOW COLUMNS FROM `fofs_legal_agency` [ RunTime:0.0055s ]
SQL: SELECT * FROM `fofs_legal_agency` WHERE `institution_abbr` LIKE '%公司%'  [ RunTime:0.0011s ]
SQL: SHOW COLUMNS FROM `fofs_financial_institution` [ RunTime:0.0052s ]
SQL: SELECT * FROM `fofs_financial_institution` WHERE `institution_abbr` LIKE '%公司%'  [ RunTime:0.0013s ]
SQL: SHOW COLUMNS FROM `fofs_business_incubator` [ RunTime:0.0054s ]
SQL: SELECT * FROM `fofs_business_incubator` WHERE `institution_abbr` LIKE '%公司%'  [ RunTime:0.0013s ]
SQL: SHOW COLUMNS FROM `fofs_other_institution` [ RunTime:0.0054s ]
SQL: SELECT * FROM `fofs_other_institution` WHERE `institution_abbr` LIKE '%公司%'  [ RunTime:0.0011s ]
INFO: [ view_parse ] --START--
INFO: [ template_filter ] --START--
INFO: Run Behavior\ContentReplaceBehavior [ RunTime:0.000167s ]
INFO: [ template_filter ] --END-- [ RunTime:0.000239s ]
NOTIC: [8] Undefined variable: user_id D:\phpStudy\WWW\fofs\1\Application\Runtime\Cache\Home\dc21e6da2e1dbcec494898213c16ba46.php 第 49 行.
INFO: Run Behavior\ParseTemplateBehavior [ RunTime:0.021282s ]
INFO: [ view_parse ] --END-- [ RunTime:0.021352s ]
INFO: [ view_filter ] --START--
INFO: Run Behavior\WriteHtmlCacheBehavior [ RunTime:0.000528s ]
INFO: [ view_filter ] --END-- [ RunTime:0.000585s ]
INFO: [ app_end ] --START--
INFO: Run Behavior\ShowPageTraceBehavior [ RunTime:0.000855s ]
INFO: [ app_end ] --END-- [ RunTime:0.000937s ]

[ 2016-11-10T23:55:32+08:00 ] ::1 /fofs/1/index.php/Home/Search/search/search_type/2.html
INFO: [ app_init ] --START--
INFO: Run Behavior\BuildLiteBehavior [ RunTime:0.000019s ]
INFO: [ app_init ] --END-- [ RunTime:0.000502s ]
INFO: [ app_begin ] --START--
INFO: Run Behavior\ReadHtmlCacheBehavior [ RunTime:0.000664s ]
INFO: Run Behavior\CheckLangBehavior [ RunTime:0.001685s ]
INFO: [ app_begin ] --END-- [ RunTime:0.002453s ]
INFO: [ view_parse ] --START--
INFO: [ template_filter ] --START--
INFO: Run Behavior\ContentReplaceBehavior [ RunTime:0.000047s ]
INFO: [ template_filter ] --END-- [ RunTime:0.000147s ]
INFO: Run Behavior\ParseTemplateBehavior [ RunTime:0.006688s ]
INFO: [ view_parse ] --END-- [ RunTime:0.006770s ]
INFO: [ view_filter ] --START--
INFO: Run Behavior\WriteHtmlCacheBehavior [ RunTime:0.000468s ]
INFO: [ view_filter ] --END-- [ RunTime:0.000523s ]

[ 2016-11-10T23:58:48+08:00 ] ::1 /fofs/1/index.php/Home/Search/search/search_type/2.html
INFO: [ app_init ] --START--
INFO: Run Behavior\BuildLiteBehavior [ RunTime:0.000021s ]
INFO: [ app_init ] --END-- [ RunTime:0.000583s ]
INFO: [ app_begin ] --START--
INFO: Run Behavior\ReadHtmlCacheBehavior [ RunTime:0.000775s ]
INFO: Run Behavior\CheckLangBehavior [ RunTime:0.001990s ]
INFO: [ app_begin ] --END-- [ RunTime:0.002886s ]
INFO: [ view_parse ] --START--
INFO: [ template_filter ] --START--
INFO: Run Behavior\ContentReplaceBehavior [ RunTime:0.000041s ]
INFO: [ template_filter ] --END-- [ RunTime:0.000112s ]
INFO: Run Behavior\ParseTemplateBehavior [ RunTime:0.006146s ]
INFO: [ view_parse ] --END-- [ RunTime:0.006224s ]
INFO: [ view_filter ] --START--
INFO: Run Behavior\WriteHtmlCacheBehavior [ RunTime:0.000441s ]
INFO: [ view_filter ] --END-- [ RunTime:0.000492s ]

