[ 2016-10-26T00:00:40+08:00 ] ::1 /fofs/1/index.php/Home/Register/lpFundsInfo
INFO: [ app_init ] --START--
INFO: Run Behavior\BuildLiteBehavior [ RunTime:0.000022s ]
INFO: [ app_init ] --END-- [ RunTime:0.000594s ]
INFO: [ app_begin ] --START--
INFO: Run Behavior\ReadHtmlCacheBehavior [ RunTime:0.000652s ]
INFO: Run Behavior\CheckLangBehavior [ RunTime:0.001739s ]
INFO: [ app_begin ] --END-- [ RunTime:0.002500s ]
SQL: SHOW COLUMNS FROM `fofs_lp_fund_product` [ RunTime:0.0120s ]
SQL: SELECT * FROM `fofs_lp_fund_product` WHERE `institution_type` = 1 AND `institution_id` = 3  [ RunTime:0.0010s ]
SQL: SHOW COLUMNS FROM `fofs_investment_project` [ RunTime:0.0122s ]
SQL: SELECT * FROM `fofs_investment_project` WHERE `fund_id` = 1  [ RunTime:0.0008s ]
INFO: [ view_parse ] --START--
INFO: [ template_filter ] --START--
INFO: Run Behavior\ContentReplaceBehavior [ RunTime:0.000547s ]
INFO: [ template_filter ] --END-- [ RunTime:0.000730s ]
INFO: Run Behavior\ParseTemplateBehavior [ RunTime:0.040251s ]
INFO: [ view_parse ] --END-- [ RunTime:0.040346s ]
INFO: [ view_filter ] --START--
INFO: Run Behavior\WriteHtmlCacheBehavior [ RunTime:0.000568s ]
INFO: [ view_filter ] --END-- [ RunTime:0.000636s ]
INFO: [ app_end ] --START--
INFO: Run Behavior\ShowPageTraceBehavior [ RunTime:0.000979s ]
INFO: [ app_end ] --END-- [ RunTime:0.001100s ]

[ 2016-10-26T00:03:47+08:00 ] ::1 /fofs/1/index.php/Home/Register/lpFundsInfo
INFO: [ app_init ] --START--
INFO: Run Behavior\BuildLiteBehavior [ RunTime:0.000021s ]
INFO: [ app_init ] --END-- [ RunTime:0.000608s ]
INFO: [ app_begin ] --START--
INFO: Run Behavior\ReadHtmlCacheBehavior [ RunTime:0.000933s ]
INFO: Run Behavior\CheckLangBehavior [ RunTime:0.002288s ]
INFO: [ app_begin ] --END-- [ RunTime:0.003343s ]
SQL: SHOW COLUMNS FROM `fofs_lp_fund_product` [ RunTime:0.0141s ]
SQL: SELECT * FROM `fofs_lp_fund_product` WHERE `institution_type` = 1 AND `institution_id` = 3  [ RunTime:0.0010s ]
SQL: SHOW COLUMNS FROM `fofs_investment_project` [ RunTime:0.0664s ]
SQL: SELECT * FROM `fofs_investment_project` WHERE `fund_id` = 1  [ RunTime:0.0010s ]
INFO: [ view_parse ] --START--
INFO: [ template_filter ] --START--
INFO: Run Behavior\ContentReplaceBehavior [ RunTime:0.000485s ]
INFO: [ template_filter ] --END-- [ RunTime:0.000579s ]
INFO: Run Behavior\ParseTemplateBehavior [ RunTime:0.036930s ]
INFO: [ view_parse ] --END-- [ RunTime:0.037048s ]
INFO: [ view_filter ] --START--
INFO: Run Behavior\WriteHtmlCacheBehavior [ RunTime:0.001115s ]
INFO: [ view_filter ] --END-- [ RunTime:0.001219s ]
INFO: [ app_end ] --START--
INFO: Run Behavior\ShowPageTraceBehavior [ RunTime:0.001421s ]
INFO: [ app_end ] --END-- [ RunTime:0.001575s ]

[ 2016-10-26T00:08:43+08:00 ] ::1 /fofs/1/index.php/Home/Register/lpFundsInfo
INFO: [ app_init ] --START--
INFO: Run Behavior\BuildLiteBehavior [ RunTime:0.000022s ]
INFO: [ app_init ] --END-- [ RunTime:0.000651s ]
INFO: [ app_begin ] --START--
INFO: Run Behavior\ReadHtmlCacheBehavior [ RunTime:0.000884s ]
INFO: Run Behavior\CheckLangBehavior [ RunTime:0.001953s ]
INFO: [ app_begin ] --END-- [ RunTime:0.002995s ]
SQL: SHOW COLUMNS FROM `fofs_lp_fund_product` [ RunTime:0.0127s ]
SQL: SELECT * FROM `fofs_lp_fund_product` WHERE `institution_type` = 1 AND `institution_id` = 3  [ RunTime:0.0012s ]
SQL: SHOW COLUMNS FROM `fofs_investment_project` [ RunTime:0.0227s ]
SQL: SELECT * FROM `fofs_investment_project` WHERE `fund_id` = 1  [ RunTime:0.0008s ]
INFO: [ view_parse ] --START--
INFO: [ template_filter ] --START--
INFO: Run Behavior\ContentReplaceBehavior [ RunTime:0.000381s ]
INFO: [ template_filter ] --END-- [ RunTime:0.000466s ]
INFO: Run Behavior\ParseTemplateBehavior [ RunTime:0.035707s ]
INFO: [ view_parse ] --END-- [ RunTime:0.035797s ]
INFO: [ view_filter ] --START--
INFO: Run Behavior\WriteHtmlCacheBehavior [ RunTime:0.000541s ]
INFO: [ view_filter ] --END-- [ RunTime:0.000602s ]
INFO: [ app_end ] --START--
INFO: Run Behavior\ShowPageTraceBehavior [ RunTime:0.000739s ]
INFO: [ app_end ] --END-- [ RunTime:0.000829s ]

[ 2016-10-26T00:17:39+08:00 ] ::1 /fofs/1/index.php/Home/Register/lpFundsInfo
INFO: [ app_init ] --START--
INFO: Run Behavior\BuildLiteBehavior [ RunTime:0.000023s ]
INFO: [ app_init ] --END-- [ RunTime:0.000666s ]
INFO: [ app_begin ] --START--
INFO: Run Behavior\ReadHtmlCacheBehavior [ RunTime:0.000870s ]
INFO: Run Behavior\CheckLangBehavior [ RunTime:0.002231s ]
INFO: [ app_begin ] --END-- [ RunTime:0.003234s ]
SQL: SHOW COLUMNS FROM `fofs_lp_fund_product` [ RunTime:0.0144s ]
SQL: SELECT * FROM `fofs_lp_fund_product` WHERE `institution_type` = 1 AND `institution_id` = 3  [ RunTime:0.0010s ]
SQL: SHOW COLUMNS FROM `fofs_investment_project` [ RunTime:0.0129s ]
SQL: SELECT * FROM `fofs_investment_project` WHERE `fund_id` = 1  [ RunTime:0.0010s ]
INFO: [ view_parse ] --START--
INFO: [ template_filter ] --START--
INFO: Run Behavior\ContentReplaceBehavior [ RunTime:0.000388s ]
INFO: [ template_filter ] --END-- [ RunTime:0.000476s ]
INFO: Run Behavior\ParseTemplateBehavior [ RunTime:0.039645s ]
INFO: [ view_parse ] --END-- [ RunTime:0.039733s ]
INFO: [ view_filter ] --START--
INFO: Run Behavior\WriteHtmlCacheBehavior [ RunTime:0.000705s ]
INFO: [ view_filter ] --END-- [ RunTime:0.000777s ]
INFO: [ app_end ] --START--
INFO: Run Behavior\ShowPageTraceBehavior [ RunTime:0.001028s ]
INFO: [ app_end ] --END-- [ RunTime:0.001145s ]

[ 2016-10-26T00:19:15+08:00 ] ::1 /fofs/1/index.php/Home/Register/lpFundsInfo
INFO: [ app_init ] --START--
INFO: Run Behavior\BuildLiteBehavior [ RunTime:0.000022s ]
INFO: [ app_init ] --END-- [ RunTime:0.000672s ]
INFO: [ app_begin ] --START--
INFO: Run Behavior\ReadHtmlCacheBehavior [ RunTime:0.001137s ]
INFO: Run Behavior\CheckLangBehavior [ RunTime:0.002746s ]
INFO: [ app_begin ] --END-- [ RunTime:0.004031s ]
SQL: SHOW COLUMNS FROM `fofs_lp_fund_product` [ RunTime:0.0147s ]
SQL: SELECT * FROM `fofs_lp_fund_product` WHERE `institution_type` = 1 AND `institution_id` = 3  [ RunTime:0.0011s ]
SQL: SHOW COLUMNS FROM `fofs_investment_project` [ RunTime:0.0128s ]
SQL: SELECT * FROM `fofs_investment_project` WHERE `fund_id` = 1  [ RunTime:0.0010s ]
INFO: [ view_parse ] --START--
INFO: [ template_filter ] --START--
INFO: Run Behavior\ContentReplaceBehavior [ RunTime:0.000385s ]
INFO: [ template_filter ] --END-- [ RunTime:0.000480s ]
INFO: Run Behavior\ParseTemplateBehavior [ RunTime:0.042829s ]
INFO: [ view_parse ] --END-- [ RunTime:0.042924s ]
INFO: [ view_filter ] --START--
INFO: Run Behavior\WriteHtmlCacheBehavior [ RunTime:0.000845s ]
INFO: [ view_filter ] --END-- [ RunTime:0.000917s ]
INFO: [ app_end ] --START--
INFO: Run Behavior\ShowPageTraceBehavior [ RunTime:0.001496s ]
INFO: [ app_end ] --END-- [ RunTime:0.001678s ]

[ 2016-10-26T00:21:23+08:00 ] ::1 /fofs/1/index.php/Home/Register/lpFundsInfo
INFO: [ app_init ] --START--
INFO: Run Behavior\BuildLiteBehavior [ RunTime:0.000024s ]
INFO: [ app_init ] --END-- [ RunTime:0.000656s ]
INFO: [ app_begin ] --START--
INFO: Run Behavior\ReadHtmlCacheBehavior [ RunTime:0.000908s ]
INFO: Run Behavior\CheckLangBehavior [ RunTime:0.002356s ]
INFO: [ app_begin ] --END-- [ RunTime:0.003404s ]
SQL: SHOW COLUMNS FROM `fofs_lp_fund_product` [ RunTime:0.0134s ]
SQL: SELECT * FROM `fofs_lp_fund_product` WHERE `institution_type` = 1 AND `institution_id` = 3  [ RunTime:0.0011s ]
SQL: SHOW COLUMNS FROM `fofs_investment_project` [ RunTime:0.0119s ]
SQL: SELECT * FROM `fofs_investment_project` WHERE `fund_id` = 1  [ RunTime:0.0010s ]
INFO: [ view_parse ] --START--
INFO: [ template_filter ] --START--
INFO: Run Behavior\ContentReplaceBehavior [ RunTime:0.000390s ]
INFO: [ template_filter ] --END-- [ RunTime:0.000490s ]
INFO: Run Behavior\ParseTemplateBehavior [ RunTime:0.038998s ]
INFO: [ view_parse ] --END-- [ RunTime:0.039084s ]
INFO: [ view_filter ] --START--
INFO: Run Behavior\WriteHtmlCacheBehavior [ RunTime:0.000664s ]
INFO: [ view_filter ] --END-- [ RunTime:0.000734s ]
INFO: [ app_end ] --START--
INFO: Run Behavior\ShowPageTraceBehavior [ RunTime:0.001094s ]
INFO: [ app_end ] --END-- [ RunTime:0.001433s ]

[ 2016-10-26T00:23:31+08:00 ] ::1 /fofs/1/index.php/Home/Register/lpFundsInfo
INFO: [ app_init ] --START--
INFO: Run Behavior\BuildLiteBehavior [ RunTime:0.000022s ]
INFO: [ app_init ] --END-- [ RunTime:0.000616s ]
INFO: [ app_begin ] --START--
INFO: Run Behavior\ReadHtmlCacheBehavior [ RunTime:0.000805s ]
INFO: Run Behavior\CheckLangBehavior [ RunTime:0.002155s ]
INFO: [ app_begin ] --END-- [ RunTime:0.003118s ]
SQL: SHOW COLUMNS FROM `fofs_lp_fund_product` [ RunTime:0.0130s ]
SQL: SELECT * FROM `fofs_lp_fund_product` WHERE `institution_type` = 1 AND `institution_id` = 3  [ RunTime:0.0012s ]
SQL: SHOW COLUMNS FROM `fofs_investment_project` [ RunTime:0.0126s ]
SQL: SELECT * FROM `fofs_investment_project` WHERE `fund_id` = 1  [ RunTime:0.0010s ]
INFO: [ view_parse ] --START--
INFO: [ template_filter ] --START--
INFO: Run Behavior\ContentReplaceBehavior [ RunTime:0.000418s ]
INFO: [ template_filter ] --END-- [ RunTime:0.000538s ]
INFO: Run Behavior\ParseTemplateBehavior [ RunTime:0.039887s ]
INFO: [ view_parse ] --END-- [ RunTime:0.040003s ]
INFO: [ view_filter ] --START--
INFO: Run Behavior\WriteHtmlCacheBehavior [ RunTime:0.000651s ]
INFO: [ view_filter ] --END-- [ RunTime:0.000719s ]
INFO: [ app_end ] --START--
INFO: Run Behavior\ShowPageTraceBehavior [ RunTime:0.001143s ]
INFO: [ app_end ] --END-- [ RunTime:0.001247s ]

[ 2016-10-26T00:30:42+08:00 ] ::1 /fofs/1/index.php/Home/Register/add_lpFundsInfo
INFO: [ app_init ] --START--
INFO: Run Behavior\BuildLiteBehavior [ RunTime:0.000021s ]
INFO: [ app_init ] --END-- [ RunTime:0.000557s ]
INFO: [ app_begin ] --START--
INFO: Run Behavior\ReadHtmlCacheBehavior [ RunTime:0.000853s ]
INFO: Run Behavior\CheckLangBehavior [ RunTime:0.002247s ]
INFO: [ app_begin ] --END-- [ RunTime:0.003233s ]
SQL: SHOW COLUMNS FROM `fofs_lp_fund_product` [ RunTime:0.0129s ]
SQL: INSERT INTO `fofs_lp_fund_product` (`institution_type`,`institution_id`,`name`,`founded_time`,`registered_address`,`currency_type_id`,`fund_size`,`is_state_owned`,`is_equity_investment`,`is_other_investment`,`trustee_name`,`investment_field`,`is_recruitment_period`,`is_recorded`,`fund_number`,`recorded_time`) VALUES ('1','3','一号演播厅','1433865600','中关村','12','5555','1','1','1','分公司的服','热热热发给谁发给','0','1','3435435345','1475596800') [ RunTime:0.0021s ]
SQL: SHOW COLUMNS FROM `fofs_investment_project` [ RunTime:0.0276s ]
SQL: INSERT INTO `fofs_investment_project` (`fund_id`,`project_name`,`project_abstract`,`investment_quota`,`investment_round`,`investment_time`,`project_state_type`) VALUES ('2','老头老太','来跳舞了跳舞了跳舞','555','种子','1476892800','3') [ RunTime:0.0019s ]
INFO: [ view_parse ] --START--
INFO: [ template_filter ] --START--
INFO: Run Behavior\ContentReplaceBehavior [ RunTime:0.000104s ]
INFO: [ template_filter ] --END-- [ RunTime:0.000276s ]
INFO: Run Behavior\ParseTemplateBehavior [ RunTime:0.021043s ]
INFO: [ view_parse ] --END-- [ RunTime:0.021239s ]
INFO: [ view_filter ] --START--
INFO: Run Behavior\WriteHtmlCacheBehavior [ RunTime:0.001244s ]
INFO: [ view_filter ] --END-- [ RunTime:0.001391s ]
INFO: [ app_end ] --START--
INFO: Run Behavior\ShowPageTraceBehavior [ RunTime:0.002159s ]
INFO: [ app_end ] --END-- [ RunTime:0.002415s ]

[ 2016-10-26T00:30:43+08:00 ] ::1 /fofs/1/index.php/Home/Register/lpFundsInfo
INFO: [ app_init ] --START--
INFO: Run Behavior\BuildLiteBehavior [ RunTime:0.000034s ]
INFO: [ app_init ] --END-- [ RunTime:0.000777s ]
INFO: [ app_begin ] --START--
INFO: Run Behavior\ReadHtmlCacheBehavior [ RunTime:0.000982s ]
INFO: Run Behavior\CheckLangBehavior [ RunTime:0.002685s ]
INFO: [ app_begin ] --END-- [ RunTime:0.003882s ]
SQL: SHOW COLUMNS FROM `fofs_lp_fund_product` [ RunTime:0.0234s ]
SQL: SELECT * FROM `fofs_lp_fund_product` WHERE `institution_type` = 1 AND `institution_id` = 3  [ RunTime:0.0013s ]
SQL: SHOW COLUMNS FROM `fofs_investment_project` [ RunTime:0.0203s ]
SQL: SELECT * FROM `fofs_investment_project` WHERE `fund_id` = 1  [ RunTime:0.0013s ]
SQL: SELECT * FROM `fofs_investment_project` WHERE `fund_id` = 2  [ RunTime:0.0012s ]
INFO: [ view_parse ] --START--
INFO: [ template_filter ] --START--
INFO: Run Behavior\ContentReplaceBehavior [ RunTime:0.000595s ]
INFO: [ template_filter ] --END-- [ RunTime:0.000757s ]
INFO: Run Behavior\ParseTemplateBehavior [ RunTime:0.063045s ]
INFO: [ view_parse ] --END-- [ RunTime:0.063196s ]
INFO: [ view_filter ] --START--
INFO: Run Behavior\WriteHtmlCacheBehavior [ RunTime:0.000559s ]
INFO: [ view_filter ] --END-- [ RunTime:0.000636s ]
INFO: [ app_end ] --START--
INFO: Run Behavior\ShowPageTraceBehavior [ RunTime:0.000773s ]
INFO: [ app_end ] --END-- [ RunTime:0.000899s ]

[ 2016-10-26T00:32:24+08:00 ] ::1 /fofs/1/index.php/Home/Register/lpFundsInfo
INFO: [ app_init ] --START--
INFO: Run Behavior\BuildLiteBehavior [ RunTime:0.000022s ]
INFO: [ app_init ] --END-- [ RunTime:0.000656s ]
INFO: [ app_begin ] --START--
INFO: Run Behavior\ReadHtmlCacheBehavior [ RunTime:0.001010s ]
INFO: Run Behavior\CheckLangBehavior [ RunTime:0.003029s ]
INFO: [ app_begin ] --END-- [ RunTime:0.004185s ]
SQL: SHOW COLUMNS FROM `fofs_lp_fund_product` [ RunTime:0.0132s ]
SQL: SELECT * FROM `fofs_lp_fund_product` WHERE `institution_type` = 1 AND `institution_id` = 3  [ RunTime:0.0011s ]
SQL: SHOW COLUMNS FROM `fofs_investment_project` [ RunTime:0.0143s ]
SQL: SELECT * FROM `fofs_investment_project` WHERE `fund_id` = 1  [ RunTime:0.0010s ]
SQL: SELECT * FROM `fofs_investment_project` WHERE `fund_id` = 2  [ RunTime:0.0009s ]
INFO: [ view_parse ] --START--
INFO: [ template_filter ] --START--
INFO: Run Behavior\ContentReplaceBehavior [ RunTime:0.000397s ]
INFO: [ template_filter ] --END-- [ RunTime:0.000484s ]
INFO: Run Behavior\ParseTemplateBehavior [ RunTime:0.040742s ]
INFO: [ view_parse ] --END-- [ RunTime:0.040832s ]
INFO: [ view_filter ] --START--
INFO: Run Behavior\WriteHtmlCacheBehavior [ RunTime:0.000807s ]
INFO: [ view_filter ] --END-- [ RunTime:0.000875s ]
INFO: [ app_end ] --START--
INFO: Run Behavior\ShowPageTraceBehavior [ RunTime:0.001198s ]
INFO: [ app_end ] --END-- [ RunTime:0.001285s ]

[ 2016-10-26T00:35:33+08:00 ] ::1 /fofs/1/index.php/Home/Register/lpFundsInfo
INFO: [ app_init ] --START--
INFO: Run Behavior\BuildLiteBehavior [ RunTime:0.000022s ]
INFO: [ app_init ] --END-- [ RunTime:0.000602s ]
INFO: [ app_begin ] --START--
INFO: Run Behavior\ReadHtmlCacheBehavior [ RunTime:0.000873s ]
INFO: Run Behavior\CheckLangBehavior [ RunTime:0.002078s ]
INFO: [ app_begin ] --END-- [ RunTime:0.003074s ]
SQL: SHOW COLUMNS FROM `fofs_lp_fund_product` [ RunTime:0.0149s ]
SQL: SELECT * FROM `fofs_lp_fund_product` WHERE `institution_type` = 1 AND `institution_id` = 3  [ RunTime:0.0010s ]
SQL: SHOW COLUMNS FROM `fofs_investment_project` [ RunTime:0.0120s ]
SQL: SELECT * FROM `fofs_investment_project` WHERE `fund_id` = 1  [ RunTime:0.0010s ]
SQL: SELECT * FROM `fofs_investment_project` WHERE `fund_id` = 2  [ RunTime:0.0008s ]
INFO: [ view_parse ] --START--
INFO: [ template_filter ] --START--
INFO: Run Behavior\ContentReplaceBehavior [ RunTime:0.000437s ]
INFO: [ template_filter ] --END-- [ RunTime:0.000559s ]
INFO: Run Behavior\ParseTemplateBehavior [ RunTime:0.042023s ]
INFO: [ view_parse ] --END-- [ RunTime:0.042131s ]
INFO: [ view_filter ] --START--
INFO: Run Behavior\WriteHtmlCacheBehavior [ RunTime:0.000820s ]
INFO: [ view_filter ] --END-- [ RunTime:0.000897s ]
INFO: [ app_end ] --START--
INFO: Run Behavior\ShowPageTraceBehavior [ RunTime:0.001018s ]
INFO: [ app_end ] --END-- [ RunTime:0.001132s ]

[ 2016-10-26T00:39:17+08:00 ] ::1 /fofs/1/index.php/Home/Register/lpFundsInfo
INFO: [ app_init ] --START--
INFO: Run Behavior\BuildLiteBehavior [ RunTime:0.000027s ]
INFO: [ app_init ] --END-- [ RunTime:0.000582s ]
INFO: [ app_begin ] --START--
INFO: Run Behavior\ReadHtmlCacheBehavior [ RunTime:0.000847s ]
INFO: Run Behavior\CheckLangBehavior [ RunTime:0.002550s ]
INFO: [ app_begin ] --END-- [ RunTime:0.003527s ]
SQL: SHOW COLUMNS FROM `fofs_lp_fund_product` [ RunTime:0.0142s ]
SQL: SELECT * FROM `fofs_lp_fund_product` WHERE `institution_type` = 1 AND `institution_id` = 3  [ RunTime:0.0011s ]
SQL: SHOW COLUMNS FROM `fofs_investment_project` [ RunTime:0.0149s ]
SQL: SELECT * FROM `fofs_investment_project` WHERE `fund_id` = 1  [ RunTime:0.0009s ]
SQL: SELECT * FROM `fofs_investment_project` WHERE `fund_id` = 2  [ RunTime:0.0008s ]
INFO: [ view_parse ] --START--
INFO: [ template_filter ] --START--
INFO: Run Behavior\ContentReplaceBehavior [ RunTime:0.000329s ]
INFO: [ template_filter ] --END-- [ RunTime:0.000407s ]
INFO: Run Behavior\ParseTemplateBehavior [ RunTime:0.035868s ]
INFO: [ view_parse ] --END-- [ RunTime:0.035951s ]
INFO: [ view_filter ] --START--
INFO: Run Behavior\WriteHtmlCacheBehavior [ RunTime:0.000661s ]
INFO: [ view_filter ] --END-- [ RunTime:0.000719s ]
INFO: [ app_end ] --START--
INFO: Run Behavior\ShowPageTraceBehavior [ RunTime:0.001080s ]
INFO: [ app_end ] --END-- [ RunTime:0.001827s ]

[ 2016-10-26T00:39:42+08:00 ] ::1 /fofs/1/index.php/Home/Register/save_lpFundsInfo
INFO: [ app_init ] --START--
INFO: Run Behavior\BuildLiteBehavior [ RunTime:0.000020s ]
INFO: [ app_init ] --END-- [ RunTime:0.000735s ]
INFO: [ app_begin ] --START--
INFO: Run Behavior\ReadHtmlCacheBehavior [ RunTime:0.001196s ]
INFO: Run Behavior\CheckLangBehavior [ RunTime:0.002287s ]
INFO: [ app_begin ] --END-- [ RunTime:0.003660s ]
INFO: [ app_end ] --START--
INFO: Run Behavior\ShowPageTraceBehavior [ RunTime:0.000997s ]
INFO: [ app_end ] --END-- [ RunTime:0.001089s ]

[ 2016-10-26T00:50:01+08:00 ] ::1 /fofs/1/index.php/Home/Register/lpFundsInfo
INFO: [ app_init ] --START--
INFO: Run Behavior\BuildLiteBehavior [ RunTime:0.000021s ]
INFO: [ app_init ] --END-- [ RunTime:0.000614s ]
INFO: [ app_begin ] --START--
INFO: Run Behavior\ReadHtmlCacheBehavior [ RunTime:0.001223s ]
INFO: Run Behavior\CheckLangBehavior [ RunTime:0.003052s ]
INFO: [ app_begin ] --END-- [ RunTime:0.004424s ]
SQL: SHOW COLUMNS FROM `fofs_lp_fund_product` [ RunTime:0.0129s ]
SQL: SELECT * FROM `fofs_lp_fund_product` WHERE `institution_type` = 1 AND `institution_id` = 3  [ RunTime:0.0012s ]
SQL: SHOW COLUMNS FROM `fofs_investment_project` [ RunTime:0.0135s ]
SQL: SELECT * FROM `fofs_investment_project` WHERE `fund_id` = 1  [ RunTime:0.0010s ]
SQL: SELECT * FROM `fofs_investment_project` WHERE `fund_id` = 2  [ RunTime:0.0009s ]
INFO: [ view_parse ] --START--
INFO: [ template_filter ] --START--
INFO: Run Behavior\ContentReplaceBehavior [ RunTime:0.000458s ]
INFO: [ template_filter ] --END-- [ RunTime:0.000571s ]
INFO: Run Behavior\ParseTemplateBehavior [ RunTime:0.039943s ]
INFO: [ view_parse ] --END-- [ RunTime:0.040053s ]
INFO: [ view_filter ] --START--
INFO: Run Behavior\WriteHtmlCacheBehavior [ RunTime:0.000786s ]
INFO: [ view_filter ] --END-- [ RunTime:0.000850s ]
INFO: [ app_end ] --START--
INFO: Run Behavior\ShowPageTraceBehavior [ RunTime:0.001105s ]
INFO: [ app_end ] --END-- [ RunTime:0.001219s ]

[ 2016-10-26T00:52:34+08:00 ] ::1 /fofs/1/index.php/Home/Register/save_lpFundsInfo
INFO: [ app_init ] --START--
INFO: Run Behavior\BuildLiteBehavior [ RunTime:0.000021s ]
INFO: [ app_init ] --END-- [ RunTime:0.000625s ]
INFO: [ app_begin ] --START--
INFO: Run Behavior\ReadHtmlCacheBehavior [ RunTime:0.000972s ]
INFO: Run Behavior\CheckLangBehavior [ RunTime:0.002948s ]
INFO: [ app_begin ] --END-- [ RunTime:0.004065s ]
SQL: SHOW COLUMNS FROM `fofs_lp_fund_product` [ RunTime:0.0136s ]
SQL: INSERT INTO `fofs_lp_fund_product` (`institution_type`,`institution_id`,`name`,`founded_time`,`registered_address`,`currency_type_id`,`fund_size`,`is_government_guidance`,`is_investment_security`,`is_other_investment`,`trustee_name`,`investment_field`,`is_recruitment_period`,`is_recorded`,`fund_number`,`recorded_time`) VALUES ('1','3','等哈等哈','1475683200','北大','2','2323232','1','1','1','的法定号','代发打电话','1','0','','') [ RunTime:0.0012s ]
NOTIC: [2] call_user_func() expects parameter 1 to be a valid callback, no array or string given D:\phpStudy\WWW\fofs\1\ThinkPHP\Library\Think\Upload.class.php 第 170 行.
SQL: UPDATE `fofs_lp_fund_product` SET `recruitment_plan_url`='3_ebb3f74a48.pdf' WHERE ( id=3 ) [ RunTime:0.0013s ]
SQL: SHOW COLUMNS FROM `fofs_investment_project` [ RunTime:0.0502s ]
SQL: INSERT INTO `fofs_investment_project` (`fund_id`,`project_name`,`project_abstract`,`investment_quota`,`investment_round`,`investment_time`,`project_state_type`) VALUES ('3','等哈等哈','都发好了了','7674','E轮','1476288000','4') [ RunTime:0.0017s ]
SQL: SHOW COLUMNS FROM `fofs_lp` [ RunTime:0.0306s ]
SQL: UPDATE `fofs_lp` SET `reg_step`='5',`state`='200' WHERE `id` = 3 [ RunTime:0.0021s ]
INFO: [ view_parse ] --START--
INFO: [ template_filter ] --START--
INFO: Run Behavior\ContentReplaceBehavior [ RunTime:0.000103s ]
INFO: [ template_filter ] --END-- [ RunTime:0.000275s ]
INFO: Run Behavior\ParseTemplateBehavior [ RunTime:0.029138s ]
INFO: [ view_parse ] --END-- [ RunTime:0.029337s ]
INFO: [ view_filter ] --START--
INFO: Run Behavior\WriteHtmlCacheBehavior [ RunTime:0.003912s ]
INFO: [ view_filter ] --END-- [ RunTime:0.004069s ]
INFO: [ app_end ] --START--
INFO: Run Behavior\ShowPageTraceBehavior [ RunTime:0.004509s ]
INFO: [ app_end ] --END-- [ RunTime:0.004690s ]

[ 2016-10-26T00:52:35+08:00 ] ::1 /fofs/1/index.php/Home/Lp/individualProfile
INFO: [ app_init ] --START--
INFO: Run Behavior\BuildLiteBehavior [ RunTime:0.000029s ]
INFO: [ app_init ] --END-- [ RunTime:0.001195s ]
INFO: [ app_begin ] --START--
INFO: Run Behavior\ReadHtmlCacheBehavior [ RunTime:0.002519s ]
INFO: Run Behavior\CheckLangBehavior [ RunTime:0.007718s ]
INFO: [ app_begin ] --END-- [ RunTime:0.010480s ]
ERR: SQLSTATE[42S02]: Base table or view not found: 1146 Table 'fofs.fofs_buyer' doesn't exist

[ 2016-10-26T00:59:27+08:00 ] ::1 /fofs/1/index.php/Home/Lp/individualProfile
INFO: [ app_init ] --START--
INFO: Run Behavior\BuildLiteBehavior [ RunTime:0.000021s ]
INFO: [ app_init ] --END-- [ RunTime:0.000712s ]
INFO: [ app_begin ] --START--
INFO: Run Behavior\ReadHtmlCacheBehavior [ RunTime:0.000946s ]
INFO: Run Behavior\CheckLangBehavior [ RunTime:0.003006s ]
INFO: [ app_begin ] --END-- [ RunTime:0.004122s ]
SQL: SHOW COLUMNS FROM `fofs_user` [ RunTime:0.0140s ]
SQL: SELECT * FROM `fofs_user` WHERE `id` = 3 LIMIT 1   [ RunTime:0.0012s ]
INFO: [ view_parse ] --START--
INFO: [ template_filter ] --START--
INFO: Run Behavior\ContentReplaceBehavior [ RunTime:0.000624s ]
INFO: [ template_filter ] --END-- [ RunTime:0.001044s ]
NOTIC: [8] Undefined variable: amount D:\phpStudy\WWW\fofs\1\Application\Runtime\Cache\Home\6b9f36ffb11a8274f58771a7a4c485dd.php 第 305 行.
NOTIC: [8] Undefined variable: amount D:\phpStudy\WWW\fofs\1\Application\Runtime\Cache\Home\6b9f36ffb11a8274f58771a7a4c485dd.php 第 321 行.
NOTIC: [8] Undefined variable: amount D:\phpStudy\WWW\fofs\1\Application\Runtime\Cache\Home\6b9f36ffb11a8274f58771a7a4c485dd.php 第 322 行.
INFO: Run Behavior\ParseTemplateBehavior [ RunTime:0.105720s ]
INFO: [ view_parse ] --END-- [ RunTime:0.106009s ]
INFO: [ view_filter ] --START--
INFO: Run Behavior\WriteHtmlCacheBehavior [ RunTime:0.002197s ]
INFO: [ view_filter ] --END-- [ RunTime:0.002389s ]
INFO: [ app_end ] --START--
INFO: Run Behavior\ShowPageTraceBehavior [ RunTime:0.005530s ]
INFO: [ app_end ] --END-- [ RunTime:0.005718s ]

[ 2016-10-26T00:59:38+08:00 ] ::1 /fofs/1/index.php/Home/Lp/individualProfile?l=zh-cn
INFO: [ app_init ] --START--
INFO: Run Behavior\BuildLiteBehavior [ RunTime:0.000017s ]
INFO: [ app_init ] --END-- [ RunTime:0.000484s ]
INFO: [ app_begin ] --START--
INFO: Run Behavior\ReadHtmlCacheBehavior [ RunTime:0.000765s ]
INFO: Run Behavior\CheckLangBehavior [ RunTime:0.002391s ]
INFO: [ app_begin ] --END-- [ RunTime:0.003335s ]
SQL: SHOW COLUMNS FROM `fofs_user` [ RunTime:0.0123s ]
SQL: SELECT * FROM `fofs_user` WHERE `id` = 3 LIMIT 1   [ RunTime:0.0011s ]
INFO: [ view_parse ] --START--
INFO: [ template_filter ] --START--
INFO: Run Behavior\ContentReplaceBehavior [ RunTime:0.000171s ]
INFO: [ template_filter ] --END-- [ RunTime:0.000270s ]
NOTIC: [8] Undefined variable: amount D:\phpStudy\WWW\fofs\1\Application\Runtime\Cache\Home\6b9f36ffb11a8274f58771a7a4c485dd.php 第 305 行.
NOTIC: [8] Undefined variable: amount D:\phpStudy\WWW\fofs\1\Application\Runtime\Cache\Home\6b9f36ffb11a8274f58771a7a4c485dd.php 第 321 行.
NOTIC: [8] Undefined variable: amount D:\phpStudy\WWW\fofs\1\Application\Runtime\Cache\Home\6b9f36ffb11a8274f58771a7a4c485dd.php 第 322 行.
INFO: Run Behavior\ParseTemplateBehavior [ RunTime:0.066232s ]
INFO: [ view_parse ] --END-- [ RunTime:0.066312s ]
INFO: [ view_filter ] --START--
INFO: Run Behavior\WriteHtmlCacheBehavior [ RunTime:0.000599s ]
INFO: [ view_filter ] --END-- [ RunTime:0.000658s ]
INFO: [ app_end ] --START--
INFO: Run Behavior\ShowPageTraceBehavior [ RunTime:0.001669s ]
INFO: [ app_end ] --END-- [ RunTime:0.001788s ]

