[ 2016-11-02T23:28:51+08:00 ] ::1 /fofs/1/index.php
INFO: [ app_init ] --START--
INFO: Run Behavior\BuildLiteBehavior [ RunTime:0.000021s ]
INFO: [ app_init ] --END-- [ RunTime:0.000531s ]
INFO: [ app_begin ] --START--
INFO: Run Behavior\ReadHtmlCacheBehavior [ RunTime:0.000628s ]
INFO: Run Behavior\CheckLangBehavior [ RunTime:0.001644s ]
INFO: [ app_begin ] --END-- [ RunTime:0.002376s ]
SQL: SHOW COLUMNS FROM `fofs_article` [ RunTime:0.0061s ]
SQL: SELECT * FROM `fofs_article` WHERE `article_type` = 1 ORDER BY id desc LIMIT 1,10   [ RunTime:0.0008s ]
SQL: SELECT * FROM `fofs_article` WHERE `article_type` = 2 ORDER BY id desc LIMIT 10   [ RunTime:0.0006s ]
SQL: SELECT * FROM `fofs_article` WHERE `article_type` = 3 ORDER BY id desc LIMIT 10   [ RunTime:0.0006s ]
SQL: SELECT * FROM `fofs_article` WHERE `article_type` = 4 ORDER BY id desc LIMIT 10   [ RunTime:0.0006s ]
INFO: [ view_parse ] --START--
INFO: [ template_filter ] --START--
INFO: Run Behavior\ContentReplaceBehavior [ RunTime:0.000166s ]
INFO: [ template_filter ] --END-- [ RunTime:0.000257s ]
NOTIC: [8] Undefined variable: user_id D:\phpStudy\WWW\fofs\1\Application\Runtime\Cache\Home\2a94b8bda04ff446dcedd42276fc99ee.php 第 49 行.
NOTIC: [8] Undefined variable: link D:\phpStudy\WWW\fofs\1\Application\Runtime\Cache\Home\2a94b8bda04ff446dcedd42276fc99ee.php 第 247 行.
NOTIC: [8] Undefined variable: link D:\phpStudy\WWW\fofs\1\Application\Runtime\Cache\Home\2a94b8bda04ff446dcedd42276fc99ee.php 第 264 行.
NOTIC: [8] Undefined variable: link D:\phpStudy\WWW\fofs\1\Application\Runtime\Cache\Home\2a94b8bda04ff446dcedd42276fc99ee.php 第 281 行.
INFO: Run Behavior\ParseTemplateBehavior [ RunTime:0.022402s ]
INFO: [ view_parse ] --END-- [ RunTime:0.022473s ]
INFO: [ view_filter ] --START--
INFO: Run Behavior\WriteHtmlCacheBehavior [ RunTime:0.000477s ]
INFO: [ view_filter ] --END-- [ RunTime:0.000543s ]
INFO: [ app_end ] --START--
INFO: Run Behavior\ShowPageTraceBehavior [ RunTime:0.000906s ]
INFO: [ app_end ] --END-- [ RunTime:0.000995s ]

[ 2016-11-02T23:28:52+08:00 ] ::1 /fofs/1/index.php?l=zh-cn
INFO: [ app_init ] --START--
INFO: Run Behavior\BuildLiteBehavior [ RunTime:0.000033s ]
INFO: [ app_init ] --END-- [ RunTime:0.000722s ]
INFO: [ app_begin ] --START--
INFO: Run Behavior\ReadHtmlCacheBehavior [ RunTime:0.000878s ]
INFO: Run Behavior\CheckLangBehavior [ RunTime:0.002419s ]
INFO: [ app_begin ] --END-- [ RunTime:0.003467s ]
SQL: SHOW COLUMNS FROM `fofs_article` [ RunTime:0.0055s ]
SQL: SELECT * FROM `fofs_article` WHERE `article_type` = 1 ORDER BY id desc LIMIT 1,10   [ RunTime:0.0010s ]
SQL: SELECT * FROM `fofs_article` WHERE `article_type` = 2 ORDER BY id desc LIMIT 10   [ RunTime:0.0007s ]
SQL: SELECT * FROM `fofs_article` WHERE `article_type` = 3 ORDER BY id desc LIMIT 10   [ RunTime:0.0007s ]
SQL: SELECT * FROM `fofs_article` WHERE `article_type` = 4 ORDER BY id desc LIMIT 10   [ RunTime:0.0007s ]
INFO: [ view_parse ] --START--
INFO: [ template_filter ] --START--
INFO: Run Behavior\ContentReplaceBehavior [ RunTime:0.000638s ]
INFO: [ template_filter ] --END-- [ RunTime:0.001857s ]
NOTIC: [8] Undefined variable: user_id D:\phpStudy\WWW\fofs\1\Application\Runtime\Cache\Home\2a94b8bda04ff446dcedd42276fc99ee.php 第 49 行.
NOTIC: [8] Undefined variable: link D:\phpStudy\WWW\fofs\1\Application\Runtime\Cache\Home\2a94b8bda04ff446dcedd42276fc99ee.php 第 247 行.
NOTIC: [8] Undefined variable: link D:\phpStudy\WWW\fofs\1\Application\Runtime\Cache\Home\2a94b8bda04ff446dcedd42276fc99ee.php 第 264 行.
NOTIC: [8] Undefined variable: link D:\phpStudy\WWW\fofs\1\Application\Runtime\Cache\Home\2a94b8bda04ff446dcedd42276fc99ee.php 第 281 行.
INFO: Run Behavior\ParseTemplateBehavior [ RunTime:0.040378s ]
INFO: [ view_parse ] --END-- [ RunTime:0.040501s ]
INFO: [ view_filter ] --START--
INFO: Run Behavior\WriteHtmlCacheBehavior [ RunTime:0.000736s ]
INFO: [ view_filter ] --END-- [ RunTime:0.000841s ]
INFO: [ app_end ] --START--
INFO: Run Behavior\ShowPageTraceBehavior [ RunTime:0.001115s ]
INFO: [ app_end ] --END-- [ RunTime:0.001236s ]

[ 2016-11-02T23:29:20+08:00 ] ::1 /fofs/1/index.php/Home
INFO: [ app_init ] --START--
INFO: Run Behavior\BuildLiteBehavior [ RunTime:0.000020s ]
INFO: [ app_init ] --END-- [ RunTime:0.000460s ]
INFO: [ app_begin ] --START--
INFO: Run Behavior\ReadHtmlCacheBehavior [ RunTime:0.000642s ]
INFO: Run Behavior\CheckLangBehavior [ RunTime:0.001567s ]
INFO: [ app_begin ] --END-- [ RunTime:0.002345s ]
SQL: SHOW COLUMNS FROM `fofs_article` [ RunTime:0.0045s ]
SQL: SELECT * FROM `fofs_article` WHERE `article_type` = 1 ORDER BY id desc LIMIT 1,10   [ RunTime:0.0008s ]
SQL: SELECT * FROM `fofs_article` WHERE `article_type` = 2 ORDER BY id desc LIMIT 10   [ RunTime:0.0006s ]
SQL: SELECT * FROM `fofs_article` WHERE `article_type` = 3 ORDER BY id desc LIMIT 10   [ RunTime:0.0006s ]
SQL: SELECT * FROM `fofs_article` WHERE `article_type` = 4 ORDER BY id desc LIMIT 10   [ RunTime:0.0006s ]
INFO: [ view_parse ] --START--
INFO: [ template_filter ] --START--
INFO: Run Behavior\ContentReplaceBehavior [ RunTime:0.000151s ]
INFO: [ template_filter ] --END-- [ RunTime:0.000220s ]
NOTIC: [8] Undefined variable: user_id D:\phpStudy\WWW\fofs\1\Application\Runtime\Cache\Home\2a94b8bda04ff446dcedd42276fc99ee.php 第 49 行.
NOTIC: [8] Undefined variable: link D:\phpStudy\WWW\fofs\1\Application\Runtime\Cache\Home\2a94b8bda04ff446dcedd42276fc99ee.php 第 247 行.
NOTIC: [8] Undefined variable: link D:\phpStudy\WWW\fofs\1\Application\Runtime\Cache\Home\2a94b8bda04ff446dcedd42276fc99ee.php 第 264 行.
NOTIC: [8] Undefined variable: link D:\phpStudy\WWW\fofs\1\Application\Runtime\Cache\Home\2a94b8bda04ff446dcedd42276fc99ee.php 第 281 行.
INFO: Run Behavior\ParseTemplateBehavior [ RunTime:0.021084s ]
INFO: [ view_parse ] --END-- [ RunTime:0.021150s ]
INFO: [ view_filter ] --START--
INFO: Run Behavior\WriteHtmlCacheBehavior [ RunTime:0.000385s ]
INFO: [ view_filter ] --END-- [ RunTime:0.000445s ]
INFO: [ app_end ] --START--
INFO: Run Behavior\ShowPageTraceBehavior [ RunTime:0.000677s ]
INFO: [ app_end ] --END-- [ RunTime:0.000751s ]

[ 2016-11-02T23:29:48+08:00 ] ::1 /fofs/1/index.php/Home/Index/institution_login
INFO: [ app_init ] --START--
INFO: Run Behavior\BuildLiteBehavior [ RunTime:0.000021s ]
INFO: [ app_init ] --END-- [ RunTime:0.000622s ]
INFO: [ app_begin ] --START--
INFO: Run Behavior\ReadHtmlCacheBehavior [ RunTime:0.000680s ]
INFO: Run Behavior\CheckLangBehavior [ RunTime:0.001912s ]
INFO: [ app_begin ] --END-- [ RunTime:0.002710s ]
SQL: SHOW COLUMNS FROM `fofs_financial_institution` [ RunTime:0.0430s ]
SQL: SELECT * FROM `fofs_financial_institution` WHERE `email` = '896776703@qq.com' LIMIT 1   [ RunTime:0.0009s ]
INFO: [ view_parse ] --START--
INFO: [ template_filter ] --START--
INFO: Run Behavior\ContentReplaceBehavior [ RunTime:0.000047s ]
INFO: [ template_filter ] --END-- [ RunTime:0.000120s ]
INFO: Run Behavior\ParseTemplateBehavior [ RunTime:0.006296s ]
INFO: [ view_parse ] --END-- [ RunTime:0.006414s ]
INFO: [ view_filter ] --START--
INFO: Run Behavior\WriteHtmlCacheBehavior [ RunTime:0.000505s ]
INFO: [ view_filter ] --END-- [ RunTime:0.000590s ]
INFO: [ app_end ] --START--
INFO: Run Behavior\ShowPageTraceBehavior [ RunTime:0.000597s ]
INFO: [ app_end ] --END-- [ RunTime:0.000661s ]

[ 2016-11-02T23:29:49+08:00 ] ::1 /fofs/1/index.php/Home/Register/personalInfo
INFO: [ app_init ] --START--
INFO: Run Behavior\BuildLiteBehavior [ RunTime:0.000025s ]
INFO: [ app_init ] --END-- [ RunTime:0.000626s ]
INFO: [ app_begin ] --START--
INFO: Run Behavior\ReadHtmlCacheBehavior [ RunTime:0.000931s ]
INFO: Run Behavior\CheckLangBehavior [ RunTime:0.002280s ]
INFO: [ app_begin ] --END-- [ RunTime:0.003391s ]
SQL: SHOW COLUMNS FROM `fofs_financial_institution` [ RunTime:0.0047s ]
SQL: SELECT * FROM `fofs_financial_institution` WHERE `id` = 1 LIMIT 1   [ RunTime:0.0008s ]
INFO: [ view_parse ] --START--
INFO: [ template_filter ] --START--
INFO: Run Behavior\ContentReplaceBehavior [ RunTime:0.000135s ]
INFO: [ template_filter ] --END-- [ RunTime:0.000214s ]
NOTIC: [8] Undefined variable: data D:\phpStudy\WWW\fofs\1\Application\Runtime\Cache\Home\d94b4cd6faef8eab9eeb2d2900db266c.php 第 313 行.
INFO: Run Behavior\ParseTemplateBehavior [ RunTime:0.071486s ]
INFO: [ view_parse ] --END-- [ RunTime:0.071592s ]
INFO: [ view_filter ] --START--
INFO: Run Behavior\WriteHtmlCacheBehavior [ RunTime:0.000583s ]
INFO: [ view_filter ] --END-- [ RunTime:0.000681s ]
INFO: [ app_end ] --START--
INFO: Run Behavior\ShowPageTraceBehavior [ RunTime:0.001158s ]
INFO: [ app_end ] --END-- [ RunTime:0.001307s ]

[ 2016-11-02T23:30:06+08:00 ] ::1 /fofs/1/index.php/Home/Register/save_personalInfo
INFO: [ app_init ] --START--
INFO: Run Behavior\BuildLiteBehavior [ RunTime:0.000019s ]
INFO: [ app_init ] --END-- [ RunTime:0.000440s ]
INFO: [ app_begin ] --START--
INFO: Run Behavior\ReadHtmlCacheBehavior [ RunTime:0.000935s ]
INFO: Run Behavior\CheckLangBehavior [ RunTime:0.002452s ]
INFO: [ app_begin ] --END-- [ RunTime:0.003571s ]
SQL: SHOW COLUMNS FROM `fofs_financial_institution` [ RunTime:0.0046s ]
SQL: UPDATE `fofs_financial_institution` SET `institution_abbr`='北京乐享奇迹信息科技有限公司',`admin_name`='张小凡das',`admin_function`='CTO',`admin_telephone`='1111111',`admin_mobilephone`='3421231',`admin_email`='56456@qq.com',`admin_idcard`='121312312434',`reg_step`='2',`reg_time`='1478100606' WHERE `id` = 1 [ RunTime:0.0008s ]
INFO: [ view_parse ] --START--
INFO: [ template_filter ] --START--
INFO: Run Behavior\ContentReplaceBehavior [ RunTime:0.000043s ]
INFO: [ template_filter ] --END-- [ RunTime:0.000115s ]
INFO: Run Behavior\ParseTemplateBehavior [ RunTime:0.006192s ]
INFO: [ view_parse ] --END-- [ RunTime:0.006265s ]
INFO: [ view_filter ] --START--
INFO: Run Behavior\WriteHtmlCacheBehavior [ RunTime:0.000326s ]
INFO: [ view_filter ] --END-- [ RunTime:0.000381s ]
INFO: [ app_end ] --START--
INFO: Run Behavior\ShowPageTraceBehavior [ RunTime:0.000524s ]
INFO: [ app_end ] --END-- [ RunTime:0.000581s ]

[ 2016-11-02T23:30:07+08:00 ] ::1 /fofs/1/index.php/Home/Register/fiCompanyInfo
INFO: [ app_init ] --START--
INFO: Run Behavior\BuildLiteBehavior [ RunTime:0.000026s ]
INFO: [ app_init ] --END-- [ RunTime:0.000747s ]
INFO: [ app_begin ] --START--
INFO: Run Behavior\ReadHtmlCacheBehavior [ RunTime:0.000869s ]
INFO: Run Behavior\CheckLangBehavior [ RunTime:0.002431s ]
INFO: [ app_begin ] --END-- [ RunTime:0.003469s ]
INFO: [ view_parse ] --START--
INFO: [ template_filter ] --START--
INFO: Run Behavior\ContentReplaceBehavior [ RunTime:0.000141s ]
INFO: [ template_filter ] --END-- [ RunTime:0.000221s ]
NOTIC: [8] Undefined variable: data D:\phpStudy\WWW\fofs\1\Application\Runtime\Cache\Home\403c049390d1a38a0bb2bc12cdf4c1d1.php 第 249 行.
NOTIC: [8] Undefined variable: data D:\phpStudy\WWW\fofs\1\Application\Runtime\Cache\Home\403c049390d1a38a0bb2bc12cdf4c1d1.php 第 257 行.
NOTIC: [8] Undefined variable: data D:\phpStudy\WWW\fofs\1\Application\Runtime\Cache\Home\403c049390d1a38a0bb2bc12cdf4c1d1.php 第 273 行.
NOTIC: [8] Undefined variable: data D:\phpStudy\WWW\fofs\1\Application\Runtime\Cache\Home\403c049390d1a38a0bb2bc12cdf4c1d1.php 第 325 行.
NOTIC: [8] Undefined variable: data D:\phpStudy\WWW\fofs\1\Application\Runtime\Cache\Home\403c049390d1a38a0bb2bc12cdf4c1d1.php 第 333 行.
NOTIC: [8] Undefined variable: data D:\phpStudy\WWW\fofs\1\Application\Runtime\Cache\Home\403c049390d1a38a0bb2bc12cdf4c1d1.php 第 343 行.
NOTIC: [8] Undefined variable: data D:\phpStudy\WWW\fofs\1\Application\Runtime\Cache\Home\403c049390d1a38a0bb2bc12cdf4c1d1.php 第 353 行.
NOTIC: [8] Undefined variable: data D:\phpStudy\WWW\fofs\1\Application\Runtime\Cache\Home\403c049390d1a38a0bb2bc12cdf4c1d1.php 第 361 行.
NOTIC: [8] Undefined variable: data D:\phpStudy\WWW\fofs\1\Application\Runtime\Cache\Home\403c049390d1a38a0bb2bc12cdf4c1d1.php 第 369 行.
NOTIC: [8] Undefined variable: id D:\phpStudy\WWW\fofs\1\Application\Runtime\Cache\Home\403c049390d1a38a0bb2bc12cdf4c1d1.php 第 385 行.
INFO: Run Behavior\ParseTemplateBehavior [ RunTime:0.038608s ]
INFO: [ view_parse ] --END-- [ RunTime:0.038687s ]
INFO: [ view_filter ] --START--
INFO: Run Behavior\WriteHtmlCacheBehavior [ RunTime:0.000368s ]
INFO: [ view_filter ] --END-- [ RunTime:0.000422s ]
INFO: [ app_end ] --START--
INFO: Run Behavior\ShowPageTraceBehavior [ RunTime:0.000812s ]
INFO: [ app_end ] --END-- [ RunTime:0.000905s ]

[ 2016-11-02T23:32:59+08:00 ] ::1 /fofs/1/index.php/Home/Register/save_supplierCompanyInfo
INFO: [ app_init ] --START--
INFO: Run Behavior\BuildLiteBehavior [ RunTime:0.000025s ]
INFO: [ app_init ] --END-- [ RunTime:0.001143s ]
INFO: [ app_begin ] --START--
INFO: Run Behavior\ReadHtmlCacheBehavior [ RunTime:0.000870s ]
INFO: Run Behavior\CheckLangBehavior [ RunTime:0.002271s ]
INFO: [ app_begin ] --END-- [ RunTime:0.003290s ]
INFO: [ view_parse ] --START--
INFO: [ template_filter ] --START--
INFO: Run Behavior\ContentReplaceBehavior [ RunTime:0.000054s ]
INFO: [ template_filter ] --END-- [ RunTime:0.000141s ]
INFO: Run Behavior\ParseTemplateBehavior [ RunTime:0.008288s ]
INFO: [ view_parse ] --END-- [ RunTime:0.008390s ]
INFO: [ view_filter ] --START--
INFO: Run Behavior\WriteHtmlCacheBehavior [ RunTime:0.000614s ]
INFO: [ view_filter ] --END-- [ RunTime:0.000705s ]

[ 2016-11-02T23:33:02+08:00 ] ::1 /fofs/1/index.php/Home/Index
INFO: [ app_init ] --START--
INFO: Run Behavior\BuildLiteBehavior [ RunTime:0.000045s ]
INFO: [ app_init ] --END-- [ RunTime:0.001219s ]
INFO: [ app_begin ] --START--
INFO: Run Behavior\ReadHtmlCacheBehavior [ RunTime:0.001442s ]
INFO: Run Behavior\CheckLangBehavior [ RunTime:0.004397s ]
INFO: [ app_begin ] --END-- [ RunTime:0.006146s ]
SQL: SHOW COLUMNS FROM `fofs_article` [ RunTime:0.0077s ]
SQL: SELECT * FROM `fofs_article` WHERE `article_type` = 1 ORDER BY id desc LIMIT 1,10   [ RunTime:0.0012s ]
SQL: SELECT * FROM `fofs_article` WHERE `article_type` = 2 ORDER BY id desc LIMIT 10   [ RunTime:0.0009s ]
SQL: SELECT * FROM `fofs_article` WHERE `article_type` = 3 ORDER BY id desc LIMIT 10   [ RunTime:0.0008s ]
SQL: SELECT * FROM `fofs_article` WHERE `article_type` = 4 ORDER BY id desc LIMIT 10   [ RunTime:0.0008s ]
INFO: [ view_parse ] --START--
INFO: [ template_filter ] --START--
INFO: Run Behavior\ContentReplaceBehavior [ RunTime:0.000406s ]
INFO: [ template_filter ] --END-- [ RunTime:0.000641s ]
NOTIC: [8] Undefined variable: link D:\phpStudy\WWW\fofs\1\Application\Runtime\Cache\Home\2a94b8bda04ff446dcedd42276fc99ee.php 第 247 行.
NOTIC: [8] Undefined variable: link D:\phpStudy\WWW\fofs\1\Application\Runtime\Cache\Home\2a94b8bda04ff446dcedd42276fc99ee.php 第 264 行.
NOTIC: [8] Undefined variable: link D:\phpStudy\WWW\fofs\1\Application\Runtime\Cache\Home\2a94b8bda04ff446dcedd42276fc99ee.php 第 281 行.
INFO: Run Behavior\ParseTemplateBehavior [ RunTime:0.038472s ]
INFO: [ view_parse ] --END-- [ RunTime:0.038592s ]
INFO: [ view_filter ] --START--
INFO: Run Behavior\WriteHtmlCacheBehavior [ RunTime:0.000700s ]
INFO: [ view_filter ] --END-- [ RunTime:0.000794s ]
INFO: [ app_end ] --START--
INFO: Run Behavior\ShowPageTraceBehavior [ RunTime:0.001320s ]
INFO: [ app_end ] --END-- [ RunTime:0.001520s ]

[ 2016-11-02T23:33:20+08:00 ] ::1 /fofs/1/index.php/Home/Sa/individualProfile
INFO: [ app_init ] --START--
INFO: Run Behavior\BuildLiteBehavior [ RunTime:0.000022s ]
INFO: [ app_init ] --END-- [ RunTime:0.000585s ]
INFO: [ app_begin ] --START--
INFO: Run Behavior\ReadHtmlCacheBehavior [ RunTime:0.000634s ]
INFO: Run Behavior\CheckLangBehavior [ RunTime:0.001789s ]
INFO: [ app_begin ] --END-- [ RunTime:0.002556s ]
SQL: SHOW COLUMNS FROM `fofs_financial_institution` [ RunTime:0.0608s ]
SQL: SELECT * FROM `fofs_financial_institution` WHERE `id` = 1 LIMIT 1   [ RunTime:0.0009s ]
SQL: SHOW COLUMNS FROM `fofs_senior_executive` [ RunTime:0.0058s ]
SQL: SELECT * FROM `fofs_senior_executive` WHERE `institution_type` = 6 AND `institution_id` = 1  [ RunTime:0.0008s ]
SQL: SHOW COLUMNS FROM `fofs_business_experience` [ RunTime:0.0066s ]
SQL: SHOW COLUMNS FROM `fofs_server_product` [ RunTime:0.0067s ]
SQL: SELECT * FROM `fofs_server_product` WHERE `institution_type` = 6 AND `institution_id` = 1  [ RunTime:0.0008s ]
INFO: [ view_parse ] --START--
INFO: [ template_filter ] --START--
INFO: Run Behavior\ContentReplaceBehavior [ RunTime:0.000649s ]
INFO: [ template_filter ] --END-- [ RunTime:0.001006s ]
NOTIC: [8] Undefined variable: amount D:\phpStudy\WWW\fofs\1\Application\Runtime\Cache\Home\8a025e7e5f400958d62163f1badfaf80.php 第 296 行.
NOTIC: [8] Undefined variable: amount D:\phpStudy\WWW\fofs\1\Application\Runtime\Cache\Home\8a025e7e5f400958d62163f1badfaf80.php 第 312 行.
NOTIC: [8] Undefined variable: amount D:\phpStudy\WWW\fofs\1\Application\Runtime\Cache\Home\8a025e7e5f400958d62163f1badfaf80.php 第 313 行.
INFO: Run Behavior\ParseTemplateBehavior [ RunTime:0.042474s ]
INFO: [ view_parse ] --END-- [ RunTime:0.042562s ]
INFO: [ view_filter ] --START--
INFO: Run Behavior\WriteHtmlCacheBehavior [ RunTime:0.000522s ]
INFO: [ view_filter ] --END-- [ RunTime:0.000592s ]
INFO: [ app_end ] --START--
INFO: Run Behavior\ShowPageTraceBehavior [ RunTime:0.000943s ]
INFO: [ app_end ] --END-- [ RunTime:0.001063s ]

[ 2016-11-02T23:35:30+08:00 ] ::1 /fofs/1/index.php
INFO: [ app_init ] --START--
INFO: Run Behavior\BuildLiteBehavior [ RunTime:0.000036s ]
INFO: [ app_init ] --END-- [ RunTime:0.001135s ]
INFO: [ app_begin ] --START--
INFO: Run Behavior\ReadHtmlCacheBehavior [ RunTime:0.002852s ]
INFO: Run Behavior\CheckLangBehavior [ RunTime:0.005212s ]
INFO: [ app_begin ] --END-- [ RunTime:0.008323s ]
SQL: SHOW COLUMNS FROM `fofs_article` [ RunTime:0.0047s ]
SQL: SELECT * FROM `fofs_article` WHERE `article_type` = 1 ORDER BY id desc LIMIT 1,10   [ RunTime:0.0008s ]
SQL: SELECT * FROM `fofs_article` WHERE `article_type` = 2 ORDER BY id desc LIMIT 10   [ RunTime:0.0006s ]
SQL: SELECT * FROM `fofs_article` WHERE `article_type` = 3 ORDER BY id desc LIMIT 10   [ RunTime:0.0005s ]
SQL: SELECT * FROM `fofs_article` WHERE `article_type` = 4 ORDER BY id desc LIMIT 10   [ RunTime:0.0005s ]
INFO: [ view_parse ] --START--
INFO: [ template_filter ] --START--
INFO: Run Behavior\ContentReplaceBehavior [ RunTime:0.000161s ]
INFO: [ template_filter ] --END-- [ RunTime:0.000236s ]
NOTIC: [8] Undefined variable: link D:\phpStudy\WWW\fofs\1\Application\Runtime\Cache\Home\2a94b8bda04ff446dcedd42276fc99ee.php 第 247 行.
NOTIC: [8] Undefined variable: link D:\phpStudy\WWW\fofs\1\Application\Runtime\Cache\Home\2a94b8bda04ff446dcedd42276fc99ee.php 第 264 行.
NOTIC: [8] Undefined variable: link D:\phpStudy\WWW\fofs\1\Application\Runtime\Cache\Home\2a94b8bda04ff446dcedd42276fc99ee.php 第 281 行.
INFO: Run Behavior\ParseTemplateBehavior [ RunTime:0.030362s ]
INFO: [ view_parse ] --END-- [ RunTime:0.030444s ]
INFO: [ view_filter ] --START--
INFO: Run Behavior\WriteHtmlCacheBehavior [ RunTime:0.001377s ]
INFO: [ view_filter ] --END-- [ RunTime:0.001434s ]
INFO: [ app_end ] --START--
INFO: Run Behavior\ShowPageTraceBehavior [ RunTime:0.003518s ]
INFO: [ app_end ] --END-- [ RunTime:0.003624s ]

[ 2016-11-02T23:39:16+08:00 ] ::1 /fofs/1/index.php/Home/Index/logout
INFO: [ app_init ] --START--
INFO: Run Behavior\BuildLiteBehavior [ RunTime:0.000023s ]
INFO: [ app_init ] --END-- [ RunTime:0.000738s ]
INFO: [ app_begin ] --START--
INFO: Run Behavior\ReadHtmlCacheBehavior [ RunTime:0.001262s ]
INFO: Run Behavior\CheckLangBehavior [ RunTime:0.002989s ]
INFO: [ app_begin ] --END-- [ RunTime:0.004393s ]
INFO: [ view_parse ] --START--
INFO: [ template_filter ] --START--
INFO: Run Behavior\ContentReplaceBehavior [ RunTime:0.000068s ]
INFO: [ template_filter ] --END-- [ RunTime:0.000156s ]
INFO: Run Behavior\ParseTemplateBehavior [ RunTime:0.009270s ]
INFO: [ view_parse ] --END-- [ RunTime:0.009366s ]
INFO: [ view_filter ] --START--
INFO: Run Behavior\WriteHtmlCacheBehavior [ RunTime:0.000832s ]
INFO: [ view_filter ] --END-- [ RunTime:0.000907s ]
INFO: [ app_end ] --START--
INFO: Run Behavior\ShowPageTraceBehavior [ RunTime:0.001056s ]
INFO: [ app_end ] --END-- [ RunTime:0.001128s ]

[ 2016-11-02T23:39:17+08:00 ] ::1 /fofs/1/index.php/Home/Index
INFO: [ app_init ] --START--
INFO: Run Behavior\BuildLiteBehavior [ RunTime:0.000044s ]
INFO: [ app_init ] --END-- [ RunTime:0.001265s ]
INFO: [ app_begin ] --START--
INFO: Run Behavior\ReadHtmlCacheBehavior [ RunTime:0.002178s ]
INFO: Run Behavior\CheckLangBehavior [ RunTime:0.005739s ]
INFO: [ app_begin ] --END-- [ RunTime:0.008325s ]
SQL: SHOW COLUMNS FROM `fofs_article` [ RunTime:0.0102s ]
SQL: SELECT * FROM `fofs_article` WHERE `article_type` = 1 ORDER BY id desc LIMIT 1,10   [ RunTime:0.0015s ]
SQL: SELECT * FROM `fofs_article` WHERE `article_type` = 2 ORDER BY id desc LIMIT 10   [ RunTime:0.0011s ]
SQL: SELECT * FROM `fofs_article` WHERE `article_type` = 3 ORDER BY id desc LIMIT 10   [ RunTime:0.0013s ]
SQL: SELECT * FROM `fofs_article` WHERE `article_type` = 4 ORDER BY id desc LIMIT 10   [ RunTime:0.0011s ]
INFO: [ view_parse ] --START--
INFO: [ template_filter ] --START--
INFO: Run Behavior\ContentReplaceBehavior [ RunTime:0.000273s ]
INFO: [ template_filter ] --END-- [ RunTime:0.000408s ]
NOTIC: [8] Undefined variable: user_id D:\phpStudy\WWW\fofs\1\Application\Runtime\Cache\Home\2a94b8bda04ff446dcedd42276fc99ee.php 第 49 行.
NOTIC: [8] Undefined variable: link D:\phpStudy\WWW\fofs\1\Application\Runtime\Cache\Home\2a94b8bda04ff446dcedd42276fc99ee.php 第 247 行.
NOTIC: [8] Undefined variable: link D:\phpStudy\WWW\fofs\1\Application\Runtime\Cache\Home\2a94b8bda04ff446dcedd42276fc99ee.php 第 264 行.
NOTIC: [8] Undefined variable: link D:\phpStudy\WWW\fofs\1\Application\Runtime\Cache\Home\2a94b8bda04ff446dcedd42276fc99ee.php 第 281 行.
INFO: Run Behavior\ParseTemplateBehavior [ RunTime:0.046776s ]
INFO: [ view_parse ] --END-- [ RunTime:0.046906s ]
INFO: [ view_filter ] --START--
INFO: Run Behavior\WriteHtmlCacheBehavior [ RunTime:0.000974s ]
INFO: [ view_filter ] --END-- [ RunTime:0.001074s ]
INFO: [ app_end ] --START--
INFO: Run Behavior\ShowPageTraceBehavior [ RunTime:0.001863s ]
INFO: [ app_end ] --END-- [ RunTime:0.002028s ]

[ 2016-11-02T23:39:39+08:00 ] ::1 /fofs/1/index.php/Home/Index/institution_login
INFO: [ app_init ] --START--
INFO: Run Behavior\BuildLiteBehavior [ RunTime:0.000023s ]
INFO: [ app_init ] --END-- [ RunTime:0.000517s ]
INFO: [ app_begin ] --START--
INFO: Run Behavior\ReadHtmlCacheBehavior [ RunTime:0.001126s ]
INFO: Run Behavior\CheckLangBehavior [ RunTime:0.002225s ]
INFO: [ app_begin ] --END-- [ RunTime:0.003514s ]
SQL: SHOW COLUMNS FROM `fofs_financial_institution` [ RunTime:0.0060s ]
SQL: SELECT * FROM `fofs_financial_institution` WHERE `email` = '896776703@qq.com' LIMIT 1   [ RunTime:0.0008s ]
INFO: [ view_parse ] --START--
INFO: [ template_filter ] --START--
INFO: Run Behavior\ContentReplaceBehavior [ RunTime:0.000047s ]
INFO: [ template_filter ] --END-- [ RunTime:0.000126s ]
INFO: Run Behavior\ParseTemplateBehavior [ RunTime:0.008687s ]
INFO: [ view_parse ] --END-- [ RunTime:0.008769s ]
INFO: [ view_filter ] --START--
INFO: Run Behavior\WriteHtmlCacheBehavior [ RunTime:0.000527s ]
INFO: [ view_filter ] --END-- [ RunTime:0.000602s ]
INFO: [ app_end ] --START--
INFO: Run Behavior\ShowPageTraceBehavior [ RunTime:0.000806s ]
INFO: [ app_end ] --END-- [ RunTime:0.000887s ]

[ 2016-11-02T23:39:40+08:00 ] ::1 /fofs/1/index.php/Home/Register/fiCompanyInfo
INFO: [ app_init ] --START--
INFO: Run Behavior\BuildLiteBehavior [ RunTime:0.000044s ]
INFO: [ app_init ] --END-- [ RunTime:0.001335s ]
INFO: [ app_begin ] --START--
INFO: Run Behavior\ReadHtmlCacheBehavior [ RunTime:0.001863s ]
INFO: Run Behavior\CheckLangBehavior [ RunTime:0.006830s ]
INFO: [ app_begin ] --END-- [ RunTime:0.009009s ]
INFO: [ view_parse ] --START--
INFO: [ template_filter ] --START--
INFO: Run Behavior\ContentReplaceBehavior [ RunTime:0.000422s ]
INFO: [ template_filter ] --END-- [ RunTime:0.000605s ]
NOTIC: [8] Undefined variable: data D:\phpStudy\WWW\fofs\1\Application\Runtime\Cache\Home\403c049390d1a38a0bb2bc12cdf4c1d1.php 第 249 行.
NOTIC: [8] Undefined variable: data D:\phpStudy\WWW\fofs\1\Application\Runtime\Cache\Home\403c049390d1a38a0bb2bc12cdf4c1d1.php 第 257 行.
NOTIC: [8] Undefined variable: data D:\phpStudy\WWW\fofs\1\Application\Runtime\Cache\Home\403c049390d1a38a0bb2bc12cdf4c1d1.php 第 273 行.
NOTIC: [8] Undefined variable: data D:\phpStudy\WWW\fofs\1\Application\Runtime\Cache\Home\403c049390d1a38a0bb2bc12cdf4c1d1.php 第 325 行.
NOTIC: [8] Undefined variable: data D:\phpStudy\WWW\fofs\1\Application\Runtime\Cache\Home\403c049390d1a38a0bb2bc12cdf4c1d1.php 第 333 行.
NOTIC: [8] Undefined variable: data D:\phpStudy\WWW\fofs\1\Application\Runtime\Cache\Home\403c049390d1a38a0bb2bc12cdf4c1d1.php 第 343 行.
NOTIC: [8] Undefined variable: data D:\phpStudy\WWW\fofs\1\Application\Runtime\Cache\Home\403c049390d1a38a0bb2bc12cdf4c1d1.php 第 353 行.
NOTIC: [8] Undefined variable: data D:\phpStudy\WWW\fofs\1\Application\Runtime\Cache\Home\403c049390d1a38a0bb2bc12cdf4c1d1.php 第 361 行.
NOTIC: [8] Undefined variable: data D:\phpStudy\WWW\fofs\1\Application\Runtime\Cache\Home\403c049390d1a38a0bb2bc12cdf4c1d1.php 第 369 行.
NOTIC: [8] Undefined variable: id D:\phpStudy\WWW\fofs\1\Application\Runtime\Cache\Home\403c049390d1a38a0bb2bc12cdf4c1d1.php 第 385 行.
INFO: Run Behavior\ParseTemplateBehavior [ RunTime:0.041730s ]
INFO: [ view_parse ] --END-- [ RunTime:0.041978s ]
INFO: [ view_filter ] --START--
INFO: Run Behavior\WriteHtmlCacheBehavior [ RunTime:0.002096s ]
INFO: [ view_filter ] --END-- [ RunTime:0.002367s ]
INFO: [ app_end ] --START--
INFO: Run Behavior\ShowPageTraceBehavior [ RunTime:0.007490s ]
INFO: [ app_end ] --END-- [ RunTime:0.007973s ]

[ 2016-11-02T23:55:35+08:00 ] ::1 /fofs/1/index.php/Home/Register/fiCompanyInfo
INFO: [ app_init ] --START--
INFO: Run Behavior\BuildLiteBehavior [ RunTime:0.000023s ]
INFO: [ app_init ] --END-- [ RunTime:0.000711s ]
INFO: [ app_begin ] --START--
INFO: Run Behavior\ReadHtmlCacheBehavior [ RunTime:0.001042s ]
INFO: Run Behavior\CheckLangBehavior [ RunTime:0.003289s ]
INFO: [ app_begin ] --END-- [ RunTime:0.004479s ]
INFO: [ view_parse ] --START--
INFO: [ template_filter ] --START--
INFO: Run Behavior\ContentReplaceBehavior [ RunTime:0.000200s ]
INFO: [ template_filter ] --END-- [ RunTime:0.000290s ]
NOTIC: [8] Undefined variable: data D:\phpStudy\WWW\fofs\1\Application\Runtime\Cache\Home\403c049390d1a38a0bb2bc12cdf4c1d1.php 第 249 行.
NOTIC: [8] Undefined variable: data D:\phpStudy\WWW\fofs\1\Application\Runtime\Cache\Home\403c049390d1a38a0bb2bc12cdf4c1d1.php 第 257 行.
NOTIC: [8] Undefined variable: data D:\phpStudy\WWW\fofs\1\Application\Runtime\Cache\Home\403c049390d1a38a0bb2bc12cdf4c1d1.php 第 273 行.
NOTIC: [8] Undefined variable: data D:\phpStudy\WWW\fofs\1\Application\Runtime\Cache\Home\403c049390d1a38a0bb2bc12cdf4c1d1.php 第 325 行.
NOTIC: [8] Undefined variable: data D:\phpStudy\WWW\fofs\1\Application\Runtime\Cache\Home\403c049390d1a38a0bb2bc12cdf4c1d1.php 第 333 行.
NOTIC: [8] Undefined variable: data D:\phpStudy\WWW\fofs\1\Application\Runtime\Cache\Home\403c049390d1a38a0bb2bc12cdf4c1d1.php 第 343 行.
NOTIC: [8] Undefined variable: data D:\phpStudy\WWW\fofs\1\Application\Runtime\Cache\Home\403c049390d1a38a0bb2bc12cdf4c1d1.php 第 353 行.
NOTIC: [8] Undefined variable: data D:\phpStudy\WWW\fofs\1\Application\Runtime\Cache\Home\403c049390d1a38a0bb2bc12cdf4c1d1.php 第 361 行.
NOTIC: [8] Undefined variable: data D:\phpStudy\WWW\fofs\1\Application\Runtime\Cache\Home\403c049390d1a38a0bb2bc12cdf4c1d1.php 第 369 行.
NOTIC: [8] Undefined variable: id D:\phpStudy\WWW\fofs\1\Application\Runtime\Cache\Home\403c049390d1a38a0bb2bc12cdf4c1d1.php 第 385 行.
INFO: Run Behavior\ParseTemplateBehavior [ RunTime:0.018683s ]
INFO: [ view_parse ] --END-- [ RunTime:0.018837s ]
INFO: [ view_filter ] --START--
INFO: Run Behavior\WriteHtmlCacheBehavior [ RunTime:0.000791s ]
INFO: [ view_filter ] --END-- [ RunTime:0.000863s ]
INFO: [ app_end ] --START--
INFO: Run Behavior\ShowPageTraceBehavior [ RunTime:0.001137s ]
INFO: [ app_end ] --END-- [ RunTime:0.001263s ]

[ 2016-11-02T23:55:40+08:00 ] ::1 /fofs/1/index.php/Home/Register/fiCompanyInfo
INFO: [ app_init ] --START--
INFO: Run Behavior\BuildLiteBehavior [ RunTime:0.000026s ]
INFO: [ app_init ] --END-- [ RunTime:0.000720s ]
INFO: [ app_begin ] --START--
INFO: Run Behavior\ReadHtmlCacheBehavior [ RunTime:0.000928s ]
INFO: Run Behavior\CheckLangBehavior [ RunTime:0.003387s ]
INFO: [ app_begin ] --END-- [ RunTime:0.004476s ]
INFO: [ view_parse ] --START--
INFO: [ template_filter ] --START--
INFO: Run Behavior\ContentReplaceBehavior [ RunTime:0.000182s ]
INFO: [ template_filter ] --END-- [ RunTime:0.000281s ]
NOTIC: [8] Undefined variable: data D:\phpStudy\WWW\fofs\1\Application\Runtime\Cache\Home\403c049390d1a38a0bb2bc12cdf4c1d1.php 第 249 行.
NOTIC: [8] Undefined variable: data D:\phpStudy\WWW\fofs\1\Application\Runtime\Cache\Home\403c049390d1a38a0bb2bc12cdf4c1d1.php 第 257 行.
NOTIC: [8] Undefined variable: data D:\phpStudy\WWW\fofs\1\Application\Runtime\Cache\Home\403c049390d1a38a0bb2bc12cdf4c1d1.php 第 273 行.
NOTIC: [8] Undefined variable: data D:\phpStudy\WWW\fofs\1\Application\Runtime\Cache\Home\403c049390d1a38a0bb2bc12cdf4c1d1.php 第 325 行.
NOTIC: [8] Undefined variable: data D:\phpStudy\WWW\fofs\1\Application\Runtime\Cache\Home\403c049390d1a38a0bb2bc12cdf4c1d1.php 第 333 行.
NOTIC: [8] Undefined variable: data D:\phpStudy\WWW\fofs\1\Application\Runtime\Cache\Home\403c049390d1a38a0bb2bc12cdf4c1d1.php 第 343 行.
NOTIC: [8] Undefined variable: data D:\phpStudy\WWW\fofs\1\Application\Runtime\Cache\Home\403c049390d1a38a0bb2bc12cdf4c1d1.php 第 353 行.
NOTIC: [8] Undefined variable: data D:\phpStudy\WWW\fofs\1\Application\Runtime\Cache\Home\403c049390d1a38a0bb2bc12cdf4c1d1.php 第 361 行.
NOTIC: [8] Undefined variable: data D:\phpStudy\WWW\fofs\1\Application\Runtime\Cache\Home\403c049390d1a38a0bb2bc12cdf4c1d1.php 第 369 行.
NOTIC: [8] Undefined variable: id D:\phpStudy\WWW\fofs\1\Application\Runtime\Cache\Home\403c049390d1a38a0bb2bc12cdf4c1d1.php 第 385 行.
INFO: Run Behavior\ParseTemplateBehavior [ RunTime:0.017265s ]
INFO: [ view_parse ] --END-- [ RunTime:0.017352s ]
INFO: [ view_filter ] --START--
INFO: Run Behavior\WriteHtmlCacheBehavior [ RunTime:0.000778s ]
INFO: [ view_filter ] --END-- [ RunTime:0.000847s ]
INFO: [ app_end ] --START--
INFO: Run Behavior\ShowPageTraceBehavior [ RunTime:0.001193s ]
INFO: [ app_end ] --END-- [ RunTime:0.001285s ]

[ 2016-11-02T23:58:22+08:00 ] ::1 /fofs/1/index.php/Home/Register/save_fiCompanyInfo
INFO: [ app_init ] --START--
INFO: Run Behavior\BuildLiteBehavior [ RunTime:0.000022s ]
INFO: [ app_init ] --END-- [ RunTime:0.000720s ]
INFO: [ app_begin ] --START--
INFO: Run Behavior\ReadHtmlCacheBehavior [ RunTime:0.002241s ]
INFO: Run Behavior\CheckLangBehavior [ RunTime:0.003033s ]
INFO: [ app_begin ] --END-- [ RunTime:0.005459s ]
SQL: SHOW COLUMNS FROM `fofs_financial_institution` [ RunTime:0.0068s ]
SQL: UPDATE `fofs_financial_institution` SET `institution_fullname_cn`='百度',`institution_fullname_en`='enlgish',`institution_abstract`='打发打发 ',`founded_time`='1479139200',`service_area`='打电话',`contact_username`='打电话111',`contact_telephone`='3423423',`contact_mobilephone`='dfgsfgsfg',`contact_email`='896776703@qq.com',`company_wechat`='sfgsfgsg',`company_web`='werwer',`reg_step`='3' WHERE `id` = 1 [ RunTime:0.0017s ]
NOTIC: [2] call_user_func() expects parameter 1 to be a valid callback, no array or string given D:\phpStudy\WWW\fofs\1\ThinkPHP\Library\Think\Upload.class.php 第 170 行.
SQL: UPDATE `fofs_financial_institution` SET `institution_logo_img`='1_b22f06b270.jpg' WHERE ( id=1 ) [ RunTime:0.0015s ]
INFO: [ view_parse ] --START--
INFO: [ template_filter ] --START--
INFO: Run Behavior\ContentReplaceBehavior [ RunTime:0.000113s ]
INFO: [ template_filter ] --END-- [ RunTime:0.000300s ]
INFO: Run Behavior\ParseTemplateBehavior [ RunTime:0.019805s ]
INFO: [ view_parse ] --END-- [ RunTime:0.020064s ]
INFO: [ view_filter ] --START--
INFO: Run Behavior\WriteHtmlCacheBehavior [ RunTime:0.001871s ]
INFO: [ view_filter ] --END-- [ RunTime:0.002076s ]
INFO: [ app_end ] --START--
INFO: Run Behavior\ShowPageTraceBehavior [ RunTime:0.003093s ]
INFO: [ app_end ] --END-- [ RunTime:0.003308s ]

[ 2016-11-02T23:58:23+08:00 ] ::1 /fofs/1/index.php/Home/Register/membersInfo
INFO: [ app_init ] --START--
INFO: Run Behavior\BuildLiteBehavior [ RunTime:0.000031s ]
INFO: [ app_init ] --END-- [ RunTime:0.000806s ]
INFO: [ app_begin ] --START--
INFO: Run Behavior\ReadHtmlCacheBehavior [ RunTime:0.002151s ]
INFO: Run Behavior\CheckLangBehavior [ RunTime:0.004370s ]
INFO: [ app_begin ] --END-- [ RunTime:0.006773s ]
SQL: SHOW COLUMNS FROM `fofs_senior_executive` [ RunTime:0.0091s ]
SQL: SELECT * FROM `fofs_senior_executive` WHERE `institution_type` = 6 AND `institution_id` = 1  [ RunTime:0.0009s ]
SQL: SHOW COLUMNS FROM `fofs_business_experience` [ RunTime:0.0091s ]
INFO: [ view_parse ] --START--
INFO: [ template_filter ] --START--
INFO: Run Behavior\ContentReplaceBehavior [ RunTime:0.000378s ]
INFO: [ template_filter ] --END-- [ RunTime:0.000603s ]
INFO: Run Behavior\ParseTemplateBehavior [ RunTime:0.053067s ]
INFO: [ view_parse ] --END-- [ RunTime:0.053178s ]
INFO: [ view_filter ] --START--
INFO: Run Behavior\WriteHtmlCacheBehavior [ RunTime:0.001002s ]
INFO: [ view_filter ] --END-- [ RunTime:0.001084s ]
INFO: [ app_end ] --START--
INFO: Run Behavior\ShowPageTraceBehavior [ RunTime:0.001497s ]
INFO: [ app_end ] --END-- [ RunTime:0.001655s ]

[ 2016-11-02T23:59:14+08:00 ] ::1 /fofs/1/index.php/Home/Register/add_membersInfo
INFO: [ app_init ] --START--
INFO: Run Behavior\BuildLiteBehavior [ RunTime:0.000022s ]
INFO: [ app_init ] --END-- [ RunTime:0.000663s ]
INFO: [ app_begin ] --START--
INFO: Run Behavior\ReadHtmlCacheBehavior [ RunTime:0.001033s ]
INFO: Run Behavior\CheckLangBehavior [ RunTime:0.002783s ]
INFO: [ app_begin ] --END-- [ RunTime:0.003945s ]
SQL: SHOW COLUMNS FROM `fofs_senior_executive` [ RunTime:0.0052s ]
SQL: INSERT INTO `fofs_senior_executive` (`username`,`function`,`institution_type`,`institution_id`,`reg_time`) VALUES ('18811593392','恩恩dfa','6','1','1478102354') [ RunTime:0.0008s ]
SQL: SELECT COUNT(*) AS tp_count FROM `fofs_senior_executive` WHERE `institution_id` = 1 LIMIT 1   [ RunTime:0.0007s ]
SQL: SHOW COLUMNS FROM `fofs_business_experience` [ RunTime:0.0058s ]
SQL: INSERT INTO `fofs_business_experience` (`senior_executive_id`,`company_name`,`function`,`start_time`,`end_time`) VALUES ('46','北邮','助理研究员','2012年12月','2013年12月'),('46','北大','助理研究员','2012年12月','2013年12月') [ RunTime:0.0009s ]
INFO: [ view_parse ] --START--
INFO: [ template_filter ] --START--
INFO: Run Behavior\ContentReplaceBehavior [ RunTime:0.000053s ]
INFO: [ template_filter ] --END-- [ RunTime:0.000136s ]
INFO: Run Behavior\ParseTemplateBehavior [ RunTime:0.008822s ]
INFO: [ view_parse ] --END-- [ RunTime:0.008931s ]
INFO: [ view_filter ] --START--
INFO: Run Behavior\WriteHtmlCacheBehavior [ RunTime:0.000976s ]
INFO: [ view_filter ] --END-- [ RunTime:0.001057s ]
INFO: [ app_end ] --START--
INFO: Run Behavior\ShowPageTraceBehavior [ RunTime:0.001174s ]
INFO: [ app_end ] --END-- [ RunTime:0.001250s ]

[ 2016-11-02T23:59:15+08:00 ] ::1 /fofs/1/index.php/Home/Register/membersInfo
INFO: [ app_init ] --START--
INFO: Run Behavior\BuildLiteBehavior [ RunTime:0.000061s ]
INFO: [ app_init ] --END-- [ RunTime:0.001232s ]
INFO: [ app_begin ] --START--
INFO: Run Behavior\ReadHtmlCacheBehavior [ RunTime:0.002140s ]
INFO: Run Behavior\CheckLangBehavior [ RunTime:0.007491s ]
INFO: [ app_begin ] --END-- [ RunTime:0.009943s ]
SQL: SHOW COLUMNS FROM `fofs_senior_executive` [ RunTime:0.0126s ]
SQL: SELECT * FROM `fofs_senior_executive` WHERE `institution_type` = 6 AND `institution_id` = 1  [ RunTime:0.0017s ]
SQL: SHOW COLUMNS FROM `fofs_business_experience` [ RunTime:0.0139s ]
SQL: SELECT * FROM `fofs_business_experience` WHERE `senior_executive_id` = 46  [ RunTime:0.0014s ]
INFO: [ view_parse ] --START--
INFO: [ template_filter ] --START--
INFO: Run Behavior\ContentReplaceBehavior [ RunTime:0.000471s ]
INFO: [ template_filter ] --END-- [ RunTime:0.000649s ]
INFO: Run Behavior\ParseTemplateBehavior [ RunTime:0.049709s ]
INFO: [ view_parse ] --END-- [ RunTime:0.049892s ]
INFO: [ view_filter ] --START--
INFO: Run Behavior\WriteHtmlCacheBehavior [ RunTime:0.001396s ]
INFO: [ view_filter ] --END-- [ RunTime:0.001492s ]
INFO: [ app_end ] --START--
INFO: Run Behavior\ShowPageTraceBehavior [ RunTime:0.002342s ]
INFO: [ app_end ] --END-- [ RunTime:0.003111s ]

