[ 2016-12-13T17:03:54+08:00 ] ::1 /fofs/1/index.php
INFO: [ app_init ] --START--
INFO: Run Behavior\BuildLiteBehavior [ RunTime:0.000092s ]
INFO: [ app_init ] --END-- [ RunTime:0.002392s ]
INFO: [ app_begin ] --START--
INFO: Run Behavior\ReadHtmlCacheBehavior [ RunTime:0.015985s ]
INFO: Run Behavior\CheckLangBehavior [ RunTime:0.015308s ]
INFO: [ app_begin ] --END-- [ RunTime:0.031521s ]
NOTIC: [8] A session had already been started - ignoring session_start() D:\phpStudy\WWW\fofs\1\ThinkPHP\Common\functions.php 第 1263 行.
SQL: SHOW COLUMNS FROM `fofs_staff_auth` [ RunTime:0.1706s ]
SQL: SELECT * FROM `fofs_staff_auth` WHERE `user_id` = 6 AND `state` = 1 ORDER BY id desc LIMIT 1   [ RunTime:0.0014s ]
SQL: SHOW COLUMNS FROM `fofs_auth_group_access` [ RunTime:0.0672s ]
SQL: SELECT `uid`,`group_id`,`title`,`rules` FROM fofs_auth_group_access a INNER JOIN fofs_auth_group g on a.group_id=g.id  WHERE ( a.uid='UserAuthUnMem' and g.status='1' )  [ RunTime:0.1206s ]
SQL: SHOW COLUMNS FROM `fofs_auth_rule` [ RunTime:0.0439s ]
SQL: SELECT `condition`,`name` FROM `fofs_auth_rule` WHERE `id` IN ('19','24') AND `type` = 1 AND `status` = 1  [ RunTime:0.0392s ]
SQL: SHOW COLUMNS FROM `fofs_lp` [ RunTime:0.2777s ]
SQL: SELECT `is_fofs_member` FROM `fofs_lp` WHERE `id` = 4 LIMIT 1   [ RunTime:0.0168s ]
SQL: SHOW COLUMNS FROM `fofs_auth_group_access` [ RunTime:0.0125s ]
SQL: SELECT `uid`,`group_id`,`title`,`rules` FROM fofs_auth_group_access a INNER JOIN fofs_auth_group g on a.group_id=g.id  WHERE ( a.uid='LpUnMem' and g.status='1' )  [ RunTime:0.0013s ]
SQL: SHOW COLUMNS FROM `fofs_auth_rule` [ RunTime:0.0107s ]
SQL: SELECT `condition`,`name` FROM `fofs_auth_rule` WHERE `id` IN ('9','22','27','33') AND `type` = 1 AND `status` = 1  [ RunTime:0.0162s ]
SQL: SELECT `is_fofs_member` FROM `fofs_lp` WHERE `id` = 3 LIMIT 1   [ RunTime:0.0011s ]
SQL: SHOW COLUMNS FROM `fofs_auth_group_access` [ RunTime:0.0235s ]
SQL: SELECT `uid`,`group_id`,`title`,`rules` FROM fofs_auth_group_access a INNER JOIN fofs_auth_group g on a.group_id=g.id  WHERE ( a.uid='LpMem' and g.status='1' )  [ RunTime:0.0015s ]
SQL: SHOW COLUMNS FROM `fofs_auth_rule` [ RunTime:0.0097s ]
SQL: SELECT `condition`,`name` FROM `fofs_auth_rule` WHERE `id` IN ('5','7','10','11','12','15','18','23','28','31','34','36') AND `type` = 1 AND `status` = 1  [ RunTime:0.0017s ]
SQL: SHOW COLUMNS FROM `fofs_article` [ RunTime:0.0431s ]
SQL: SELECT * FROM `fofs_article` WHERE `article_type` = 1 ORDER BY id desc LIMIT 10   [ RunTime:0.0246s ]
SQL: SELECT * FROM `fofs_article` WHERE `article_type` = 2 ORDER BY id desc LIMIT 10   [ RunTime:0.0015s ]
SQL: SELECT * FROM `fofs_article` WHERE `article_type` = 3 ORDER BY id desc LIMIT 10   [ RunTime:0.0011s ]
SQL: SELECT * FROM `fofs_article` WHERE `article_type` = 4 ORDER BY id desc LIMIT 10   [ RunTime:0.0012s ]
SQL: SHOW COLUMNS FROM `fofs_record` [ RunTime:0.0164s ]
SQL: SELECT * FROM `fofs_record` WHERE `name` = 'today_view_2016_12_13' LIMIT 1   [ RunTime:0.0013s ]
SQL: INSERT INTO `fofs_record` (`name`,`value`) VALUES ('today_view_2016_12_13','1') [ RunTime:0.0534s ]
SQL: SELECT * FROM `fofs_record` WHERE `name` = 'total_view' LIMIT 1   [ RunTime:0.0012s ]
SQL: UPDATE `fofs_record` SET `name`='total_view',`value`='69' WHERE `id` = 4 [ RunTime:0.0012s ]
INFO: [ view_parse ] --START--
INFO: [ template_filter ] --START--
INFO: Run Behavior\ContentReplaceBehavior [ RunTime:0.000380s ]
INFO: [ template_filter ] --END-- [ RunTime:0.000502s ]
NOTIC: [8] Undefined variable: keywords D:\phpStudy\WWW\fofs\1\Application\Runtime\Cache\Home\2a94b8bda04ff446dcedd42276fc99ee.php 第 43 行.
NOTIC: [8] Undefined variable: user_id D:\phpStudy\WWW\fofs\1\Application\Runtime\Cache\Home\2a94b8bda04ff446dcedd42276fc99ee.php 第 49 行.
NOTIC: [8] Undefined variable: link D:\phpStudy\WWW\fofs\1\Application\Runtime\Cache\Home\2a94b8bda04ff446dcedd42276fc99ee.php 第 247 行.
NOTIC: [8] Undefined variable: link D:\phpStudy\WWW\fofs\1\Application\Runtime\Cache\Home\2a94b8bda04ff446dcedd42276fc99ee.php 第 264 行.
NOTIC: [8] Undefined variable: link D:\phpStudy\WWW\fofs\1\Application\Runtime\Cache\Home\2a94b8bda04ff446dcedd42276fc99ee.php 第 281 行.
INFO: Run Behavior\ParseTemplateBehavior [ RunTime:0.251748s ]
INFO: [ view_parse ] --END-- [ RunTime:0.251869s ]
INFO: [ view_filter ] --START--
INFO: Run Behavior\WriteHtmlCacheBehavior [ RunTime:0.017621s ]
INFO: [ view_filter ] --END-- [ RunTime:0.017739s ]
INFO: [ app_end ] --START--
INFO: Run Behavior\ShowPageTraceBehavior [ RunTime:0.013307s ]
INFO: [ app_end ] --END-- [ RunTime:0.013484s ]

[ 2016-12-13T17:37:41+08:00 ] ::1 /fofs/1/index.php/Home/Search/lpSearch.html
INFO: [ app_init ] --START--
INFO: Run Behavior\BuildLiteBehavior [ RunTime:0.000045s ]
INFO: [ app_init ] --END-- [ RunTime:0.001338s ]
INFO: [ app_begin ] --START--
INFO: Run Behavior\ReadHtmlCacheBehavior [ RunTime:0.001654s ]
INFO: Run Behavior\CheckLangBehavior [ RunTime:0.004337s ]
INFO: [ app_begin ] --END-- [ RunTime:0.006198s ]
NOTIC: [8] A session had already been started - ignoring session_start() D:\phpStudy\WWW\fofs\1\ThinkPHP\Common\functions.php 第 1263 行.
SQL: SHOW COLUMNS FROM `fofs_staff_auth` [ RunTime:0.0149s ]
SQL: SELECT * FROM `fofs_staff_auth` WHERE `user_id` = 6 AND `state` = 1 ORDER BY id desc LIMIT 1   [ RunTime:0.0014s ]
SQL: SHOW COLUMNS FROM `fofs_auth_group_access` [ RunTime:0.0123s ]
SQL: SELECT `uid`,`group_id`,`title`,`rules` FROM fofs_auth_group_access a INNER JOIN fofs_auth_group g on a.group_id=g.id  WHERE ( a.uid='UserAuthUnMem' and g.status='1' )  [ RunTime:0.0239s ]
SQL: SHOW COLUMNS FROM `fofs_auth_rule` [ RunTime:0.0134s ]
SQL: SELECT `condition`,`name` FROM `fofs_auth_rule` WHERE `id` IN ('19','24') AND `type` = 1 AND `status` = 1  [ RunTime:0.0014s ]
SQL: SHOW COLUMNS FROM `fofs_lp` [ RunTime:0.0133s ]
SQL: SELECT `is_fofs_member` FROM `fofs_lp` WHERE `id` = 4 LIMIT 1   [ RunTime:0.0013s ]
SQL: SHOW COLUMNS FROM `fofs_auth_group_access` [ RunTime:0.0100s ]
SQL: SELECT `uid`,`group_id`,`title`,`rules` FROM fofs_auth_group_access a INNER JOIN fofs_auth_group g on a.group_id=g.id  WHERE ( a.uid='LpUnMem' and g.status='1' )  [ RunTime:0.0014s ]
SQL: SHOW COLUMNS FROM `fofs_auth_rule` [ RunTime:0.0092s ]
SQL: SELECT `condition`,`name` FROM `fofs_auth_rule` WHERE `id` IN ('9','22','27','33') AND `type` = 1 AND `status` = 1  [ RunTime:0.0013s ]
SQL: SELECT `is_fofs_member` FROM `fofs_lp` WHERE `id` = 3 LIMIT 1   [ RunTime:0.0010s ]
SQL: SHOW COLUMNS FROM `fofs_auth_group_access` [ RunTime:0.0109s ]
SQL: SELECT `uid`,`group_id`,`title`,`rules` FROM fofs_auth_group_access a INNER JOIN fofs_auth_group g on a.group_id=g.id  WHERE ( a.uid='LpMem' and g.status='1' )  [ RunTime:0.0014s ]
SQL: SHOW COLUMNS FROM `fofs_auth_rule` [ RunTime:0.0103s ]
SQL: SELECT `condition`,`name` FROM `fofs_auth_rule` WHERE `id` IN ('5','7','10','11','12','15','18','23','28','31','34','36') AND `type` = 1 AND `status` = 1  [ RunTime:0.0014s ]
SQL: SHOW COLUMNS FROM `fofs_lp_fund_product` [ RunTime:0.0128s ]
NOTIC: [8] Undefined variable: where D:\phpStudy\WWW\fofs\1\Application\Home\Controller\SearchController.class.php 第 166 行.
SQL: SELECT DISTINCT  `institution_id` FROM `fofs_lp_fund_product`  [ RunTime:0.0015s ]
SQL: SELECT COUNT(*) AS tp_count FROM `fofs_lp` WHERE `state` <> 400 AND `id` IN ('3','4') LIMIT 1   [ RunTime:0.0012s ]
SQL: SELECT `id`,`institution_type`,`institution_fullname_cn`,`institution_logo_img`,`is_securities_fund`,`is_stock_fund`,`is_startup_fund`,`is_other_fund` FROM `fofs_lp` WHERE `state` <> 400 AND `id` IN ('3','4') ORDER BY id desc LIMIT 0,10   [ RunTime:0.0015s ]
INFO: [ view_parse ] --START--
INFO: [ template_filter ] --START--
INFO: Run Behavior\ContentReplaceBehavior [ RunTime:0.000566s ]
INFO: [ template_filter ] --END-- [ RunTime:0.000781s ]
NOTIC: [8] Undefined variable: keywords D:\phpStudy\WWW\fofs\1\Application\Runtime\Cache\Home\46ffef79ff36275cb149efd05d9222a4.php 第 43 行.
NOTIC: [8] Undefined variable: user_id D:\phpStudy\WWW\fofs\1\Application\Runtime\Cache\Home\46ffef79ff36275cb149efd05d9222a4.php 第 49 行.
NOTIC: [8] Undefined variable: is_government_guidance D:\phpStudy\WWW\fofs\1\Application\Runtime\Cache\Home\46ffef79ff36275cb149efd05d9222a4.php 第 251 行.
NOTIC: [8] Undefined variable: is_private_capital D:\phpStudy\WWW\fofs\1\Application\Runtime\Cache\Home\46ffef79ff36275cb149efd05d9222a4.php 第 252 行.
NOTIC: [8] Undefined variable: is_state_owned D:\phpStudy\WWW\fofs\1\Application\Runtime\Cache\Home\46ffef79ff36275cb149efd05d9222a4.php 第 253 行.
NOTIC: [8] Undefined variable: is_investment_security D:\phpStudy\WWW\fofs\1\Application\Runtime\Cache\Home\46ffef79ff36275cb149efd05d9222a4.php 第 266 行.
NOTIC: [8] Undefined variable: is_equity_investment D:\phpStudy\WWW\fofs\1\Application\Runtime\Cache\Home\46ffef79ff36275cb149efd05d9222a4.php 第 270 行.
NOTIC: [8] Undefined variable: is_venture_investment D:\phpStudy\WWW\fofs\1\Application\Runtime\Cache\Home\46ffef79ff36275cb149efd05d9222a4.php 第 274 行.
NOTIC: [8] Undefined variable: is_other_investment D:\phpStudy\WWW\fofs\1\Application\Runtime\Cache\Home\46ffef79ff36275cb149efd05d9222a4.php 第 278 行.
NOTIC: [8] Undefined variable: investment_field D:\phpStudy\WWW\fofs\1\Application\Runtime\Cache\Home\46ffef79ff36275cb149efd05d9222a4.php 第 291 行.
NOTIC: [8] Undefined index: is_by_followed D:\phpStudy\WWW\fofs\1\Application\Runtime\Cache\Home\46ffef79ff36275cb149efd05d9222a4.php 第 371 行.
NOTIC: [8] Undefined index: is_by_followed D:\phpStudy\WWW\fofs\1\Application\Runtime\Cache\Home\46ffef79ff36275cb149efd05d9222a4.php 第 371 行.
NOTIC: [8] Undefined variable: tip D:\phpStudy\WWW\fofs\1\Application\Runtime\Cache\Home\46ffef79ff36275cb149efd05d9222a4.php 第 380 行.
INFO: Run Behavior\ParseTemplateBehavior [ RunTime:0.103565s ]
INFO: [ view_parse ] --END-- [ RunTime:0.103767s ]
INFO: [ view_filter ] --START--
INFO: Run Behavior\WriteHtmlCacheBehavior [ RunTime:0.001266s ]
INFO: [ view_filter ] --END-- [ RunTime:0.001361s ]
INFO: [ app_end ] --START--
INFO: Run Behavior\ShowPageTraceBehavior [ RunTime:0.004567s ]
INFO: [ app_end ] --END-- [ RunTime:0.004766s ]

[ 2016-12-13T17:37:43+08:00 ] ::1 /fofs/1/index.php/Home/Search/lpProfile.html?id=4&institution_type=1
INFO: [ app_init ] --START--
INFO: Run Behavior\BuildLiteBehavior [ RunTime:0.000047s ]
INFO: [ app_init ] --END-- [ RunTime:0.001737s ]
INFO: [ app_begin ] --START--
INFO: Run Behavior\ReadHtmlCacheBehavior [ RunTime:0.003844s ]
INFO: Run Behavior\CheckLangBehavior [ RunTime:0.006958s ]
INFO: [ app_begin ] --END-- [ RunTime:0.011333s ]
NOTIC: [8] A session had already been started - ignoring session_start() D:\phpStudy\WWW\fofs\1\ThinkPHP\Common\functions.php 第 1263 行.
SQL: SHOW COLUMNS FROM `fofs_staff_auth` [ RunTime:0.0143s ]
SQL: SELECT * FROM `fofs_staff_auth` WHERE `user_id` = 6 AND `state` = 1 ORDER BY id desc LIMIT 1   [ RunTime:0.0016s ]
SQL: SHOW COLUMNS FROM `fofs_auth_group_access` [ RunTime:0.0141s ]
SQL: SELECT `uid`,`group_id`,`title`,`rules` FROM fofs_auth_group_access a INNER JOIN fofs_auth_group g on a.group_id=g.id  WHERE ( a.uid='UserAuthUnMem' and g.status='1' )  [ RunTime:0.0014s ]
SQL: SHOW COLUMNS FROM `fofs_auth_rule` [ RunTime:0.0137s ]
SQL: SELECT `condition`,`name` FROM `fofs_auth_rule` WHERE `id` IN ('19','24') AND `type` = 1 AND `status` = 1  [ RunTime:0.0015s ]
SQL: SHOW COLUMNS FROM `fofs_lp` [ RunTime:0.0193s ]
SQL: SELECT `is_fofs_member` FROM `fofs_lp` WHERE `id` = 4 LIMIT 1   [ RunTime:0.0013s ]
SQL: SHOW COLUMNS FROM `fofs_auth_group_access` [ RunTime:0.0126s ]
SQL: SELECT `uid`,`group_id`,`title`,`rules` FROM fofs_auth_group_access a INNER JOIN fofs_auth_group g on a.group_id=g.id  WHERE ( a.uid='LpUnMem' and g.status='1' )  [ RunTime:0.0018s ]
SQL: SHOW COLUMNS FROM `fofs_auth_rule` [ RunTime:0.0139s ]
SQL: SELECT `condition`,`name` FROM `fofs_auth_rule` WHERE `id` IN ('9','22','27','33') AND `type` = 1 AND `status` = 1  [ RunTime:0.0014s ]
SQL: SELECT `is_fofs_member` FROM `fofs_lp` WHERE `id` = 3 LIMIT 1   [ RunTime:0.0011s ]
SQL: SHOW COLUMNS FROM `fofs_auth_group_access` [ RunTime:0.0108s ]
SQL: SELECT `uid`,`group_id`,`title`,`rules` FROM fofs_auth_group_access a INNER JOIN fofs_auth_group g on a.group_id=g.id  WHERE ( a.uid='LpMem' and g.status='1' )  [ RunTime:0.0014s ]
SQL: SHOW COLUMNS FROM `fofs_auth_rule` [ RunTime:0.0130s ]
SQL: SELECT `condition`,`name` FROM `fofs_auth_rule` WHERE `id` IN ('5','7','10','11','12','15','18','23','28','31','34','36') AND `type` = 1 AND `status` = 1  [ RunTime:0.0014s ]
SQL: SELECT * FROM `fofs_lp` WHERE `id` = 4 LIMIT 1   [ RunTime:0.0015s ]
SQL: SHOW COLUMNS FROM `fofs_interest_list` [ RunTime:0.0121s ]
SQL: SELECT * FROM `fofs_interest_list` WHERE `fan_id` = null AND `fan_type` = null AND `host_id` = 4 AND `host_type` = 1  [ RunTime:0.0014s ]
SQL: SHOW COLUMNS FROM `fofs_senior_executive` [ RunTime:0.0139s ]
SQL: SELECT * FROM `fofs_senior_executive` WHERE `institution_type` = 1 AND `institution_id` = 4  [ RunTime:0.0436s ]
SQL: SHOW COLUMNS FROM `fofs_business_experience` [ RunTime:0.0125s ]
SQL: SELECT * FROM `fofs_business_experience` WHERE `senior_executive_id` = 37  [ RunTime:0.0087s ]
SQL: SELECT * FROM `fofs_business_experience` WHERE `senior_executive_id` = 38  [ RunTime:0.0013s ]
SQL: SHOW COLUMNS FROM `fofs_lp_fund_product` [ RunTime:0.0133s ]
SQL: SELECT * FROM `fofs_lp_fund_product` WHERE `institution_type` = 1 AND `institution_id` = 4  [ RunTime:0.0014s ]
SQL: SHOW COLUMNS FROM `fofs_investment_project` [ RunTime:0.0138s ]
SQL: SELECT * FROM `fofs_investment_project` WHERE `fund_id` = 6  [ RunTime:0.0013s ]
SQL: SELECT * FROM `fofs_investment_project` WHERE `fund_id` = 7  [ RunTime:0.0012s ]
INFO: [ view_parse ] --START--
INFO: [ template_filter ] --START--
INFO: Run Behavior\ContentReplaceBehavior [ RunTime:0.001161s ]
INFO: [ template_filter ] --END-- [ RunTime:0.001330s ]
NOTIC: [8] Undefined variable: keywords D:\phpStudy\WWW\fofs\1\Application\Runtime\Cache\Home\e25a7a6766f073ff0dd8356030c2865b.php 第 43 行.
NOTIC: [8] Undefined variable: user_id D:\phpStudy\WWW\fofs\1\Application\Runtime\Cache\Home\e25a7a6766f073ff0dd8356030c2865b.php 第 49 行.
INFO: Run Behavior\ParseTemplateBehavior [ RunTime:0.118069s ]
INFO: [ view_parse ] --END-- [ RunTime:0.118193s ]
INFO: [ view_filter ] --START--
INFO: Run Behavior\WriteHtmlCacheBehavior [ RunTime:0.001710s ]
INFO: [ view_filter ] --END-- [ RunTime:0.001841s ]
INFO: [ app_end ] --START--
INFO: Run Behavior\ShowPageTraceBehavior [ RunTime:0.002094s ]
INFO: [ app_end ] --END-- [ RunTime:0.002218s ]

