[ 2016-11-18T00:30:55+08:00 ] ::1 /fofs/1/index.php/Home/Individual/myCompany.html
INFO: [ app_init ] --START--
INFO: Run Behavior\BuildLiteBehavior [ RunTime:0.000034s ]
INFO: [ app_init ] --END-- [ RunTime:0.000880s ]
INFO: [ app_begin ] --START--
INFO: Run Behavior\ReadHtmlCacheBehavior [ RunTime:0.000893s ]
INFO: Run Behavior\CheckLangBehavior [ RunTime:0.002089s ]
INFO: [ app_begin ] --END-- [ RunTime:0.003132s ]
SQL: SHOW COLUMNS FROM `fofs_user` [ RunTime:0.0065s ]
SQL: SELECT * FROM `fofs_user` WHERE `id` = 4 LIMIT 1   [ RunTime:0.0010s ]
SQL: SHOW COLUMNS FROM `fofs_gp` [ RunTime:0.0084s ]
SQL: SELECT `id`,`institution_type`,`institution_abbr`,`institution_fullname_cn` FROM `fofs_gp` WHERE (  (institution_abbr like "%dfadfa%")  OR ( institution_fullname_cn like "dfadfa")  )  [ RunTime:0.0292s ]
INFO: [ view_parse ] --START--
INFO: [ template_filter ] --START--
INFO: Run Behavior\ContentReplaceBehavior [ RunTime:0.000227s ]
INFO: [ template_filter ] --END-- [ RunTime:0.000312s ]
NOTIC: [8] Undefined variable: keywords D:\phpStudy\WWW\fofs\1\Application\Runtime\Cache\Home\f4853f3fe82bf03a01ab6378f867d3ba.php 第 43 行.
NOTIC: [8] Undefined variable: amount D:\phpStudy\WWW\fofs\1\Application\Runtime\Cache\Home\f4853f3fe82bf03a01ab6378f867d3ba.php 第 291 行.
NOTIC: [8] Undefined variable: amount D:\phpStudy\WWW\fofs\1\Application\Runtime\Cache\Home\f4853f3fe82bf03a01ab6378f867d3ba.php 第 307 行.
NOTIC: [8] Undefined variable: amount D:\phpStudy\WWW\fofs\1\Application\Runtime\Cache\Home\f4853f3fe82bf03a01ab6378f867d3ba.php 第 308 行.
NOTIC: [8] Undefined variable: search_result D:\phpStudy\WWW\fofs\1\Application\Runtime\Cache\Home\f4853f3fe82bf03a01ab6378f867d3ba.php 第 411 行.
NOTIC: [8] Undefined variable: search_result D:\phpStudy\WWW\fofs\1\Application\Runtime\Cache\Home\f4853f3fe82bf03a01ab6378f867d3ba.php 第 420 行.
NOTIC: [8] Undefined variable: search_result D:\phpStudy\WWW\fofs\1\Application\Runtime\Cache\Home\f4853f3fe82bf03a01ab6378f867d3ba.php 第 421 行.
NOTIC: [8] Undefined variable: search_result D:\phpStudy\WWW\fofs\1\Application\Runtime\Cache\Home\f4853f3fe82bf03a01ab6378f867d3ba.php 第 422 行.
NOTIC: [8] Undefined variable: search_result D:\phpStudy\WWW\fofs\1\Application\Runtime\Cache\Home\f4853f3fe82bf03a01ab6378f867d3ba.php 第 423 行.
NOTIC: [8] Undefined variable: search_result D:\phpStudy\WWW\fofs\1\Application\Runtime\Cache\Home\f4853f3fe82bf03a01ab6378f867d3ba.php 第 424 行.
NOTIC: [8] Undefined variable: search_result D:\phpStudy\WWW\fofs\1\Application\Runtime\Cache\Home\f4853f3fe82bf03a01ab6378f867d3ba.php 第 425 行.
NOTIC: [8] Undefined variable: search_result D:\phpStudy\WWW\fofs\1\Application\Runtime\Cache\Home\f4853f3fe82bf03a01ab6378f867d3ba.php 第 426 行.
INFO: Run Behavior\ParseTemplateBehavior [ RunTime:0.019550s ]
INFO: [ view_parse ] --END-- [ RunTime:0.019632s ]
INFO: [ view_filter ] --START--
INFO: Run Behavior\WriteHtmlCacheBehavior [ RunTime:0.000549s ]
INFO: [ view_filter ] --END-- [ RunTime:0.000614s ]
INFO: [ app_end ] --START--
INFO: Run Behavior\ShowPageTraceBehavior [ RunTime:0.000964s ]
INFO: [ app_end ] --END-- [ RunTime:0.001048s ]

[ 2016-11-18T00:33:23+08:00 ] ::1 /fofs/1/index.php/Home/Individual/myCompany.html
INFO: [ app_init ] --START--
INFO: Run Behavior\BuildLiteBehavior [ RunTime:0.000021s ]
INFO: [ app_init ] --END-- [ RunTime:0.000652s ]
INFO: [ app_begin ] --START--
INFO: Run Behavior\ReadHtmlCacheBehavior [ RunTime:0.000835s ]
INFO: Run Behavior\CheckLangBehavior [ RunTime:0.002198s ]
INFO: [ app_begin ] --END-- [ RunTime:0.003154s ]
SQL: SHOW COLUMNS FROM `fofs_user` [ RunTime:0.0056s ]
SQL: SELECT * FROM `fofs_user` WHERE `id` = 4 LIMIT 1   [ RunTime:0.0009s ]
SQL: SHOW COLUMNS FROM `fofs_gp` [ RunTime:0.0067s ]
SQL: SELECT `id`,`institution_type`,`institution_abbr`,`institution_fullname_cn` FROM `fofs_gp` WHERE (  (institution_abbr like "%dfadfa%")  OR ( institution_fullname_cn like "dfadfa")  )  [ RunTime:0.0010s ]
INFO: [ view_parse ] --START--
INFO: [ template_filter ] --START--
INFO: Run Behavior\ContentReplaceBehavior [ RunTime:0.000217s ]
INFO: [ template_filter ] --END-- [ RunTime:0.000306s ]
NOTIC: [8] Undefined variable: keywords D:\phpStudy\WWW\fofs\1\Application\Runtime\Cache\Home\f4853f3fe82bf03a01ab6378f867d3ba.php 第 43 行.
NOTIC: [8] Undefined variable: amount D:\phpStudy\WWW\fofs\1\Application\Runtime\Cache\Home\f4853f3fe82bf03a01ab6378f867d3ba.php 第 291 行.
NOTIC: [8] Undefined variable: amount D:\phpStudy\WWW\fofs\1\Application\Runtime\Cache\Home\f4853f3fe82bf03a01ab6378f867d3ba.php 第 307 行.
NOTIC: [8] Undefined variable: amount D:\phpStudy\WWW\fofs\1\Application\Runtime\Cache\Home\f4853f3fe82bf03a01ab6378f867d3ba.php 第 308 行.
NOTIC: [8] Undefined variable: search_result D:\phpStudy\WWW\fofs\1\Application\Runtime\Cache\Home\f4853f3fe82bf03a01ab6378f867d3ba.php 第 410 行.
NOTIC: [8] Undefined variable: search_result D:\phpStudy\WWW\fofs\1\Application\Runtime\Cache\Home\f4853f3fe82bf03a01ab6378f867d3ba.php 第 411 行.
NOTIC: [8] Undefined variable: search_result D:\phpStudy\WWW\fofs\1\Application\Runtime\Cache\Home\f4853f3fe82bf03a01ab6378f867d3ba.php 第 420 行.
NOTIC: [8] Undefined variable: search_result D:\phpStudy\WWW\fofs\1\Application\Runtime\Cache\Home\f4853f3fe82bf03a01ab6378f867d3ba.php 第 421 行.
NOTIC: [8] Undefined variable: search_result D:\phpStudy\WWW\fofs\1\Application\Runtime\Cache\Home\f4853f3fe82bf03a01ab6378f867d3ba.php 第 422 行.
NOTIC: [8] Undefined variable: search_result D:\phpStudy\WWW\fofs\1\Application\Runtime\Cache\Home\f4853f3fe82bf03a01ab6378f867d3ba.php 第 423 行.
NOTIC: [8] Undefined variable: search_result D:\phpStudy\WWW\fofs\1\Application\Runtime\Cache\Home\f4853f3fe82bf03a01ab6378f867d3ba.php 第 424 行.
NOTIC: [8] Undefined variable: search_result D:\phpStudy\WWW\fofs\1\Application\Runtime\Cache\Home\f4853f3fe82bf03a01ab6378f867d3ba.php 第 425 行.
NOTIC: [8] Undefined variable: search_result D:\phpStudy\WWW\fofs\1\Application\Runtime\Cache\Home\f4853f3fe82bf03a01ab6378f867d3ba.php 第 426 行.
INFO: Run Behavior\ParseTemplateBehavior [ RunTime:0.018686s ]
INFO: [ view_parse ] --END-- [ RunTime:0.018784s ]
INFO: [ view_filter ] --START--
INFO: Run Behavior\WriteHtmlCacheBehavior [ RunTime:0.000595s ]
INFO: [ view_filter ] --END-- [ RunTime:0.000659s ]
INFO: [ app_end ] --START--
INFO: Run Behavior\ShowPageTraceBehavior [ RunTime:0.000871s ]
INFO: [ app_end ] --END-- [ RunTime:0.000961s ]

[ 2016-11-18T00:33:29+08:00 ] ::1 /fofs/1/index.php/Home/Individual/myCompany.html
INFO: [ app_init ] --START--
INFO: Run Behavior\BuildLiteBehavior [ RunTime:0.000021s ]
INFO: [ app_init ] --END-- [ RunTime:0.000522s ]
INFO: [ app_begin ] --START--
INFO: Run Behavior\ReadHtmlCacheBehavior [ RunTime:0.000631s ]
INFO: Run Behavior\CheckLangBehavior [ RunTime:0.001876s ]
INFO: [ app_begin ] --END-- [ RunTime:0.002633s ]
SQL: SHOW COLUMNS FROM `fofs_user` [ RunTime:0.0055s ]
SQL: SELECT * FROM `fofs_user` WHERE `id` = 4 LIMIT 1   [ RunTime:0.0009s ]
NOTIC: [8] Undefined index: institution_type D:\phpStudy\WWW\fofs\1\Application\Home\Controller\IndividualController.class.php 第 94 行.
INFO: [ view_parse ] --START--
INFO: [ template_filter ] --START--
INFO: Run Behavior\ContentReplaceBehavior [ RunTime:0.000196s ]
INFO: [ template_filter ] --END-- [ RunTime:0.000280s ]
NOTIC: [8] Undefined variable: keywords D:\phpStudy\WWW\fofs\1\Application\Runtime\Cache\Home\f4853f3fe82bf03a01ab6378f867d3ba.php 第 43 行.
NOTIC: [8] Undefined variable: amount D:\phpStudy\WWW\fofs\1\Application\Runtime\Cache\Home\f4853f3fe82bf03a01ab6378f867d3ba.php 第 291 行.
NOTIC: [8] Undefined variable: amount D:\phpStudy\WWW\fofs\1\Application\Runtime\Cache\Home\f4853f3fe82bf03a01ab6378f867d3ba.php 第 307 行.
NOTIC: [8] Undefined variable: amount D:\phpStudy\WWW\fofs\1\Application\Runtime\Cache\Home\f4853f3fe82bf03a01ab6378f867d3ba.php 第 308 行.
NOTIC: [8] Undefined variable: search_result D:\phpStudy\WWW\fofs\1\Application\Runtime\Cache\Home\f4853f3fe82bf03a01ab6378f867d3ba.php 第 410 行.
NOTIC: [8] Undefined variable: search_result D:\phpStudy\WWW\fofs\1\Application\Runtime\Cache\Home\f4853f3fe82bf03a01ab6378f867d3ba.php 第 411 行.
NOTIC: [8] Undefined variable: search_result D:\phpStudy\WWW\fofs\1\Application\Runtime\Cache\Home\f4853f3fe82bf03a01ab6378f867d3ba.php 第 420 行.
NOTIC: [8] Undefined variable: search_result D:\phpStudy\WWW\fofs\1\Application\Runtime\Cache\Home\f4853f3fe82bf03a01ab6378f867d3ba.php 第 421 行.
NOTIC: [8] Undefined variable: search_result D:\phpStudy\WWW\fofs\1\Application\Runtime\Cache\Home\f4853f3fe82bf03a01ab6378f867d3ba.php 第 422 行.
NOTIC: [8] Undefined variable: search_result D:\phpStudy\WWW\fofs\1\Application\Runtime\Cache\Home\f4853f3fe82bf03a01ab6378f867d3ba.php 第 423 行.
NOTIC: [8] Undefined variable: search_result D:\phpStudy\WWW\fofs\1\Application\Runtime\Cache\Home\f4853f3fe82bf03a01ab6378f867d3ba.php 第 424 行.
NOTIC: [8] Undefined variable: search_result D:\phpStudy\WWW\fofs\1\Application\Runtime\Cache\Home\f4853f3fe82bf03a01ab6378f867d3ba.php 第 425 行.
NOTIC: [8] Undefined variable: search_result D:\phpStudy\WWW\fofs\1\Application\Runtime\Cache\Home\f4853f3fe82bf03a01ab6378f867d3ba.php 第 426 行.
INFO: Run Behavior\ParseTemplateBehavior [ RunTime:0.018104s ]
INFO: [ view_parse ] --END-- [ RunTime:0.018203s ]
INFO: [ view_filter ] --START--
INFO: Run Behavior\WriteHtmlCacheBehavior [ RunTime:0.000517s ]
INFO: [ view_filter ] --END-- [ RunTime:0.000585s ]
INFO: [ app_end ] --START--
INFO: Run Behavior\ShowPageTraceBehavior [ RunTime:0.001105s ]
INFO: [ app_end ] --END-- [ RunTime:0.001235s ]

