[ 2016-10-05T21:01:21+08:00 ] ::1 /fofs/1/index.php/Home/Register/startupCompanyInfo.html
INFO: [ app_init ] --START--
INFO: Run Behavior\BuildLiteBehavior [ RunTime:0.000019s ]
INFO: [ app_init ] --END-- [ RunTime:0.000736s ]
INFO: [ app_begin ] --START--
INFO: Run Behavior\ReadHtmlCacheBehavior [ RunTime:0.001041s ]
INFO: Run Behavior\CheckLangBehavior [ RunTime:0.002722s ]
INFO: [ app_begin ] --END-- [ RunTime:0.003889s ]
INFO: [ view_parse ] --START--
INFO: [ template_filter ] --START--
INFO: Run Behavior\ContentReplaceBehavior [ RunTime:0.000178s ]
INFO: [ template_filter ] --END-- [ RunTime:0.000262s ]
NOTIC: [8] Undefined variable: user_id D:\phpStudy\WWW\fofs\1\Application\Runtime\Cache\Home\ca5e05224b9d7d60a17af1f238086bae.php 第 63 行.
NOTIC: [8] Undefined variable: data D:\phpStudy\WWW\fofs\1\Application\Runtime\Cache\Home\ca5e05224b9d7d60a17af1f238086bae.php 第 284 行.
NOTIC: [8] Undefined variable: data D:\phpStudy\WWW\fofs\1\Application\Runtime\Cache\Home\ca5e05224b9d7d60a17af1f238086bae.php 第 502 行.
NOTIC: [8] Undefined variable: data D:\phpStudy\WWW\fofs\1\Application\Runtime\Cache\Home\ca5e05224b9d7d60a17af1f238086bae.php 第 510 行.
NOTIC: [8] Undefined variable: data D:\phpStudy\WWW\fofs\1\Application\Runtime\Cache\Home\ca5e05224b9d7d60a17af1f238086bae.php 第 520 行.
NOTIC: [8] Undefined variable: data D:\phpStudy\WWW\fofs\1\Application\Runtime\Cache\Home\ca5e05224b9d7d60a17af1f238086bae.php 第 530 行.
NOTIC: [8] Undefined variable: data D:\phpStudy\WWW\fofs\1\Application\Runtime\Cache\Home\ca5e05224b9d7d60a17af1f238086bae.php 第 538 行.
NOTIC: [8] Undefined variable: data D:\phpStudy\WWW\fofs\1\Application\Runtime\Cache\Home\ca5e05224b9d7d60a17af1f238086bae.php 第 546 行.
NOTIC: [8] Undefined variable: id D:\phpStudy\WWW\fofs\1\Application\Runtime\Cache\Home\ca5e05224b9d7d60a17af1f238086bae.php 第 562 行.
INFO: Run Behavior\ParseTemplateBehavior [ RunTime:0.017765s ]
INFO: [ view_parse ] --END-- [ RunTime:0.017838s ]
INFO: [ view_filter ] --START--
INFO: Run Behavior\WriteHtmlCacheBehavior [ RunTime:0.000718s ]
INFO: [ view_filter ] --END-- [ RunTime:0.000781s ]
INFO: [ app_end ] --START--
INFO: Run Behavior\ShowPageTraceBehavior [ RunTime:0.000972s ]
INFO: [ app_end ] --END-- [ RunTime:0.001071s ]

[ 2016-10-05T21:01:25+08:00 ] ::1 /fofs/1/index.php/Home/Register/fundsInfo?l=zh-cn
INFO: [ app_init ] --START--
INFO: Run Behavior\BuildLiteBehavior [ RunTime:0.000021s ]
INFO: [ app_init ] --END-- [ RunTime:0.000564s ]
INFO: [ app_begin ] --START--
INFO: Run Behavior\ReadHtmlCacheBehavior [ RunTime:0.000971s ]
INFO: Run Behavior\CheckLangBehavior [ RunTime:0.002593s ]
INFO: [ app_begin ] --END-- [ RunTime:0.003725s ]
INFO: [ view_parse ] --START--
INFO: [ template_filter ] --START--
INFO: Run Behavior\ContentReplaceBehavior [ RunTime:0.000048s ]
INFO: [ template_filter ] --END-- [ RunTime:0.000134s ]
INFO: Run Behavior\ParseTemplateBehavior [ RunTime:0.008332s ]
INFO: [ view_parse ] --END-- [ RunTime:0.008426s ]
INFO: [ view_filter ] --START--
INFO: Run Behavior\WriteHtmlCacheBehavior [ RunTime:0.000589s ]
INFO: [ view_filter ] --END-- [ RunTime:0.000656s ]

[ 2016-10-05T21:01:29+08:00 ] ::1 /fofs/1/index.php/Home/Index
INFO: [ app_init ] --START--
INFO: Run Behavior\BuildLiteBehavior [ RunTime:0.000026s ]
INFO: [ app_init ] --END-- [ RunTime:0.000747s ]
INFO: [ app_begin ] --START--
INFO: Run Behavior\ReadHtmlCacheBehavior [ RunTime:0.001260s ]
INFO: Run Behavior\CheckLangBehavior [ RunTime:0.003783s ]
INFO: [ app_begin ] --END-- [ RunTime:0.005262s ]
INFO: [ view_parse ] --START--
INFO: [ template_filter ] --START--
INFO: Run Behavior\ContentReplaceBehavior [ RunTime:0.000184s ]
INFO: [ template_filter ] --END-- [ RunTime:0.000263s ]
NOTIC: [8] Undefined variable: user_id D:\phpStudy\WWW\fofs\1\Application\Runtime\Cache\Home\2a94b8bda04ff446dcedd42276fc99ee.php 第 63 行.
INFO: Run Behavior\ParseTemplateBehavior [ RunTime:0.015793s ]
INFO: [ view_parse ] --END-- [ RunTime:0.015886s ]
INFO: [ view_filter ] --START--
INFO: Run Behavior\WriteHtmlCacheBehavior [ RunTime:0.000618s ]
INFO: [ view_filter ] --END-- [ RunTime:0.000685s ]
INFO: [ app_end ] --START--
INFO: Run Behavior\ShowPageTraceBehavior [ RunTime:0.000878s ]
INFO: [ app_end ] --END-- [ RunTime:0.001045s ]

[ 2016-10-05T21:25:22+08:00 ] ::1 /fofs/1/index.php/Home/Register/startupCompanyInfo.html
INFO: [ app_init ] --START--
INFO: Run Behavior\BuildLiteBehavior [ RunTime:0.000029s ]
INFO: [ app_init ] --END-- [ RunTime:0.000746s ]
INFO: [ app_begin ] --START--
INFO: Run Behavior\ReadHtmlCacheBehavior [ RunTime:0.001014s ]
INFO: Run Behavior\CheckLangBehavior [ RunTime:0.002303s ]
INFO: [ app_begin ] --END-- [ RunTime:0.003521s ]
INFO: [ view_parse ] --START--
INFO: [ template_filter ] --START--
INFO: Run Behavior\ContentReplaceBehavior [ RunTime:0.000242s ]
INFO: [ template_filter ] --END-- [ RunTime:0.000385s ]
NOTIC: [8] Undefined variable: user_id D:\phpStudy\WWW\fofs\1\Application\Runtime\Cache\Home\ca5e05224b9d7d60a17af1f238086bae.php 第 63 行.
NOTIC: [8] Undefined variable: data D:\phpStudy\WWW\fofs\1\Application\Runtime\Cache\Home\ca5e05224b9d7d60a17af1f238086bae.php 第 284 行.
NOTIC: [8] Undefined variable: data D:\phpStudy\WWW\fofs\1\Application\Runtime\Cache\Home\ca5e05224b9d7d60a17af1f238086bae.php 第 502 行.
NOTIC: [8] Undefined variable: data D:\phpStudy\WWW\fofs\1\Application\Runtime\Cache\Home\ca5e05224b9d7d60a17af1f238086bae.php 第 510 行.
NOTIC: [8] Undefined variable: data D:\phpStudy\WWW\fofs\1\Application\Runtime\Cache\Home\ca5e05224b9d7d60a17af1f238086bae.php 第 520 行.
NOTIC: [8] Undefined variable: data D:\phpStudy\WWW\fofs\1\Application\Runtime\Cache\Home\ca5e05224b9d7d60a17af1f238086bae.php 第 530 行.
NOTIC: [8] Undefined variable: data D:\phpStudy\WWW\fofs\1\Application\Runtime\Cache\Home\ca5e05224b9d7d60a17af1f238086bae.php 第 538 行.
NOTIC: [8] Undefined variable: data D:\phpStudy\WWW\fofs\1\Application\Runtime\Cache\Home\ca5e05224b9d7d60a17af1f238086bae.php 第 546 行.
NOTIC: [8] Undefined variable: id D:\phpStudy\WWW\fofs\1\Application\Runtime\Cache\Home\ca5e05224b9d7d60a17af1f238086bae.php 第 562 行.
INFO: Run Behavior\ParseTemplateBehavior [ RunTime:0.014034s ]
INFO: [ view_parse ] --END-- [ RunTime:0.014108s ]
INFO: [ view_filter ] --START--
INFO: Run Behavior\WriteHtmlCacheBehavior [ RunTime:0.000463s ]
INFO: [ view_filter ] --END-- [ RunTime:0.000528s ]
INFO: [ app_end ] --START--
INFO: Run Behavior\ShowPageTraceBehavior [ RunTime:0.000647s ]
INFO: [ app_end ] --END-- [ RunTime:0.000713s ]

[ 2016-10-05T21:25:27+08:00 ] ::1 /fofs/1/index.php/Home
INFO: [ app_init ] --START--
INFO: Run Behavior\BuildLiteBehavior [ RunTime:0.000019s ]
INFO: [ app_init ] --END-- [ RunTime:0.000498s ]
INFO: [ app_begin ] --START--
INFO: Run Behavior\ReadHtmlCacheBehavior [ RunTime:0.000797s ]
INFO: Run Behavior\CheckLangBehavior [ RunTime:0.002270s ]
INFO: [ app_begin ] --END-- [ RunTime:0.003201s ]
INFO: [ view_parse ] --START--
INFO: [ template_filter ] --START--
INFO: Run Behavior\ContentReplaceBehavior [ RunTime:0.000178s ]
INFO: [ template_filter ] --END-- [ RunTime:0.000247s ]
NOTIC: [8] Undefined variable: user_id D:\phpStudy\WWW\fofs\1\Application\Runtime\Cache\Home\2a94b8bda04ff446dcedd42276fc99ee.php 第 63 行.
INFO: Run Behavior\ParseTemplateBehavior [ RunTime:0.016068s ]
INFO: [ view_parse ] --END-- [ RunTime:0.016173s ]
INFO: [ view_filter ] --START--
INFO: Run Behavior\WriteHtmlCacheBehavior [ RunTime:0.000791s ]
INFO: [ view_filter ] --END-- [ RunTime:0.000888s ]
INFO: [ app_end ] --START--
INFO: Run Behavior\ShowPageTraceBehavior [ RunTime:0.001476s ]
INFO: [ app_end ] --END-- [ RunTime:0.001589s ]

[ 2016-10-05T21:26:06+08:00 ] ::1 /fofs/1/index.php/Home
INFO: [ app_init ] --START--
INFO: Run Behavior\BuildLiteBehavior [ RunTime:0.000019s ]
INFO: [ app_init ] --END-- [ RunTime:0.000497s ]
INFO: [ app_begin ] --START--
INFO: Run Behavior\ReadHtmlCacheBehavior [ RunTime:0.000802s ]
INFO: Run Behavior\CheckLangBehavior [ RunTime:0.002052s ]
INFO: [ app_begin ] --END-- [ RunTime:0.002973s ]
INFO: [ view_parse ] --START--
INFO: [ template_filter ] --START--
INFO: Run Behavior\ContentReplaceBehavior [ RunTime:0.000202s ]
INFO: [ template_filter ] --END-- [ RunTime:0.000273s ]
NOTIC: [8] Undefined variable: user_id D:\phpStudy\WWW\fofs\1\Application\Runtime\Cache\Home\2a94b8bda04ff446dcedd42276fc99ee.php 第 63 行.
INFO: Run Behavior\ParseTemplateBehavior [ RunTime:0.015537s ]
INFO: [ view_parse ] --END-- [ RunTime:0.015623s ]
INFO: [ view_filter ] --START--
INFO: Run Behavior\WriteHtmlCacheBehavior [ RunTime:0.000683s ]
INFO: [ view_filter ] --END-- [ RunTime:0.000741s ]
INFO: [ app_end ] --START--
INFO: Run Behavior\ShowPageTraceBehavior [ RunTime:0.001084s ]
INFO: [ app_end ] --END-- [ RunTime:0.001184s ]

[ 2016-10-05T21:26:10+08:00 ] ::1 /fofs/1/index.php/Home/Register/email.html
INFO: [ app_init ] --START--
INFO: Run Behavior\BuildLiteBehavior [ RunTime:0.000031s ]
INFO: [ app_init ] --END-- [ RunTime:0.000881s ]
INFO: [ app_begin ] --START--
INFO: Run Behavior\ReadHtmlCacheBehavior [ RunTime:0.001122s ]
INFO: Run Behavior\CheckLangBehavior [ RunTime:0.003184s ]
INFO: [ app_begin ] --END-- [ RunTime:0.004494s ]
INFO: [ view_parse ] --START--
INFO: [ template_filter ] --START--
INFO: Run Behavior\ContentReplaceBehavior [ RunTime:0.000177s ]
INFO: [ template_filter ] --END-- [ RunTime:0.000259s ]
NOTIC: [8] Undefined variable: user_id D:\phpStudy\WWW\fofs\1\Application\Runtime\Cache\Home\3954881c943cabfffe974ff0eb003fd6.php 第 63 行.
INFO: Run Behavior\ParseTemplateBehavior [ RunTime:0.014814s ]
INFO: [ view_parse ] --END-- [ RunTime:0.014936s ]
INFO: [ view_filter ] --START--
INFO: Run Behavior\WriteHtmlCacheBehavior [ RunTime:0.000654s ]
INFO: [ view_filter ] --END-- [ RunTime:0.000704s ]
INFO: [ app_end ] --START--
INFO: Run Behavior\ShowPageTraceBehavior [ RunTime:0.001195s ]
INFO: [ app_end ] --END-- [ RunTime:0.001289s ]

[ 2016-10-05T21:26:12+08:00 ] ::1 /fofs/1/index.php/Home
INFO: [ app_init ] --START--
INFO: Run Behavior\BuildLiteBehavior [ RunTime:0.000030s ]
INFO: [ app_init ] --END-- [ RunTime:0.000745s ]
INFO: [ app_begin ] --START--
INFO: Run Behavior\ReadHtmlCacheBehavior [ RunTime:0.001086s ]
INFO: Run Behavior\CheckLangBehavior [ RunTime:0.002818s ]
INFO: [ app_begin ] --END-- [ RunTime:0.004105s ]
INFO: [ view_parse ] --START--
INFO: [ template_filter ] --START--
INFO: Run Behavior\ContentReplaceBehavior [ RunTime:0.000310s ]
INFO: [ template_filter ] --END-- [ RunTime:0.000420s ]
NOTIC: [8] Undefined variable: user_id D:\phpStudy\WWW\fofs\1\Application\Runtime\Cache\Home\2a94b8bda04ff446dcedd42276fc99ee.php 第 63 行.
INFO: Run Behavior\ParseTemplateBehavior [ RunTime:0.020807s ]
INFO: [ view_parse ] --END-- [ RunTime:0.020922s ]
INFO: [ view_filter ] --START--
INFO: Run Behavior\WriteHtmlCacheBehavior [ RunTime:0.000637s ]
INFO: [ view_filter ] --END-- [ RunTime:0.000710s ]
INFO: [ app_end ] --START--
INFO: Run Behavior\ShowPageTraceBehavior [ RunTime:0.001093s ]
INFO: [ app_end ] --END-- [ RunTime:0.001208s ]

[ 2016-10-05T21:26:18+08:00 ] ::1 /fofs/1/index.php/Home
INFO: [ app_init ] --START--
INFO: Run Behavior\BuildLiteBehavior [ RunTime:0.000031s ]
INFO: [ app_init ] --END-- [ RunTime:0.000775s ]
INFO: [ app_begin ] --START--
INFO: Run Behavior\ReadHtmlCacheBehavior [ RunTime:0.000839s ]
INFO: Run Behavior\CheckLangBehavior [ RunTime:0.002024s ]
INFO: [ app_begin ] --END-- [ RunTime:0.002994s ]
INFO: [ view_parse ] --START--
INFO: [ template_filter ] --START--
INFO: Run Behavior\ContentReplaceBehavior [ RunTime:0.000256s ]
INFO: [ template_filter ] --END-- [ RunTime:0.000355s ]
NOTIC: [8] Undefined variable: user_id D:\phpStudy\WWW\fofs\1\Application\Runtime\Cache\Home\2a94b8bda04ff446dcedd42276fc99ee.php 第 63 行.
INFO: Run Behavior\ParseTemplateBehavior [ RunTime:0.019119s ]
INFO: [ view_parse ] --END-- [ RunTime:0.019212s ]
INFO: [ view_filter ] --START--
INFO: Run Behavior\WriteHtmlCacheBehavior [ RunTime:0.000765s ]
INFO: [ view_filter ] --END-- [ RunTime:0.000830s ]
INFO: [ app_end ] --START--
INFO: Run Behavior\ShowPageTraceBehavior [ RunTime:0.002372s ]
INFO: [ app_end ] --END-- [ RunTime:0.002479s ]

[ 2016-10-05T21:26:20+08:00 ] ::1 /fofs/1/index.php/Home
INFO: [ app_init ] --START--
INFO: Run Behavior\BuildLiteBehavior [ RunTime:0.000030s ]
INFO: [ app_init ] --END-- [ RunTime:0.000733s ]
INFO: [ app_begin ] --START--
INFO: Run Behavior\ReadHtmlCacheBehavior [ RunTime:0.000839s ]
INFO: Run Behavior\CheckLangBehavior [ RunTime:0.002254s ]
INFO: [ app_begin ] --END-- [ RunTime:0.003255s ]
INFO: [ view_parse ] --START--
INFO: [ template_filter ] --START--
INFO: Run Behavior\ContentReplaceBehavior [ RunTime:0.000244s ]
INFO: [ template_filter ] --END-- [ RunTime:0.000344s ]
NOTIC: [8] Undefined variable: user_id D:\phpStudy\WWW\fofs\1\Application\Runtime\Cache\Home\2a94b8bda04ff446dcedd42276fc99ee.php 第 63 行.
INFO: Run Behavior\ParseTemplateBehavior [ RunTime:0.016219s ]
INFO: [ view_parse ] --END-- [ RunTime:0.016306s ]
INFO: [ view_filter ] --START--
INFO: Run Behavior\WriteHtmlCacheBehavior [ RunTime:0.000641s ]
INFO: [ view_filter ] --END-- [ RunTime:0.000692s ]
INFO: [ app_end ] --START--
INFO: Run Behavior\ShowPageTraceBehavior [ RunTime:0.001003s ]
INFO: [ app_end ] --END-- [ RunTime:0.001092s ]

[ 2016-10-05T21:26:35+08:00 ] ::1 /fofs/1/index.php/Home
INFO: [ app_init ] --START--
INFO: Run Behavior\BuildLiteBehavior [ RunTime:0.000017s ]
INFO: [ app_init ] --END-- [ RunTime:0.000488s ]
INFO: [ app_begin ] --START--
INFO: Run Behavior\ReadHtmlCacheBehavior [ RunTime:0.000794s ]
INFO: Run Behavior\CheckLangBehavior [ RunTime:0.002113s ]
INFO: [ app_begin ] --END-- [ RunTime:0.003041s ]
INFO: [ view_parse ] --START--
INFO: [ template_filter ] --START--
INFO: Run Behavior\ContentReplaceBehavior [ RunTime:0.000211s ]
INFO: [ template_filter ] --END-- [ RunTime:0.000318s ]
NOTIC: [8] Undefined variable: user_id D:\phpStudy\WWW\fofs\1\Application\Runtime\Cache\Home\2a94b8bda04ff446dcedd42276fc99ee.php 第 63 行.
INFO: Run Behavior\ParseTemplateBehavior [ RunTime:0.016974s ]
INFO: [ view_parse ] --END-- [ RunTime:0.017099s ]
INFO: [ view_filter ] --START--
INFO: Run Behavior\WriteHtmlCacheBehavior [ RunTime:0.000626s ]
INFO: [ view_filter ] --END-- [ RunTime:0.000681s ]
INFO: [ app_end ] --START--
INFO: Run Behavior\ShowPageTraceBehavior [ RunTime:0.000937s ]
INFO: [ app_end ] --END-- [ RunTime:0.001044s ]

[ 2016-10-05T21:26:43+08:00 ] ::1 /fofs/1/index.php/Home
INFO: [ app_init ] --START--
INFO: Run Behavior\BuildLiteBehavior [ RunTime:0.000017s ]
INFO: [ app_init ] --END-- [ RunTime:0.000488s ]
INFO: [ app_begin ] --START--
INFO: Run Behavior\ReadHtmlCacheBehavior [ RunTime:0.000849s ]
INFO: Run Behavior\CheckLangBehavior [ RunTime:0.002874s ]
INFO: [ app_begin ] --END-- [ RunTime:0.003895s ]
INFO: [ view_parse ] --START--
INFO: [ template_filter ] --START--
INFO: Run Behavior\ContentReplaceBehavior [ RunTime:0.000185s ]
INFO: [ template_filter ] --END-- [ RunTime:0.000267s ]
NOTIC: [8] Undefined variable: user_id D:\phpStudy\WWW\fofs\1\Application\Runtime\Cache\Home\2a94b8bda04ff446dcedd42276fc99ee.php 第 63 行.
INFO: Run Behavior\ParseTemplateBehavior [ RunTime:0.015944s ]
INFO: [ view_parse ] --END-- [ RunTime:0.016025s ]
INFO: [ view_filter ] --START--
INFO: Run Behavior\WriteHtmlCacheBehavior [ RunTime:0.000629s ]
INFO: [ view_filter ] --END-- [ RunTime:0.000680s ]
INFO: [ app_end ] --START--
INFO: Run Behavior\ShowPageTraceBehavior [ RunTime:0.001091s ]
INFO: [ app_end ] --END-- [ RunTime:0.001180s ]

[ 2016-10-05T22:24:53+08:00 ] ::1 /fofs/1/index.php/Home/Register/startupCompanyInfo.html
INFO: [ app_init ] --START--
INFO: Run Behavior\BuildLiteBehavior [ RunTime:0.000033s ]
INFO: [ app_init ] --END-- [ RunTime:0.000644s ]
INFO: [ app_begin ] --START--
INFO: Run Behavior\ReadHtmlCacheBehavior [ RunTime:0.001171s ]
INFO: Run Behavior\CheckLangBehavior [ RunTime:0.003237s ]
INFO: [ app_begin ] --END-- [ RunTime:0.004737s ]
INFO: [ view_parse ] --START--
INFO: [ template_filter ] --START--
INFO: Run Behavior\ContentReplaceBehavior [ RunTime:0.000201s ]
INFO: [ template_filter ] --END-- [ RunTime:0.000287s ]
NOTIC: [8] Undefined variable: user_id D:\phpStudy\WWW\fofs\1\Application\Runtime\Cache\Home\ca5e05224b9d7d60a17af1f238086bae.php 第 63 行.
NOTIC: [8] Undefined variable: data D:\phpStudy\WWW\fofs\1\Application\Runtime\Cache\Home\ca5e05224b9d7d60a17af1f238086bae.php 第 284 行.
NOTIC: [8] Undefined variable: data D:\phpStudy\WWW\fofs\1\Application\Runtime\Cache\Home\ca5e05224b9d7d60a17af1f238086bae.php 第 502 行.
NOTIC: [8] Undefined variable: data D:\phpStudy\WWW\fofs\1\Application\Runtime\Cache\Home\ca5e05224b9d7d60a17af1f238086bae.php 第 510 行.
NOTIC: [8] Undefined variable: data D:\phpStudy\WWW\fofs\1\Application\Runtime\Cache\Home\ca5e05224b9d7d60a17af1f238086bae.php 第 520 行.
NOTIC: [8] Undefined variable: data D:\phpStudy\WWW\fofs\1\Application\Runtime\Cache\Home\ca5e05224b9d7d60a17af1f238086bae.php 第 530 行.
NOTIC: [8] Undefined variable: data D:\phpStudy\WWW\fofs\1\Application\Runtime\Cache\Home\ca5e05224b9d7d60a17af1f238086bae.php 第 538 行.
NOTIC: [8] Undefined variable: data D:\phpStudy\WWW\fofs\1\Application\Runtime\Cache\Home\ca5e05224b9d7d60a17af1f238086bae.php 第 546 行.
NOTIC: [8] Undefined variable: id D:\phpStudy\WWW\fofs\1\Application\Runtime\Cache\Home\ca5e05224b9d7d60a17af1f238086bae.php 第 562 行.
INFO: Run Behavior\ParseTemplateBehavior [ RunTime:0.015314s ]
INFO: [ view_parse ] --END-- [ RunTime:0.015395s ]
INFO: [ view_filter ] --START--
INFO: Run Behavior\WriteHtmlCacheBehavior [ RunTime:0.000583s ]
INFO: [ view_filter ] --END-- [ RunTime:0.000639s ]
INFO: [ app_end ] --START--
INFO: Run Behavior\ShowPageTraceBehavior [ RunTime:0.000998s ]
INFO: [ app_end ] --END-- [ RunTime:0.001096s ]

[ 2016-10-05T22:25:01+08:00 ] ::1 /fofs/1/index.php/Home/Register/faCompanyInfo.html
INFO: [ app_init ] --START--
INFO: Run Behavior\BuildLiteBehavior [ RunTime:0.000018s ]
INFO: [ app_init ] --END-- [ RunTime:0.000468s ]
INFO: [ app_begin ] --START--
INFO: Run Behavior\ReadHtmlCacheBehavior [ RunTime:0.000844s ]
INFO: Run Behavior\CheckLangBehavior [ RunTime:0.002041s ]
INFO: [ app_begin ] --END-- [ RunTime:0.003040s ]
INFO: [ view_parse ] --START--
INFO: [ template_filter ] --START--
INFO: Run Behavior\ContentReplaceBehavior [ RunTime:0.000148s ]
INFO: [ template_filter ] --END-- [ RunTime:0.000221s ]
NOTIC: [8] Undefined variable: user_id D:\phpStudy\WWW\fofs\1\Application\Runtime\Cache\Home\d84f2d54183222010ce0dc5b7cefec8d.php 第 63 行.
NOTIC: [8] Undefined variable: data D:\phpStudy\WWW\fofs\1\Application\Runtime\Cache\Home\d84f2d54183222010ce0dc5b7cefec8d.php 第 284 行.
NOTIC: [8] Undefined variable: data D:\phpStudy\WWW\fofs\1\Application\Runtime\Cache\Home\d84f2d54183222010ce0dc5b7cefec8d.php 第 292 行.
NOTIC: [8] Undefined variable: data D:\phpStudy\WWW\fofs\1\Application\Runtime\Cache\Home\d84f2d54183222010ce0dc5b7cefec8d.php 第 316 行.
NOTIC: [8] Undefined variable: data D:\phpStudy\WWW\fofs\1\Application\Runtime\Cache\Home\d84f2d54183222010ce0dc5b7cefec8d.php 第 340 行.
NOTIC: [8] Undefined variable: data D:\phpStudy\WWW\fofs\1\Application\Runtime\Cache\Home\d84f2d54183222010ce0dc5b7cefec8d.php 第 348 行.
NOTIC: [8] Undefined variable: data D:\phpStudy\WWW\fofs\1\Application\Runtime\Cache\Home\d84f2d54183222010ce0dc5b7cefec8d.php 第 356 行.
NOTIC: [8] Undefined variable: data D:\phpStudy\WWW\fofs\1\Application\Runtime\Cache\Home\d84f2d54183222010ce0dc5b7cefec8d.php 第 364 行.
NOTIC: [8] Undefined variable: data D:\phpStudy\WWW\fofs\1\Application\Runtime\Cache\Home\d84f2d54183222010ce0dc5b7cefec8d.php 第 372 行.
NOTIC: [8] Undefined variable: data D:\phpStudy\WWW\fofs\1\Application\Runtime\Cache\Home\d84f2d54183222010ce0dc5b7cefec8d.php 第 398 行.
NOTIC: [8] Undefined variable: data D:\phpStudy\WWW\fofs\1\Application\Runtime\Cache\Home\d84f2d54183222010ce0dc5b7cefec8d.php 第 422 行.
NOTIC: [8] Undefined variable: data D:\phpStudy\WWW\fofs\1\Application\Runtime\Cache\Home\d84f2d54183222010ce0dc5b7cefec8d.php 第 430 行.
NOTIC: [8] Undefined variable: data D:\phpStudy\WWW\fofs\1\Application\Runtime\Cache\Home\d84f2d54183222010ce0dc5b7cefec8d.php 第 465 行.
NOTIC: [8] Undefined variable: data D:\phpStudy\WWW\fofs\1\Application\Runtime\Cache\Home\d84f2d54183222010ce0dc5b7cefec8d.php 第 473 行.
NOTIC: [8] Undefined variable: data D:\phpStudy\WWW\fofs\1\Application\Runtime\Cache\Home\d84f2d54183222010ce0dc5b7cefec8d.php 第 483 行.
NOTIC: [8] Undefined variable: data D:\phpStudy\WWW\fofs\1\Application\Runtime\Cache\Home\d84f2d54183222010ce0dc5b7cefec8d.php 第 493 行.
NOTIC: [8] Undefined variable: data D:\phpStudy\WWW\fofs\1\Application\Runtime\Cache\Home\d84f2d54183222010ce0dc5b7cefec8d.php 第 501 行.
NOTIC: [8] Undefined variable: data D:\phpStudy\WWW\fofs\1\Application\Runtime\Cache\Home\d84f2d54183222010ce0dc5b7cefec8d.php 第 509 行.
NOTIC: [8] Undefined variable: id D:\phpStudy\WWW\fofs\1\Application\Runtime\Cache\Home\d84f2d54183222010ce0dc5b7cefec8d.php 第 525 行.
INFO: Run Behavior\ParseTemplateBehavior [ RunTime:0.016484s ]
INFO: [ view_parse ] --END-- [ RunTime:0.016579s ]
INFO: [ view_filter ] --START--
INFO: Run Behavior\WriteHtmlCacheBehavior [ RunTime:0.000744s ]
INFO: [ view_filter ] --END-- [ RunTime:0.000825s ]
INFO: [ app_end ] --START--
INFO: Run Behavior\ShowPageTraceBehavior [ RunTime:0.001150s ]
INFO: [ app_end ] --END-- [ RunTime:0.001251s ]

[ 2016-10-05T22:26:44+08:00 ] ::1 /fofs/1/index.php/Home/Register/faCompanyInfo.html
INFO: [ app_init ] --START--
INFO: Run Behavior\BuildLiteBehavior [ RunTime:0.000029s ]
INFO: [ app_init ] --END-- [ RunTime:0.000785s ]
INFO: [ app_begin ] --START--
INFO: Run Behavior\ReadHtmlCacheBehavior [ RunTime:0.000966s ]
INFO: Run Behavior\CheckLangBehavior [ RunTime:0.002983s ]
INFO: [ app_begin ] --END-- [ RunTime:0.004150s ]
INFO: [ view_parse ] --START--
INFO: [ template_filter ] --START--
INFO: Run Behavior\ContentReplaceBehavior [ RunTime:0.000209s ]
INFO: [ template_filter ] --END-- [ RunTime:0.000311s ]
NOTIC: [8] Undefined variable: user_id D:\phpStudy\WWW\fofs\1\Application\Runtime\Cache\Home\d84f2d54183222010ce0dc5b7cefec8d.php 第 63 行.
NOTIC: [8] Undefined variable: data D:\phpStudy\WWW\fofs\1\Application\Runtime\Cache\Home\d84f2d54183222010ce0dc5b7cefec8d.php 第 284 行.
NOTIC: [8] Undefined variable: data D:\phpStudy\WWW\fofs\1\Application\Runtime\Cache\Home\d84f2d54183222010ce0dc5b7cefec8d.php 第 292 行.
NOTIC: [8] Undefined variable: data D:\phpStudy\WWW\fofs\1\Application\Runtime\Cache\Home\d84f2d54183222010ce0dc5b7cefec8d.php 第 352 行.
NOTIC: [8] Undefined variable: data D:\phpStudy\WWW\fofs\1\Application\Runtime\Cache\Home\d84f2d54183222010ce0dc5b7cefec8d.php 第 360 行.
NOTIC: [8] Undefined variable: data D:\phpStudy\WWW\fofs\1\Application\Runtime\Cache\Home\d84f2d54183222010ce0dc5b7cefec8d.php 第 370 行.
NOTIC: [8] Undefined variable: data D:\phpStudy\WWW\fofs\1\Application\Runtime\Cache\Home\d84f2d54183222010ce0dc5b7cefec8d.php 第 380 行.
NOTIC: [8] Undefined variable: data D:\phpStudy\WWW\fofs\1\Application\Runtime\Cache\Home\d84f2d54183222010ce0dc5b7cefec8d.php 第 388 行.
NOTIC: [8] Undefined variable: data D:\phpStudy\WWW\fofs\1\Application\Runtime\Cache\Home\d84f2d54183222010ce0dc5b7cefec8d.php 第 396 行.
NOTIC: [8] Undefined variable: id D:\phpStudy\WWW\fofs\1\Application\Runtime\Cache\Home\d84f2d54183222010ce0dc5b7cefec8d.php 第 412 行.
INFO: Run Behavior\ParseTemplateBehavior [ RunTime:0.015455s ]
INFO: [ view_parse ] --END-- [ RunTime:0.015533s ]
INFO: [ view_filter ] --START--
INFO: Run Behavior\WriteHtmlCacheBehavior [ RunTime:0.000527s ]
INFO: [ view_filter ] --END-- [ RunTime:0.000584s ]
INFO: [ app_end ] --START--
INFO: Run Behavior\ShowPageTraceBehavior [ RunTime:0.000874s ]
INFO: [ app_end ] --END-- [ RunTime:0.000970s ]

[ 2016-10-05T22:27:58+08:00 ] ::1 /fofs/1/index.php/Home/Register/gpFundsInfo
INFO: [ app_init ] --START--
INFO: Run Behavior\BuildLiteBehavior [ RunTime:0.000021s ]
INFO: [ app_init ] --END-- [ RunTime:0.000506s ]
INFO: [ app_begin ] --START--
INFO: Run Behavior\ReadHtmlCacheBehavior [ RunTime:0.000691s ]
INFO: Run Behavior\CheckLangBehavior [ RunTime:0.002042s ]
INFO: [ app_begin ] --END-- [ RunTime:0.002912s ]
INFO: [ view_parse ] --START--
INFO: [ template_filter ] --START--
INFO: Run Behavior\ContentReplaceBehavior [ RunTime:0.000196s ]
INFO: [ template_filter ] --END-- [ RunTime:0.000281s ]
NOTIC: [8] Undefined variable: user_id D:\phpStudy\WWW\fofs\1\Application\Runtime\Cache\Home\348fc137314030d07c1c5a367de01cd5.php 第 63 行.
NOTIC: [8] Undefined variable: id D:\phpStudy\WWW\fofs\1\Application\Runtime\Cache\Home\348fc137314030d07c1c5a367de01cd5.php 第 689 行.
INFO: Run Behavior\ParseTemplateBehavior [ RunTime:0.054071s ]
INFO: [ view_parse ] --END-- [ RunTime:0.054155s ]
INFO: [ view_filter ] --START--
INFO: Run Behavior\WriteHtmlCacheBehavior [ RunTime:0.000486s ]
INFO: [ view_filter ] --END-- [ RunTime:0.000575s ]
INFO: [ app_end ] --START--
INFO: Run Behavior\ShowPageTraceBehavior [ RunTime:0.000956s ]
INFO: [ app_end ] --END-- [ RunTime:0.001074s ]

[ 2016-10-05T22:31:15+08:00 ] ::1 /fofs/1/index.php/Home/Register/faSuccessCase.html
INFO: [ app_init ] --START--
INFO: Run Behavior\BuildLiteBehavior [ RunTime:0.000035s ]
INFO: [ app_init ] --END-- [ RunTime:0.000834s ]
INFO: [ app_begin ] --START--
INFO: Run Behavior\ReadHtmlCacheBehavior [ RunTime:0.001361s ]
INFO: Run Behavior\CheckLangBehavior [ RunTime:0.004024s ]
INFO: [ app_begin ] --END-- [ RunTime:0.005649s ]
INFO: [ view_parse ] --START--
INFO: [ template_filter ] --START--
INFO: Run Behavior\ContentReplaceBehavior [ RunTime:0.000132s ]
INFO: [ template_filter ] --END-- [ RunTime:0.000204s ]
NOTIC: [8] Undefined variable: user_id D:\phpStudy\WWW\fofs\1\Application\Runtime\Cache\Home\edb3695aba5876634cc9ba17e7d9cfab.php 第 63 行.
NOTIC: [8] Undefined variable: id D:\phpStudy\WWW\fofs\1\Application\Runtime\Cache\Home\edb3695aba5876634cc9ba17e7d9cfab.php 第 412 行.
INFO: Run Behavior\ParseTemplateBehavior [ RunTime:0.017919s ]
INFO: [ view_parse ] --END-- [ RunTime:0.018008s ]
INFO: [ view_filter ] --START--
INFO: Run Behavior\WriteHtmlCacheBehavior [ RunTime:0.000518s ]
INFO: [ view_filter ] --END-- [ RunTime:0.000612s ]
INFO: [ app_end ] --START--
INFO: Run Behavior\ShowPageTraceBehavior [ RunTime:0.001288s ]
INFO: [ app_end ] --END-- [ RunTime:0.001625s ]

[ 2016-10-05T22:32:18+08:00 ] ::1 /fofs/1/index.php/Home/Register/faSuccessCase.html
INFO: [ app_init ] --START--
INFO: Run Behavior\BuildLiteBehavior [ RunTime:0.000020s ]
INFO: [ app_init ] --END-- [ RunTime:0.000581s ]
INFO: [ app_begin ] --START--
INFO: Run Behavior\ReadHtmlCacheBehavior [ RunTime:0.000693s ]
INFO: Run Behavior\CheckLangBehavior [ RunTime:0.001741s ]
INFO: [ app_begin ] --END-- [ RunTime:0.002566s ]
INFO: [ view_parse ] --START--
INFO: [ template_filter ] --START--
INFO: Run Behavior\ContentReplaceBehavior [ RunTime:0.000128s ]
INFO: [ template_filter ] --END-- [ RunTime:0.000196s ]
NOTIC: [8] Undefined variable: user_id D:\phpStudy\WWW\fofs\1\Application\Runtime\Cache\Home\edb3695aba5876634cc9ba17e7d9cfab.php 第 63 行.
NOTIC: [8] Undefined variable: id D:\phpStudy\WWW\fofs\1\Application\Runtime\Cache\Home\edb3695aba5876634cc9ba17e7d9cfab.php 第 412 行.
INFO: Run Behavior\ParseTemplateBehavior [ RunTime:0.013592s ]
INFO: [ view_parse ] --END-- [ RunTime:0.013666s ]
INFO: [ view_filter ] --START--
INFO: Run Behavior\WriteHtmlCacheBehavior [ RunTime:0.000439s ]
INFO: [ view_filter ] --END-- [ RunTime:0.000491s ]
INFO: [ app_end ] --START--
INFO: Run Behavior\ShowPageTraceBehavior [ RunTime:0.000792s ]
INFO: [ app_end ] --END-- [ RunTime:0.000890s ]

[ 2016-10-05T22:34:17+08:00 ] ::1 /fofs/1/index.php/Home/Register/faSuccessCase.html
INFO: [ app_init ] --START--
INFO: Run Behavior\BuildLiteBehavior [ RunTime:0.000024s ]
INFO: [ app_init ] --END-- [ RunTime:0.000661s ]
INFO: [ app_begin ] --START--
INFO: Run Behavior\ReadHtmlCacheBehavior [ RunTime:0.001109s ]
INFO: Run Behavior\CheckLangBehavior [ RunTime:0.002601s ]
INFO: [ app_begin ] --END-- [ RunTime:0.003884s ]
INFO: [ view_parse ] --START--
INFO: [ template_filter ] --START--
INFO: Run Behavior\ContentReplaceBehavior [ RunTime:0.000257s ]
INFO: [ template_filter ] --END-- [ RunTime:0.000397s ]
NOTIC: [8] Undefined variable: user_id D:\phpStudy\WWW\fofs\1\Application\Runtime\Cache\Home\edb3695aba5876634cc9ba17e7d9cfab.php 第 63 行.
NOTIC: [8] Undefined variable: id D:\phpStudy\WWW\fofs\1\Application\Runtime\Cache\Home\edb3695aba5876634cc9ba17e7d9cfab.php 第 372 行.
INFO: Run Behavior\ParseTemplateBehavior [ RunTime:0.018749s ]
INFO: [ view_parse ] --END-- [ RunTime:0.018845s ]
INFO: [ view_filter ] --START--
INFO: Run Behavior\WriteHtmlCacheBehavior [ RunTime:0.000796s ]
INFO: [ view_filter ] --END-- [ RunTime:0.000875s ]
INFO: [ app_end ] --START--
INFO: Run Behavior\ShowPageTraceBehavior [ RunTime:0.001463s ]
INFO: [ app_end ] --END-- [ RunTime:0.001580s ]

[ 2016-10-05T22:34:46+08:00 ] ::1 /fofs/1/index.php/Home/Register/faSuccessCase.html
INFO: [ app_init ] --START--
INFO: Run Behavior\BuildLiteBehavior [ RunTime:0.000019s ]
INFO: [ app_init ] --END-- [ RunTime:0.000584s ]
INFO: [ app_begin ] --START--
INFO: Run Behavior\ReadHtmlCacheBehavior [ RunTime:0.000679s ]
INFO: Run Behavior\CheckLangBehavior [ RunTime:0.001985s ]
INFO: [ app_begin ] --END-- [ RunTime:0.002773s ]
INFO: [ view_parse ] --START--
INFO: [ template_filter ] --START--
INFO: Run Behavior\ContentReplaceBehavior [ RunTime:0.000149s ]
INFO: [ template_filter ] --END-- [ RunTime:0.000239s ]
NOTIC: [8] Undefined variable: user_id D:\phpStudy\WWW\fofs\1\Application\Runtime\Cache\Home\edb3695aba5876634cc9ba17e7d9cfab.php 第 63 行.
NOTIC: [8] Undefined variable: id D:\phpStudy\WWW\fofs\1\Application\Runtime\Cache\Home\edb3695aba5876634cc9ba17e7d9cfab.php 第 372 行.
INFO: Run Behavior\ParseTemplateBehavior [ RunTime:0.012816s ]
INFO: [ view_parse ] --END-- [ RunTime:0.012955s ]
INFO: [ view_filter ] --START--
INFO: Run Behavior\WriteHtmlCacheBehavior [ RunTime:0.000563s ]
INFO: [ view_filter ] --END-- [ RunTime:0.000630s ]
INFO: [ app_end ] --START--
INFO: Run Behavior\ShowPageTraceBehavior [ RunTime:0.001066s ]
INFO: [ app_end ] --END-- [ RunTime:0.001194s ]

[ 2016-10-05T22:51:53+08:00 ] ::1 /fofs/1/index.php/Home/Register/laCompanyInfo.html
INFO: [ app_init ] --START--
INFO: Run Behavior\BuildLiteBehavior [ RunTime:0.000022s ]
INFO: [ app_init ] --END-- [ RunTime:0.000804s ]
INFO: [ app_begin ] --START--
INFO: Run Behavior\ReadHtmlCacheBehavior [ RunTime:0.001471s ]
INFO: Run Behavior\CheckLangBehavior [ RunTime:0.003261s ]
INFO: [ app_begin ] --END-- [ RunTime:0.004990s ]
INFO: [ view_parse ] --START--
INFO: [ template_filter ] --START--
INFO: Run Behavior\ContentReplaceBehavior [ RunTime:0.000173s ]
INFO: [ template_filter ] --END-- [ RunTime:0.000251s ]
NOTIC: [8] Undefined variable: user_id D:\phpStudy\WWW\fofs\1\Application\Runtime\Cache\Home\feb9bf1b6e0afce0a736768cfa7abbc2.php 第 63 行.
NOTIC: [8] Undefined variable: data D:\phpStudy\WWW\fofs\1\Application\Runtime\Cache\Home\feb9bf1b6e0afce0a736768cfa7abbc2.php 第 284 行.
NOTIC: [8] Undefined variable: data D:\phpStudy\WWW\fofs\1\Application\Runtime\Cache\Home\feb9bf1b6e0afce0a736768cfa7abbc2.php 第 292 行.
NOTIC: [8] Undefined variable: data D:\phpStudy\WWW\fofs\1\Application\Runtime\Cache\Home\feb9bf1b6e0afce0a736768cfa7abbc2.php 第 308 行.
NOTIC: [8] Undefined variable: data D:\phpStudy\WWW\fofs\1\Application\Runtime\Cache\Home\feb9bf1b6e0afce0a736768cfa7abbc2.php 第 360 行.
NOTIC: [8] Undefined variable: data D:\phpStudy\WWW\fofs\1\Application\Runtime\Cache\Home\feb9bf1b6e0afce0a736768cfa7abbc2.php 第 368 行.
NOTIC: [8] Undefined variable: data D:\phpStudy\WWW\fofs\1\Application\Runtime\Cache\Home\feb9bf1b6e0afce0a736768cfa7abbc2.php 第 378 行.
NOTIC: [8] Undefined variable: data D:\phpStudy\WWW\fofs\1\Application\Runtime\Cache\Home\feb9bf1b6e0afce0a736768cfa7abbc2.php 第 388 行.
NOTIC: [8] Undefined variable: data D:\phpStudy\WWW\fofs\1\Application\Runtime\Cache\Home\feb9bf1b6e0afce0a736768cfa7abbc2.php 第 396 行.
NOTIC: [8] Undefined variable: data D:\phpStudy\WWW\fofs\1\Application\Runtime\Cache\Home\feb9bf1b6e0afce0a736768cfa7abbc2.php 第 404 行.
NOTIC: [8] Undefined variable: id D:\phpStudy\WWW\fofs\1\Application\Runtime\Cache\Home\feb9bf1b6e0afce0a736768cfa7abbc2.php 第 420 行.
INFO: Run Behavior\ParseTemplateBehavior [ RunTime:0.017749s ]
INFO: [ view_parse ] --END-- [ RunTime:0.017893s ]
INFO: [ view_filter ] --START--
INFO: Run Behavior\WriteHtmlCacheBehavior [ RunTime:0.000731s ]
INFO: [ view_filter ] --END-- [ RunTime:0.000820s ]
INFO: [ app_end ] --START--
INFO: Run Behavior\ShowPageTraceBehavior [ RunTime:0.000855s ]
INFO: [ app_end ] --END-- [ RunTime:0.000961s ]

[ 2016-10-05T22:56:04+08:00 ] ::1 /fofs/1/index.php/Home/Register/laServiceInfo.html
INFO: [ app_init ] --START--
INFO: Run Behavior\BuildLiteBehavior [ RunTime:0.000030s ]
INFO: [ app_init ] --END-- [ RunTime:0.000682s ]
INFO: [ app_begin ] --START--
INFO: Run Behavior\ReadHtmlCacheBehavior [ RunTime:0.000820s ]
INFO: Run Behavior\CheckLangBehavior [ RunTime:0.002212s ]
INFO: [ app_begin ] --END-- [ RunTime:0.003190s ]
INFO: [ view_parse ] --START--
INFO: [ template_filter ] --START--
INFO: Run Behavior\ContentReplaceBehavior [ RunTime:0.000226s ]
INFO: [ template_filter ] --END-- [ RunTime:0.000364s ]
NOTIC: [8] Undefined variable: user_id D:\phpStudy\WWW\fofs\1\Application\Runtime\Cache\Home\c745a6541907f997e7540a5acb976ab0.php 第 63 行.
NOTIC: [8] Undefined variable: id D:\phpStudy\WWW\fofs\1\Application\Runtime\Cache\Home\c745a6541907f997e7540a5acb976ab0.php 第 358 行.
INFO: Run Behavior\ParseTemplateBehavior [ RunTime:0.014748s ]
INFO: [ view_parse ] --END-- [ RunTime:0.014858s ]
INFO: [ view_filter ] --START--
INFO: Run Behavior\WriteHtmlCacheBehavior [ RunTime:0.000512s ]
INFO: [ view_filter ] --END-- [ RunTime:0.000570s ]
INFO: [ app_end ] --START--
INFO: Run Behavior\ShowPageTraceBehavior [ RunTime:0.001626s ]
INFO: [ app_end ] --END-- [ RunTime:0.001766s ]

[ 2016-10-05T22:56:23+08:00 ] ::1 /fofs/1/index.php/Home/Register/laServiceInfo.html
INFO: [ app_init ] --START--
INFO: Run Behavior\BuildLiteBehavior [ RunTime:0.000018s ]
INFO: [ app_init ] --END-- [ RunTime:0.000498s ]
INFO: [ app_begin ] --START--
INFO: Run Behavior\ReadHtmlCacheBehavior [ RunTime:0.000735s ]
INFO: Run Behavior\CheckLangBehavior [ RunTime:0.001778s ]
INFO: [ app_begin ] --END-- [ RunTime:0.002690s ]
INFO: [ view_parse ] --START--
INFO: [ template_filter ] --START--
INFO: Run Behavior\ContentReplaceBehavior [ RunTime:0.000173s ]
INFO: [ template_filter ] --END-- [ RunTime:0.000263s ]
NOTIC: [8] Undefined variable: user_id D:\phpStudy\WWW\fofs\1\Application\Runtime\Cache\Home\c745a6541907f997e7540a5acb976ab0.php 第 63 行.
NOTIC: [8] Undefined variable: id D:\phpStudy\WWW\fofs\1\Application\Runtime\Cache\Home\c745a6541907f997e7540a5acb976ab0.php 第 358 行.
INFO: Run Behavior\ParseTemplateBehavior [ RunTime:0.012394s ]
INFO: [ view_parse ] --END-- [ RunTime:0.012466s ]
INFO: [ view_filter ] --START--
INFO: Run Behavior\WriteHtmlCacheBehavior [ RunTime:0.000544s ]
INFO: [ view_filter ] --END-- [ RunTime:0.000616s ]
INFO: [ app_end ] --START--
INFO: Run Behavior\ShowPageTraceBehavior [ RunTime:0.000768s ]
INFO: [ app_end ] --END-- [ RunTime:0.000850s ]

[ 2016-10-05T23:00:23+08:00 ] ::1 /fofs/1/index.php/Home/Register/fiCompanyInfo.html
INFO: [ app_init ] --START--
INFO: Run Behavior\BuildLiteBehavior [ RunTime:0.000022s ]
INFO: [ app_init ] --END-- [ RunTime:0.000697s ]
INFO: [ app_begin ] --START--
INFO: Run Behavior\ReadHtmlCacheBehavior [ RunTime:0.001210s ]
INFO: Run Behavior\CheckLangBehavior [ RunTime:0.002800s ]
INFO: [ app_begin ] --END-- [ RunTime:0.004232s ]
INFO: [ view_parse ] --START--
INFO: [ template_filter ] --START--
INFO: Run Behavior\ContentReplaceBehavior [ RunTime:0.000138s ]
INFO: [ template_filter ] --END-- [ RunTime:0.000218s ]
NOTIC: [8] Undefined variable: user_id D:\phpStudy\WWW\fofs\1\Application\Runtime\Cache\Home\403c049390d1a38a0bb2bc12cdf4c1d1.php 第 63 行.
NOTIC: [8] Undefined variable: data D:\phpStudy\WWW\fofs\1\Application\Runtime\Cache\Home\403c049390d1a38a0bb2bc12cdf4c1d1.php 第 284 行.
NOTIC: [8] Undefined variable: data D:\phpStudy\WWW\fofs\1\Application\Runtime\Cache\Home\403c049390d1a38a0bb2bc12cdf4c1d1.php 第 292 行.
NOTIC: [8] Undefined variable: data D:\phpStudy\WWW\fofs\1\Application\Runtime\Cache\Home\403c049390d1a38a0bb2bc12cdf4c1d1.php 第 308 行.
NOTIC: [8] Undefined variable: data D:\phpStudy\WWW\fofs\1\Application\Runtime\Cache\Home\403c049390d1a38a0bb2bc12cdf4c1d1.php 第 360 行.
NOTIC: [8] Undefined variable: data D:\phpStudy\WWW\fofs\1\Application\Runtime\Cache\Home\403c049390d1a38a0bb2bc12cdf4c1d1.php 第 368 行.
NOTIC: [8] Undefined variable: data D:\phpStudy\WWW\fofs\1\Application\Runtime\Cache\Home\403c049390d1a38a0bb2bc12cdf4c1d1.php 第 378 行.
NOTIC: [8] Undefined variable: data D:\phpStudy\WWW\fofs\1\Application\Runtime\Cache\Home\403c049390d1a38a0bb2bc12cdf4c1d1.php 第 388 行.
NOTIC: [8] Undefined variable: data D:\phpStudy\WWW\fofs\1\Application\Runtime\Cache\Home\403c049390d1a38a0bb2bc12cdf4c1d1.php 第 396 行.
NOTIC: [8] Undefined variable: data D:\phpStudy\WWW\fofs\1\Application\Runtime\Cache\Home\403c049390d1a38a0bb2bc12cdf4c1d1.php 第 404 行.
NOTIC: [8] Undefined variable: id D:\phpStudy\WWW\fofs\1\Application\Runtime\Cache\Home\403c049390d1a38a0bb2bc12cdf4c1d1.php 第 420 行.
INFO: Run Behavior\ParseTemplateBehavior [ RunTime:0.015782s ]
INFO: [ view_parse ] --END-- [ RunTime:0.015896s ]
INFO: [ view_filter ] --START--
INFO: Run Behavior\WriteHtmlCacheBehavior [ RunTime:0.000841s ]
INFO: [ view_filter ] --END-- [ RunTime:0.000925s ]
INFO: [ app_end ] --START--
INFO: Run Behavior\ShowPageTraceBehavior [ RunTime:0.001179s ]
INFO: [ app_end ] --END-- [ RunTime:0.001310s ]

[ 2016-10-05T23:00:30+08:00 ] ::1 /fofs/1/index.php/Home/Register/fiServiceInfo.html
INFO: [ app_init ] --START--
INFO: Run Behavior\BuildLiteBehavior [ RunTime:0.000024s ]
INFO: [ app_init ] --END-- [ RunTime:0.000895s ]
INFO: [ app_begin ] --START--
INFO: Run Behavior\ReadHtmlCacheBehavior [ RunTime:0.000820s ]
INFO: Run Behavior\CheckLangBehavior [ RunTime:0.002252s ]
INFO: [ app_begin ] --END-- [ RunTime:0.003205s ]
INFO: [ view_parse ] --START--
INFO: [ template_filter ] --START--
INFO: Run Behavior\ContentReplaceBehavior [ RunTime:0.000135s ]
INFO: [ template_filter ] --END-- [ RunTime:0.000207s ]
NOTIC: [8] Undefined variable: user_id D:\phpStudy\WWW\fofs\1\Application\Runtime\Cache\Home\92f4912f7f29b6cd7ac5abe5530f0352.php 第 63 行.
NOTIC: [8] Undefined variable: id D:\phpStudy\WWW\fofs\1\Application\Runtime\Cache\Home\92f4912f7f29b6cd7ac5abe5530f0352.php 第 358 行.
INFO: Run Behavior\ParseTemplateBehavior [ RunTime:0.014834s ]
INFO: [ view_parse ] --END-- [ RunTime:0.014910s ]
INFO: [ view_filter ] --START--
INFO: Run Behavior\WriteHtmlCacheBehavior [ RunTime:0.000620s ]
INFO: [ view_filter ] --END-- [ RunTime:0.000680s ]
INFO: [ app_end ] --START--
INFO: Run Behavior\ShowPageTraceBehavior [ RunTime:0.002351s ]
INFO: [ app_end ] --END-- [ RunTime:0.002535s ]

[ 2016-10-05T23:03:18+08:00 ] ::1 /fofs/1/index.php/Home/Register/biServiceInfo.html
INFO: [ app_init ] --START--
INFO: Run Behavior\BuildLiteBehavior [ RunTime:0.000032s ]
INFO: [ app_init ] --END-- [ RunTime:0.001000s ]
INFO: [ app_begin ] --START--
INFO: Run Behavior\ReadHtmlCacheBehavior [ RunTime:0.001116s ]
INFO: Run Behavior\CheckLangBehavior [ RunTime:0.002408s ]
INFO: [ app_begin ] --END-- [ RunTime:0.003683s ]
INFO: [ view_parse ] --START--
INFO: [ template_filter ] --START--
INFO: Run Behavior\ContentReplaceBehavior [ RunTime:0.000283s ]
INFO: [ template_filter ] --END-- [ RunTime:0.000503s ]
NOTIC: [8] Undefined variable: user_id D:\phpStudy\WWW\fofs\1\Application\Runtime\Cache\Home\9c6631cb41a79d6b7a4e5433473aa18d.php 第 63 行.
NOTIC: [8] Undefined variable: data D:\phpStudy\WWW\fofs\1\Application\Runtime\Cache\Home\9c6631cb41a79d6b7a4e5433473aa18d.php 第 284 行.
NOTIC: [8] Undefined variable: data D:\phpStudy\WWW\fofs\1\Application\Runtime\Cache\Home\9c6631cb41a79d6b7a4e5433473aa18d.php 第 292 行.
NOTIC: [8] Undefined variable: data D:\phpStudy\WWW\fofs\1\Application\Runtime\Cache\Home\9c6631cb41a79d6b7a4e5433473aa18d.php 第 308 行.
NOTIC: [8] Undefined variable: data D:\phpStudy\WWW\fofs\1\Application\Runtime\Cache\Home\9c6631cb41a79d6b7a4e5433473aa18d.php 第 360 行.
NOTIC: [8] Undefined variable: data D:\phpStudy\WWW\fofs\1\Application\Runtime\Cache\Home\9c6631cb41a79d6b7a4e5433473aa18d.php 第 368 行.
NOTIC: [8] Undefined variable: data D:\phpStudy\WWW\fofs\1\Application\Runtime\Cache\Home\9c6631cb41a79d6b7a4e5433473aa18d.php 第 378 行.
NOTIC: [8] Undefined variable: data D:\phpStudy\WWW\fofs\1\Application\Runtime\Cache\Home\9c6631cb41a79d6b7a4e5433473aa18d.php 第 388 行.
NOTIC: [8] Undefined variable: data D:\phpStudy\WWW\fofs\1\Application\Runtime\Cache\Home\9c6631cb41a79d6b7a4e5433473aa18d.php 第 396 行.
NOTIC: [8] Undefined variable: data D:\phpStudy\WWW\fofs\1\Application\Runtime\Cache\Home\9c6631cb41a79d6b7a4e5433473aa18d.php 第 404 行.
NOTIC: [8] Undefined variable: id D:\phpStudy\WWW\fofs\1\Application\Runtime\Cache\Home\9c6631cb41a79d6b7a4e5433473aa18d.php 第 420 行.
INFO: Run Behavior\ParseTemplateBehavior [ RunTime:0.015822s ]
INFO: [ view_parse ] --END-- [ RunTime:0.015902s ]
INFO: [ view_filter ] --START--
INFO: Run Behavior\WriteHtmlCacheBehavior [ RunTime:0.000574s ]
INFO: [ view_filter ] --END-- [ RunTime:0.000643s ]
INFO: [ app_end ] --START--
INFO: Run Behavior\ShowPageTraceBehavior [ RunTime:0.002081s ]
INFO: [ app_end ] --END-- [ RunTime:0.002199s ]

[ 2016-10-05T23:03:22+08:00 ] ::1 /fofs/1/index.php/Home/Register/biCompanyInfo.html
INFO: [ app_init ] --START--
INFO: Run Behavior\BuildLiteBehavior [ RunTime:0.000018s ]
INFO: [ app_init ] --END-- [ RunTime:0.000477s ]
INFO: [ app_begin ] --START--
INFO: Run Behavior\ReadHtmlCacheBehavior [ RunTime:0.000739s ]
INFO: Run Behavior\CheckLangBehavior [ RunTime:0.002027s ]
INFO: [ app_begin ] --END-- [ RunTime:0.002898s ]
INFO: [ view_parse ] --START--
INFO: [ template_filter ] --START--
INFO: Run Behavior\ContentReplaceBehavior [ RunTime:0.000125s ]
INFO: [ template_filter ] --END-- [ RunTime:0.000194s ]
NOTIC: [8] Undefined variable: user_id D:\phpStudy\WWW\fofs\1\Application\Runtime\Cache\Home\b648083e92eabe09ab33366e74527189.php 第 63 行.
NOTIC: [8] Undefined variable: data D:\phpStudy\WWW\fofs\1\Application\Runtime\Cache\Home\b648083e92eabe09ab33366e74527189.php 第 284 行.
NOTIC: [8] Undefined variable: data D:\phpStudy\WWW\fofs\1\Application\Runtime\Cache\Home\b648083e92eabe09ab33366e74527189.php 第 292 行.
NOTIC: [8] Undefined variable: data D:\phpStudy\WWW\fofs\1\Application\Runtime\Cache\Home\b648083e92eabe09ab33366e74527189.php 第 308 行.
NOTIC: [8] Undefined variable: data D:\phpStudy\WWW\fofs\1\Application\Runtime\Cache\Home\b648083e92eabe09ab33366e74527189.php 第 360 行.
NOTIC: [8] Undefined variable: data D:\phpStudy\WWW\fofs\1\Application\Runtime\Cache\Home\b648083e92eabe09ab33366e74527189.php 第 368 行.
NOTIC: [8] Undefined variable: data D:\phpStudy\WWW\fofs\1\Application\Runtime\Cache\Home\b648083e92eabe09ab33366e74527189.php 第 378 行.
NOTIC: [8] Undefined variable: data D:\phpStudy\WWW\fofs\1\Application\Runtime\Cache\Home\b648083e92eabe09ab33366e74527189.php 第 388 行.
NOTIC: [8] Undefined variable: data D:\phpStudy\WWW\fofs\1\Application\Runtime\Cache\Home\b648083e92eabe09ab33366e74527189.php 第 396 行.
NOTIC: [8] Undefined variable: data D:\phpStudy\WWW\fofs\1\Application\Runtime\Cache\Home\b648083e92eabe09ab33366e74527189.php 第 404 行.
NOTIC: [8] Undefined variable: id D:\phpStudy\WWW\fofs\1\Application\Runtime\Cache\Home\b648083e92eabe09ab33366e74527189.php 第 420 行.
INFO: Run Behavior\ParseTemplateBehavior [ RunTime:0.013438s ]
INFO: [ view_parse ] --END-- [ RunTime:0.013526s ]
INFO: [ view_filter ] --START--
INFO: Run Behavior\WriteHtmlCacheBehavior [ RunTime:0.000600s ]
INFO: [ view_filter ] --END-- [ RunTime:0.000661s ]
INFO: [ app_end ] --START--
INFO: Run Behavior\ShowPageTraceBehavior [ RunTime:0.001560s ]
INFO: [ app_end ] --END-- [ RunTime:0.001689s ]

[ 2016-10-05T23:06:33+08:00 ] ::1 /fofs/1/index.php/Home/Register/otherInstitutionInfo.html
INFO: [ app_init ] --START--
INFO: Run Behavior\BuildLiteBehavior [ RunTime:0.000033s ]
INFO: [ app_init ] --END-- [ RunTime:0.000986s ]
INFO: [ app_begin ] --START--
INFO: Run Behavior\ReadHtmlCacheBehavior [ RunTime:0.001332s ]
INFO: Run Behavior\CheckLangBehavior [ RunTime:0.003007s ]
INFO: [ app_begin ] --END-- [ RunTime:0.004568s ]
INFO: [ view_parse ] --START--
INFO: [ template_filter ] --START--
INFO: Run Behavior\ContentReplaceBehavior [ RunTime:0.000133s ]
INFO: [ template_filter ] --END-- [ RunTime:0.000209s ]
NOTIC: [8] Undefined variable: user_id D:\phpStudy\WWW\fofs\1\Application\Runtime\Cache\Home\b9b983138e315650b1a569c460611a87.php 第 63 行.
NOTIC: [8] Undefined variable: data D:\phpStudy\WWW\fofs\1\Application\Runtime\Cache\Home\b9b983138e315650b1a569c460611a87.php 第 284 行.
NOTIC: [8] Undefined variable: data D:\phpStudy\WWW\fofs\1\Application\Runtime\Cache\Home\b9b983138e315650b1a569c460611a87.php 第 292 行.
NOTIC: [8] Undefined variable: data D:\phpStudy\WWW\fofs\1\Application\Runtime\Cache\Home\b9b983138e315650b1a569c460611a87.php 第 308 行.
NOTIC: [8] Undefined variable: data D:\phpStudy\WWW\fofs\1\Application\Runtime\Cache\Home\b9b983138e315650b1a569c460611a87.php 第 316 行.
NOTIC: [8] Undefined variable: data D:\phpStudy\WWW\fofs\1\Application\Runtime\Cache\Home\b9b983138e315650b1a569c460611a87.php 第 324 行.
NOTIC: [8] Undefined variable: data D:\phpStudy\WWW\fofs\1\Application\Runtime\Cache\Home\b9b983138e315650b1a569c460611a87.php 第 376 行.
NOTIC: [8] Undefined variable: data D:\phpStudy\WWW\fofs\1\Application\Runtime\Cache\Home\b9b983138e315650b1a569c460611a87.php 第 384 行.
NOTIC: [8] Undefined variable: data D:\phpStudy\WWW\fofs\1\Application\Runtime\Cache\Home\b9b983138e315650b1a569c460611a87.php 第 394 行.
NOTIC: [8] Undefined variable: data D:\phpStudy\WWW\fofs\1\Application\Runtime\Cache\Home\b9b983138e315650b1a569c460611a87.php 第 404 行.
NOTIC: [8] Undefined variable: data D:\phpStudy\WWW\fofs\1\Application\Runtime\Cache\Home\b9b983138e315650b1a569c460611a87.php 第 412 行.
NOTIC: [8] Undefined variable: data D:\phpStudy\WWW\fofs\1\Application\Runtime\Cache\Home\b9b983138e315650b1a569c460611a87.php 第 420 行.
NOTIC: [8] Undefined variable: id D:\phpStudy\WWW\fofs\1\Application\Runtime\Cache\Home\b9b983138e315650b1a569c460611a87.php 第 436 行.
INFO: Run Behavior\ParseTemplateBehavior [ RunTime:0.017107s ]
INFO: [ view_parse ] --END-- [ RunTime:0.017227s ]
INFO: [ view_filter ] --START--
INFO: Run Behavior\WriteHtmlCacheBehavior [ RunTime:0.000619s ]
INFO: [ view_filter ] --END-- [ RunTime:0.000681s ]
INFO: [ app_end ] --START--
INFO: Run Behavior\ShowPageTraceBehavior [ RunTime:0.001309s ]
INFO: [ app_end ] --END-- [ RunTime:0.001458s ]

[ 2016-10-05T23:12:06+08:00 ] ::1 /fofs/1/index.php/Home
INFO: [ app_init ] --START--
INFO: Run Behavior\BuildLiteBehavior [ RunTime:0.000020s ]
INFO: [ app_init ] --END-- [ RunTime:0.000607s ]
INFO: [ app_begin ] --START--
INFO: Run Behavior\ReadHtmlCacheBehavior [ RunTime:0.000680s ]
INFO: Run Behavior\CheckLangBehavior [ RunTime:0.001916s ]
INFO: [ app_begin ] --END-- [ RunTime:0.002707s ]
INFO: [ view_parse ] --START--
INFO: [ template_filter ] --START--
INFO: Run Behavior\ContentReplaceBehavior [ RunTime:0.000180s ]
INFO: [ template_filter ] --END-- [ RunTime:0.000251s ]
NOTIC: [8] Undefined variable: user_id D:\phpStudy\WWW\fofs\1\Application\Runtime\Cache\Home\2a94b8bda04ff446dcedd42276fc99ee.php 第 63 行.
INFO: Run Behavior\ParseTemplateBehavior [ RunTime:0.014550s ]
INFO: [ view_parse ] --END-- [ RunTime:0.014655s ]
INFO: [ view_filter ] --START--
INFO: Run Behavior\WriteHtmlCacheBehavior [ RunTime:0.000541s ]
INFO: [ view_filter ] --END-- [ RunTime:0.000599s ]
INFO: [ app_end ] --START--
INFO: Run Behavior\ShowPageTraceBehavior [ RunTime:0.000714s ]
INFO: [ app_end ] --END-- [ RunTime:0.000786s ]

