[ 2016-11-23T00:00:04+08:00 ] ::1 /fofs/1/index.php/Home/Index/institution_login
INFO: [ app_init ] --START--
INFO: Run Behavior\BuildLiteBehavior [ RunTime:0.000021s ]
INFO: [ app_init ] --END-- [ RunTime:0.000633s ]
INFO: [ app_begin ] --START--
INFO: Run Behavior\ReadHtmlCacheBehavior [ RunTime:0.000693s ]
INFO: Run Behavior\CheckLangBehavior [ RunTime:0.002021s ]
INFO: [ app_begin ] --END-- [ RunTime:0.002854s ]
SQL: SHOW COLUMNS FROM `fofs_other_institution` [ RunTime:0.0049s ]
SQL: SELECT * FROM `fofs_other_institution` WHERE `email` = '896776703@qq.com' LIMIT 1   [ RunTime:0.0009s ]
INFO: [ view_parse ] --START--
INFO: [ template_filter ] --START--
INFO: Run Behavior\ContentReplaceBehavior [ RunTime:0.000050s ]
INFO: [ template_filter ] --END-- [ RunTime:0.000128s ]
INFO: Run Behavior\ParseTemplateBehavior [ RunTime:0.007276s ]
INFO: [ view_parse ] --END-- [ RunTime:0.007392s ]
INFO: [ view_filter ] --START--
INFO: Run Behavior\WriteHtmlCacheBehavior [ RunTime:0.000555s ]
INFO: [ view_filter ] --END-- [ RunTime:0.000640s ]
INFO: [ app_end ] --START--
INFO: Run Behavior\ShowPageTraceBehavior [ RunTime:0.000769s ]
INFO: [ app_end ] --END-- [ RunTime:0.000842s ]

[ 2016-11-23T00:00:05+08:00 ] ::1 /fofs/1/index.php/Home/Other/individualProfile
INFO: [ app_init ] --START--
INFO: Run Behavior\BuildLiteBehavior [ RunTime:0.000027s ]
INFO: [ app_init ] --END-- [ RunTime:0.000667s ]
INFO: [ app_begin ] --START--
INFO: Run Behavior\ReadHtmlCacheBehavior [ RunTime:0.001525s ]
INFO: Run Behavior\CheckLangBehavior [ RunTime:0.003788s ]
INFO: [ app_begin ] --END-- [ RunTime:0.005960s ]
SQL: SHOW COLUMNS FROM `fofs_other_institution` [ RunTime:0.0101s ]
SQL: SELECT * FROM `fofs_other_institution` WHERE `id` = 2 LIMIT 1   [ RunTime:0.0011s ]
SQL: SHOW COLUMNS FROM `fofs_senior_executive` [ RunTime:0.0053s ]
SQL: SELECT * FROM `fofs_senior_executive` WHERE `institution_type` = 8 AND `institution_id` = 2  [ RunTime:0.0010s ]
SQL: SHOW COLUMNS FROM `fofs_business_experience` [ RunTime:0.0065s ]
SQL: SELECT * FROM `fofs_business_experience` WHERE `senior_executive_id` = 31  [ RunTime:0.0010s ]
SQL: SELECT * FROM `fofs_business_experience` WHERE `senior_executive_id` = 30  [ RunTime:0.0009s ]
SQL: SELECT * FROM `fofs_business_experience` WHERE `senior_executive_id` = 33  [ RunTime:0.0008s ]
INFO: [ view_parse ] --START--
INFO: [ template_filter ] --START--
INFO: Run Behavior\ContentReplaceBehavior [ RunTime:0.000324s ]
INFO: [ template_filter ] --END-- [ RunTime:0.000477s ]
NOTIC: [8] Undefined variable: keywords D:\phpStudy\WWW\fofs\1\Application\Runtime\Cache\Home\f43fb79c4041391c766c543d2bb5e3b5.php 第 43 行.
NOTIC: [8] Undefined variable: amount D:\phpStudy\WWW\fofs\1\Application\Runtime\Cache\Home\f43fb79c4041391c766c543d2bb5e3b5.php 第 291 行.
NOTIC: [8] Undefined variable: amount D:\phpStudy\WWW\fofs\1\Application\Runtime\Cache\Home\f43fb79c4041391c766c543d2bb5e3b5.php 第 307 行.
NOTIC: [8] Undefined variable: amount D:\phpStudy\WWW\fofs\1\Application\Runtime\Cache\Home\f43fb79c4041391c766c543d2bb5e3b5.php 第 308 行.
INFO: Run Behavior\ParseTemplateBehavior [ RunTime:0.073659s ]
INFO: [ view_parse ] --END-- [ RunTime:0.073867s ]
INFO: [ view_filter ] --START--
INFO: Run Behavior\WriteHtmlCacheBehavior [ RunTime:0.000754s ]
INFO: [ view_filter ] --END-- [ RunTime:0.000886s ]
INFO: [ app_end ] --START--
INFO: Run Behavior\ShowPageTraceBehavior [ RunTime:0.004705s ]
INFO: [ app_end ] --END-- [ RunTime:0.004963s ]

[ 2016-11-23T00:00:09+08:00 ] ::1 /fofs/1/index.php/Home/Other/inbox.html
INFO: [ app_init ] --START--
INFO: Run Behavior\BuildLiteBehavior [ RunTime:0.000020s ]
INFO: [ app_init ] --END-- [ RunTime:0.000580s ]
INFO: [ app_begin ] --START--
INFO: Run Behavior\ReadHtmlCacheBehavior [ RunTime:0.000756s ]
INFO: Run Behavior\CheckLangBehavior [ RunTime:0.001970s ]
INFO: [ app_begin ] --END-- [ RunTime:0.002870s ]
SQL: SHOW COLUMNS FROM `fofs_other_institution` [ RunTime:0.0045s ]
SQL: SELECT * FROM `fofs_other_institution` WHERE `id` = 2 LIMIT 1   [ RunTime:0.0009s ]
SQL: SHOW COLUMNS FROM `fofs_letter` [ RunTime:0.0042s ]
SQL: SELECT * FROM `fofs_letter` WHERE `sender_id` = 2 AND `sender_type` = 8 ORDER BY time desc LIMIT 50   [ RunTime:0.0010s ]
SQL: SHOW COLUMNS FROM `fofs_gp` [ RunTime:0.0048s ]
SQL: SELECT `institution_logo_img` FROM `fofs_gp` WHERE `id` = 2 LIMIT 1   [ RunTime:0.0007s ]
SQL: SELECT * FROM `fofs_letter` WHERE `recipient_id` = 2 AND `recipient_type` = 8 ORDER BY time desc LIMIT 50   [ RunTime:0.0007s ]
SQL: SELECT `institution_logo_img` FROM `fofs_gp` WHERE `id` = 2 LIMIT 1   [ RunTime:0.0006s ]
SQL: SHOW COLUMNS FROM `fofs_staff_auth` [ RunTime:0.0044s ]
SQL: SELECT * FROM `fofs_staff_auth` WHERE `institution_type` = 8 AND `institution_id` = 2 ORDER BY req_time desc  [ RunTime:0.0008s ]
SQL: SHOW COLUMNS FROM `fofs_user` [ RunTime:0.0056s ]
SQL: SELECT `head_portrait_url` FROM `fofs_user` WHERE `id` = 4 LIMIT 1   [ RunTime:0.0007s ]
INFO: [ view_parse ] --START--
INFO: [ template_filter ] --START--
INFO: Run Behavior\ContentReplaceBehavior [ RunTime:0.000210s ]
INFO: [ template_filter ] --END-- [ RunTime:0.000295s ]
NOTIC: [8] Undefined variable: keywords D:\phpStudy\WWW\fofs\1\Application\Runtime\Cache\Home\dac9090e898d989f57b76783014dd08c.php 第 43 行.
NOTIC: [8] Undefined variable: amount D:\phpStudy\WWW\fofs\1\Application\Runtime\Cache\Home\dac9090e898d989f57b76783014dd08c.php 第 291 行.
NOTIC: [8] Undefined variable: amount D:\phpStudy\WWW\fofs\1\Application\Runtime\Cache\Home\dac9090e898d989f57b76783014dd08c.php 第 307 行.
NOTIC: [8] Undefined variable: amount D:\phpStudy\WWW\fofs\1\Application\Runtime\Cache\Home\dac9090e898d989f57b76783014dd08c.php 第 308 行.
INFO: Run Behavior\ParseTemplateBehavior [ RunTime:0.023880s ]
INFO: [ view_parse ] --END-- [ RunTime:0.024050s ]
INFO: [ view_filter ] --START--
INFO: Run Behavior\WriteHtmlCacheBehavior [ RunTime:0.000589s ]
INFO: [ view_filter ] --END-- [ RunTime:0.000657s ]
INFO: [ app_end ] --START--
INFO: Run Behavior\ShowPageTraceBehavior [ RunTime:0.000850s ]
INFO: [ app_end ] --END-- [ RunTime:0.000935s ]

[ 2016-11-23T00:00:12+08:00 ] ::1 /fofs/1/index.php/Home/Lp/auth_approve/auth_id/3.html
INFO: [ app_init ] --START--
INFO: Run Behavior\BuildLiteBehavior [ RunTime:0.000026s ]
INFO: [ app_init ] --END-- [ RunTime:0.000702s ]
INFO: [ app_begin ] --START--
INFO: Run Behavior\ReadHtmlCacheBehavior [ RunTime:0.000694s ]
INFO: Run Behavior\CheckLangBehavior [ RunTime:0.002033s ]
INFO: [ app_begin ] --END-- [ RunTime:0.002869s ]
SQL: SHOW COLUMNS FROM `fofs_lp` [ RunTime:0.0047s ]
SQL: SELECT * FROM `fofs_lp` WHERE `id` = 2 LIMIT 1   [ RunTime:0.0009s ]
SQL: SHOW COLUMNS FROM `fofs_staff_auth` [ RunTime:0.0039s ]
SQL: UPDATE `fofs_staff_auth` SET `id`='3',`state`='1' WHERE `id` = 3 AND `institution_type` = 8 AND `institution_id` = 2 [ RunTime:0.0007s ]
INFO: [ view_parse ] --START--
INFO: [ template_filter ] --START--
INFO: Run Behavior\ContentReplaceBehavior [ RunTime:0.000053s ]
INFO: [ template_filter ] --END-- [ RunTime:0.000158s ]
INFO: Run Behavior\ParseTemplateBehavior [ RunTime:0.007803s ]
INFO: [ view_parse ] --END-- [ RunTime:0.007909s ]
INFO: [ view_filter ] --START--
INFO: Run Behavior\WriteHtmlCacheBehavior [ RunTime:0.000482s ]
INFO: [ view_filter ] --END-- [ RunTime:0.000547s ]
INFO: [ app_end ] --START--
INFO: Run Behavior\ShowPageTraceBehavior [ RunTime:0.000737s ]
INFO: [ app_end ] --END-- [ RunTime:0.000807s ]

[ 2016-11-23T00:00:13+08:00 ] ::1 /fofs/1/index.php/Home/Other/inbox.html
INFO: [ app_init ] --START--
INFO: Run Behavior\BuildLiteBehavior [ RunTime:0.000042s ]
INFO: [ app_init ] --END-- [ RunTime:0.001214s ]
INFO: [ app_begin ] --START--
INFO: Run Behavior\ReadHtmlCacheBehavior [ RunTime:0.001611s ]
INFO: Run Behavior\CheckLangBehavior [ RunTime:0.004360s ]
INFO: [ app_begin ] --END-- [ RunTime:0.006307s ]
SQL: SHOW COLUMNS FROM `fofs_other_institution` [ RunTime:0.0107s ]
SQL: SELECT * FROM `fofs_other_institution` WHERE `id` = 2 LIMIT 1   [ RunTime:0.0017s ]
SQL: SHOW COLUMNS FROM `fofs_letter` [ RunTime:0.0098s ]
SQL: SELECT * FROM `fofs_letter` WHERE `sender_id` = 2 AND `sender_type` = 8 ORDER BY time desc LIMIT 50   [ RunTime:0.0016s ]
SQL: SHOW COLUMNS FROM `fofs_gp` [ RunTime:0.0142s ]
SQL: SELECT `institution_logo_img` FROM `fofs_gp` WHERE `id` = 2 LIMIT 1   [ RunTime:0.0013s ]
SQL: SELECT * FROM `fofs_letter` WHERE `recipient_id` = 2 AND `recipient_type` = 8 ORDER BY time desc LIMIT 50   [ RunTime:0.0015s ]
SQL: SELECT `institution_logo_img` FROM `fofs_gp` WHERE `id` = 2 LIMIT 1   [ RunTime:0.0009s ]
SQL: SHOW COLUMNS FROM `fofs_staff_auth` [ RunTime:0.0072s ]
SQL: SELECT * FROM `fofs_staff_auth` WHERE `institution_type` = 8 AND `institution_id` = 2 ORDER BY req_time desc  [ RunTime:0.0011s ]
SQL: SHOW COLUMNS FROM `fofs_user` [ RunTime:0.0078s ]
SQL: SELECT `head_portrait_url` FROM `fofs_user` WHERE `id` = 4 LIMIT 1   [ RunTime:0.0009s ]
INFO: [ view_parse ] --START--
INFO: [ template_filter ] --START--
INFO: Run Behavior\ContentReplaceBehavior [ RunTime:0.000318s ]
INFO: [ template_filter ] --END-- [ RunTime:0.000438s ]
NOTIC: [8] Undefined variable: keywords D:\phpStudy\WWW\fofs\1\Application\Runtime\Cache\Home\dac9090e898d989f57b76783014dd08c.php 第 43 行.
NOTIC: [8] Undefined variable: amount D:\phpStudy\WWW\fofs\1\Application\Runtime\Cache\Home\dac9090e898d989f57b76783014dd08c.php 第 291 行.
NOTIC: [8] Undefined variable: amount D:\phpStudy\WWW\fofs\1\Application\Runtime\Cache\Home\dac9090e898d989f57b76783014dd08c.php 第 307 行.
NOTIC: [8] Undefined variable: amount D:\phpStudy\WWW\fofs\1\Application\Runtime\Cache\Home\dac9090e898d989f57b76783014dd08c.php 第 308 行.
INFO: Run Behavior\ParseTemplateBehavior [ RunTime:0.039469s ]
INFO: [ view_parse ] --END-- [ RunTime:0.039686s ]
INFO: [ view_filter ] --START--
INFO: Run Behavior\WriteHtmlCacheBehavior [ RunTime:0.000507s ]
INFO: [ view_filter ] --END-- [ RunTime:0.000573s ]
INFO: [ app_end ] --START--
INFO: Run Behavior\ShowPageTraceBehavior [ RunTime:0.000939s ]
INFO: [ app_end ] --END-- [ RunTime:0.001079s ]

[ 2016-11-23T00:00:17+08:00 ] ::1 /fofs/1/index.php/Home/Individual/myCompany.html
INFO: [ app_init ] --START--
INFO: Run Behavior\BuildLiteBehavior [ RunTime:0.000020s ]
INFO: [ app_init ] --END-- [ RunTime:0.000635s ]
INFO: [ app_begin ] --START--
INFO: Run Behavior\ReadHtmlCacheBehavior [ RunTime:0.001286s ]
INFO: Run Behavior\CheckLangBehavior [ RunTime:0.002789s ]
INFO: [ app_begin ] --END-- [ RunTime:0.004263s ]
SQL: SHOW COLUMNS FROM `fofs_user` [ RunTime:0.0044s ]
SQL: SELECT * FROM `fofs_user` WHERE `id` = 4 LIMIT 1   [ RunTime:0.0009s ]
NOTIC: [8] Undefined index: institution_type D:\phpStudy\WWW\fofs\1\Application\Home\Controller\IndividualController.class.php 第 101 行.
SQL: SHOW COLUMNS FROM `fofs_staff_auth` [ RunTime:0.0039s ]
SQL: SELECT * FROM `fofs_staff_auth` WHERE `user_id` = 4 AND `user_name` = '笨小孩' ORDER BY req_time desc LIMIT 1   [ RunTime:0.0008s ]
INFO: [ view_parse ] --START--
INFO: [ template_filter ] --START--
INFO: Run Behavior\ContentReplaceBehavior [ RunTime:0.000202s ]
INFO: [ template_filter ] --END-- [ RunTime:0.000285s ]
NOTIC: [8] Undefined variable: keywords D:\phpStudy\WWW\fofs\1\Application\Runtime\Cache\Home\f4853f3fe82bf03a01ab6378f867d3ba.php 第 43 行.
NOTIC: [8] Undefined variable: amount D:\phpStudy\WWW\fofs\1\Application\Runtime\Cache\Home\f4853f3fe82bf03a01ab6378f867d3ba.php 第 291 行.
NOTIC: [8] Undefined variable: amount D:\phpStudy\WWW\fofs\1\Application\Runtime\Cache\Home\f4853f3fe82bf03a01ab6378f867d3ba.php 第 307 行.
NOTIC: [8] Undefined variable: amount D:\phpStudy\WWW\fofs\1\Application\Runtime\Cache\Home\f4853f3fe82bf03a01ab6378f867d3ba.php 第 308 行.
INFO: Run Behavior\ParseTemplateBehavior [ RunTime:0.019940s ]
INFO: [ view_parse ] --END-- [ RunTime:0.020021s ]
INFO: [ view_filter ] --START--
INFO: Run Behavior\WriteHtmlCacheBehavior [ RunTime:0.000920s ]
INFO: [ view_filter ] --END-- [ RunTime:0.000988s ]
INFO: [ app_end ] --START--
INFO: Run Behavior\ShowPageTraceBehavior [ RunTime:0.001239s ]
INFO: [ app_end ] --END-- [ RunTime:0.001352s ]

[ 2016-11-23T00:00:39+08:00 ] ::1 /fofs/1/index.php/Home/Other/inbox.html
INFO: [ app_init ] --START--
INFO: Run Behavior\BuildLiteBehavior [ RunTime:0.000020s ]
INFO: [ app_init ] --END-- [ RunTime:0.000608s ]
INFO: [ app_begin ] --START--
INFO: Run Behavior\ReadHtmlCacheBehavior [ RunTime:0.001052s ]
INFO: Run Behavior\CheckLangBehavior [ RunTime:0.002810s ]
INFO: [ app_begin ] --END-- [ RunTime:0.003994s ]
SQL: SHOW COLUMNS FROM `fofs_other_institution` [ RunTime:0.0047s ]
SQL: SELECT * FROM `fofs_other_institution` WHERE `id` = 2 LIMIT 1   [ RunTime:0.0009s ]
SQL: SHOW COLUMNS FROM `fofs_letter` [ RunTime:0.0047s ]
SQL: SELECT * FROM `fofs_letter` WHERE `sender_id` = 2 AND `sender_type` = 8 ORDER BY time desc LIMIT 50   [ RunTime:0.0008s ]
SQL: SHOW COLUMNS FROM `fofs_gp` [ RunTime:0.0049s ]
SQL: SELECT `institution_logo_img` FROM `fofs_gp` WHERE `id` = 2 LIMIT 1   [ RunTime:0.0007s ]
SQL: SELECT * FROM `fofs_letter` WHERE `recipient_id` = 2 AND `recipient_type` = 8 ORDER BY time desc LIMIT 50   [ RunTime:0.0008s ]
SQL: SELECT `institution_logo_img` FROM `fofs_gp` WHERE `id` = 2 LIMIT 1   [ RunTime:0.0007s ]
SQL: SHOW COLUMNS FROM `fofs_staff_auth` [ RunTime:0.0041s ]
SQL: SELECT * FROM `fofs_staff_auth` WHERE `institution_type` = 8 AND `institution_id` = 2 ORDER BY req_time desc  [ RunTime:0.0007s ]
SQL: SHOW COLUMNS FROM `fofs_user` [ RunTime:0.0041s ]
SQL: SELECT `head_portrait_url` FROM `fofs_user` WHERE `id` = 4 LIMIT 1   [ RunTime:0.0007s ]
INFO: [ view_parse ] --START--
INFO: [ template_filter ] --START--
INFO: Run Behavior\ContentReplaceBehavior [ RunTime:0.000210s ]
INFO: [ template_filter ] --END-- [ RunTime:0.000297s ]
NOTIC: [8] Undefined variable: keywords D:\phpStudy\WWW\fofs\1\Application\Runtime\Cache\Home\dac9090e898d989f57b76783014dd08c.php 第 43 行.
NOTIC: [8] Undefined variable: amount D:\phpStudy\WWW\fofs\1\Application\Runtime\Cache\Home\dac9090e898d989f57b76783014dd08c.php 第 291 行.
NOTIC: [8] Undefined variable: amount D:\phpStudy\WWW\fofs\1\Application\Runtime\Cache\Home\dac9090e898d989f57b76783014dd08c.php 第 307 行.
NOTIC: [8] Undefined variable: amount D:\phpStudy\WWW\fofs\1\Application\Runtime\Cache\Home\dac9090e898d989f57b76783014dd08c.php 第 308 行.
INFO: Run Behavior\ParseTemplateBehavior [ RunTime:0.025918s ]
INFO: [ view_parse ] --END-- [ RunTime:0.026067s ]
INFO: [ view_filter ] --START--
INFO: Run Behavior\WriteHtmlCacheBehavior [ RunTime:0.000949s ]
INFO: [ view_filter ] --END-- [ RunTime:0.001017s ]
INFO: [ app_end ] --START--
INFO: Run Behavior\ShowPageTraceBehavior [ RunTime:0.001365s ]
INFO: [ app_end ] --END-- [ RunTime:0.001496s ]

[ 2016-11-23T00:00:47+08:00 ] ::1 /fofs/1/index.php/Home
INFO: [ app_init ] --START--
INFO: Run Behavior\BuildLiteBehavior [ RunTime:0.000024s ]
INFO: [ app_init ] --END-- [ RunTime:0.000846s ]
INFO: [ app_begin ] --START--
INFO: Run Behavior\ReadHtmlCacheBehavior [ RunTime:0.001079s ]
INFO: Run Behavior\CheckLangBehavior [ RunTime:0.003001s ]
INFO: [ app_begin ] --END-- [ RunTime:0.004228s ]
SQL: SHOW COLUMNS FROM `fofs_article` [ RunTime:0.0045s ]
SQL: SELECT * FROM `fofs_article` WHERE `article_type` = 1 ORDER BY id desc LIMIT 1,10   [ RunTime:0.0011s ]
SQL: SELECT * FROM `fofs_article` WHERE `article_type` = 2 ORDER BY id desc LIMIT 10   [ RunTime:0.0008s ]
SQL: SELECT * FROM `fofs_article` WHERE `article_type` = 3 ORDER BY id desc LIMIT 10   [ RunTime:0.0007s ]
SQL: SELECT * FROM `fofs_article` WHERE `article_type` = 4 ORDER BY id desc LIMIT 10   [ RunTime:0.0007s ]
INFO: [ view_parse ] --START--
INFO: [ template_filter ] --START--
INFO: Run Behavior\ContentReplaceBehavior [ RunTime:0.000227s ]
INFO: [ template_filter ] --END-- [ RunTime:0.000310s ]
NOTIC: [8] Undefined variable: keywords D:\phpStudy\WWW\fofs\1\Application\Runtime\Cache\Home\2a94b8bda04ff446dcedd42276fc99ee.php 第 43 行.
NOTIC: [8] Undefined variable: link D:\phpStudy\WWW\fofs\1\Application\Runtime\Cache\Home\2a94b8bda04ff446dcedd42276fc99ee.php 第 247 行.
NOTIC: [8] Undefined variable: link D:\phpStudy\WWW\fofs\1\Application\Runtime\Cache\Home\2a94b8bda04ff446dcedd42276fc99ee.php 第 264 行.
NOTIC: [8] Undefined variable: link D:\phpStudy\WWW\fofs\1\Application\Runtime\Cache\Home\2a94b8bda04ff446dcedd42276fc99ee.php 第 281 行.
INFO: Run Behavior\ParseTemplateBehavior [ RunTime:0.027986s ]
INFO: [ view_parse ] --END-- [ RunTime:0.028065s ]
INFO: [ view_filter ] --START--
INFO: Run Behavior\WriteHtmlCacheBehavior [ RunTime:0.000739s ]
INFO: [ view_filter ] --END-- [ RunTime:0.000805s ]
INFO: [ app_end ] --START--
INFO: Run Behavior\ShowPageTraceBehavior [ RunTime:0.001070s ]
INFO: [ app_end ] --END-- [ RunTime:0.001162s ]

[ 2016-11-23T00:00:57+08:00 ] ::1 /fofs/1/index.php/Home/Search/lpSearch.html
INFO: [ app_init ] --START--
INFO: Run Behavior\BuildLiteBehavior [ RunTime:0.000020s ]
INFO: [ app_init ] --END-- [ RunTime:0.000657s ]
INFO: [ app_begin ] --START--
INFO: Run Behavior\ReadHtmlCacheBehavior [ RunTime:0.000897s ]
INFO: Run Behavior\CheckLangBehavior [ RunTime:0.004063s ]
INFO: [ app_begin ] --END-- [ RunTime:0.005163s ]
SQL: SHOW COLUMNS FROM `fofs_lp_fund_product` [ RunTime:0.0046s ]
NOTIC: [8] Undefined variable: where D:\phpStudy\WWW\fofs\1\Application\Home\Controller\SearchController.class.php 第 157 行.
SQL: SELECT DISTINCT  `institution_id` FROM `fofs_lp_fund_product`  [ RunTime:0.0511s ]
SQL: SHOW COLUMNS FROM `fofs_lp` [ RunTime:0.0059s ]
SQL: SELECT COUNT(*) AS tp_count FROM `fofs_lp` WHERE `id` IN ('3','4') LIMIT 1   [ RunTime:0.0007s ]
SQL: SELECT `id`,`institution_type`,`institution_fullname_cn`,`institution_logo_img`,`is_securities_fund`,`is_stock_fund`,`is_startup_fund`,`is_other_fund` FROM `fofs_lp` WHERE `id` IN ('3','4') ORDER BY id desc LIMIT 0,2   [ RunTime:0.0008s ]
SQL: SHOW COLUMNS FROM `fofs_interest_list` [ RunTime:0.0041s ]
SQL: SELECT * FROM `fofs_interest_list` WHERE `id` IN ('3','4') AND `fan_id` = 2 AND `fan_type` = 8 AND `host_id` = 4 AND `host_type` = 1  [ RunTime:0.0008s ]
SQL: SELECT * FROM `fofs_interest_list` WHERE `id` IN ('3','4') AND `fan_id` = 2 AND `fan_type` = 8 AND `host_id` = 3 AND `host_type` = 1  [ RunTime:0.0007s ]
INFO: [ view_parse ] --START--
INFO: [ template_filter ] --START--
INFO: Run Behavior\ContentReplaceBehavior [ RunTime:0.000187s ]
INFO: [ template_filter ] --END-- [ RunTime:0.000277s ]
NOTIC: [8] Undefined variable: keywords D:\phpStudy\WWW\fofs\1\Application\Runtime\Cache\Home\46ffef79ff36275cb149efd05d9222a4.php 第 43 行.
NOTIC: [8] Undefined variable: is_government_guidance D:\phpStudy\WWW\fofs\1\Application\Runtime\Cache\Home\46ffef79ff36275cb149efd05d9222a4.php 第 251 行.
NOTIC: [8] Undefined variable: is_private_capital D:\phpStudy\WWW\fofs\1\Application\Runtime\Cache\Home\46ffef79ff36275cb149efd05d9222a4.php 第 252 行.
NOTIC: [8] Undefined variable: is_state_owned D:\phpStudy\WWW\fofs\1\Application\Runtime\Cache\Home\46ffef79ff36275cb149efd05d9222a4.php 第 253 行.
NOTIC: [8] Undefined variable: is_investment_security D:\phpStudy\WWW\fofs\1\Application\Runtime\Cache\Home\46ffef79ff36275cb149efd05d9222a4.php 第 266 行.
NOTIC: [8] Undefined variable: is_equity_investment D:\phpStudy\WWW\fofs\1\Application\Runtime\Cache\Home\46ffef79ff36275cb149efd05d9222a4.php 第 270 行.
NOTIC: [8] Undefined variable: is_venture_investment D:\phpStudy\WWW\fofs\1\Application\Runtime\Cache\Home\46ffef79ff36275cb149efd05d9222a4.php 第 274 行.
NOTIC: [8] Undefined variable: is_other_investment D:\phpStudy\WWW\fofs\1\Application\Runtime\Cache\Home\46ffef79ff36275cb149efd05d9222a4.php 第 278 行.
NOTIC: [8] Undefined variable: investment_field D:\phpStudy\WWW\fofs\1\Application\Runtime\Cache\Home\46ffef79ff36275cb149efd05d9222a4.php 第 291 行.
NOTIC: [8] Undefined index: is_by_followed D:\phpStudy\WWW\fofs\1\Application\Runtime\Cache\Home\46ffef79ff36275cb149efd05d9222a4.php 第 371 行.
NOTIC: [8] Undefined index: is_by_followed D:\phpStudy\WWW\fofs\1\Application\Runtime\Cache\Home\46ffef79ff36275cb149efd05d9222a4.php 第 371 行.
NOTIC: [8] Undefined variable: tip D:\phpStudy\WWW\fofs\1\Application\Runtime\Cache\Home\46ffef79ff36275cb149efd05d9222a4.php 第 380 行.
INFO: Run Behavior\ParseTemplateBehavior [ RunTime:0.031503s ]
INFO: [ view_parse ] --END-- [ RunTime:0.031585s ]
INFO: [ view_filter ] --START--
INFO: Run Behavior\WriteHtmlCacheBehavior [ RunTime:0.000820s ]
INFO: [ view_filter ] --END-- [ RunTime:0.000891s ]
INFO: [ app_end ] --START--
INFO: Run Behavior\ShowPageTraceBehavior [ RunTime:0.001524s ]
INFO: [ app_end ] --END-- [ RunTime:0.001618s ]

[ 2016-11-23T00:00:58+08:00 ] ::1 /fofs/1/index.php/Home/Search/gpSearch.html
INFO: [ app_init ] --START--
INFO: Run Behavior\BuildLiteBehavior [ RunTime:0.000020s ]
INFO: [ app_init ] --END-- [ RunTime:0.000583s ]
INFO: [ app_begin ] --START--
INFO: Run Behavior\ReadHtmlCacheBehavior [ RunTime:0.000843s ]
INFO: Run Behavior\CheckLangBehavior [ RunTime:0.002466s ]
INFO: [ app_begin ] --END-- [ RunTime:0.003433s ]
SQL: SHOW COLUMNS FROM `fofs_gp_fund_product` [ RunTime:0.0051s ]
NOTIC: [8] Undefined variable: where D:\phpStudy\WWW\fofs\1\Application\Home\Controller\SearchController.class.php 第 340 行.
SQL: SELECT DISTINCT  `institution_id` FROM `fofs_gp_fund_product`  [ RunTime:0.0009s ]
SQL: SHOW COLUMNS FROM `fofs_gp` [ RunTime:0.0046s ]
SQL: SELECT COUNT(*) AS tp_count FROM `fofs_gp` WHERE `id` IN ('2','3') LIMIT 1   [ RunTime:0.0009s ]
SQL: SELECT `id`,`institution_type`,`institution_fullname_cn`,`institution_logo_img`,`is_securities_fund`,`is_stock_fund`,`is_startup_fund`,`is_other_fund` FROM `fofs_gp` WHERE `id` IN ('2','3') ORDER BY id desc LIMIT 0,2   [ RunTime:0.0008s ]
SQL: SHOW COLUMNS FROM `fofs_interest_list` [ RunTime:0.0048s ]
SQL: SELECT * FROM `fofs_interest_list` WHERE `id` IN ('2','3') AND `fan_id` = 2 AND `fan_type` = 8 AND `host_id` = 3 AND `host_type` = 2  [ RunTime:0.0008s ]
SQL: SELECT * FROM `fofs_interest_list` WHERE `id` IN ('2','3') AND `fan_id` = 2 AND `fan_type` = 8 AND `host_id` = 2 AND `host_type` = 2  [ RunTime:0.0007s ]
INFO: [ view_parse ] --START--
INFO: [ template_filter ] --START--
INFO: Run Behavior\ContentReplaceBehavior [ RunTime:0.000204s ]
INFO: [ template_filter ] --END-- [ RunTime:0.000289s ]
NOTIC: [8] Undefined variable: keywords D:\phpStudy\WWW\fofs\1\Application\Runtime\Cache\Home\bc5dfa4b95e7bea426908244e271d3cb.php 第 43 行.
NOTIC: [8] Undefined variable: is_angel_investment D:\phpStudy\WWW\fofs\1\Application\Runtime\Cache\Home\bc5dfa4b95e7bea426908244e271d3cb.php 第 251 行.
NOTIC: [8] Undefined variable: is_vc_investment D:\phpStudy\WWW\fofs\1\Application\Runtime\Cache\Home\bc5dfa4b95e7bea426908244e271d3cb.php 第 252 行.
NOTIC: [8] Undefined variable: is_pe_investment D:\phpStudy\WWW\fofs\1\Application\Runtime\Cache\Home\bc5dfa4b95e7bea426908244e271d3cb.php 第 253 行.
NOTIC: [8] Undefined variable: is_other_investment D:\phpStudy\WWW\fofs\1\Application\Runtime\Cache\Home\bc5dfa4b95e7bea426908244e271d3cb.php 第 254 行.
NOTIC: [8] Undefined variable: is_securities_fund D:\phpStudy\WWW\fofs\1\Application\Runtime\Cache\Home\bc5dfa4b95e7bea426908244e271d3cb.php 第 268 行.
NOTIC: [8] Undefined variable: is_stock_fund D:\phpStudy\WWW\fofs\1\Application\Runtime\Cache\Home\bc5dfa4b95e7bea426908244e271d3cb.php 第 272 行.
NOTIC: [8] Undefined variable: is_startup_fund D:\phpStudy\WWW\fofs\1\Application\Runtime\Cache\Home\bc5dfa4b95e7bea426908244e271d3cb.php 第 276 行.
NOTIC: [8] Undefined variable: is_other_fund D:\phpStudy\WWW\fofs\1\Application\Runtime\Cache\Home\bc5dfa4b95e7bea426908244e271d3cb.php 第 280 行.
NOTIC: [8] Undefined variable: investment_field D:\phpStudy\WWW\fofs\1\Application\Runtime\Cache\Home\bc5dfa4b95e7bea426908244e271d3cb.php 第 292 行.
NOTIC: [8] Undefined variable: investment_region D:\phpStudy\WWW\fofs\1\Application\Runtime\Cache\Home\bc5dfa4b95e7bea426908244e271d3cb.php 第 304 行.
NOTIC: [8] Undefined index: is_by_followed D:\phpStudy\WWW\fofs\1\Application\Runtime\Cache\Home\bc5dfa4b95e7bea426908244e271d3cb.php 第 353 行.
NOTIC: [8] Undefined index: is_by_followed D:\phpStudy\WWW\fofs\1\Application\Runtime\Cache\Home\bc5dfa4b95e7bea426908244e271d3cb.php 第 353 行.
NOTIC: [8] Undefined variable: tip D:\phpStudy\WWW\fofs\1\Application\Runtime\Cache\Home\bc5dfa4b95e7bea426908244e271d3cb.php 第 362 行.
INFO: Run Behavior\ParseTemplateBehavior [ RunTime:0.060756s ]
INFO: [ view_parse ] --END-- [ RunTime:0.060834s ]
INFO: [ view_filter ] --START--
INFO: Run Behavior\WriteHtmlCacheBehavior [ RunTime:0.000899s ]
INFO: [ view_filter ] --END-- [ RunTime:0.000972s ]
INFO: [ app_end ] --START--
INFO: Run Behavior\ShowPageTraceBehavior [ RunTime:0.001401s ]
INFO: [ app_end ] --END-- [ RunTime:0.001508s ]

[ 2016-11-23T00:00:59+08:00 ] ::1 /fofs/1/index.php/Home/Search/startUpSearch.html
INFO: [ app_init ] --START--
INFO: Run Behavior\BuildLiteBehavior [ RunTime:0.000022s ]
INFO: [ app_init ] --END-- [ RunTime:0.000882s ]
INFO: [ app_begin ] --START--
INFO: Run Behavior\ReadHtmlCacheBehavior [ RunTime:0.000910s ]
INFO: Run Behavior\CheckLangBehavior [ RunTime:0.002618s ]
INFO: [ app_begin ] --END-- [ RunTime:0.003671s ]
SQL: SHOW COLUMNS FROM `fofs_startup_company` [ RunTime:0.0054s ]
NOTIC: [8] Undefined variable: where D:\phpStudy\WWW\fofs\1\Application\Home\Controller\SearchController.class.php 第 479 行.
SQL: SELECT COUNT(*) AS tp_count FROM `fofs_startup_company` LIMIT 1   [ RunTime:0.0006s ]
NOTIC: [8] Undefined variable: where D:\phpStudy\WWW\fofs\1\Application\Home\Controller\SearchController.class.php 第 485 行.
SQL: SELECT `id`,`institution_type`,`institution_abbr`,`institution_logo_img`,`institution_abstract` FROM `fofs_startup_company` ORDER BY id desc LIMIT 0,2   [ RunTime:0.0008s ]
SQL: SHOW COLUMNS FROM `fofs_interest_list` [ RunTime:0.0053s ]
SQL: SELECT * FROM `fofs_interest_list` WHERE `fan_id` = 2 AND `fan_type` = 8 AND `host_id` = 4 AND `host_type` = 3  [ RunTime:0.0008s ]
INFO: [ view_parse ] --START--
INFO: [ template_filter ] --START--
INFO: Run Behavior\ContentReplaceBehavior [ RunTime:0.000163s ]
INFO: [ template_filter ] --END-- [ RunTime:0.000250s ]
NOTIC: [8] Undefined variable: keywords D:\phpStudy\WWW\fofs\1\Application\Runtime\Cache\Home\fd14eb71e03cf537c69feac2cf21ba1d.php 第 43 行.
INFO: Run Behavior\ParseTemplateBehavior [ RunTime:0.067024s ]
INFO: [ view_parse ] --END-- [ RunTime:0.067107s ]
INFO: [ view_filter ] --START--
INFO: Run Behavior\WriteHtmlCacheBehavior [ RunTime:0.000722s ]
INFO: [ view_filter ] --END-- [ RunTime:0.000787s ]
INFO: [ app_end ] --START--
INFO: Run Behavior\ShowPageTraceBehavior [ RunTime:0.001169s ]
INFO: [ app_end ] --END-- [ RunTime:0.001257s ]

[ 2016-11-23T00:00:59+08:00 ] ::1 /fofs/1/index.php/Home/Search/saSearch.html
INFO: [ app_init ] --START--
INFO: Run Behavior\BuildLiteBehavior [ RunTime:0.000020s ]
INFO: [ app_init ] --END-- [ RunTime:0.000570s ]
INFO: [ app_begin ] --START--
INFO: Run Behavior\ReadHtmlCacheBehavior [ RunTime:0.000997s ]
INFO: Run Behavior\CheckLangBehavior [ RunTime:0.002566s ]
INFO: [ app_begin ] --END-- [ RunTime:0.003721s ]
SQL: SHOW COLUMNS FROM `fofs_fa` [ RunTime:0.0049s ]
NOTIC: [8] Undefined variable: where D:\phpStudy\WWW\fofs\1\Application\Home\Controller\SearchController.class.php 第 587 行.
SQL: SELECT COUNT(*) AS tp_count FROM `fofs_fa` LIMIT 1   [ RunTime:0.0006s ]
NOTIC: [8] Undefined variable: where D:\phpStudy\WWW\fofs\1\Application\Home\Controller\SearchController.class.php 第 595 行.
SQL: SELECT `id`,`institution_type`,`institution_fullname_cn`,`institution_logo_img` FROM `fofs_fa`  [ RunTime:0.0007s ]
SQL: SHOW COLUMNS FROM `fofs_interest_list` [ RunTime:0.0045s ]
SQL: SELECT * FROM `fofs_interest_list` WHERE `fan_id` = 2 AND `fan_type` = 8 AND `host_id` = 1 AND `host_type` = 4  [ RunTime:0.0008s ]
INFO: [ view_parse ] --START--
INFO: [ template_filter ] --START--
INFO: Run Behavior\ContentReplaceBehavior [ RunTime:0.000217s ]
INFO: [ template_filter ] --END-- [ RunTime:0.000311s ]
NOTIC: [8] Undefined variable: keywords D:\phpStudy\WWW\fofs\1\Application\Runtime\Cache\Home\4ec7caa947d9c0bdf76399e5da119be9.php 第 43 行.
NOTIC: [8] Undefined index: is_by_followed D:\phpStudy\WWW\fofs\1\Application\Runtime\Cache\Home\4ec7caa947d9c0bdf76399e5da119be9.php 第 279 行.
NOTIC: [8] Undefined variable: results2 D:\phpStudy\WWW\fofs\1\Application\Runtime\Cache\Home\4ec7caa947d9c0bdf76399e5da119be9.php 第 295 行.
NOTIC: [8] Undefined variable: results3 D:\phpStudy\WWW\fofs\1\Application\Runtime\Cache\Home\4ec7caa947d9c0bdf76399e5da119be9.php 第 338 行.
NOTIC: [8] Undefined variable: results4 D:\phpStudy\WWW\fofs\1\Application\Runtime\Cache\Home\4ec7caa947d9c0bdf76399e5da119be9.php 第 384 行.
NOTIC: [8] Undefined variable: results5 D:\phpStudy\WWW\fofs\1\Application\Runtime\Cache\Home\4ec7caa947d9c0bdf76399e5da119be9.php 第 427 行.
INFO: Run Behavior\ParseTemplateBehavior [ RunTime:0.030798s ]
INFO: [ view_parse ] --END-- [ RunTime:0.030876s ]
INFO: [ view_filter ] --START--
INFO: Run Behavior\WriteHtmlCacheBehavior [ RunTime:0.000693s ]
INFO: [ view_filter ] --END-- [ RunTime:0.000762s ]
INFO: [ app_end ] --START--
INFO: Run Behavior\ShowPageTraceBehavior [ RunTime:0.001457s ]
INFO: [ app_end ] --END-- [ RunTime:0.002425s ]

[ 2016-11-23T00:01:00+08:00 ] ::1 /fofs/1/index.php/Home/Cooperations/cooperations.html
INFO: [ app_init ] --START--
INFO: Run Behavior\BuildLiteBehavior [ RunTime:0.000021s ]
INFO: [ app_init ] --END-- [ RunTime:0.000654s ]
INFO: [ app_begin ] --START--
INFO: Run Behavior\ReadHtmlCacheBehavior [ RunTime:0.000885s ]
INFO: Run Behavior\CheckLangBehavior [ RunTime:0.002902s ]
INFO: [ app_begin ] --END-- [ RunTime:0.003925s ]
SQL: SHOW COLUMNS FROM `fofs_article` [ RunTime:0.0041s ]
SQL: SELECT * FROM `fofs_article` WHERE `article_type` = 15 LIMIT 1   [ RunTime:0.0008s ]
INFO: [ view_parse ] --START--
INFO: [ template_filter ] --START--
INFO: Run Behavior\ContentReplaceBehavior [ RunTime:0.000141s ]
INFO: [ template_filter ] --END-- [ RunTime:0.000248s ]
NOTIC: [8] Undefined variable: keywords D:\phpStudy\WWW\fofs\1\Application\Runtime\Cache\Home\478e3e619b4480cfba981fff560fed19.php 第 43 行.
INFO: Run Behavior\ParseTemplateBehavior [ RunTime:0.050951s ]
INFO: [ view_parse ] --END-- [ RunTime:0.051032s ]
INFO: [ view_filter ] --START--
INFO: Run Behavior\WriteHtmlCacheBehavior [ RunTime:0.000673s ]
INFO: [ view_filter ] --END-- [ RunTime:0.000738s ]
INFO: [ app_end ] --START--
INFO: Run Behavior\ShowPageTraceBehavior [ RunTime:0.001179s ]
INFO: [ app_end ] --END-- [ RunTime:0.001288s ]

[ 2016-11-23T00:01:00+08:00 ] ::1 /fofs/1/index.php/Home/Search/saSearch.html
INFO: [ app_init ] --START--
INFO: Run Behavior\BuildLiteBehavior [ RunTime:0.000022s ]
INFO: [ app_init ] --END-- [ RunTime:0.000634s ]
INFO: [ app_begin ] --START--
INFO: Run Behavior\ReadHtmlCacheBehavior [ RunTime:0.000917s ]
INFO: Run Behavior\CheckLangBehavior [ RunTime:0.002493s ]
INFO: [ app_begin ] --END-- [ RunTime:0.003543s ]
SQL: SHOW COLUMNS FROM `fofs_fa` [ RunTime:0.0050s ]
NOTIC: [8] Undefined variable: where D:\phpStudy\WWW\fofs\1\Application\Home\Controller\SearchController.class.php 第 587 行.
SQL: SELECT COUNT(*) AS tp_count FROM `fofs_fa` LIMIT 1   [ RunTime:0.0006s ]
NOTIC: [8] Undefined variable: where D:\phpStudy\WWW\fofs\1\Application\Home\Controller\SearchController.class.php 第 595 行.
SQL: SELECT `id`,`institution_type`,`institution_fullname_cn`,`institution_logo_img` FROM `fofs_fa`  [ RunTime:0.0009s ]
SQL: SHOW COLUMNS FROM `fofs_interest_list` [ RunTime:0.0049s ]
SQL: SELECT * FROM `fofs_interest_list` WHERE `fan_id` = 2 AND `fan_type` = 8 AND `host_id` = 1 AND `host_type` = 4  [ RunTime:0.0008s ]
INFO: [ view_parse ] --START--
INFO: [ template_filter ] --START--
INFO: Run Behavior\ContentReplaceBehavior [ RunTime:0.000223s ]
INFO: [ template_filter ] --END-- [ RunTime:0.000328s ]
NOTIC: [8] Undefined variable: keywords D:\phpStudy\WWW\fofs\1\Application\Runtime\Cache\Home\4ec7caa947d9c0bdf76399e5da119be9.php 第 43 行.
NOTIC: [8] Undefined index: is_by_followed D:\phpStudy\WWW\fofs\1\Application\Runtime\Cache\Home\4ec7caa947d9c0bdf76399e5da119be9.php 第 279 行.
NOTIC: [8] Undefined variable: results2 D:\phpStudy\WWW\fofs\1\Application\Runtime\Cache\Home\4ec7caa947d9c0bdf76399e5da119be9.php 第 295 行.
NOTIC: [8] Undefined variable: results3 D:\phpStudy\WWW\fofs\1\Application\Runtime\Cache\Home\4ec7caa947d9c0bdf76399e5da119be9.php 第 338 行.
NOTIC: [8] Undefined variable: results4 D:\phpStudy\WWW\fofs\1\Application\Runtime\Cache\Home\4ec7caa947d9c0bdf76399e5da119be9.php 第 384 行.
NOTIC: [8] Undefined variable: results5 D:\phpStudy\WWW\fofs\1\Application\Runtime\Cache\Home\4ec7caa947d9c0bdf76399e5da119be9.php 第 427 行.
INFO: Run Behavior\ParseTemplateBehavior [ RunTime:0.032358s ]
INFO: [ view_parse ] --END-- [ RunTime:0.032450s ]
INFO: [ view_filter ] --START--
INFO: Run Behavior\WriteHtmlCacheBehavior [ RunTime:0.000752s ]
INFO: [ view_filter ] --END-- [ RunTime:0.000819s ]
INFO: [ app_end ] --START--
INFO: Run Behavior\ShowPageTraceBehavior [ RunTime:0.001125s ]
INFO: [ app_end ] --END-- [ RunTime:0.001238s ]

[ 2016-11-23T00:05:30+08:00 ] ::1 /fofs/1/index.php/Home/Index/logout
INFO: [ app_init ] --START--
INFO: Run Behavior\BuildLiteBehavior [ RunTime:0.000021s ]
INFO: [ app_init ] --END-- [ RunTime:0.000550s ]
INFO: [ app_begin ] --START--
INFO: Run Behavior\ReadHtmlCacheBehavior [ RunTime:0.001009s ]
INFO: Run Behavior\CheckLangBehavior [ RunTime:0.003542s ]
INFO: [ app_begin ] --END-- [ RunTime:0.004728s ]
INFO: [ view_parse ] --START--
INFO: [ template_filter ] --START--
INFO: Run Behavior\ContentReplaceBehavior [ RunTime:0.000059s ]
INFO: [ template_filter ] --END-- [ RunTime:0.000149s ]
INFO: Run Behavior\ParseTemplateBehavior [ RunTime:0.009338s ]
INFO: [ view_parse ] --END-- [ RunTime:0.009525s ]
INFO: [ view_filter ] --START--
INFO: Run Behavior\WriteHtmlCacheBehavior [ RunTime:0.000921s ]
INFO: [ view_filter ] --END-- [ RunTime:0.000997s ]
INFO: [ app_end ] --START--
INFO: Run Behavior\ShowPageTraceBehavior [ RunTime:0.001240s ]
INFO: [ app_end ] --END-- [ RunTime:0.001310s ]

[ 2016-11-23T00:05:32+08:00 ] ::1 /fofs/1/index.php/Home/Index
INFO: [ app_init ] --START--
INFO: Run Behavior\BuildLiteBehavior [ RunTime:0.000026s ]
INFO: [ app_init ] --END-- [ RunTime:0.000785s ]
INFO: [ app_begin ] --START--
INFO: Run Behavior\ReadHtmlCacheBehavior [ RunTime:0.001231s ]
INFO: Run Behavior\CheckLangBehavior [ RunTime:0.003548s ]
INFO: [ app_begin ] --END-- [ RunTime:0.004960s ]
SQL: SHOW COLUMNS FROM `fofs_article` [ RunTime:0.0056s ]
SQL: SELECT * FROM `fofs_article` WHERE `article_type` = 1 ORDER BY id desc LIMIT 1,10   [ RunTime:0.0014s ]
SQL: SELECT * FROM `fofs_article` WHERE `article_type` = 2 ORDER BY id desc LIMIT 10   [ RunTime:0.0009s ]
SQL: SELECT * FROM `fofs_article` WHERE `article_type` = 3 ORDER BY id desc LIMIT 10   [ RunTime:0.0008s ]
SQL: SELECT * FROM `fofs_article` WHERE `article_type` = 4 ORDER BY id desc LIMIT 10   [ RunTime:0.0008s ]
INFO: [ view_parse ] --START--
INFO: [ template_filter ] --START--
INFO: Run Behavior\ContentReplaceBehavior [ RunTime:0.000413s ]
INFO: [ template_filter ] --END-- [ RunTime:0.000591s ]
NOTIC: [8] Undefined variable: keywords D:\phpStudy\WWW\fofs\1\Application\Runtime\Cache\Home\2a94b8bda04ff446dcedd42276fc99ee.php 第 43 行.
NOTIC: [8] Undefined variable: user_id D:\phpStudy\WWW\fofs\1\Application\Runtime\Cache\Home\2a94b8bda04ff446dcedd42276fc99ee.php 第 49 行.
NOTIC: [8] Undefined variable: link D:\phpStudy\WWW\fofs\1\Application\Runtime\Cache\Home\2a94b8bda04ff446dcedd42276fc99ee.php 第 247 行.
NOTIC: [8] Undefined variable: link D:\phpStudy\WWW\fofs\1\Application\Runtime\Cache\Home\2a94b8bda04ff446dcedd42276fc99ee.php 第 264 行.
NOTIC: [8] Undefined variable: link D:\phpStudy\WWW\fofs\1\Application\Runtime\Cache\Home\2a94b8bda04ff446dcedd42276fc99ee.php 第 281 行.
INFO: Run Behavior\ParseTemplateBehavior [ RunTime:0.041233s ]
INFO: [ view_parse ] --END-- [ RunTime:0.041355s ]
INFO: [ view_filter ] --START--
INFO: Run Behavior\WriteHtmlCacheBehavior [ RunTime:0.001093s ]
INFO: [ view_filter ] --END-- [ RunTime:0.001209s ]
INFO: [ app_end ] --START--
INFO: Run Behavior\ShowPageTraceBehavior [ RunTime:0.003245s ]
INFO: [ app_end ] --END-- [ RunTime:0.003393s ]

[ 2016-11-23T00:05:36+08:00 ] ::1 /fofs/1/index.php/Home/Index/personal_login
INFO: [ app_init ] --START--
INFO: Run Behavior\BuildLiteBehavior [ RunTime:0.000022s ]
INFO: [ app_init ] --END-- [ RunTime:0.000647s ]
INFO: [ app_begin ] --START--
INFO: Run Behavior\ReadHtmlCacheBehavior [ RunTime:0.001280s ]
INFO: Run Behavior\CheckLangBehavior [ RunTime:0.002881s ]
INFO: [ app_begin ] --END-- [ RunTime:0.004328s ]
SQL: SHOW COLUMNS FROM `fofs_user` [ RunTime:0.0052s ]
SQL: SELECT * FROM `fofs_user` WHERE `email` = '896776703@qq.com' LIMIT 1   [ RunTime:0.0009s ]
INFO: [ view_parse ] --START--
INFO: [ template_filter ] --START--
INFO: Run Behavior\ContentReplaceBehavior [ RunTime:0.000071s ]
INFO: [ template_filter ] --END-- [ RunTime:0.000204s ]
INFO: Run Behavior\ParseTemplateBehavior [ RunTime:0.008847s ]
INFO: [ view_parse ] --END-- [ RunTime:0.008956s ]
INFO: [ view_filter ] --START--
INFO: Run Behavior\WriteHtmlCacheBehavior [ RunTime:0.000906s ]
INFO: [ view_filter ] --END-- [ RunTime:0.000978s ]
INFO: [ app_end ] --START--
INFO: Run Behavior\ShowPageTraceBehavior [ RunTime:0.001442s ]
INFO: [ app_end ] --END-- [ RunTime:0.001544s ]

[ 2016-11-23T00:05:37+08:00 ] ::1 /fofs/1/index.php/Home/Individual/individualProfile
INFO: [ app_init ] --START--
INFO: Run Behavior\BuildLiteBehavior [ RunTime:0.000043s ]
INFO: [ app_init ] --END-- [ RunTime:0.001468s ]
INFO: [ app_begin ] --START--
INFO: Run Behavior\ReadHtmlCacheBehavior [ RunTime:0.002461s ]
INFO: Run Behavior\CheckLangBehavior [ RunTime:0.006116s ]
INFO: [ app_begin ] --END-- [ RunTime:0.008987s ]
SQL: SHOW COLUMNS FROM `fofs_user` [ RunTime:0.0078s ]
SQL: SELECT * FROM `fofs_user` WHERE `id` = 4 LIMIT 1   [ RunTime:0.0013s ]
SQL: SHOW COLUMNS FROM `fofs_staff_auth` [ RunTime:0.0064s ]
SQL: SELECT * FROM `fofs_staff_auth` WHERE `user_id` = 4 AND `user_name` = '笨小孩' ORDER BY req_time desc LIMIT 1   [ RunTime:0.0008s ]
INFO: [ view_parse ] --START--
INFO: [ template_filter ] --START--
INFO: Run Behavior\ContentReplaceBehavior [ RunTime:0.000433s ]
INFO: [ template_filter ] --END-- [ RunTime:0.000611s ]
NOTIC: [8] Undefined variable: keywords D:\phpStudy\WWW\fofs\1\Application\Runtime\Cache\Home\3ae7c2c803142a2481cb7e98492ba7d4.php 第 43 行.
NOTIC: [8] Undefined variable: amount D:\phpStudy\WWW\fofs\1\Application\Runtime\Cache\Home\3ae7c2c803142a2481cb7e98492ba7d4.php 第 291 行.
NOTIC: [8] Undefined variable: amount D:\phpStudy\WWW\fofs\1\Application\Runtime\Cache\Home\3ae7c2c803142a2481cb7e98492ba7d4.php 第 307 行.
NOTIC: [8] Undefined variable: amount D:\phpStudy\WWW\fofs\1\Application\Runtime\Cache\Home\3ae7c2c803142a2481cb7e98492ba7d4.php 第 308 行.
INFO: Run Behavior\ParseTemplateBehavior [ RunTime:0.035604s ]
INFO: [ view_parse ] --END-- [ RunTime:0.035708s ]
INFO: [ view_filter ] --START--
INFO: Run Behavior\WriteHtmlCacheBehavior [ RunTime:0.001114s ]
INFO: [ view_filter ] --END-- [ RunTime:0.001210s ]
INFO: [ app_end ] --START--
INFO: Run Behavior\ShowPageTraceBehavior [ RunTime:0.003121s ]
INFO: [ app_end ] --END-- [ RunTime:0.003291s ]

[ 2016-11-23T00:17:00+08:00 ] ::1 /fofs/1/index.php/Home/Individual/individualProfile
INFO: [ app_init ] --START--
INFO: Run Behavior\BuildLiteBehavior [ RunTime:0.000021s ]
INFO: [ app_init ] --END-- [ RunTime:0.000639s ]
INFO: [ app_begin ] --START--
INFO: Run Behavior\ReadHtmlCacheBehavior [ RunTime:0.001001s ]
INFO: Run Behavior\CheckLangBehavior [ RunTime:0.003373s ]
INFO: [ app_begin ] --END-- [ RunTime:0.004519s ]
SQL: SHOW COLUMNS FROM `fofs_user` [ RunTime:0.0051s ]
SQL: SELECT * FROM `fofs_user` WHERE `id` = 4 LIMIT 1   [ RunTime:0.0009s ]
SQL: SHOW COLUMNS FROM `fofs_staff_auth` [ RunTime:0.0050s ]
SQL: SELECT * FROM `fofs_staff_auth` WHERE `user_id` = 4 AND `user_name` = '笨小孩' ORDER BY req_time desc LIMIT 1   [ RunTime:0.0008s ]
INFO: [ view_parse ] --START--
INFO: [ template_filter ] --START--
INFO: Run Behavior\ContentReplaceBehavior [ RunTime:0.000187s ]
INFO: [ template_filter ] --END-- [ RunTime:0.000271s ]
NOTIC: [8] Undefined variable: keywords D:\phpStudy\WWW\fofs\1\Application\Runtime\Cache\Home\3ae7c2c803142a2481cb7e98492ba7d4.php 第 43 行.
NOTIC: [8] Undefined variable: amount D:\phpStudy\WWW\fofs\1\Application\Runtime\Cache\Home\3ae7c2c803142a2481cb7e98492ba7d4.php 第 291 行.
NOTIC: [8] Undefined variable: amount D:\phpStudy\WWW\fofs\1\Application\Runtime\Cache\Home\3ae7c2c803142a2481cb7e98492ba7d4.php 第 307 行.
NOTIC: [8] Undefined variable: amount D:\phpStudy\WWW\fofs\1\Application\Runtime\Cache\Home\3ae7c2c803142a2481cb7e98492ba7d4.php 第 308 行.
INFO: Run Behavior\ParseTemplateBehavior [ RunTime:0.020437s ]
INFO: [ view_parse ] --END-- [ RunTime:0.020521s ]
INFO: [ view_filter ] --START--
INFO: Run Behavior\WriteHtmlCacheBehavior [ RunTime:0.000836s ]
INFO: [ view_filter ] --END-- [ RunTime:0.000905s ]
INFO: [ app_end ] --START--
INFO: Run Behavior\ShowPageTraceBehavior [ RunTime:0.001336s ]
INFO: [ app_end ] --END-- [ RunTime:0.001449s ]

[ 2016-11-23T00:17:07+08:00 ] ::1 /fofs/1/index.php/Home/Individual/individualProfile.html
INFO: [ app_init ] --START--
INFO: Run Behavior\BuildLiteBehavior [ RunTime:0.000026s ]
INFO: [ app_init ] --END-- [ RunTime:0.000751s ]
INFO: [ app_begin ] --START--
INFO: Run Behavior\ReadHtmlCacheBehavior [ RunTime:0.001109s ]
INFO: Run Behavior\CheckLangBehavior [ RunTime:0.003061s ]
INFO: [ app_begin ] --END-- [ RunTime:0.004331s ]
SQL: SHOW COLUMNS FROM `fofs_user` [ RunTime:0.0042s ]
SQL: SELECT * FROM `fofs_user` WHERE `id` = 4 LIMIT 1   [ RunTime:0.0010s ]
SQL: SHOW COLUMNS FROM `fofs_staff_auth` [ RunTime:0.0047s ]
SQL: SELECT * FROM `fofs_staff_auth` WHERE `user_id` = 4 AND `user_name` = '笨小孩' ORDER BY req_time desc LIMIT 1   [ RunTime:0.0007s ]
INFO: [ view_parse ] --START--
INFO: [ template_filter ] --START--
INFO: Run Behavior\ContentReplaceBehavior [ RunTime:0.000202s ]
INFO: [ template_filter ] --END-- [ RunTime:0.000283s ]
NOTIC: [8] Undefined variable: keywords D:\phpStudy\WWW\fofs\1\Application\Runtime\Cache\Home\3ae7c2c803142a2481cb7e98492ba7d4.php 第 43 行.
NOTIC: [8] Undefined variable: amount D:\phpStudy\WWW\fofs\1\Application\Runtime\Cache\Home\3ae7c2c803142a2481cb7e98492ba7d4.php 第 291 行.
NOTIC: [8] Undefined variable: amount D:\phpStudy\WWW\fofs\1\Application\Runtime\Cache\Home\3ae7c2c803142a2481cb7e98492ba7d4.php 第 307 行.
NOTIC: [8] Undefined variable: amount D:\phpStudy\WWW\fofs\1\Application\Runtime\Cache\Home\3ae7c2c803142a2481cb7e98492ba7d4.php 第 308 行.
INFO: Run Behavior\ParseTemplateBehavior [ RunTime:0.020844s ]
INFO: [ view_parse ] --END-- [ RunTime:0.020923s ]
INFO: [ view_filter ] --START--
INFO: Run Behavior\WriteHtmlCacheBehavior [ RunTime:0.000813s ]
INFO: [ view_filter ] --END-- [ RunTime:0.000880s ]
INFO: [ app_end ] --START--
INFO: Run Behavior\ShowPageTraceBehavior [ RunTime:0.001397s ]
INFO: [ app_end ] --END-- [ RunTime:0.001486s ]

[ 2016-11-23T00:17:10+08:00 ] ::1 /fofs/1/index.php/Home/Index/logout
INFO: [ app_init ] --START--
INFO: Run Behavior\BuildLiteBehavior [ RunTime:0.000020s ]
INFO: [ app_init ] --END-- [ RunTime:0.000540s ]
INFO: [ app_begin ] --START--
INFO: Run Behavior\ReadHtmlCacheBehavior [ RunTime:0.000957s ]
INFO: Run Behavior\CheckLangBehavior [ RunTime:0.002804s ]
INFO: [ app_begin ] --END-- [ RunTime:0.003937s ]
INFO: [ view_parse ] --START--
INFO: [ template_filter ] --START--
INFO: Run Behavior\ContentReplaceBehavior [ RunTime:0.000052s ]
INFO: [ template_filter ] --END-- [ RunTime:0.000134s ]
INFO: Run Behavior\ParseTemplateBehavior [ RunTime:0.009681s ]
INFO: [ view_parse ] --END-- [ RunTime:0.009802s ]
INFO: [ view_filter ] --START--
INFO: Run Behavior\WriteHtmlCacheBehavior [ RunTime:0.000868s ]
INFO: [ view_filter ] --END-- [ RunTime:0.000953s ]
INFO: [ app_end ] --START--
INFO: Run Behavior\ShowPageTraceBehavior [ RunTime:0.001193s ]
INFO: [ app_end ] --END-- [ RunTime:0.001270s ]

[ 2016-11-23T00:17:11+08:00 ] ::1 /fofs/1/index.php/Home/Index
INFO: [ app_init ] --START--
INFO: Run Behavior\BuildLiteBehavior [ RunTime:0.000040s ]
INFO: [ app_init ] --END-- [ RunTime:0.001185s ]
INFO: [ app_begin ] --START--
INFO: Run Behavior\ReadHtmlCacheBehavior [ RunTime:0.002436s ]
INFO: Run Behavior\CheckLangBehavior [ RunTime:0.006810s ]
INFO: [ app_begin ] --END-- [ RunTime:0.009568s ]
SQL: SHOW COLUMNS FROM `fofs_article` [ RunTime:0.0597s ]
SQL: SELECT * FROM `fofs_article` WHERE `article_type` = 1 ORDER BY id desc LIMIT 1,10   [ RunTime:0.0020s ]
SQL: SELECT * FROM `fofs_article` WHERE `article_type` = 2 ORDER BY id desc LIMIT 10   [ RunTime:0.0016s ]
SQL: SELECT * FROM `fofs_article` WHERE `article_type` = 3 ORDER BY id desc LIMIT 10   [ RunTime:0.0019s ]
SQL: SELECT * FROM `fofs_article` WHERE `article_type` = 4 ORDER BY id desc LIMIT 10   [ RunTime:0.0015s ]
INFO: [ view_parse ] --START--
INFO: [ template_filter ] --START--
INFO: Run Behavior\ContentReplaceBehavior [ RunTime:0.000402s ]
INFO: [ template_filter ] --END-- [ RunTime:0.000614s ]
NOTIC: [8] Undefined variable: keywords D:\phpStudy\WWW\fofs\1\Application\Runtime\Cache\Home\2a94b8bda04ff446dcedd42276fc99ee.php 第 43 行.
NOTIC: [8] Undefined variable: user_id D:\phpStudy\WWW\fofs\1\Application\Runtime\Cache\Home\2a94b8bda04ff446dcedd42276fc99ee.php 第 49 行.
NOTIC: [8] Undefined variable: link D:\phpStudy\WWW\fofs\1\Application\Runtime\Cache\Home\2a94b8bda04ff446dcedd42276fc99ee.php 第 247 行.
NOTIC: [8] Undefined variable: link D:\phpStudy\WWW\fofs\1\Application\Runtime\Cache\Home\2a94b8bda04ff446dcedd42276fc99ee.php 第 264 行.
NOTIC: [8] Undefined variable: link D:\phpStudy\WWW\fofs\1\Application\Runtime\Cache\Home\2a94b8bda04ff446dcedd42276fc99ee.php 第 281 行.
INFO: Run Behavior\ParseTemplateBehavior [ RunTime:0.069420s ]
INFO: [ view_parse ] --END-- [ RunTime:0.069563s ]
INFO: [ view_filter ] --START--
INFO: Run Behavior\WriteHtmlCacheBehavior [ RunTime:0.001174s ]
INFO: [ view_filter ] --END-- [ RunTime:0.001294s ]
INFO: [ app_end ] --START--
INFO: Run Behavior\ShowPageTraceBehavior [ RunTime:0.002302s ]
INFO: [ app_end ] --END-- [ RunTime:0.002553s ]

[ 2016-11-23T00:17:20+08:00 ] ::1 /fofs/1/index.php/Home/Index/personal_login
INFO: [ app_init ] --START--
INFO: Run Behavior\BuildLiteBehavior [ RunTime:0.000021s ]
INFO: [ app_init ] --END-- [ RunTime:0.000628s ]
INFO: [ app_begin ] --START--
INFO: Run Behavior\ReadHtmlCacheBehavior [ RunTime:0.001165s ]
INFO: Run Behavior\CheckLangBehavior [ RunTime:0.003074s ]
INFO: [ app_begin ] --END-- [ RunTime:0.004419s ]
SQL: SHOW COLUMNS FROM `fofs_user` [ RunTime:0.0043s ]
SQL: SELECT * FROM `fofs_user` WHERE `email` = '896776703@qq.com' LIMIT 1   [ RunTime:0.0008s ]
INFO: [ view_parse ] --START--
INFO: [ template_filter ] --START--
INFO: Run Behavior\ContentReplaceBehavior [ RunTime:0.000050s ]
INFO: [ template_filter ] --END-- [ RunTime:0.000140s ]
INFO: Run Behavior\ParseTemplateBehavior [ RunTime:0.009160s ]
INFO: [ view_parse ] --END-- [ RunTime:0.009253s ]
INFO: [ view_filter ] --START--
INFO: Run Behavior\WriteHtmlCacheBehavior [ RunTime:0.000816s ]
INFO: [ view_filter ] --END-- [ RunTime:0.000883s ]
INFO: [ app_end ] --START--
INFO: Run Behavior\ShowPageTraceBehavior [ RunTime:0.001036s ]
INFO: [ app_end ] --END-- [ RunTime:0.001106s ]

[ 2016-11-23T00:17:22+08:00 ] ::1 /fofs/1/index.php/Home/Individual/individualProfile
INFO: [ app_init ] --START--
INFO: Run Behavior\BuildLiteBehavior [ RunTime:0.000041s ]
INFO: [ app_init ] --END-- [ RunTime:0.001284s ]
INFO: [ app_begin ] --START--
INFO: Run Behavior\ReadHtmlCacheBehavior [ RunTime:0.002055s ]
INFO: Run Behavior\CheckLangBehavior [ RunTime:0.007525s ]
INFO: [ app_begin ] --END-- [ RunTime:0.009885s ]
SQL: SHOW COLUMNS FROM `fofs_user` [ RunTime:0.0070s ]
SQL: SELECT * FROM `fofs_user` WHERE `id` = 4 LIMIT 1   [ RunTime:0.0011s ]
SQL: SHOW COLUMNS FROM `fofs_staff_auth` [ RunTime:0.0054s ]
SQL: SELECT * FROM `fofs_staff_auth` WHERE `user_id` = 4 AND `user_name` = '笨小孩' ORDER BY req_time desc LIMIT 1   [ RunTime:0.0009s ]
INFO: [ view_parse ] --START--
INFO: [ template_filter ] --START--
INFO: Run Behavior\ContentReplaceBehavior [ RunTime:0.000344s ]
INFO: [ template_filter ] --END-- [ RunTime:0.000476s ]
NOTIC: [8] Undefined variable: keywords D:\phpStudy\WWW\fofs\1\Application\Runtime\Cache\Home\3ae7c2c803142a2481cb7e98492ba7d4.php 第 43 行.
NOTIC: [8] Undefined variable: amount D:\phpStudy\WWW\fofs\1\Application\Runtime\Cache\Home\3ae7c2c803142a2481cb7e98492ba7d4.php 第 291 行.
NOTIC: [8] Undefined variable: amount D:\phpStudy\WWW\fofs\1\Application\Runtime\Cache\Home\3ae7c2c803142a2481cb7e98492ba7d4.php 第 307 行.
NOTIC: [8] Undefined variable: amount D:\phpStudy\WWW\fofs\1\Application\Runtime\Cache\Home\3ae7c2c803142a2481cb7e98492ba7d4.php 第 308 行.
INFO: Run Behavior\ParseTemplateBehavior [ RunTime:0.032633s ]
INFO: [ view_parse ] --END-- [ RunTime:0.032754s ]
INFO: [ view_filter ] --START--
INFO: Run Behavior\WriteHtmlCacheBehavior [ RunTime:0.000909s ]
INFO: [ view_filter ] --END-- [ RunTime:0.001000s ]
INFO: [ app_end ] --START--
INFO: Run Behavior\ShowPageTraceBehavior [ RunTime:0.002319s ]
INFO: [ app_end ] --END-- [ RunTime:0.002558s ]

