[ 2016-10-10T09:57:00+08:00 ] ::1 /fofs/1/index.php/Home/Register/lpFond
INFO: [ app_init ] --START--
INFO: Run Behavior\BuildLiteBehavior [ RunTime:0.000059s ]
INFO: [ app_init ] --END-- [ RunTime:0.018390s ]
INFO: [ app_begin ] --START--
INFO: Run Behavior\ReadHtmlCacheBehavior [ RunTime:0.002672s ]
INFO: Run Behavior\CheckLangBehavior [ RunTime:0.006318s ]
INFO: [ app_begin ] --END-- [ RunTime:0.009354s ]
INFO: [ view_parse ] --START--
INFO: [ template_filter ] --START--
INFO: Run Behavior\ContentReplaceBehavior [ RunTime:0.000103s ]
INFO: [ template_filter ] --END-- [ RunTime:0.000271s ]
INFO: Run Behavior\ParseTemplateBehavior [ RunTime:0.043377s ]
INFO: [ view_parse ] --END-- [ RunTime:0.043569s ]
INFO: [ view_filter ] --START--
INFO: Run Behavior\WriteHtmlCacheBehavior [ RunTime:0.004746s ]
INFO: [ view_filter ] --END-- [ RunTime:0.004982s ]

[ 2016-10-10T09:57:03+08:00 ] ::1 /fofs/1/index.php/Home/Index
INFO: [ app_init ] --START--
INFO: Run Behavior\BuildLiteBehavior [ RunTime:0.000042s ]
INFO: [ app_init ] --END-- [ RunTime:0.001437s ]
INFO: [ app_begin ] --START--
INFO: Run Behavior\ReadHtmlCacheBehavior [ RunTime:0.001316s ]
INFO: Run Behavior\CheckLangBehavior [ RunTime:0.004199s ]
INFO: [ app_begin ] --END-- [ RunTime:0.005817s ]
INFO: [ view_parse ] --START--
INFO: [ template_filter ] --START--
INFO: Run Behavior\ContentReplaceBehavior [ RunTime:0.000517s ]
INFO: [ template_filter ] --END-- [ RunTime:0.000688s ]
NOTIC: [8] Undefined variable: user_id D:\phpStudy\WWW\fofs\1\Application\Runtime\Cache\Home\2a94b8bda04ff446dcedd42276fc99ee.php 第 63 行.
INFO: Run Behavior\ParseTemplateBehavior [ RunTime:0.096423s ]
INFO: [ view_parse ] --END-- [ RunTime:0.096662s ]
INFO: [ view_filter ] --START--
INFO: Run Behavior\WriteHtmlCacheBehavior [ RunTime:0.001186s ]
INFO: [ view_filter ] --END-- [ RunTime:0.001351s ]
INFO: [ app_end ] --START--
INFO: Run Behavior\ShowPageTraceBehavior [ RunTime:0.044178s ]
INFO: [ app_end ] --END-- [ RunTime:0.044447s ]

[ 2016-10-10T09:57:05+08:00 ] ::1 /fofs/1/index.php/Home/Index?l=zh-cn
INFO: [ app_init ] --START--
INFO: Run Behavior\BuildLiteBehavior [ RunTime:0.000026s ]
INFO: [ app_init ] --END-- [ RunTime:0.000776s ]
INFO: [ app_begin ] --START--
INFO: Run Behavior\ReadHtmlCacheBehavior [ RunTime:0.000910s ]
INFO: Run Behavior\CheckLangBehavior [ RunTime:0.002464s ]
INFO: [ app_begin ] --END-- [ RunTime:0.003533s ]
INFO: [ view_parse ] --START--
INFO: [ template_filter ] --START--
INFO: Run Behavior\ContentReplaceBehavior [ RunTime:0.000484s ]
INFO: [ template_filter ] --END-- [ RunTime:0.000665s ]
NOTIC: [8] Undefined variable: user_id D:\phpStudy\WWW\fofs\1\Application\Runtime\Cache\Home\2a94b8bda04ff446dcedd42276fc99ee.php 第 63 行.
INFO: Run Behavior\ParseTemplateBehavior [ RunTime:0.026161s ]
INFO: [ view_parse ] --END-- [ RunTime:0.026279s ]
INFO: [ view_filter ] --START--
INFO: Run Behavior\WriteHtmlCacheBehavior [ RunTime:0.000603s ]
INFO: [ view_filter ] --END-- [ RunTime:0.000689s ]
INFO: [ app_end ] --START--
INFO: Run Behavior\ShowPageTraceBehavior [ RunTime:0.001312s ]
INFO: [ app_end ] --END-- [ RunTime:0.001450s ]

[ 2016-10-10T10:01:53+08:00 ] ::1 /fofs/1/index.php/Home/Index?l=zh-cn
INFO: [ app_init ] --START--
INFO: Run Behavior\BuildLiteBehavior [ RunTime:0.000036s ]
INFO: [ app_init ] --END-- [ RunTime:0.000903s ]
INFO: [ app_begin ] --START--
INFO: Run Behavior\ReadHtmlCacheBehavior [ RunTime:0.001212s ]
INFO: Run Behavior\CheckLangBehavior [ RunTime:0.002963s ]
INFO: [ app_begin ] --END-- [ RunTime:0.004600s ]
INFO: [ view_parse ] --START--
INFO: [ template_filter ] --START--
INFO: Run Behavior\ContentReplaceBehavior [ RunTime:0.000191s ]
INFO: [ template_filter ] --END-- [ RunTime:0.000267s ]
NOTIC: [8] Undefined variable: user_id D:\phpStudy\WWW\fofs\1\Application\Runtime\Cache\Home\2a94b8bda04ff446dcedd42276fc99ee.php 第 63 行.
INFO: Run Behavior\ParseTemplateBehavior [ RunTime:0.019896s ]
INFO: [ view_parse ] --END-- [ RunTime:0.020016s ]
INFO: [ view_filter ] --START--
INFO: Run Behavior\WriteHtmlCacheBehavior [ RunTime:0.000588s ]
INFO: [ view_filter ] --END-- [ RunTime:0.000642s ]
INFO: [ app_end ] --START--
INFO: Run Behavior\ShowPageTraceBehavior [ RunTime:0.001267s ]
INFO: [ app_end ] --END-- [ RunTime:0.001418s ]

[ 2016-10-10T10:01:56+08:00 ] ::1 /fofs/1/index.php/Home/Index/aboutUs.html
INFO: [ app_init ] --START--
INFO: Run Behavior\BuildLiteBehavior [ RunTime:0.000019s ]
INFO: [ app_init ] --END-- [ RunTime:0.000507s ]
INFO: [ app_begin ] --START--
INFO: Run Behavior\ReadHtmlCacheBehavior [ RunTime:0.000694s ]
INFO: Run Behavior\CheckLangBehavior [ RunTime:0.001862s ]
INFO: [ app_begin ] --END-- [ RunTime:0.002663s ]
INFO: [ view_parse ] --START--
INFO: [ template_filter ] --START--
INFO: Run Behavior\ContentReplaceBehavior [ RunTime:0.000118s ]
INFO: [ template_filter ] --END-- [ RunTime:0.000196s ]
NOTIC: [8] Undefined variable: user_id D:\phpStudy\WWW\fofs\1\Application\Runtime\Cache\Home\25bb2c381f98c27aacc12447c867872c.php 第 63 行.
INFO: Run Behavior\ParseTemplateBehavior [ RunTime:0.011123s ]
INFO: [ view_parse ] --END-- [ RunTime:0.011209s ]
INFO: [ view_filter ] --START--
INFO: Run Behavior\WriteHtmlCacheBehavior [ RunTime:0.000517s ]
INFO: [ view_filter ] --END-- [ RunTime:0.000577s ]
INFO: [ app_end ] --START--
INFO: Run Behavior\ShowPageTraceBehavior [ RunTime:0.000829s ]
INFO: [ app_end ] --END-- [ RunTime:0.000902s ]

[ 2016-10-10T10:01:59+08:00 ] ::1 /fofs/1/index.php/Home/Index/notices.html
INFO: [ app_init ] --START--
INFO: Run Behavior\BuildLiteBehavior [ RunTime:0.000022s ]
INFO: [ app_init ] --END-- [ RunTime:0.000641s ]
INFO: [ app_begin ] --START--
INFO: Run Behavior\ReadHtmlCacheBehavior [ RunTime:0.000681s ]
INFO: Run Behavior\CheckLangBehavior [ RunTime:0.001866s ]
INFO: [ app_begin ] --END-- [ RunTime:0.002686s ]
INFO: [ view_parse ] --START--
INFO: [ template_filter ] --START--
INFO: Run Behavior\ContentReplaceBehavior [ RunTime:0.000137s ]
INFO: [ template_filter ] --END-- [ RunTime:0.000226s ]
NOTIC: [8] Undefined variable: user_id D:\phpStudy\WWW\fofs\1\Application\Runtime\Cache\Home\51b59b5ab511f19fa80b5f350332a7c4.php 第 63 行.
INFO: Run Behavior\ParseTemplateBehavior [ RunTime:0.012079s ]
INFO: [ view_parse ] --END-- [ RunTime:0.012160s ]
INFO: [ view_filter ] --START--
INFO: Run Behavior\WriteHtmlCacheBehavior [ RunTime:0.000509s ]
INFO: [ view_filter ] --END-- [ RunTime:0.000578s ]
INFO: [ app_end ] --START--
INFO: Run Behavior\ShowPageTraceBehavior [ RunTime:0.000780s ]
INFO: [ app_end ] --END-- [ RunTime:0.000871s ]

[ 2016-10-10T10:02:01+08:00 ] ::1 /fofs/1/index.php/Home/Index/contactUs.html
INFO: [ app_init ] --START--
INFO: Run Behavior\BuildLiteBehavior [ RunTime:0.000023s ]
INFO: [ app_init ] --END-- [ RunTime:0.000564s ]
INFO: [ app_begin ] --START--
INFO: Run Behavior\ReadHtmlCacheBehavior [ RunTime:0.000723s ]
INFO: Run Behavior\CheckLangBehavior [ RunTime:0.002037s ]
INFO: [ app_begin ] --END-- [ RunTime:0.002885s ]
INFO: [ view_parse ] --START--
INFO: [ template_filter ] --START--
INFO: Run Behavior\ContentReplaceBehavior [ RunTime:0.000134s ]
INFO: [ template_filter ] --END-- [ RunTime:0.000220s ]
NOTIC: [8] Undefined variable: user_id D:\phpStudy\WWW\fofs\1\Application\Runtime\Cache\Home\41c049b8f0a9355f7f99d43d9c1479dc.php 第 63 行.
INFO: Run Behavior\ParseTemplateBehavior [ RunTime:0.012423s ]
INFO: [ view_parse ] --END-- [ RunTime:0.012501s ]
INFO: [ view_filter ] --START--
INFO: Run Behavior\WriteHtmlCacheBehavior [ RunTime:0.000467s ]
INFO: [ view_filter ] --END-- [ RunTime:0.000531s ]
INFO: [ app_end ] --START--
INFO: Run Behavior\ShowPageTraceBehavior [ RunTime:0.000785s ]
INFO: [ app_end ] --END-- [ RunTime:0.000884s ]

[ 2016-10-10T10:02:02+08:00 ] ::1 /fofs/1/index.php/Home/Index/links.html
INFO: [ app_init ] --START--
INFO: Run Behavior\BuildLiteBehavior [ RunTime:0.000023s ]
INFO: [ app_init ] --END-- [ RunTime:0.000503s ]
INFO: [ app_begin ] --START--
INFO: Run Behavior\ReadHtmlCacheBehavior [ RunTime:0.000618s ]
INFO: Run Behavior\CheckLangBehavior [ RunTime:0.001671s ]
INFO: [ app_begin ] --END-- [ RunTime:0.002398s ]
INFO: [ view_parse ] --START--
INFO: [ template_filter ] --START--
INFO: Run Behavior\ContentReplaceBehavior [ RunTime:0.000127s ]
INFO: [ template_filter ] --END-- [ RunTime:0.000199s ]
NOTIC: [8] Undefined variable: user_id D:\phpStudy\WWW\fofs\1\Application\Runtime\Cache\Home\3c9940a3df41f22118c2b5d73efa7305.php 第 63 行.
INFO: Run Behavior\ParseTemplateBehavior [ RunTime:0.033994s ]
INFO: [ view_parse ] --END-- [ RunTime:0.034125s ]
INFO: [ view_filter ] --START--
INFO: Run Behavior\WriteHtmlCacheBehavior [ RunTime:0.000956s ]
INFO: [ view_filter ] --END-- [ RunTime:0.001097s ]
INFO: [ app_end ] --START--
INFO: Run Behavior\ShowPageTraceBehavior [ RunTime:0.001774s ]
INFO: [ app_end ] --END-- [ RunTime:0.001994s ]

[ 2016-10-10T10:02:06+08:00 ] ::1 /fofs/1/index.php/Home/Index/index.html
INFO: [ app_init ] --START--
INFO: Run Behavior\BuildLiteBehavior [ RunTime:0.000020s ]
INFO: [ app_init ] --END-- [ RunTime:0.000514s ]
INFO: [ app_begin ] --START--
INFO: Run Behavior\ReadHtmlCacheBehavior [ RunTime:0.000939s ]
INFO: Run Behavior\CheckLangBehavior [ RunTime:0.002145s ]
INFO: [ app_begin ] --END-- [ RunTime:0.003260s ]
INFO: [ view_parse ] --START--
INFO: [ template_filter ] --START--
INFO: Run Behavior\ContentReplaceBehavior [ RunTime:0.000276s ]
INFO: [ template_filter ] --END-- [ RunTime:0.000359s ]
NOTIC: [8] Undefined variable: user_id D:\phpStudy\WWW\fofs\1\Application\Runtime\Cache\Home\2a94b8bda04ff446dcedd42276fc99ee.php 第 63 行.
INFO: Run Behavior\ParseTemplateBehavior [ RunTime:0.016555s ]
INFO: [ view_parse ] --END-- [ RunTime:0.016635s ]
INFO: [ view_filter ] --START--
INFO: Run Behavior\WriteHtmlCacheBehavior [ RunTime:0.000490s ]
INFO: [ view_filter ] --END-- [ RunTime:0.000556s ]
INFO: [ app_end ] --START--
INFO: Run Behavior\ShowPageTraceBehavior [ RunTime:0.000735s ]
INFO: [ app_end ] --END-- [ RunTime:0.000845s ]

[ 2016-10-10T10:02:07+08:00 ] ::1 /fofs/1/index.php/Home/Index/aboutAlliance.html
INFO: [ app_init ] --START--
INFO: Run Behavior\BuildLiteBehavior [ RunTime:0.000020s ]
INFO: [ app_init ] --END-- [ RunTime:0.000596s ]
INFO: [ app_begin ] --START--
INFO: Run Behavior\ReadHtmlCacheBehavior [ RunTime:0.000707s ]
INFO: Run Behavior\CheckLangBehavior [ RunTime:0.001877s ]
INFO: [ app_begin ] --END-- [ RunTime:0.002703s ]
INFO: [ view_parse ] --START--
INFO: [ template_filter ] --START--
INFO: Run Behavior\ContentReplaceBehavior [ RunTime:0.000138s ]
INFO: [ template_filter ] --END-- [ RunTime:0.000221s ]
NOTIC: [8] Undefined variable: user_id D:\phpStudy\WWW\fofs\1\Application\Runtime\Cache\Home\b528f4ddcc84698bb220ed5d07f09f62.php 第 63 行.
INFO: Run Behavior\ParseTemplateBehavior [ RunTime:0.043694s ]
INFO: [ view_parse ] --END-- [ RunTime:0.043823s ]
INFO: [ view_filter ] --START--
INFO: Run Behavior\WriteHtmlCacheBehavior [ RunTime:0.000464s ]
INFO: [ view_filter ] --END-- [ RunTime:0.000529s ]
INFO: [ app_end ] --START--
INFO: Run Behavior\ShowPageTraceBehavior [ RunTime:0.000797s ]
INFO: [ app_end ] --END-- [ RunTime:0.000900s ]

[ 2016-10-10T10:02:09+08:00 ] ::1 /fofs/1/index.php/Home/Index/aboutAlliance.html
INFO: [ app_init ] --START--
INFO: Run Behavior\BuildLiteBehavior [ RunTime:0.000021s ]
INFO: [ app_init ] --END-- [ RunTime:0.000499s ]
INFO: [ app_begin ] --START--
INFO: Run Behavior\ReadHtmlCacheBehavior [ RunTime:0.000704s ]
INFO: Run Behavior\CheckLangBehavior [ RunTime:0.001873s ]
INFO: [ app_begin ] --END-- [ RunTime:0.002711s ]
INFO: [ view_parse ] --START--
INFO: [ template_filter ] --START--
INFO: Run Behavior\ContentReplaceBehavior [ RunTime:0.000137s ]
INFO: [ template_filter ] --END-- [ RunTime:0.000219s ]
NOTIC: [8] Undefined variable: user_id D:\phpStudy\WWW\fofs\1\Application\Runtime\Cache\Home\b528f4ddcc84698bb220ed5d07f09f62.php 第 63 行.
INFO: Run Behavior\ParseTemplateBehavior [ RunTime:0.012373s ]
INFO: [ view_parse ] --END-- [ RunTime:0.012453s ]
INFO: [ view_filter ] --START--
INFO: Run Behavior\WriteHtmlCacheBehavior [ RunTime:0.000457s ]
INFO: [ view_filter ] --END-- [ RunTime:0.000523s ]
INFO: [ app_end ] --START--
INFO: Run Behavior\ShowPageTraceBehavior [ RunTime:0.000801s ]
INFO: [ app_end ] --END-- [ RunTime:0.000917s ]

[ 2016-10-10T10:02:10+08:00 ] ::1 /fofs/1/index.php/Home/Index/index.html
INFO: [ app_init ] --START--
INFO: Run Behavior\BuildLiteBehavior [ RunTime:0.000042s ]
INFO: [ app_init ] --END-- [ RunTime:0.000872s ]
INFO: [ app_begin ] --START--
INFO: Run Behavior\ReadHtmlCacheBehavior [ RunTime:0.000841s ]
INFO: Run Behavior\CheckLangBehavior [ RunTime:0.002114s ]
INFO: [ app_begin ] --END-- [ RunTime:0.003140s ]
INFO: [ view_parse ] --START--
INFO: [ template_filter ] --START--
INFO: Run Behavior\ContentReplaceBehavior [ RunTime:0.000207s ]
INFO: [ template_filter ] --END-- [ RunTime:0.000294s ]
NOTIC: [8] Undefined variable: user_id D:\phpStudy\WWW\fofs\1\Application\Runtime\Cache\Home\2a94b8bda04ff446dcedd42276fc99ee.php 第 63 行.
INFO: Run Behavior\ParseTemplateBehavior [ RunTime:0.016203s ]
INFO: [ view_parse ] --END-- [ RunTime:0.016277s ]
INFO: [ view_filter ] --START--
INFO: Run Behavior\WriteHtmlCacheBehavior [ RunTime:0.000350s ]
INFO: [ view_filter ] --END-- [ RunTime:0.000404s ]
INFO: [ app_end ] --START--
INFO: Run Behavior\ShowPageTraceBehavior [ RunTime:0.000773s ]
INFO: [ app_end ] --END-- [ RunTime:0.000862s ]

[ 2016-10-10T10:02:11+08:00 ] ::1 /fofs/1/index.php/Home/Index/aboutAlliance.html
INFO: [ app_init ] --START--
INFO: Run Behavior\BuildLiteBehavior [ RunTime:0.000021s ]
INFO: [ app_init ] --END-- [ RunTime:0.000599s ]
INFO: [ app_begin ] --START--
INFO: Run Behavior\ReadHtmlCacheBehavior [ RunTime:0.000732s ]
INFO: Run Behavior\CheckLangBehavior [ RunTime:0.001916s ]
INFO: [ app_begin ] --END-- [ RunTime:0.002771s ]
INFO: [ view_parse ] --START--
INFO: [ template_filter ] --START--
INFO: Run Behavior\ContentReplaceBehavior [ RunTime:0.000140s ]
INFO: [ template_filter ] --END-- [ RunTime:0.000229s ]
NOTIC: [8] Undefined variable: user_id D:\phpStudy\WWW\fofs\1\Application\Runtime\Cache\Home\b528f4ddcc84698bb220ed5d07f09f62.php 第 63 行.
INFO: Run Behavior\ParseTemplateBehavior [ RunTime:0.013049s ]
INFO: [ view_parse ] --END-- [ RunTime:0.013131s ]
INFO: [ view_filter ] --START--
INFO: Run Behavior\WriteHtmlCacheBehavior [ RunTime:0.000471s ]
INFO: [ view_filter ] --END-- [ RunTime:0.000536s ]
INFO: [ app_end ] --START--
INFO: Run Behavior\ShowPageTraceBehavior [ RunTime:0.000863s ]
INFO: [ app_end ] --END-- [ RunTime:0.000971s ]

[ 2016-10-10T10:02:17+08:00 ] ::1 /fofs/1/index.php/Home/Index/aboutAllianceNews.html
INFO: [ app_init ] --START--
INFO: Run Behavior\BuildLiteBehavior [ RunTime:0.000017s ]
INFO: [ app_init ] --END-- [ RunTime:0.000448s ]
INFO: [ app_begin ] --START--
INFO: Run Behavior\ReadHtmlCacheBehavior [ RunTime:0.000600s ]
INFO: Run Behavior\CheckLangBehavior [ RunTime:0.001662s ]
INFO: [ app_begin ] --END-- [ RunTime:0.002372s ]
INFO: [ view_parse ] --START--
INFO: [ template_filter ] --START--
INFO: Run Behavior\ContentReplaceBehavior [ RunTime:0.000146s ]
INFO: [ template_filter ] --END-- [ RunTime:0.000218s ]
NOTIC: [8] Undefined variable: user_id D:\phpStudy\WWW\fofs\1\Application\Runtime\Cache\Home\72b985da9e2d4412c8d605c8aa894c93.php 第 63 行.
INFO: Run Behavior\ParseTemplateBehavior [ RunTime:0.012850s ]
INFO: [ view_parse ] --END-- [ RunTime:0.012919s ]
INFO: [ view_filter ] --START--
INFO: Run Behavior\WriteHtmlCacheBehavior [ RunTime:0.000364s ]
INFO: [ view_filter ] --END-- [ RunTime:0.000418s ]
INFO: [ app_end ] --START--
INFO: Run Behavior\ShowPageTraceBehavior [ RunTime:0.000565s ]
INFO: [ app_end ] --END-- [ RunTime:0.000640s ]

[ 2016-10-10T10:02:21+08:00 ] ::1 /fofs/1/index.php/Home/Index/aboutAlliance.html
INFO: [ app_init ] --START--
INFO: Run Behavior\BuildLiteBehavior [ RunTime:0.000032s ]
INFO: [ app_init ] --END-- [ RunTime:0.000648s ]
INFO: [ app_begin ] --START--
INFO: Run Behavior\ReadHtmlCacheBehavior [ RunTime:0.000663s ]
INFO: Run Behavior\CheckLangBehavior [ RunTime:0.002017s ]
INFO: [ app_begin ] --END-- [ RunTime:0.002811s ]
INFO: [ view_parse ] --START--
INFO: [ template_filter ] --START--
INFO: Run Behavior\ContentReplaceBehavior [ RunTime:0.000137s ]
INFO: [ template_filter ] --END-- [ RunTime:0.000222s ]
NOTIC: [8] Undefined variable: user_id D:\phpStudy\WWW\fofs\1\Application\Runtime\Cache\Home\b528f4ddcc84698bb220ed5d07f09f62.php 第 63 行.
INFO: Run Behavior\ParseTemplateBehavior [ RunTime:0.013442s ]
INFO: [ view_parse ] --END-- [ RunTime:0.013522s ]
INFO: [ view_filter ] --START--
INFO: Run Behavior\WriteHtmlCacheBehavior [ RunTime:0.000505s ]
INFO: [ view_filter ] --END-- [ RunTime:0.000570s ]
INFO: [ app_end ] --START--
INFO: Run Behavior\ShowPageTraceBehavior [ RunTime:0.000885s ]
INFO: [ app_end ] --END-- [ RunTime:0.000974s ]

[ 2016-10-10T10:02:34+08:00 ] ::1 /fofs/1/index.php/Home/Index/index.html
INFO: [ app_init ] --START--
INFO: Run Behavior\BuildLiteBehavior [ RunTime:0.000020s ]
INFO: [ app_init ] --END-- [ RunTime:0.000622s ]
INFO: [ app_begin ] --START--
INFO: Run Behavior\ReadHtmlCacheBehavior [ RunTime:0.000741s ]
INFO: Run Behavior\CheckLangBehavior [ RunTime:0.002028s ]
INFO: [ app_begin ] --END-- [ RunTime:0.002897s ]
INFO: [ view_parse ] --START--
INFO: [ template_filter ] --START--
INFO: Run Behavior\ContentReplaceBehavior [ RunTime:0.000296s ]
INFO: [ template_filter ] --END-- [ RunTime:0.000380s ]
NOTIC: [8] Undefined variable: user_id D:\phpStudy\WWW\fofs\1\Application\Runtime\Cache\Home\2a94b8bda04ff446dcedd42276fc99ee.php 第 63 行.
INFO: Run Behavior\ParseTemplateBehavior [ RunTime:0.016375s ]
INFO: [ view_parse ] --END-- [ RunTime:0.016455s ]
INFO: [ view_filter ] --START--
INFO: Run Behavior\WriteHtmlCacheBehavior [ RunTime:0.000520s ]
INFO: [ view_filter ] --END-- [ RunTime:0.000585s ]
INFO: [ app_end ] --START--
INFO: Run Behavior\ShowPageTraceBehavior [ RunTime:0.000800s ]
INFO: [ app_end ] --END-- [ RunTime:0.000900s ]

[ 2016-10-10T10:02:37+08:00 ] ::1 /fofs/1/index.php/Home/Index/aboutAlliance.html
INFO: [ app_init ] --START--
INFO: Run Behavior\BuildLiteBehavior [ RunTime:0.000024s ]
INFO: [ app_init ] --END-- [ RunTime:0.000848s ]
INFO: [ app_begin ] --START--
INFO: Run Behavior\ReadHtmlCacheBehavior [ RunTime:0.000800s ]
INFO: Run Behavior\CheckLangBehavior [ RunTime:0.002140s ]
INFO: [ app_begin ] --END-- [ RunTime:0.003135s ]
INFO: [ view_parse ] --START--
INFO: [ template_filter ] --START--
INFO: Run Behavior\ContentReplaceBehavior [ RunTime:0.000151s ]
INFO: [ template_filter ] --END-- [ RunTime:0.000244s ]
NOTIC: [8] Undefined variable: user_id D:\phpStudy\WWW\fofs\1\Application\Runtime\Cache\Home\b528f4ddcc84698bb220ed5d07f09f62.php 第 63 行.
INFO: Run Behavior\ParseTemplateBehavior [ RunTime:0.017809s ]
INFO: [ view_parse ] --END-- [ RunTime:0.017923s ]
INFO: [ view_filter ] --START--
INFO: Run Behavior\WriteHtmlCacheBehavior [ RunTime:0.000424s ]
INFO: [ view_filter ] --END-- [ RunTime:0.000510s ]
INFO: [ app_end ] --START--
INFO: Run Behavior\ShowPageTraceBehavior [ RunTime:0.001642s ]
INFO: [ app_end ] --END-- [ RunTime:0.001886s ]

[ 2016-10-10T10:02:40+08:00 ] ::1 /fofs/1/index.php/Home/Index/index.html
INFO: [ app_init ] --START--
INFO: Run Behavior\BuildLiteBehavior [ RunTime:0.000020s ]
INFO: [ app_init ] --END-- [ RunTime:0.000487s ]
INFO: [ app_begin ] --START--
INFO: Run Behavior\ReadHtmlCacheBehavior [ RunTime:0.000695s ]
INFO: Run Behavior\CheckLangBehavior [ RunTime:0.001967s ]
INFO: [ app_begin ] --END-- [ RunTime:0.002790s ]
INFO: [ view_parse ] --START--
INFO: [ template_filter ] --START--
INFO: Run Behavior\ContentReplaceBehavior [ RunTime:0.000214s ]
INFO: [ template_filter ] --END-- [ RunTime:0.000294s ]
NOTIC: [8] Undefined variable: user_id D:\phpStudy\WWW\fofs\1\Application\Runtime\Cache\Home\2a94b8bda04ff446dcedd42276fc99ee.php 第 63 行.
INFO: Run Behavior\ParseTemplateBehavior [ RunTime:0.016617s ]
INFO: [ view_parse ] --END-- [ RunTime:0.016697s ]
INFO: [ view_filter ] --START--
INFO: Run Behavior\WriteHtmlCacheBehavior [ RunTime:0.000471s ]
INFO: [ view_filter ] --END-- [ RunTime:0.000538s ]
INFO: [ app_end ] --START--
INFO: Run Behavior\ShowPageTraceBehavior [ RunTime:0.000677s ]
INFO: [ app_end ] --END-- [ RunTime:0.000797s ]

[ 2016-10-10T10:02:50+08:00 ] ::1 /fofs/1/index.php/Home/Index/aboutAlliance.html
INFO: [ app_init ] --START--
INFO: Run Behavior\BuildLiteBehavior [ RunTime:0.000019s ]
INFO: [ app_init ] --END-- [ RunTime:0.000517s ]
INFO: [ app_begin ] --START--
INFO: Run Behavior\ReadHtmlCacheBehavior [ RunTime:0.000596s ]
INFO: Run Behavior\CheckLangBehavior [ RunTime:0.001608s ]
INFO: [ app_begin ] --END-- [ RunTime:0.002313s ]
INFO: [ view_parse ] --START--
INFO: [ template_filter ] --START--
INFO: Run Behavior\ContentReplaceBehavior [ RunTime:0.000119s ]
INFO: [ template_filter ] --END-- [ RunTime:0.000191s ]
NOTIC: [8] Undefined variable: user_id D:\phpStudy\WWW\fofs\1\Application\Runtime\Cache\Home\b528f4ddcc84698bb220ed5d07f09f62.php 第 63 行.
INFO: Run Behavior\ParseTemplateBehavior [ RunTime:0.011058s ]
INFO: [ view_parse ] --END-- [ RunTime:0.011131s ]
INFO: [ view_filter ] --START--
INFO: Run Behavior\WriteHtmlCacheBehavior [ RunTime:0.000372s ]
INFO: [ view_filter ] --END-- [ RunTime:0.000424s ]
INFO: [ app_end ] --START--
INFO: Run Behavior\ShowPageTraceBehavior [ RunTime:0.000650s ]
INFO: [ app_end ] --END-- [ RunTime:0.000720s ]

[ 2016-10-10T10:03:01+08:00 ] ::1 /fofs/1/index.php/Home/Search/search.html
INFO: [ app_init ] --START--
INFO: Run Behavior\BuildLiteBehavior [ RunTime:0.000017s ]
INFO: [ app_init ] --END-- [ RunTime:0.000429s ]
INFO: [ app_begin ] --START--
INFO: Run Behavior\ReadHtmlCacheBehavior [ RunTime:0.000587s ]
INFO: Run Behavior\CheckLangBehavior [ RunTime:0.001684s ]
INFO: [ app_begin ] --END-- [ RunTime:0.002378s ]
SQL: SHOW COLUMNS FROM `saas_processing_technic_first` [ RunTime:0.0199s ]
SQL: SELECT * FROM `saas_processing_technic_first`  [ RunTime:0.0008s ]
SQL: SHOW COLUMNS FROM `saas_currency_type` [ RunTime:0.0038s ]
SQL: SELECT * FROM `saas_currency_type`  [ RunTime:0.0007s ]
SQL: SHOW COLUMNS FROM `saas_industry_cate` [ RunTime:0.0038s ]
SQL: SELECT * FROM `saas_industry_cate`  [ RunTime:0.0007s ]
SQL: SHOW COLUMNS FROM `saas_area_partition` [ RunTime:0.0040s ]
SQL: SELECT * FROM `saas_area_partition`  [ RunTime:0.0007s ]
SQL: SHOW COLUMNS FROM `saas_system_criteria` [ RunTime:0.0037s ]
SQL: SELECT * FROM `saas_system_criteria`  [ RunTime:0.0007s ]
SQL: SHOW COLUMNS FROM `saas_product_criteria` [ RunTime:0.0037s ]
SQL: SELECT * FROM `saas_product_criteria`  [ RunTime:0.0007s ]
SQL: SHOW COLUMNS FROM `saas_country_code` [ RunTime:0.0042s ]
SQL: SELECT * FROM `saas_country_code`  [ RunTime:0.0007s ]
INFO: [ view_parse ] --START--
INFO: [ template_filter ] --START--
INFO: Run Behavior\ContentReplaceBehavior [ RunTime:0.000267s ]
INFO: [ template_filter ] --END-- [ RunTime:0.000363s ]
INFO: Run Behavior\ParseTemplateBehavior [ RunTime:0.032713s ]
INFO: [ view_parse ] --END-- [ RunTime:0.032793s ]
INFO: [ view_filter ] --START--
INFO: Run Behavior\WriteHtmlCacheBehavior [ RunTime:0.000410s ]
INFO: [ view_filter ] --END-- [ RunTime:0.000468s ]
INFO: [ app_end ] --START--
INFO: Run Behavior\ShowPageTraceBehavior [ RunTime:0.000777s ]
INFO: [ app_end ] --END-- [ RunTime:0.000877s ]

[ 2016-10-10T10:05:58+08:00 ] ::1 /fofs/1/index.php/Home/Search/search.html
INFO: [ app_init ] --START--
INFO: Run Behavior\BuildLiteBehavior [ RunTime:0.000020s ]
INFO: [ app_init ] --END-- [ RunTime:0.000570s ]
INFO: [ app_begin ] --START--
INFO: Run Behavior\ReadHtmlCacheBehavior [ RunTime:0.000867s ]
INFO: Run Behavior\CheckLangBehavior [ RunTime:0.002030s ]
INFO: [ app_begin ] --END-- [ RunTime:0.003085s ]
SQL: SHOW COLUMNS FROM `saas_processing_technic_first` [ RunTime:0.0041s ]
SQL: SELECT * FROM `saas_processing_technic_first`  [ RunTime:0.0007s ]
SQL: SHOW COLUMNS FROM `saas_currency_type` [ RunTime:0.0045s ]
SQL: SELECT * FROM `saas_currency_type`  [ RunTime:0.0007s ]
SQL: SHOW COLUMNS FROM `saas_industry_cate` [ RunTime:0.0038s ]
SQL: SELECT * FROM `saas_industry_cate`  [ RunTime:0.0007s ]
SQL: SHOW COLUMNS FROM `saas_area_partition` [ RunTime:0.0044s ]
SQL: SELECT * FROM `saas_area_partition`  [ RunTime:0.0007s ]
SQL: SHOW COLUMNS FROM `saas_system_criteria` [ RunTime:0.0043s ]
SQL: SELECT * FROM `saas_system_criteria`  [ RunTime:0.0007s ]
SQL: SHOW COLUMNS FROM `saas_product_criteria` [ RunTime:0.0038s ]
SQL: SELECT * FROM `saas_product_criteria`  [ RunTime:0.0007s ]
SQL: SHOW COLUMNS FROM `saas_country_code` [ RunTime:0.0041s ]
SQL: SELECT * FROM `saas_country_code`  [ RunTime:0.0008s ]
INFO: [ view_parse ] --START--
INFO: [ template_filter ] --START--
INFO: Run Behavior\ContentReplaceBehavior [ RunTime:0.000248s ]
INFO: [ template_filter ] --END-- [ RunTime:0.000414s ]
INFO: Run Behavior\ParseTemplateBehavior [ RunTime:0.015332s ]
INFO: [ view_parse ] --END-- [ RunTime:0.015418s ]
INFO: [ view_filter ] --START--
INFO: Run Behavior\WriteHtmlCacheBehavior [ RunTime:0.000511s ]
INFO: [ view_filter ] --END-- [ RunTime:0.000572s ]
INFO: [ app_end ] --START--
INFO: Run Behavior\ShowPageTraceBehavior [ RunTime:0.000775s ]
INFO: [ app_end ] --END-- [ RunTime:0.000849s ]

[ 2016-10-10T10:06:09+08:00 ] ::1 /fofs/1/index.php/Home/Index/aboutAlliance.html
INFO: [ app_init ] --START--
INFO: Run Behavior\BuildLiteBehavior [ RunTime:0.000019s ]
INFO: [ app_init ] --END-- [ RunTime:0.000553s ]
INFO: [ app_begin ] --START--
INFO: Run Behavior\ReadHtmlCacheBehavior [ RunTime:0.000878s ]
INFO: Run Behavior\CheckLangBehavior [ RunTime:0.002261s ]
INFO: [ app_begin ] --END-- [ RunTime:0.003265s ]
INFO: [ view_parse ] --START--
INFO: [ template_filter ] --START--
INFO: Run Behavior\ContentReplaceBehavior [ RunTime:0.000122s ]
INFO: [ template_filter ] --END-- [ RunTime:0.000201s ]
NOTIC: [8] Undefined variable: user_id D:\phpStudy\WWW\fofs\1\Application\Runtime\Cache\Home\b528f4ddcc84698bb220ed5d07f09f62.php 第 63 行.
INFO: Run Behavior\ParseTemplateBehavior [ RunTime:0.013406s ]
INFO: [ view_parse ] --END-- [ RunTime:0.013513s ]
INFO: [ view_filter ] --START--
INFO: Run Behavior\WriteHtmlCacheBehavior [ RunTime:0.000746s ]
INFO: [ view_filter ] --END-- [ RunTime:0.000810s ]
INFO: [ app_end ] --START--
INFO: Run Behavior\ShowPageTraceBehavior [ RunTime:0.001244s ]
INFO: [ app_end ] --END-- [ RunTime:0.001388s ]

[ 2016-10-10T10:06:10+08:00 ] ::1 /fofs/1/index.php/Home/Index/index.html
INFO: [ app_init ] --START--
INFO: Run Behavior\BuildLiteBehavior [ RunTime:0.000019s ]
INFO: [ app_init ] --END-- [ RunTime:0.000502s ]
INFO: [ app_begin ] --START--
INFO: Run Behavior\ReadHtmlCacheBehavior [ RunTime:0.000872s ]
INFO: Run Behavior\CheckLangBehavior [ RunTime:0.002310s ]
INFO: [ app_begin ] --END-- [ RunTime:0.003288s ]
INFO: [ view_parse ] --START--
INFO: [ template_filter ] --START--
INFO: Run Behavior\ContentReplaceBehavior [ RunTime:0.000190s ]
INFO: [ template_filter ] --END-- [ RunTime:0.000268s ]
NOTIC: [8] Undefined variable: user_id D:\phpStudy\WWW\fofs\1\Application\Runtime\Cache\Home\2a94b8bda04ff446dcedd42276fc99ee.php 第 63 行.
INFO: Run Behavior\ParseTemplateBehavior [ RunTime:0.016105s ]
INFO: [ view_parse ] --END-- [ RunTime:0.016190s ]
INFO: [ view_filter ] --START--
INFO: Run Behavior\WriteHtmlCacheBehavior [ RunTime:0.000771s ]
INFO: [ view_filter ] --END-- [ RunTime:0.000836s ]
INFO: [ app_end ] --START--
INFO: Run Behavior\ShowPageTraceBehavior [ RunTime:0.001013s ]
INFO: [ app_end ] --END-- [ RunTime:0.001298s ]

[ 2016-10-10T10:06:10+08:00 ] ::1 /fofs/1/index.php/Home/Index/aboutAlliance.html
INFO: [ app_init ] --START--
INFO: Run Behavior\BuildLiteBehavior [ RunTime:0.000021s ]
INFO: [ app_init ] --END-- [ RunTime:0.000605s ]
INFO: [ app_begin ] --START--
INFO: Run Behavior\ReadHtmlCacheBehavior [ RunTime:0.001051s ]
INFO: Run Behavior\CheckLangBehavior [ RunTime:0.002594s ]
INFO: [ app_begin ] --END-- [ RunTime:0.003768s ]
INFO: [ view_parse ] --START--
INFO: [ template_filter ] --START--
INFO: Run Behavior\ContentReplaceBehavior [ RunTime:0.000139s ]
INFO: [ template_filter ] --END-- [ RunTime:0.000224s ]
NOTIC: [8] Undefined variable: user_id D:\phpStudy\WWW\fofs\1\Application\Runtime\Cache\Home\b528f4ddcc84698bb220ed5d07f09f62.php 第 63 行.
INFO: Run Behavior\ParseTemplateBehavior [ RunTime:0.014544s ]
INFO: [ view_parse ] --END-- [ RunTime:0.014625s ]
INFO: [ view_filter ] --START--
INFO: Run Behavior\WriteHtmlCacheBehavior [ RunTime:0.000760s ]
INFO: [ view_filter ] --END-- [ RunTime:0.000826s ]
INFO: [ app_end ] --START--
INFO: Run Behavior\ShowPageTraceBehavior [ RunTime:0.001141s ]
INFO: [ app_end ] --END-- [ RunTime:0.001231s ]

[ 2016-10-10T10:06:31+08:00 ] ::1 /fofs/1/index.php/Home/Index/aboutAlliance.html
INFO: [ app_init ] --START--
INFO: Run Behavior\BuildLiteBehavior [ RunTime:0.000020s ]
INFO: [ app_init ] --END-- [ RunTime:0.000722s ]
INFO: [ app_begin ] --START--
INFO: Run Behavior\ReadHtmlCacheBehavior [ RunTime:0.000965s ]
INFO: Run Behavior\CheckLangBehavior [ RunTime:0.002732s ]
INFO: [ app_begin ] --END-- [ RunTime:0.003846s ]
INFO: [ view_parse ] --START--
INFO: [ template_filter ] --START--
INFO: Run Behavior\ContentReplaceBehavior [ RunTime:0.000183s ]
INFO: [ template_filter ] --END-- [ RunTime:0.000326s ]
NOTIC: [8] Undefined variable: user_id D:\phpStudy\WWW\fofs\1\Application\Runtime\Cache\Home\b528f4ddcc84698bb220ed5d07f09f62.php 第 63 行.
INFO: Run Behavior\ParseTemplateBehavior [ RunTime:0.015288s ]
INFO: [ view_parse ] --END-- [ RunTime:0.015379s ]
INFO: [ view_filter ] --START--
INFO: Run Behavior\WriteHtmlCacheBehavior [ RunTime:0.000786s ]
INFO: [ view_filter ] --END-- [ RunTime:0.000854s ]
INFO: [ app_end ] --START--
INFO: Run Behavior\ShowPageTraceBehavior [ RunTime:0.001193s ]
INFO: [ app_end ] --END-- [ RunTime:0.001285s ]

[ 2016-10-10T10:06:33+08:00 ] ::1 /fofs/1/index.php/Home/Index/aboutAlliance.html
INFO: [ app_init ] --START--
INFO: Run Behavior\BuildLiteBehavior [ RunTime:0.000019s ]
INFO: [ app_init ] --END-- [ RunTime:0.000490s ]
INFO: [ app_begin ] --START--
INFO: Run Behavior\ReadHtmlCacheBehavior [ RunTime:0.000965s ]
INFO: Run Behavior\CheckLangBehavior [ RunTime:0.002275s ]
INFO: [ app_begin ] --END-- [ RunTime:0.003365s ]
INFO: [ view_parse ] --START--
INFO: [ template_filter ] --START--
INFO: Run Behavior\ContentReplaceBehavior [ RunTime:0.000157s ]
INFO: [ template_filter ] --END-- [ RunTime:0.000259s ]
NOTIC: [8] Undefined variable: user_id D:\phpStudy\WWW\fofs\1\Application\Runtime\Cache\Home\b528f4ddcc84698bb220ed5d07f09f62.php 第 63 行.
INFO: Run Behavior\ParseTemplateBehavior [ RunTime:0.013391s ]
INFO: [ view_parse ] --END-- [ RunTime:0.013468s ]
INFO: [ view_filter ] --START--
INFO: Run Behavior\WriteHtmlCacheBehavior [ RunTime:0.000713s ]
INFO: [ view_filter ] --END-- [ RunTime:0.000771s ]
INFO: [ app_end ] --START--
INFO: Run Behavior\ShowPageTraceBehavior [ RunTime:0.001007s ]
INFO: [ app_end ] --END-- [ RunTime:0.001082s ]

[ 2016-10-10T10:06:35+08:00 ] ::1 /fofs/1/index.php/Home/Index/aboutAlliance.html
INFO: [ app_init ] --START--
INFO: Run Behavior\BuildLiteBehavior [ RunTime:0.000026s ]
INFO: [ app_init ] --END-- [ RunTime:0.000611s ]
INFO: [ app_begin ] --START--
INFO: Run Behavior\ReadHtmlCacheBehavior [ RunTime:0.000859s ]
INFO: Run Behavior\CheckLangBehavior [ RunTime:0.002346s ]
INFO: [ app_begin ] --END-- [ RunTime:0.003327s ]
INFO: [ view_parse ] --START--
INFO: [ template_filter ] --START--
INFO: Run Behavior\ContentReplaceBehavior [ RunTime:0.000120s ]
INFO: [ template_filter ] --END-- [ RunTime:0.000194s ]
NOTIC: [8] Undefined variable: user_id D:\phpStudy\WWW\fofs\1\Application\Runtime\Cache\Home\b528f4ddcc84698bb220ed5d07f09f62.php 第 63 行.
INFO: Run Behavior\ParseTemplateBehavior [ RunTime:0.012676s ]
INFO: [ view_parse ] --END-- [ RunTime:0.012747s ]
INFO: [ view_filter ] --START--
INFO: Run Behavior\WriteHtmlCacheBehavior [ RunTime:0.000688s ]
INFO: [ view_filter ] --END-- [ RunTime:0.000746s ]
INFO: [ app_end ] --START--
INFO: Run Behavior\ShowPageTraceBehavior [ RunTime:0.001061s ]
INFO: [ app_end ] --END-- [ RunTime:0.001160s ]

