[ 2016-11-07T23:35:57+08:00 ] ::1 /fofs/1/index.php
INFO: [ app_init ] --START--
INFO: Run Behavior\BuildLiteBehavior [ RunTime:0.000023s ]
INFO: [ app_init ] --END-- [ RunTime:0.000700s ]
INFO: [ app_begin ] --START--
INFO: Run Behavior\ReadHtmlCacheBehavior [ RunTime:0.000898s ]
INFO: Run Behavior\CheckLangBehavior [ RunTime:0.002193s ]
INFO: [ app_begin ] --END-- [ RunTime:0.003225s ]
SQL: SHOW COLUMNS FROM `fofs_article` [ RunTime:0.3892s ]
SQL: SELECT * FROM `fofs_article` WHERE `article_type` = 1 ORDER BY id desc LIMIT 1,10   [ RunTime:0.0367s ]
SQL: SELECT * FROM `fofs_article` WHERE `article_type` = 2 ORDER BY id desc LIMIT 10   [ RunTime:0.0018s ]
SQL: SELECT * FROM `fofs_article` WHERE `article_type` = 3 ORDER BY id desc LIMIT 10   [ RunTime:0.0018s ]
SQL: SELECT * FROM `fofs_article` WHERE `article_type` = 4 ORDER BY id desc LIMIT 10   [ RunTime:0.0017s ]
INFO: [ view_parse ] --START--
INFO: [ template_filter ] --START--
INFO: Run Behavior\ContentReplaceBehavior [ RunTime:0.000767s ]
INFO: [ template_filter ] --END-- [ RunTime:0.001181s ]
NOTIC: [8] Undefined variable: user_id D:\phpStudy\WWW\fofs\1\Application\Runtime\Cache\Home\2a94b8bda04ff446dcedd42276fc99ee.php 第 49 行.
NOTIC: [8] Undefined variable: link D:\phpStudy\WWW\fofs\1\Application\Runtime\Cache\Home\2a94b8bda04ff446dcedd42276fc99ee.php 第 247 行.
NOTIC: [8] Undefined variable: link D:\phpStudy\WWW\fofs\1\Application\Runtime\Cache\Home\2a94b8bda04ff446dcedd42276fc99ee.php 第 264 行.
NOTIC: [8] Undefined variable: link D:\phpStudy\WWW\fofs\1\Application\Runtime\Cache\Home\2a94b8bda04ff446dcedd42276fc99ee.php 第 281 行.
INFO: Run Behavior\ParseTemplateBehavior [ RunTime:0.094634s ]
INFO: [ view_parse ] --END-- [ RunTime:0.094813s ]
INFO: [ view_filter ] --START--
INFO: Run Behavior\WriteHtmlCacheBehavior [ RunTime:0.001798s ]
INFO: [ view_filter ] --END-- [ RunTime:0.002240s ]
INFO: [ app_end ] --START--
INFO: Run Behavior\ShowPageTraceBehavior [ RunTime:0.002526s ]
INFO: [ app_end ] --END-- [ RunTime:0.002821s ]

[ 2016-11-07T23:35:59+08:00 ] ::1 /fofs/1/index.php?l=zh-cn
INFO: [ app_init ] --START--
INFO: Run Behavior\BuildLiteBehavior [ RunTime:0.000020s ]
INFO: [ app_init ] --END-- [ RunTime:0.000752s ]
INFO: [ app_begin ] --START--
INFO: Run Behavior\ReadHtmlCacheBehavior [ RunTime:0.000653s ]
INFO: Run Behavior\CheckLangBehavior [ RunTime:0.001792s ]
INFO: [ app_begin ] --END-- [ RunTime:0.002581s ]
SQL: SHOW COLUMNS FROM `fofs_article` [ RunTime:0.0612s ]
SQL: SELECT * FROM `fofs_article` WHERE `article_type` = 1 ORDER BY id desc LIMIT 1,10   [ RunTime:0.0011s ]
SQL: SELECT * FROM `fofs_article` WHERE `article_type` = 2 ORDER BY id desc LIMIT 10   [ RunTime:0.0008s ]
SQL: SELECT * FROM `fofs_article` WHERE `article_type` = 3 ORDER BY id desc LIMIT 10   [ RunTime:0.0008s ]
SQL: SELECT * FROM `fofs_article` WHERE `article_type` = 4 ORDER BY id desc LIMIT 10   [ RunTime:0.0008s ]
INFO: [ view_parse ] --START--
INFO: [ template_filter ] --START--
INFO: Run Behavior\ContentReplaceBehavior [ RunTime:0.000241s ]
INFO: [ template_filter ] --END-- [ RunTime:0.000338s ]
NOTIC: [8] Undefined variable: user_id D:\phpStudy\WWW\fofs\1\Application\Runtime\Cache\Home\2a94b8bda04ff446dcedd42276fc99ee.php 第 49 行.
NOTIC: [8] Undefined variable: link D:\phpStudy\WWW\fofs\1\Application\Runtime\Cache\Home\2a94b8bda04ff446dcedd42276fc99ee.php 第 247 行.
NOTIC: [8] Undefined variable: link D:\phpStudy\WWW\fofs\1\Application\Runtime\Cache\Home\2a94b8bda04ff446dcedd42276fc99ee.php 第 264 行.
NOTIC: [8] Undefined variable: link D:\phpStudy\WWW\fofs\1\Application\Runtime\Cache\Home\2a94b8bda04ff446dcedd42276fc99ee.php 第 281 行.
INFO: Run Behavior\ParseTemplateBehavior [ RunTime:0.023680s ]
INFO: [ view_parse ] --END-- [ RunTime:0.023796s ]
INFO: [ view_filter ] --START--
INFO: Run Behavior\WriteHtmlCacheBehavior [ RunTime:0.000589s ]
INFO: [ view_filter ] --END-- [ RunTime:0.000646s ]
INFO: [ app_end ] --START--
INFO: Run Behavior\ShowPageTraceBehavior [ RunTime:0.000806s ]
INFO: [ app_end ] --END-- [ RunTime:0.000903s ]

[ 2016-11-07T23:38:58+08:00 ] ::1 /fofs/1/index.php/Home/Search/lpSearch.html
INFO: [ app_init ] --START--
INFO: Run Behavior\BuildLiteBehavior [ RunTime:0.000021s ]
INFO: [ app_init ] --END-- [ RunTime:0.000639s ]
INFO: [ app_begin ] --START--
INFO: Run Behavior\ReadHtmlCacheBehavior [ RunTime:0.001191s ]
INFO: Run Behavior\CheckLangBehavior [ RunTime:0.002301s ]
INFO: [ app_begin ] --END-- [ RunTime:0.003639s ]
SQL: SHOW COLUMNS FROM `fofs_lp` [ RunTime:0.0831s ]
NOTIC: [8] Undefined variable: where D:\phpStudy\WWW\fofs\1\Application\Home\Controller\SearchController.class.php 第 122 行.
SQL: SELECT `id`,`institution_type`,`institution_fullname_cn`,`institution_logo_img`,`is_securities_fund`,`is_stock_fund`,`is_startup_fund`,`is_other_fund` FROM `fofs_lp`  [ RunTime:0.0017s ]
INFO: [ view_parse ] --START--
INFO: [ template_filter ] --START--
INFO: Run Behavior\ContentReplaceBehavior [ RunTime:0.000431s ]
INFO: [ template_filter ] --END-- [ RunTime:0.000651s ]
NOTIC: [8] Undefined variable: user_id D:\phpStudy\WWW\fofs\1\Application\Runtime\Cache\Home\46ffef79ff36275cb149efd05d9222a4.php 第 49 行.
NOTIC: [8] Undefined variable: vo D:\phpStudy\WWW\fofs\1\Application\Runtime\Cache\Home\46ffef79ff36275cb149efd05d9222a4.php 第 265 行.
NOTIC: [8] Undefined variable: vo D:\phpStudy\WWW\fofs\1\Application\Runtime\Cache\Home\46ffef79ff36275cb149efd05d9222a4.php 第 269 行.
NOTIC: [8] Undefined variable: vo D:\phpStudy\WWW\fofs\1\Application\Runtime\Cache\Home\46ffef79ff36275cb149efd05d9222a4.php 第 273 行.
NOTIC: [8] Undefined variable: vo D:\phpStudy\WWW\fofs\1\Application\Runtime\Cache\Home\46ffef79ff36275cb149efd05d9222a4.php 第 277 行.
NOTIC: [8] Undefined index: is_by_followed D:\phpStudy\WWW\fofs\1\Application\Runtime\Cache\Home\46ffef79ff36275cb149efd05d9222a4.php 第 369 行.
NOTIC: [8] Undefined index: is_by_followed D:\phpStudy\WWW\fofs\1\Application\Runtime\Cache\Home\46ffef79ff36275cb149efd05d9222a4.php 第 369 行.
INFO: Run Behavior\ParseTemplateBehavior [ RunTime:0.072732s ]
INFO: [ view_parse ] --END-- [ RunTime:0.072900s ]
INFO: [ view_filter ] --START--
INFO: Run Behavior\WriteHtmlCacheBehavior [ RunTime:0.001343s ]
INFO: [ view_filter ] --END-- [ RunTime:0.001491s ]
INFO: [ app_end ] --START--
INFO: Run Behavior\ShowPageTraceBehavior [ RunTime:0.002159s ]
INFO: [ app_end ] --END-- [ RunTime:0.002461s ]

[ 2016-11-07T23:39:16+08:00 ] ::1 /fofs/1/index.php/Home/Search/lpSearch.html
INFO: [ app_init ] --START--
INFO: Run Behavior\BuildLiteBehavior [ RunTime:0.000022s ]
INFO: [ app_init ] --END-- [ RunTime:0.000628s ]
INFO: [ app_begin ] --START--
INFO: Run Behavior\ReadHtmlCacheBehavior [ RunTime:0.000771s ]
INFO: Run Behavior\CheckLangBehavior [ RunTime:0.001946s ]
INFO: [ app_begin ] --END-- [ RunTime:0.002860s ]
SQL: SHOW COLUMNS FROM `fofs_lp` [ RunTime:0.0135s ]
NOTIC: [8] Undefined variable: where D:\phpStudy\WWW\fofs\1\Application\Home\Controller\SearchController.class.php 第 122 行.
SQL: SELECT `id`,`institution_type`,`institution_fullname_cn`,`institution_logo_img`,`is_securities_fund`,`is_stock_fund`,`is_startup_fund`,`is_other_fund` FROM `fofs_lp`  [ RunTime:0.0018s ]
INFO: [ view_parse ] --START--
INFO: [ template_filter ] --START--
INFO: Run Behavior\ContentReplaceBehavior [ RunTime:0.000316s ]
INFO: [ template_filter ] --END-- [ RunTime:0.000445s ]
NOTIC: [8] Undefined variable: user_id D:\phpStudy\WWW\fofs\1\Application\Runtime\Cache\Home\46ffef79ff36275cb149efd05d9222a4.php 第 49 行.
NOTIC: [8] Undefined variable: vo D:\phpStudy\WWW\fofs\1\Application\Runtime\Cache\Home\46ffef79ff36275cb149efd05d9222a4.php 第 265 行.
NOTIC: [8] Undefined variable: vo D:\phpStudy\WWW\fofs\1\Application\Runtime\Cache\Home\46ffef79ff36275cb149efd05d9222a4.php 第 269 行.
NOTIC: [8] Undefined variable: vo D:\phpStudy\WWW\fofs\1\Application\Runtime\Cache\Home\46ffef79ff36275cb149efd05d9222a4.php 第 273 行.
NOTIC: [8] Undefined variable: vo D:\phpStudy\WWW\fofs\1\Application\Runtime\Cache\Home\46ffef79ff36275cb149efd05d9222a4.php 第 277 行.
NOTIC: [8] Undefined index: is_by_followed D:\phpStudy\WWW\fofs\1\Application\Runtime\Cache\Home\46ffef79ff36275cb149efd05d9222a4.php 第 369 行.
NOTIC: [8] Undefined index: is_by_followed D:\phpStudy\WWW\fofs\1\Application\Runtime\Cache\Home\46ffef79ff36275cb149efd05d9222a4.php 第 369 行.
INFO: Run Behavior\ParseTemplateBehavior [ RunTime:0.040157s ]
INFO: [ view_parse ] --END-- [ RunTime:0.040324s ]
INFO: [ view_filter ] --START--
INFO: Run Behavior\WriteHtmlCacheBehavior [ RunTime:0.000723s ]
INFO: [ view_filter ] --END-- [ RunTime:0.000818s ]
INFO: [ app_end ] --START--
INFO: Run Behavior\ShowPageTraceBehavior [ RunTime:0.001318s ]
INFO: [ app_end ] --END-- [ RunTime:0.001470s ]

[ 2016-11-07T23:39:24+08:00 ] ::1 /fofs/1/index.php/Home/Index/index.html
INFO: [ app_init ] --START--
INFO: Run Behavior\BuildLiteBehavior [ RunTime:0.000020s ]
INFO: [ app_init ] --END-- [ RunTime:0.000657s ]
INFO: [ app_begin ] --START--
INFO: Run Behavior\ReadHtmlCacheBehavior [ RunTime:0.000818s ]
INFO: Run Behavior\CheckLangBehavior [ RunTime:0.002204s ]
INFO: [ app_begin ] --END-- [ RunTime:0.003146s ]
SQL: SHOW COLUMNS FROM `fofs_article` [ RunTime:0.0333s ]
SQL: SELECT * FROM `fofs_article` WHERE `article_type` = 1 ORDER BY id desc LIMIT 1,10   [ RunTime:0.0012s ]
SQL: SELECT * FROM `fofs_article` WHERE `article_type` = 2 ORDER BY id desc LIMIT 10   [ RunTime:0.0010s ]
SQL: SELECT * FROM `fofs_article` WHERE `article_type` = 3 ORDER BY id desc LIMIT 10   [ RunTime:0.0010s ]
SQL: SELECT * FROM `fofs_article` WHERE `article_type` = 4 ORDER BY id desc LIMIT 10   [ RunTime:0.0009s ]
INFO: [ view_parse ] --START--
INFO: [ template_filter ] --START--
INFO: Run Behavior\ContentReplaceBehavior [ RunTime:0.000209s ]
INFO: [ template_filter ] --END-- [ RunTime:0.000295s ]
NOTIC: [8] Undefined variable: user_id D:\phpStudy\WWW\fofs\1\Application\Runtime\Cache\Home\2a94b8bda04ff446dcedd42276fc99ee.php 第 49 行.
NOTIC: [8] Undefined variable: link D:\phpStudy\WWW\fofs\1\Application\Runtime\Cache\Home\2a94b8bda04ff446dcedd42276fc99ee.php 第 247 行.
NOTIC: [8] Undefined variable: link D:\phpStudy\WWW\fofs\1\Application\Runtime\Cache\Home\2a94b8bda04ff446dcedd42276fc99ee.php 第 264 行.
NOTIC: [8] Undefined variable: link D:\phpStudy\WWW\fofs\1\Application\Runtime\Cache\Home\2a94b8bda04ff446dcedd42276fc99ee.php 第 281 行.
INFO: Run Behavior\ParseTemplateBehavior [ RunTime:0.026718s ]
INFO: [ view_parse ] --END-- [ RunTime:0.026842s ]
INFO: [ view_filter ] --START--
INFO: Run Behavior\WriteHtmlCacheBehavior [ RunTime:0.000791s ]
INFO: [ view_filter ] --END-- [ RunTime:0.000863s ]
INFO: [ app_end ] --START--
INFO: Run Behavior\ShowPageTraceBehavior [ RunTime:0.001133s ]
INFO: [ app_end ] --END-- [ RunTime:0.001288s ]

[ 2016-11-07T23:39:25+08:00 ] ::1 /fofs/1/index.php/Home/Index/aboutAlliance.html?article_type=9
INFO: [ app_init ] --START--
INFO: Run Behavior\BuildLiteBehavior [ RunTime:0.000025s ]
INFO: [ app_init ] --END-- [ RunTime:0.000743s ]
INFO: [ app_begin ] --START--
INFO: Run Behavior\ReadHtmlCacheBehavior [ RunTime:0.000921s ]
INFO: Run Behavior\CheckLangBehavior [ RunTime:0.002319s ]
INFO: [ app_begin ] --END-- [ RunTime:0.003415s ]
SQL: SHOW COLUMNS FROM `fofs_article` [ RunTime:0.0055s ]
SQL: SELECT * FROM `fofs_article` WHERE `article_type` = 9 LIMIT 1   [ RunTime:0.0010s ]
INFO: [ view_parse ] --START--
INFO: [ template_filter ] --START--
INFO: Run Behavior\ContentReplaceBehavior [ RunTime:0.000183s ]
INFO: [ template_filter ] --END-- [ RunTime:0.000270s ]
NOTIC: [8] Undefined variable: user_id D:\phpStudy\WWW\fofs\1\Application\Runtime\Cache\Home\b528f4ddcc84698bb220ed5d07f09f62.php 第 49 行.
INFO: Run Behavior\ParseTemplateBehavior [ RunTime:0.041361s ]
INFO: [ view_parse ] --END-- [ RunTime:0.041481s ]
INFO: [ view_filter ] --START--
INFO: Run Behavior\WriteHtmlCacheBehavior [ RunTime:0.000523s ]
INFO: [ view_filter ] --END-- [ RunTime:0.000594s ]
INFO: [ app_end ] --START--
INFO: Run Behavior\ShowPageTraceBehavior [ RunTime:0.000795s ]
INFO: [ app_end ] --END-- [ RunTime:0.000908s ]

[ 2016-11-07T23:39:28+08:00 ] ::1 /fofs/1/index.php/Home/Index/index.html
INFO: [ app_init ] --START--
INFO: Run Behavior\BuildLiteBehavior [ RunTime:0.000023s ]
INFO: [ app_init ] --END-- [ RunTime:0.000589s ]
INFO: [ app_begin ] --START--
INFO: Run Behavior\ReadHtmlCacheBehavior [ RunTime:0.000765s ]
INFO: Run Behavior\CheckLangBehavior [ RunTime:0.002138s ]
INFO: [ app_begin ] --END-- [ RunTime:0.003061s ]
SQL: SHOW COLUMNS FROM `fofs_article` [ RunTime:0.0052s ]
SQL: SELECT * FROM `fofs_article` WHERE `article_type` = 1 ORDER BY id desc LIMIT 1,10   [ RunTime:0.0012s ]
SQL: SELECT * FROM `fofs_article` WHERE `article_type` = 2 ORDER BY id desc LIMIT 10   [ RunTime:0.0011s ]
SQL: SELECT * FROM `fofs_article` WHERE `article_type` = 3 ORDER BY id desc LIMIT 10   [ RunTime:0.0011s ]
SQL: SELECT * FROM `fofs_article` WHERE `article_type` = 4 ORDER BY id desc LIMIT 10   [ RunTime:0.0009s ]
INFO: [ view_parse ] --START--
INFO: [ template_filter ] --START--
INFO: Run Behavior\ContentReplaceBehavior [ RunTime:0.000227s ]
INFO: [ template_filter ] --END-- [ RunTime:0.000311s ]
NOTIC: [8] Undefined variable: user_id D:\phpStudy\WWW\fofs\1\Application\Runtime\Cache\Home\2a94b8bda04ff446dcedd42276fc99ee.php 第 49 行.
NOTIC: [8] Undefined variable: link D:\phpStudy\WWW\fofs\1\Application\Runtime\Cache\Home\2a94b8bda04ff446dcedd42276fc99ee.php 第 247 行.
NOTIC: [8] Undefined variable: link D:\phpStudy\WWW\fofs\1\Application\Runtime\Cache\Home\2a94b8bda04ff446dcedd42276fc99ee.php 第 264 行.
NOTIC: [8] Undefined variable: link D:\phpStudy\WWW\fofs\1\Application\Runtime\Cache\Home\2a94b8bda04ff446dcedd42276fc99ee.php 第 281 行.
INFO: Run Behavior\ParseTemplateBehavior [ RunTime:0.025237s ]
INFO: [ view_parse ] --END-- [ RunTime:0.025317s ]
INFO: [ view_filter ] --START--
INFO: Run Behavior\WriteHtmlCacheBehavior [ RunTime:0.000507s ]
INFO: [ view_filter ] --END-- [ RunTime:0.000574s ]
INFO: [ app_end ] --START--
INFO: Run Behavior\ShowPageTraceBehavior [ RunTime:0.000808s ]
INFO: [ app_end ] --END-- [ RunTime:0.000893s ]

[ 2016-11-07T23:39:29+08:00 ] ::1 /fofs/1/index.php/Home/Index/aboutAlliance.html?article_type=9
INFO: [ app_init ] --START--
INFO: Run Behavior\BuildLiteBehavior [ RunTime:0.000020s ]
INFO: [ app_init ] --END-- [ RunTime:0.000508s ]
INFO: [ app_begin ] --START--
INFO: Run Behavior\ReadHtmlCacheBehavior [ RunTime:0.000729s ]
INFO: Run Behavior\CheckLangBehavior [ RunTime:0.002019s ]
INFO: [ app_begin ] --END-- [ RunTime:0.002882s ]
SQL: SHOW COLUMNS FROM `fofs_article` [ RunTime:0.0052s ]
SQL: SELECT * FROM `fofs_article` WHERE `article_type` = 9 LIMIT 1   [ RunTime:0.0010s ]
INFO: [ view_parse ] --START--
INFO: [ template_filter ] --START--
INFO: Run Behavior\ContentReplaceBehavior [ RunTime:0.000152s ]
INFO: [ template_filter ] --END-- [ RunTime:0.000236s ]
NOTIC: [8] Undefined variable: user_id D:\phpStudy\WWW\fofs\1\Application\Runtime\Cache\Home\b528f4ddcc84698bb220ed5d07f09f62.php 第 49 行.
INFO: Run Behavior\ParseTemplateBehavior [ RunTime:0.015993s ]
INFO: [ view_parse ] --END-- [ RunTime:0.016091s ]
INFO: [ view_filter ] --START--
INFO: Run Behavior\WriteHtmlCacheBehavior [ RunTime:0.000591s ]
INFO: [ view_filter ] --END-- [ RunTime:0.000663s ]
INFO: [ app_end ] --START--
INFO: Run Behavior\ShowPageTraceBehavior [ RunTime:0.000876s ]
INFO: [ app_end ] --END-- [ RunTime:0.000986s ]

[ 2016-11-07T23:39:44+08:00 ] ::1 /fofs/1/index.php/Home/Index/index.html
INFO: [ app_init ] --START--
INFO: Run Behavior\BuildLiteBehavior [ RunTime:0.000020s ]
INFO: [ app_init ] --END-- [ RunTime:0.000513s ]
INFO: [ app_begin ] --START--
INFO: Run Behavior\ReadHtmlCacheBehavior [ RunTime:0.000811s ]
INFO: Run Behavior\CheckLangBehavior [ RunTime:0.002117s ]
INFO: [ app_begin ] --END-- [ RunTime:0.003112s ]
SQL: SHOW COLUMNS FROM `fofs_article` [ RunTime:0.0103s ]
SQL: SELECT * FROM `fofs_article` WHERE `article_type` = 1 ORDER BY id desc LIMIT 1,10   [ RunTime:0.0021s ]
SQL: SELECT * FROM `fofs_article` WHERE `article_type` = 2 ORDER BY id desc LIMIT 10   [ RunTime:0.0020s ]
SQL: SELECT * FROM `fofs_article` WHERE `article_type` = 3 ORDER BY id desc LIMIT 10   [ RunTime:0.0021s ]
SQL: SELECT * FROM `fofs_article` WHERE `article_type` = 4 ORDER BY id desc LIMIT 10   [ RunTime:0.0018s ]
INFO: [ view_parse ] --START--
INFO: [ template_filter ] --START--
INFO: Run Behavior\ContentReplaceBehavior [ RunTime:0.000465s ]
INFO: [ template_filter ] --END-- [ RunTime:0.000642s ]
NOTIC: [8] Undefined variable: user_id D:\phpStudy\WWW\fofs\1\Application\Runtime\Cache\Home\2a94b8bda04ff446dcedd42276fc99ee.php 第 49 行.
NOTIC: [8] Undefined variable: link D:\phpStudy\WWW\fofs\1\Application\Runtime\Cache\Home\2a94b8bda04ff446dcedd42276fc99ee.php 第 247 行.
NOTIC: [8] Undefined variable: link D:\phpStudy\WWW\fofs\1\Application\Runtime\Cache\Home\2a94b8bda04ff446dcedd42276fc99ee.php 第 264 行.
NOTIC: [8] Undefined variable: link D:\phpStudy\WWW\fofs\1\Application\Runtime\Cache\Home\2a94b8bda04ff446dcedd42276fc99ee.php 第 281 行.
INFO: Run Behavior\ParseTemplateBehavior [ RunTime:0.056089s ]
INFO: [ view_parse ] --END-- [ RunTime:0.056315s ]
INFO: [ view_filter ] --START--
INFO: Run Behavior\WriteHtmlCacheBehavior [ RunTime:0.001018s ]
INFO: [ view_filter ] --END-- [ RunTime:0.001156s ]
INFO: [ app_end ] --START--
INFO: Run Behavior\ShowPageTraceBehavior [ RunTime:0.001884s ]
INFO: [ app_end ] --END-- [ RunTime:0.002146s ]

[ 2016-11-07T23:39:50+08:00 ] ::1 /fofs/1/index.php/Home/Index/aboutAlliance.html?article_type=9
INFO: [ app_init ] --START--
INFO: Run Behavior\BuildLiteBehavior [ RunTime:0.000022s ]
INFO: [ app_init ] --END-- [ RunTime:0.000689s ]
INFO: [ app_begin ] --START--
INFO: Run Behavior\ReadHtmlCacheBehavior [ RunTime:0.000809s ]
INFO: Run Behavior\CheckLangBehavior [ RunTime:0.001854s ]
INFO: [ app_begin ] --END-- [ RunTime:0.002782s ]
SQL: SHOW COLUMNS FROM `fofs_article` [ RunTime:0.0054s ]
SQL: SELECT * FROM `fofs_article` WHERE `article_type` = 9 LIMIT 1   [ RunTime:0.0010s ]
INFO: [ view_parse ] --START--
INFO: [ template_filter ] --START--
INFO: Run Behavior\ContentReplaceBehavior [ RunTime:0.000192s ]
INFO: [ template_filter ] --END-- [ RunTime:0.000267s ]
NOTIC: [8] Undefined variable: user_id D:\phpStudy\WWW\fofs\1\Application\Runtime\Cache\Home\b528f4ddcc84698bb220ed5d07f09f62.php 第 49 行.
INFO: Run Behavior\ParseTemplateBehavior [ RunTime:0.015756s ]
INFO: [ view_parse ] --END-- [ RunTime:0.015857s ]
INFO: [ view_filter ] --START--
INFO: Run Behavior\WriteHtmlCacheBehavior [ RunTime:0.000589s ]
INFO: [ view_filter ] --END-- [ RunTime:0.000692s ]
INFO: [ app_end ] --START--
INFO: Run Behavior\ShowPageTraceBehavior [ RunTime:0.001675s ]
INFO: [ app_end ] --END-- [ RunTime:0.001807s ]

[ 2016-11-07T23:39:50+08:00 ] ::1 /fofs/1/index.php/Home/Search/lpSearch.html
INFO: [ app_init ] --START--
INFO: Run Behavior\BuildLiteBehavior [ RunTime:0.000021s ]
INFO: [ app_init ] --END-- [ RunTime:0.000548s ]
INFO: [ app_begin ] --START--
INFO: Run Behavior\ReadHtmlCacheBehavior [ RunTime:0.000893s ]
INFO: Run Behavior\CheckLangBehavior [ RunTime:0.002024s ]
INFO: [ app_begin ] --END-- [ RunTime:0.003072s ]
SQL: SHOW COLUMNS FROM `fofs_lp` [ RunTime:0.0060s ]
NOTIC: [8] Undefined variable: where D:\phpStudy\WWW\fofs\1\Application\Home\Controller\SearchController.class.php 第 122 行.
SQL: SELECT `id`,`institution_type`,`institution_fullname_cn`,`institution_logo_img`,`is_securities_fund`,`is_stock_fund`,`is_startup_fund`,`is_other_fund` FROM `fofs_lp`  [ RunTime:0.0010s ]
INFO: [ view_parse ] --START--
INFO: [ template_filter ] --START--
INFO: Run Behavior\ContentReplaceBehavior [ RunTime:0.000229s ]
INFO: [ template_filter ] --END-- [ RunTime:0.000313s ]
NOTIC: [8] Undefined variable: user_id D:\phpStudy\WWW\fofs\1\Application\Runtime\Cache\Home\46ffef79ff36275cb149efd05d9222a4.php 第 49 行.
NOTIC: [8] Undefined variable: vo D:\phpStudy\WWW\fofs\1\Application\Runtime\Cache\Home\46ffef79ff36275cb149efd05d9222a4.php 第 265 行.
NOTIC: [8] Undefined variable: vo D:\phpStudy\WWW\fofs\1\Application\Runtime\Cache\Home\46ffef79ff36275cb149efd05d9222a4.php 第 269 行.
NOTIC: [8] Undefined variable: vo D:\phpStudy\WWW\fofs\1\Application\Runtime\Cache\Home\46ffef79ff36275cb149efd05d9222a4.php 第 273 行.
NOTIC: [8] Undefined variable: vo D:\phpStudy\WWW\fofs\1\Application\Runtime\Cache\Home\46ffef79ff36275cb149efd05d9222a4.php 第 277 行.
NOTIC: [8] Undefined index: is_by_followed D:\phpStudy\WWW\fofs\1\Application\Runtime\Cache\Home\46ffef79ff36275cb149efd05d9222a4.php 第 369 行.
NOTIC: [8] Undefined index: is_by_followed D:\phpStudy\WWW\fofs\1\Application\Runtime\Cache\Home\46ffef79ff36275cb149efd05d9222a4.php 第 369 行.
INFO: Run Behavior\ParseTemplateBehavior [ RunTime:0.017821s ]
INFO: [ view_parse ] --END-- [ RunTime:0.017926s ]
INFO: [ view_filter ] --START--
INFO: Run Behavior\WriteHtmlCacheBehavior [ RunTime:0.000671s ]
INFO: [ view_filter ] --END-- [ RunTime:0.000751s ]
INFO: [ app_end ] --START--
INFO: Run Behavior\ShowPageTraceBehavior [ RunTime:0.000960s ]
INFO: [ app_end ] --END-- [ RunTime:0.001075s ]

[ 2016-11-07T23:39:55+08:00 ] ::1 /fofs/1/index.php/Home/Index/aboutAlliance.html?article_type=9
INFO: [ app_init ] --START--
INFO: Run Behavior\BuildLiteBehavior [ RunTime:0.000024s ]
INFO: [ app_init ] --END-- [ RunTime:0.000755s ]
INFO: [ app_begin ] --START--
INFO: Run Behavior\ReadHtmlCacheBehavior [ RunTime:0.001026s ]
INFO: Run Behavior\CheckLangBehavior [ RunTime:0.001936s ]
INFO: [ app_begin ] --END-- [ RunTime:0.003168s ]
SQL: SHOW COLUMNS FROM `fofs_article` [ RunTime:0.0064s ]
SQL: SELECT * FROM `fofs_article` WHERE `article_type` = 9 LIMIT 1   [ RunTime:0.0010s ]
INFO: [ view_parse ] --START--
INFO: [ template_filter ] --START--
INFO: Run Behavior\ContentReplaceBehavior [ RunTime:0.000177s ]
INFO: [ template_filter ] --END-- [ RunTime:0.000257s ]
NOTIC: [8] Undefined variable: user_id D:\phpStudy\WWW\fofs\1\Application\Runtime\Cache\Home\b528f4ddcc84698bb220ed5d07f09f62.php 第 49 行.
INFO: Run Behavior\ParseTemplateBehavior [ RunTime:0.014773s ]
INFO: [ view_parse ] --END-- [ RunTime:0.014859s ]
INFO: [ view_filter ] --START--
INFO: Run Behavior\WriteHtmlCacheBehavior [ RunTime:0.000428s ]
INFO: [ view_filter ] --END-- [ RunTime:0.000487s ]
INFO: [ app_end ] --START--
INFO: Run Behavior\ShowPageTraceBehavior [ RunTime:0.000715s ]
INFO: [ app_end ] --END-- [ RunTime:0.000812s ]

[ 2016-11-07T23:39:56+08:00 ] ::1 /fofs/1/index.php/Home/Index/index.html
INFO: [ app_init ] --START--
INFO: Run Behavior\BuildLiteBehavior [ RunTime:0.000019s ]
INFO: [ app_init ] --END-- [ RunTime:0.000534s ]
INFO: [ app_begin ] --START--
INFO: Run Behavior\ReadHtmlCacheBehavior [ RunTime:0.000596s ]
INFO: Run Behavior\CheckLangBehavior [ RunTime:0.001565s ]
INFO: [ app_begin ] --END-- [ RunTime:0.002274s ]
SQL: SHOW COLUMNS FROM `fofs_article` [ RunTime:0.0058s ]
SQL: SELECT * FROM `fofs_article` WHERE `article_type` = 1 ORDER BY id desc LIMIT 1,10   [ RunTime:0.0011s ]
SQL: SELECT * FROM `fofs_article` WHERE `article_type` = 2 ORDER BY id desc LIMIT 10   [ RunTime:0.0009s ]
SQL: SELECT * FROM `fofs_article` WHERE `article_type` = 3 ORDER BY id desc LIMIT 10   [ RunTime:0.0009s ]
SQL: SELECT * FROM `fofs_article` WHERE `article_type` = 4 ORDER BY id desc LIMIT 10   [ RunTime:0.0009s ]
INFO: [ view_parse ] --START--
INFO: [ template_filter ] --START--
INFO: Run Behavior\ContentReplaceBehavior [ RunTime:0.000196s ]
INFO: [ template_filter ] --END-- [ RunTime:0.000285s ]
NOTIC: [8] Undefined variable: user_id D:\phpStudy\WWW\fofs\1\Application\Runtime\Cache\Home\2a94b8bda04ff446dcedd42276fc99ee.php 第 49 行.
NOTIC: [8] Undefined variable: link D:\phpStudy\WWW\fofs\1\Application\Runtime\Cache\Home\2a94b8bda04ff446dcedd42276fc99ee.php 第 247 行.
NOTIC: [8] Undefined variable: link D:\phpStudy\WWW\fofs\1\Application\Runtime\Cache\Home\2a94b8bda04ff446dcedd42276fc99ee.php 第 264 行.
NOTIC: [8] Undefined variable: link D:\phpStudy\WWW\fofs\1\Application\Runtime\Cache\Home\2a94b8bda04ff446dcedd42276fc99ee.php 第 281 行.
INFO: Run Behavior\ParseTemplateBehavior [ RunTime:0.027086s ]
INFO: [ view_parse ] --END-- [ RunTime:0.027204s ]
INFO: [ view_filter ] --START--
INFO: Run Behavior\WriteHtmlCacheBehavior [ RunTime:0.000503s ]
INFO: [ view_filter ] --END-- [ RunTime:0.000579s ]
INFO: [ app_end ] --START--
INFO: Run Behavior\ShowPageTraceBehavior [ RunTime:0.000865s ]
INFO: [ app_end ] --END-- [ RunTime:0.000997s ]

[ 2016-11-07T23:39:58+08:00 ] ::1 /fofs/1/index.php/Home/Index/articleList.html?article_type=1
INFO: [ app_init ] --START--
INFO: Run Behavior\BuildLiteBehavior [ RunTime:0.000021s ]
INFO: [ app_init ] --END-- [ RunTime:0.000520s ]
INFO: [ app_begin ] --START--
INFO: Run Behavior\ReadHtmlCacheBehavior [ RunTime:0.000688s ]
INFO: Run Behavior\CheckLangBehavior [ RunTime:0.002126s ]
INFO: [ app_begin ] --END-- [ RunTime:0.002974s ]
SQL: SHOW COLUMNS FROM `fofs_article` [ RunTime:0.0052s ]
SQL: SELECT COUNT(*) AS tp_count FROM `fofs_article` WHERE `article_type` = 1 LIMIT 1   [ RunTime:0.0534s ]
SQL: SELECT `id`,`title`,`institution_type`,`author_name`,`pub_time` FROM `fofs_article` WHERE `article_type` = 1 ORDER BY id desc LIMIT 0,2   [ RunTime:0.0418s ]
INFO: [ view_parse ] --START--
INFO: [ template_filter ] --START--
INFO: Run Behavior\ContentReplaceBehavior [ RunTime:0.000183s ]
INFO: [ template_filter ] --END-- [ RunTime:0.000330s ]
NOTIC: [8] Undefined variable: user_id D:\phpStudy\WWW\fofs\1\Application\Runtime\Cache\Home\8fdf22c790126e514cc6cb8c3f60ecb6.php 第 49 行.
INFO: Run Behavior\ParseTemplateBehavior [ RunTime:0.034740s ]
INFO: [ view_parse ] --END-- [ RunTime:0.034911s ]
INFO: [ view_filter ] --START--
INFO: Run Behavior\WriteHtmlCacheBehavior [ RunTime:0.000621s ]
INFO: [ view_filter ] --END-- [ RunTime:0.000723s ]
INFO: [ app_end ] --START--
INFO: Run Behavior\ShowPageTraceBehavior [ RunTime:0.000978s ]
INFO: [ app_end ] --END-- [ RunTime:0.001104s ]

[ 2016-11-07T23:40:01+08:00 ] ::1 /fofs/1/index.php/Home/Index/articleList/article_type/1/p/2.html
INFO: [ app_init ] --START--
INFO: Run Behavior\BuildLiteBehavior [ RunTime:0.000034s ]
INFO: [ app_init ] --END-- [ RunTime:0.000686s ]
INFO: [ app_begin ] --START--
INFO: Run Behavior\ReadHtmlCacheBehavior [ RunTime:0.000837s ]
INFO: Run Behavior\CheckLangBehavior [ RunTime:0.001958s ]
INFO: [ app_begin ] --END-- [ RunTime:0.002933s ]
SQL: SHOW COLUMNS FROM `fofs_article` [ RunTime:0.0052s ]
SQL: SELECT COUNT(*) AS tp_count FROM `fofs_article` WHERE `article_type` = 1 LIMIT 1   [ RunTime:0.0011s ]
SQL: SELECT `id`,`title`,`institution_type`,`author_name`,`pub_time` FROM `fofs_article` WHERE `article_type` = 1 ORDER BY id desc LIMIT 2,2   [ RunTime:0.0400s ]
INFO: [ view_parse ] --START--
INFO: [ template_filter ] --START--
INFO: Run Behavior\ContentReplaceBehavior [ RunTime:0.000317s ]
INFO: [ template_filter ] --END-- [ RunTime:0.000512s ]
NOTIC: [8] Undefined variable: user_id D:\phpStudy\WWW\fofs\1\Application\Runtime\Cache\Home\8fdf22c790126e514cc6cb8c3f60ecb6.php 第 49 行.
INFO: Run Behavior\ParseTemplateBehavior [ RunTime:0.037928s ]
INFO: [ view_parse ] --END-- [ RunTime:0.038163s ]
INFO: [ view_filter ] --START--
INFO: Run Behavior\WriteHtmlCacheBehavior [ RunTime:0.001291s ]
INFO: [ view_filter ] --END-- [ RunTime:0.001481s ]
INFO: [ app_end ] --START--
INFO: Run Behavior\ShowPageTraceBehavior [ RunTime:0.002993s ]
INFO: [ app_end ] --END-- [ RunTime:0.003293s ]

[ 2016-11-07T23:40:02+08:00 ] ::1 /fofs/1/index.php/Home/Index/articleList/article_type/1/p/3.html
INFO: [ app_init ] --START--
INFO: Run Behavior\BuildLiteBehavior [ RunTime:0.000022s ]
INFO: [ app_init ] --END-- [ RunTime:0.000542s ]
INFO: [ app_begin ] --START--
INFO: Run Behavior\ReadHtmlCacheBehavior [ RunTime:0.000871s ]
INFO: Run Behavior\CheckLangBehavior [ RunTime:0.001913s ]
INFO: [ app_begin ] --END-- [ RunTime:0.002957s ]
SQL: SHOW COLUMNS FROM `fofs_article` [ RunTime:0.0055s ]
SQL: SELECT COUNT(*) AS tp_count FROM `fofs_article` WHERE `article_type` = 1 LIMIT 1   [ RunTime:0.0010s ]
SQL: SELECT `id`,`title`,`institution_type`,`author_name`,`pub_time` FROM `fofs_article` WHERE `article_type` = 1 ORDER BY id desc LIMIT 4,2   [ RunTime:0.0011s ]
INFO: [ view_parse ] --START--
INFO: [ template_filter ] --START--
INFO: Run Behavior\ContentReplaceBehavior [ RunTime:0.000142s ]
INFO: [ template_filter ] --END-- [ RunTime:0.000231s ]
NOTIC: [8] Undefined variable: user_id D:\phpStudy\WWW\fofs\1\Application\Runtime\Cache\Home\8fdf22c790126e514cc6cb8c3f60ecb6.php 第 49 行.
INFO: Run Behavior\ParseTemplateBehavior [ RunTime:0.017280s ]
INFO: [ view_parse ] --END-- [ RunTime:0.017369s ]
INFO: [ view_filter ] --START--
INFO: Run Behavior\WriteHtmlCacheBehavior [ RunTime:0.000539s ]
INFO: [ view_filter ] --END-- [ RunTime:0.000609s ]
INFO: [ app_end ] --START--
INFO: Run Behavior\ShowPageTraceBehavior [ RunTime:0.000884s ]
INFO: [ app_end ] --END-- [ RunTime:0.000996s ]

[ 2016-11-07T23:42:04+08:00 ] ::1 /fofs/1/index.php/Home/Search/lpSearch.html
INFO: [ app_init ] --START--
INFO: Run Behavior\BuildLiteBehavior [ RunTime:0.000029s ]
INFO: [ app_init ] --END-- [ RunTime:0.000580s ]
INFO: [ app_begin ] --START--
INFO: Run Behavior\ReadHtmlCacheBehavior [ RunTime:0.000878s ]
INFO: Run Behavior\CheckLangBehavior [ RunTime:0.002256s ]
INFO: [ app_begin ] --END-- [ RunTime:0.003259s ]
SQL: SHOW COLUMNS FROM `fofs_lp` [ RunTime:0.0482s ]
NOTIC: [8] Undefined variable: where D:\phpStudy\WWW\fofs\1\Application\Home\Controller\SearchController.class.php 第 122 行.
SQL: SELECT `id`,`institution_type`,`institution_fullname_cn`,`institution_logo_img`,`is_securities_fund`,`is_stock_fund`,`is_startup_fund`,`is_other_fund` FROM `fofs_lp`  [ RunTime:0.0018s ]
INFO: [ view_parse ] --START--
INFO: [ template_filter ] --START--
INFO: Run Behavior\ContentReplaceBehavior [ RunTime:0.000510s ]
INFO: [ template_filter ] --END-- [ RunTime:0.000723s ]
NOTIC: [8] Undefined variable: user_id D:\phpStudy\WWW\fofs\1\Application\Runtime\Cache\Home\46ffef79ff36275cb149efd05d9222a4.php 第 49 行.
NOTIC: [8] Undefined variable: vo D:\phpStudy\WWW\fofs\1\Application\Runtime\Cache\Home\46ffef79ff36275cb149efd05d9222a4.php 第 265 行.
NOTIC: [8] Undefined variable: vo D:\phpStudy\WWW\fofs\1\Application\Runtime\Cache\Home\46ffef79ff36275cb149efd05d9222a4.php 第 269 行.
NOTIC: [8] Undefined variable: vo D:\phpStudy\WWW\fofs\1\Application\Runtime\Cache\Home\46ffef79ff36275cb149efd05d9222a4.php 第 273 行.
NOTIC: [8] Undefined variable: vo D:\phpStudy\WWW\fofs\1\Application\Runtime\Cache\Home\46ffef79ff36275cb149efd05d9222a4.php 第 277 行.
NOTIC: [8] Undefined index: is_by_followed D:\phpStudy\WWW\fofs\1\Application\Runtime\Cache\Home\46ffef79ff36275cb149efd05d9222a4.php 第 369 行.
NOTIC: [8] Undefined index: is_by_followed D:\phpStudy\WWW\fofs\1\Application\Runtime\Cache\Home\46ffef79ff36275cb149efd05d9222a4.php 第 369 行.
INFO: Run Behavior\ParseTemplateBehavior [ RunTime:0.041976s ]
INFO: [ view_parse ] --END-- [ RunTime:0.042153s ]
INFO: [ view_filter ] --START--
INFO: Run Behavior\WriteHtmlCacheBehavior [ RunTime:0.001447s ]
INFO: [ view_filter ] --END-- [ RunTime:0.001601s ]
INFO: [ app_end ] --START--
INFO: Run Behavior\ShowPageTraceBehavior [ RunTime:0.002002s ]
INFO: [ app_end ] --END-- [ RunTime:0.002232s ]

[ 2016-11-07T23:42:04+08:00 ] ::1 /fofs/1/index.php/Home/Index/aboutAlliance.html?article_type=9
INFO: [ app_init ] --START--
INFO: Run Behavior\BuildLiteBehavior [ RunTime:0.000022s ]
INFO: [ app_init ] --END-- [ RunTime:0.000595s ]
INFO: [ app_begin ] --START--
INFO: Run Behavior\ReadHtmlCacheBehavior [ RunTime:0.000697s ]
INFO: Run Behavior\CheckLangBehavior [ RunTime:0.001960s ]
INFO: [ app_begin ] --END-- [ RunTime:0.002777s ]
SQL: SHOW COLUMNS FROM `fofs_article` [ RunTime:0.0054s ]
SQL: SELECT * FROM `fofs_article` WHERE `article_type` = 9 LIMIT 1   [ RunTime:0.0010s ]
INFO: [ view_parse ] --START--
INFO: [ template_filter ] --START--
INFO: Run Behavior\ContentReplaceBehavior [ RunTime:0.000182s ]
INFO: [ template_filter ] --END-- [ RunTime:0.000274s ]
NOTIC: [8] Undefined variable: user_id D:\phpStudy\WWW\fofs\1\Application\Runtime\Cache\Home\b528f4ddcc84698bb220ed5d07f09f62.php 第 49 行.
INFO: Run Behavior\ParseTemplateBehavior [ RunTime:0.017065s ]
INFO: [ view_parse ] --END-- [ RunTime:0.017146s ]
INFO: [ view_filter ] --START--
INFO: Run Behavior\WriteHtmlCacheBehavior [ RunTime:0.000510s ]
INFO: [ view_filter ] --END-- [ RunTime:0.000587s ]
INFO: [ app_end ] --START--
INFO: Run Behavior\ShowPageTraceBehavior [ RunTime:0.000832s ]
INFO: [ app_end ] --END-- [ RunTime:0.000915s ]

[ 2016-11-07T23:42:05+08:00 ] ::1 /fofs/1/index.php/Home/Search/lpSearch.html
INFO: [ app_init ] --START--
INFO: Run Behavior\BuildLiteBehavior [ RunTime:0.000022s ]
INFO: [ app_init ] --END-- [ RunTime:0.000560s ]
INFO: [ app_begin ] --START--
INFO: Run Behavior\ReadHtmlCacheBehavior [ RunTime:0.000717s ]
INFO: Run Behavior\CheckLangBehavior [ RunTime:0.002016s ]
INFO: [ app_begin ] --END-- [ RunTime:0.002872s ]
SQL: SHOW COLUMNS FROM `fofs_lp` [ RunTime:0.0059s ]
NOTIC: [8] Undefined variable: where D:\phpStudy\WWW\fofs\1\Application\Home\Controller\SearchController.class.php 第 122 行.
SQL: SELECT `id`,`institution_type`,`institution_fullname_cn`,`institution_logo_img`,`is_securities_fund`,`is_stock_fund`,`is_startup_fund`,`is_other_fund` FROM `fofs_lp`  [ RunTime:0.0010s ]
INFO: [ view_parse ] --START--
INFO: [ template_filter ] --START--
INFO: Run Behavior\ContentReplaceBehavior [ RunTime:0.000196s ]
INFO: [ template_filter ] --END-- [ RunTime:0.000279s ]
NOTIC: [8] Undefined variable: user_id D:\phpStudy\WWW\fofs\1\Application\Runtime\Cache\Home\46ffef79ff36275cb149efd05d9222a4.php 第 49 行.
NOTIC: [8] Undefined variable: vo D:\phpStudy\WWW\fofs\1\Application\Runtime\Cache\Home\46ffef79ff36275cb149efd05d9222a4.php 第 265 行.
NOTIC: [8] Undefined variable: vo D:\phpStudy\WWW\fofs\1\Application\Runtime\Cache\Home\46ffef79ff36275cb149efd05d9222a4.php 第 269 行.
NOTIC: [8] Undefined variable: vo D:\phpStudy\WWW\fofs\1\Application\Runtime\Cache\Home\46ffef79ff36275cb149efd05d9222a4.php 第 273 行.
NOTIC: [8] Undefined variable: vo D:\phpStudy\WWW\fofs\1\Application\Runtime\Cache\Home\46ffef79ff36275cb149efd05d9222a4.php 第 277 行.
NOTIC: [8] Undefined index: is_by_followed D:\phpStudy\WWW\fofs\1\Application\Runtime\Cache\Home\46ffef79ff36275cb149efd05d9222a4.php 第 369 行.
NOTIC: [8] Undefined index: is_by_followed D:\phpStudy\WWW\fofs\1\Application\Runtime\Cache\Home\46ffef79ff36275cb149efd05d9222a4.php 第 369 行.
INFO: Run Behavior\ParseTemplateBehavior [ RunTime:0.017490s ]
INFO: [ view_parse ] --END-- [ RunTime:0.017583s ]
INFO: [ view_filter ] --START--
INFO: Run Behavior\WriteHtmlCacheBehavior [ RunTime:0.000539s ]
INFO: [ view_filter ] --END-- [ RunTime:0.000615s ]
INFO: [ app_end ] --START--
INFO: Run Behavior\ShowPageTraceBehavior [ RunTime:0.000888s ]
INFO: [ app_end ] --END-- [ RunTime:0.000988s ]

[ 2016-11-07T23:45:42+08:00 ] ::1 /fofs/1/index.php/Home/Search/lpSearch.html
INFO: [ app_init ] --START--
INFO: Run Behavior\BuildLiteBehavior [ RunTime:0.000021s ]
INFO: [ app_init ] --END-- [ RunTime:0.000641s ]
INFO: [ app_begin ] --START--
INFO: Run Behavior\ReadHtmlCacheBehavior [ RunTime:0.000848s ]
INFO: Run Behavior\CheckLangBehavior [ RunTime:0.002549s ]
INFO: [ app_begin ] --END-- [ RunTime:0.003528s ]
SQL: SHOW COLUMNS FROM `fofs_lp` [ RunTime:0.0061s ]
NOTIC: [8] Undefined variable: where D:\phpStudy\WWW\fofs\1\Application\Home\Controller\SearchController.class.php 第 124 行.
SQL: SELECT COUNT(*) AS tp_count FROM `fofs_lp` LIMIT 1   [ RunTime:0.0009s ]
NOTIC: [8] Undefined variable: where D:\phpStudy\WWW\fofs\1\Application\Home\Controller\SearchController.class.php 第 130 行.
SQL: SELECT `id`,`institution_type`,`institution_fullname_cn`,`institution_logo_img`,`is_securities_fund`,`is_stock_fund`,`is_startup_fund`,`is_other_fund` FROM `fofs_lp` ORDER BY id desc LIMIT 0,2   [ RunTime:0.0498s ]
INFO: [ view_parse ] --START--
INFO: [ template_filter ] --START--
INFO: Run Behavior\ContentReplaceBehavior [ RunTime:0.000494s ]
INFO: [ template_filter ] --END-- [ RunTime:0.000695s ]
NOTIC: [8] Undefined variable: user_id D:\phpStudy\WWW\fofs\1\Application\Runtime\Cache\Home\46ffef79ff36275cb149efd05d9222a4.php 第 49 行.
NOTIC: [8] Undefined variable: vo D:\phpStudy\WWW\fofs\1\Application\Runtime\Cache\Home\46ffef79ff36275cb149efd05d9222a4.php 第 265 行.
NOTIC: [8] Undefined variable: vo D:\phpStudy\WWW\fofs\1\Application\Runtime\Cache\Home\46ffef79ff36275cb149efd05d9222a4.php 第 269 行.
NOTIC: [8] Undefined variable: vo D:\phpStudy\WWW\fofs\1\Application\Runtime\Cache\Home\46ffef79ff36275cb149efd05d9222a4.php 第 273 行.
NOTIC: [8] Undefined variable: vo D:\phpStudy\WWW\fofs\1\Application\Runtime\Cache\Home\46ffef79ff36275cb149efd05d9222a4.php 第 277 行.
NOTIC: [8] Undefined index: is_by_followed D:\phpStudy\WWW\fofs\1\Application\Runtime\Cache\Home\46ffef79ff36275cb149efd05d9222a4.php 第 369 行.
NOTIC: [8] Undefined index: is_by_followed D:\phpStudy\WWW\fofs\1\Application\Runtime\Cache\Home\46ffef79ff36275cb149efd05d9222a4.php 第 369 行.
INFO: Run Behavior\ParseTemplateBehavior [ RunTime:0.045152s ]
INFO: [ view_parse ] --END-- [ RunTime:0.045353s ]
INFO: [ view_filter ] --START--
INFO: Run Behavior\WriteHtmlCacheBehavior [ RunTime:0.001402s ]
INFO: [ view_filter ] --END-- [ RunTime:0.001557s ]
INFO: [ app_end ] --START--
INFO: Run Behavior\ShowPageTraceBehavior [ RunTime:0.002915s ]
INFO: [ app_end ] --END-- [ RunTime:0.003185s ]

[ 2016-11-07T23:46:23+08:00 ] ::1 /fofs/1/index.php/Home/Search/lpSearch.html
INFO: [ app_init ] --START--
INFO: Run Behavior\BuildLiteBehavior [ RunTime:0.000032s ]
INFO: [ app_init ] --END-- [ RunTime:0.000855s ]
INFO: [ app_begin ] --START--
INFO: Run Behavior\ReadHtmlCacheBehavior [ RunTime:0.000812s ]
INFO: Run Behavior\CheckLangBehavior [ RunTime:0.002205s ]
INFO: [ app_begin ] --END-- [ RunTime:0.003151s ]
SQL: SHOW COLUMNS FROM `fofs_lp` [ RunTime:0.0061s ]
NOTIC: [8] Undefined variable: where D:\phpStudy\WWW\fofs\1\Application\Home\Controller\SearchController.class.php 第 124 行.
SQL: SELECT COUNT(*) AS tp_count FROM `fofs_lp` LIMIT 1   [ RunTime:0.0011s ]
NOTIC: [8] Undefined variable: where D:\phpStudy\WWW\fofs\1\Application\Home\Controller\SearchController.class.php 第 130 行.
SQL: SELECT `id`,`institution_type`,`institution_fullname_cn`,`institution_logo_img`,`is_securities_fund`,`is_stock_fund`,`is_startup_fund`,`is_other_fund` FROM `fofs_lp` ORDER BY id desc LIMIT 0,2   [ RunTime:0.0010s ]
INFO: [ view_parse ] --START--
INFO: [ template_filter ] --START--
INFO: Run Behavior\ContentReplaceBehavior [ RunTime:0.000241s ]
INFO: [ template_filter ] --END-- [ RunTime:0.000328s ]
NOTIC: [8] Undefined variable: user_id D:\phpStudy\WWW\fofs\1\Application\Runtime\Cache\Home\46ffef79ff36275cb149efd05d9222a4.php 第 49 行.
NOTIC: [8] Undefined variable: vo D:\phpStudy\WWW\fofs\1\Application\Runtime\Cache\Home\46ffef79ff36275cb149efd05d9222a4.php 第 265 行.
NOTIC: [8] Undefined variable: vo D:\phpStudy\WWW\fofs\1\Application\Runtime\Cache\Home\46ffef79ff36275cb149efd05d9222a4.php 第 269 行.
NOTIC: [8] Undefined variable: vo D:\phpStudy\WWW\fofs\1\Application\Runtime\Cache\Home\46ffef79ff36275cb149efd05d9222a4.php 第 273 行.
NOTIC: [8] Undefined variable: vo D:\phpStudy\WWW\fofs\1\Application\Runtime\Cache\Home\46ffef79ff36275cb149efd05d9222a4.php 第 277 行.
NOTIC: [8] Undefined index: is_by_followed D:\phpStudy\WWW\fofs\1\Application\Runtime\Cache\Home\46ffef79ff36275cb149efd05d9222a4.php 第 369 行.
NOTIC: [8] Undefined index: is_by_followed D:\phpStudy\WWW\fofs\1\Application\Runtime\Cache\Home\46ffef79ff36275cb149efd05d9222a4.php 第 369 行.
INFO: Run Behavior\ParseTemplateBehavior [ RunTime:0.017753s ]
INFO: [ view_parse ] --END-- [ RunTime:0.017831s ]
INFO: [ view_filter ] --START--
INFO: Run Behavior\WriteHtmlCacheBehavior [ RunTime:0.000631s ]
INFO: [ view_filter ] --END-- [ RunTime:0.000699s ]
INFO: [ app_end ] --START--
INFO: Run Behavior\ShowPageTraceBehavior [ RunTime:0.000962s ]
INFO: [ app_end ] --END-- [ RunTime:0.001052s ]

[ 2016-11-07T23:46:35+08:00 ] ::1 /fofs/1/index.php/Home/Search/lpSearch.html
INFO: [ app_init ] --START--
INFO: Run Behavior\BuildLiteBehavior [ RunTime:0.000020s ]
INFO: [ app_init ] --END-- [ RunTime:0.000490s ]
INFO: [ app_begin ] --START--
INFO: Run Behavior\ReadHtmlCacheBehavior [ RunTime:0.000632s ]
INFO: Run Behavior\CheckLangBehavior [ RunTime:0.001754s ]
INFO: [ app_begin ] --END-- [ RunTime:0.002533s ]
SQL: SHOW COLUMNS FROM `fofs_lp` [ RunTime:0.0075s ]
NOTIC: [8] Undefined variable: where D:\phpStudy\WWW\fofs\1\Application\Home\Controller\SearchController.class.php 第 124 行.
SQL: SELECT COUNT(*) AS tp_count FROM `fofs_lp` LIMIT 1   [ RunTime:0.0008s ]
NOTIC: [8] Undefined variable: where D:\phpStudy\WWW\fofs\1\Application\Home\Controller\SearchController.class.php 第 130 行.
SQL: SELECT `id`,`institution_type`,`institution_fullname_cn`,`institution_logo_img`,`is_securities_fund`,`is_stock_fund`,`is_startup_fund`,`is_other_fund` FROM `fofs_lp` ORDER BY id desc LIMIT 0,1   [ RunTime:0.0009s ]
INFO: [ view_parse ] --START--
INFO: [ template_filter ] --START--
INFO: Run Behavior\ContentReplaceBehavior [ RunTime:0.000211s ]
INFO: [ template_filter ] --END-- [ RunTime:0.000328s ]
NOTIC: [8] Undefined variable: user_id D:\phpStudy\WWW\fofs\1\Application\Runtime\Cache\Home\46ffef79ff36275cb149efd05d9222a4.php 第 49 行.
NOTIC: [8] Undefined variable: vo D:\phpStudy\WWW\fofs\1\Application\Runtime\Cache\Home\46ffef79ff36275cb149efd05d9222a4.php 第 265 行.
NOTIC: [8] Undefined variable: vo D:\phpStudy\WWW\fofs\1\Application\Runtime\Cache\Home\46ffef79ff36275cb149efd05d9222a4.php 第 269 行.
NOTIC: [8] Undefined variable: vo D:\phpStudy\WWW\fofs\1\Application\Runtime\Cache\Home\46ffef79ff36275cb149efd05d9222a4.php 第 273 行.
NOTIC: [8] Undefined variable: vo D:\phpStudy\WWW\fofs\1\Application\Runtime\Cache\Home\46ffef79ff36275cb149efd05d9222a4.php 第 277 行.
NOTIC: [8] Undefined index: is_by_followed D:\phpStudy\WWW\fofs\1\Application\Runtime\Cache\Home\46ffef79ff36275cb149efd05d9222a4.php 第 369 行.
INFO: Run Behavior\ParseTemplateBehavior [ RunTime:0.018131s ]
INFO: [ view_parse ] --END-- [ RunTime:0.018221s ]
INFO: [ view_filter ] --START--
INFO: Run Behavior\WriteHtmlCacheBehavior [ RunTime:0.000413s ]
INFO: [ view_filter ] --END-- [ RunTime:0.000474s ]
INFO: [ app_end ] --START--
INFO: Run Behavior\ShowPageTraceBehavior [ RunTime:0.000951s ]
INFO: [ app_end ] --END-- [ RunTime:0.001075s ]

[ 2016-11-07T23:46:37+08:00 ] ::1 /fofs/1/index.php/Home/Search/lpSearch/p/2.html
INFO: [ app_init ] --START--
INFO: Run Behavior\BuildLiteBehavior [ RunTime:0.000021s ]
INFO: [ app_init ] --END-- [ RunTime:0.000513s ]
INFO: [ app_begin ] --START--
INFO: Run Behavior\ReadHtmlCacheBehavior [ RunTime:0.000674s ]
INFO: Run Behavior\CheckLangBehavior [ RunTime:0.002148s ]
INFO: [ app_begin ] --END-- [ RunTime:0.002974s ]
SQL: SHOW COLUMNS FROM `fofs_lp` [ RunTime:0.0059s ]
NOTIC: [8] Undefined variable: where D:\phpStudy\WWW\fofs\1\Application\Home\Controller\SearchController.class.php 第 124 行.
SQL: SELECT COUNT(*) AS tp_count FROM `fofs_lp` LIMIT 1   [ RunTime:0.0009s ]
NOTIC: [8] Undefined variable: where D:\phpStudy\WWW\fofs\1\Application\Home\Controller\SearchController.class.php 第 130 行.
SQL: SELECT `id`,`institution_type`,`institution_fullname_cn`,`institution_logo_img`,`is_securities_fund`,`is_stock_fund`,`is_startup_fund`,`is_other_fund` FROM `fofs_lp` ORDER BY id desc LIMIT 1,1   [ RunTime:0.0010s ]
INFO: [ view_parse ] --START--
INFO: [ template_filter ] --START--
INFO: Run Behavior\ContentReplaceBehavior [ RunTime:0.000255s ]
INFO: [ template_filter ] --END-- [ RunTime:0.000341s ]
NOTIC: [8] Undefined variable: user_id D:\phpStudy\WWW\fofs\1\Application\Runtime\Cache\Home\46ffef79ff36275cb149efd05d9222a4.php 第 49 行.
NOTIC: [8] Undefined variable: vo D:\phpStudy\WWW\fofs\1\Application\Runtime\Cache\Home\46ffef79ff36275cb149efd05d9222a4.php 第 265 行.
NOTIC: [8] Undefined variable: vo D:\phpStudy\WWW\fofs\1\Application\Runtime\Cache\Home\46ffef79ff36275cb149efd05d9222a4.php 第 269 行.
NOTIC: [8] Undefined variable: vo D:\phpStudy\WWW\fofs\1\Application\Runtime\Cache\Home\46ffef79ff36275cb149efd05d9222a4.php 第 273 行.
NOTIC: [8] Undefined variable: vo D:\phpStudy\WWW\fofs\1\Application\Runtime\Cache\Home\46ffef79ff36275cb149efd05d9222a4.php 第 277 行.
NOTIC: [8] Undefined index: is_by_followed D:\phpStudy\WWW\fofs\1\Application\Runtime\Cache\Home\46ffef79ff36275cb149efd05d9222a4.php 第 369 行.
INFO: Run Behavior\ParseTemplateBehavior [ RunTime:0.016752s ]
INFO: [ view_parse ] --END-- [ RunTime:0.016829s ]
INFO: [ view_filter ] --START--
INFO: Run Behavior\WriteHtmlCacheBehavior [ RunTime:0.000524s ]
INFO: [ view_filter ] --END-- [ RunTime:0.000591s ]
INFO: [ app_end ] --START--
INFO: Run Behavior\ShowPageTraceBehavior [ RunTime:0.001293s ]
INFO: [ app_end ] --END-- [ RunTime:0.001387s ]

[ 2016-11-07T23:46:39+08:00 ] ::1 /fofs/1/index.php/Home/Search/lpSearch/p/1.html
INFO: [ app_init ] --START--
INFO: Run Behavior\BuildLiteBehavior [ RunTime:0.000027s ]
INFO: [ app_init ] --END-- [ RunTime:0.000569s ]
INFO: [ app_begin ] --START--
INFO: Run Behavior\ReadHtmlCacheBehavior [ RunTime:0.000729s ]
INFO: Run Behavior\CheckLangBehavior [ RunTime:0.002047s ]
INFO: [ app_begin ] --END-- [ RunTime:0.002900s ]
SQL: SHOW COLUMNS FROM `fofs_lp` [ RunTime:0.0059s ]
NOTIC: [8] Undefined variable: where D:\phpStudy\WWW\fofs\1\Application\Home\Controller\SearchController.class.php 第 124 行.
SQL: SELECT COUNT(*) AS tp_count FROM `fofs_lp` LIMIT 1   [ RunTime:0.0009s ]
NOTIC: [8] Undefined variable: where D:\phpStudy\WWW\fofs\1\Application\Home\Controller\SearchController.class.php 第 130 行.
SQL: SELECT `id`,`institution_type`,`institution_fullname_cn`,`institution_logo_img`,`is_securities_fund`,`is_stock_fund`,`is_startup_fund`,`is_other_fund` FROM `fofs_lp` ORDER BY id desc LIMIT 0,1   [ RunTime:0.0012s ]
INFO: [ view_parse ] --START--
INFO: [ template_filter ] --START--
INFO: Run Behavior\ContentReplaceBehavior [ RunTime:0.000204s ]
INFO: [ template_filter ] --END-- [ RunTime:0.000290s ]
NOTIC: [8] Undefined variable: user_id D:\phpStudy\WWW\fofs\1\Application\Runtime\Cache\Home\46ffef79ff36275cb149efd05d9222a4.php 第 49 行.
NOTIC: [8] Undefined variable: vo D:\phpStudy\WWW\fofs\1\Application\Runtime\Cache\Home\46ffef79ff36275cb149efd05d9222a4.php 第 265 行.
NOTIC: [8] Undefined variable: vo D:\phpStudy\WWW\fofs\1\Application\Runtime\Cache\Home\46ffef79ff36275cb149efd05d9222a4.php 第 269 行.
NOTIC: [8] Undefined variable: vo D:\phpStudy\WWW\fofs\1\Application\Runtime\Cache\Home\46ffef79ff36275cb149efd05d9222a4.php 第 273 行.
NOTIC: [8] Undefined variable: vo D:\phpStudy\WWW\fofs\1\Application\Runtime\Cache\Home\46ffef79ff36275cb149efd05d9222a4.php 第 277 行.
NOTIC: [8] Undefined index: is_by_followed D:\phpStudy\WWW\fofs\1\Application\Runtime\Cache\Home\46ffef79ff36275cb149efd05d9222a4.php 第 369 行.
INFO: Run Behavior\ParseTemplateBehavior [ RunTime:0.016708s ]
INFO: [ view_parse ] --END-- [ RunTime:0.016788s ]
INFO: [ view_filter ] --START--
INFO: Run Behavior\WriteHtmlCacheBehavior [ RunTime:0.000504s ]
INFO: [ view_filter ] --END-- [ RunTime:0.000571s ]
INFO: [ app_end ] --START--
INFO: Run Behavior\ShowPageTraceBehavior [ RunTime:0.000899s ]
INFO: [ app_end ] --END-- [ RunTime:0.001008s ]

[ 2016-11-07T23:47:42+08:00 ] ::1 /fofs/1/index.php/Home/Search/lpSearch/p/1.html
INFO: [ app_init ] --START--
INFO: Run Behavior\BuildLiteBehavior [ RunTime:0.000022s ]
INFO: [ app_init ] --END-- [ RunTime:0.000554s ]
INFO: [ app_begin ] --START--
INFO: Run Behavior\ReadHtmlCacheBehavior [ RunTime:0.000816s ]
INFO: Run Behavior\CheckLangBehavior [ RunTime:0.001875s ]
INFO: [ app_begin ] --END-- [ RunTime:0.002822s ]
SQL: SHOW COLUMNS FROM `fofs_lp` [ RunTime:0.0054s ]
NOTIC: [8] Undefined variable: where D:\phpStudy\WWW\fofs\1\Application\Home\Controller\SearchController.class.php 第 124 行.
SQL: SELECT COUNT(*) AS tp_count FROM `fofs_lp` LIMIT 1   [ RunTime:0.0008s ]
NOTIC: [8] Undefined variable: where D:\phpStudy\WWW\fofs\1\Application\Home\Controller\SearchController.class.php 第 130 行.
SQL: SELECT `id`,`institution_type`,`institution_fullname_cn`,`institution_logo_img`,`is_securities_fund`,`is_stock_fund`,`is_startup_fund`,`is_other_fund` FROM `fofs_lp` ORDER BY id desc LIMIT 0,2   [ RunTime:0.0010s ]
INFO: [ view_parse ] --START--
INFO: [ template_filter ] --START--
INFO: Run Behavior\ContentReplaceBehavior [ RunTime:0.000239s ]
INFO: [ template_filter ] --END-- [ RunTime:0.000317s ]
NOTIC: [8] Undefined variable: user_id D:\phpStudy\WWW\fofs\1\Application\Runtime\Cache\Home\46ffef79ff36275cb149efd05d9222a4.php 第 49 行.
NOTIC: [8] Undefined variable: vo D:\phpStudy\WWW\fofs\1\Application\Runtime\Cache\Home\46ffef79ff36275cb149efd05d9222a4.php 第 265 行.
NOTIC: [8] Undefined variable: vo D:\phpStudy\WWW\fofs\1\Application\Runtime\Cache\Home\46ffef79ff36275cb149efd05d9222a4.php 第 269 行.
NOTIC: [8] Undefined variable: vo D:\phpStudy\WWW\fofs\1\Application\Runtime\Cache\Home\46ffef79ff36275cb149efd05d9222a4.php 第 273 行.
NOTIC: [8] Undefined variable: vo D:\phpStudy\WWW\fofs\1\Application\Runtime\Cache\Home\46ffef79ff36275cb149efd05d9222a4.php 第 277 行.
NOTIC: [8] Undefined index: is_by_followed D:\phpStudy\WWW\fofs\1\Application\Runtime\Cache\Home\46ffef79ff36275cb149efd05d9222a4.php 第 369 行.
NOTIC: [8] Undefined index: is_by_followed D:\phpStudy\WWW\fofs\1\Application\Runtime\Cache\Home\46ffef79ff36275cb149efd05d9222a4.php 第 369 行.
INFO: Run Behavior\ParseTemplateBehavior [ RunTime:0.015253s ]
INFO: [ view_parse ] --END-- [ RunTime:0.015322s ]
INFO: [ view_filter ] --START--
INFO: Run Behavior\WriteHtmlCacheBehavior [ RunTime:0.000455s ]
INFO: [ view_filter ] --END-- [ RunTime:0.000515s ]
INFO: [ app_end ] --START--
INFO: Run Behavior\ShowPageTraceBehavior [ RunTime:0.001254s ]
INFO: [ app_end ] --END-- [ RunTime:0.001341s ]

[ 2016-11-07T23:48:44+08:00 ] ::1 /fofs/1/index.php/Home/Search/gpSearch.html
INFO: [ app_init ] --START--
INFO: Run Behavior\BuildLiteBehavior [ RunTime:0.000030s ]
INFO: [ app_init ] --END-- [ RunTime:0.000778s ]
INFO: [ app_begin ] --START--
INFO: Run Behavior\ReadHtmlCacheBehavior [ RunTime:0.000975s ]
INFO: Run Behavior\CheckLangBehavior [ RunTime:0.002355s ]
INFO: [ app_begin ] --END-- [ RunTime:0.003492s ]
SQL: SHOW COLUMNS FROM `fofs_gp` [ RunTime:0.0562s ]
NOTIC: [8] Undefined variable: where D:\phpStudy\WWW\fofs\1\Application\Home\Controller\SearchController.class.php 第 269 行.
SQL: SELECT `id`,`institution_type`,`institution_fullname_cn`,`institution_logo_img`,`is_securities_fund`,`is_stock_fund`,`is_startup_fund`,`is_other_fund` FROM `fofs_gp`  [ RunTime:0.0010s ]
INFO: [ view_parse ] --START--
INFO: [ template_filter ] --START--
INFO: Run Behavior\ContentReplaceBehavior [ RunTime:0.000265s ]
INFO: [ template_filter ] --END-- [ RunTime:0.000354s ]
NOTIC: [8] Undefined variable: user_id D:\phpStudy\WWW\fofs\1\Application\Runtime\Cache\Home\bc5dfa4b95e7bea426908244e271d3cb.php 第 49 行.
NOTIC: [8] Undefined variable: vo D:\phpStudy\WWW\fofs\1\Application\Runtime\Cache\Home\bc5dfa4b95e7bea426908244e271d3cb.php 第 267 行.
NOTIC: [8] Undefined variable: vo D:\phpStudy\WWW\fofs\1\Application\Runtime\Cache\Home\bc5dfa4b95e7bea426908244e271d3cb.php 第 271 行.
NOTIC: [8] Undefined variable: vo D:\phpStudy\WWW\fofs\1\Application\Runtime\Cache\Home\bc5dfa4b95e7bea426908244e271d3cb.php 第 275 行.
NOTIC: [8] Undefined variable: vo D:\phpStudy\WWW\fofs\1\Application\Runtime\Cache\Home\bc5dfa4b95e7bea426908244e271d3cb.php 第 279 行.
NOTIC: [8] Undefined index: is_by_followed D:\phpStudy\WWW\fofs\1\Application\Runtime\Cache\Home\bc5dfa4b95e7bea426908244e271d3cb.php 第 352 行.
NOTIC: [8] Undefined index: is_by_followed D:\phpStudy\WWW\fofs\1\Application\Runtime\Cache\Home\bc5dfa4b95e7bea426908244e271d3cb.php 第 352 行.
INFO: Run Behavior\ParseTemplateBehavior [ RunTime:0.019043s ]
INFO: [ view_parse ] --END-- [ RunTime:0.019122s ]
INFO: [ view_filter ] --START--
INFO: Run Behavior\WriteHtmlCacheBehavior [ RunTime:0.000616s ]
INFO: [ view_filter ] --END-- [ RunTime:0.000690s ]
INFO: [ app_end ] --START--
INFO: Run Behavior\ShowPageTraceBehavior [ RunTime:0.001069s ]
INFO: [ app_end ] --END-- [ RunTime:0.001192s ]

[ 2016-11-07T23:50:56+08:00 ] ::1 /fofs/1/index.php/Home/Search/gpSearch.html
INFO: [ app_init ] --START--
INFO: Run Behavior\BuildLiteBehavior [ RunTime:0.000021s ]
INFO: [ app_init ] --END-- [ RunTime:0.000620s ]
INFO: [ app_begin ] --START--
INFO: Run Behavior\ReadHtmlCacheBehavior [ RunTime:0.000802s ]
INFO: Run Behavior\CheckLangBehavior [ RunTime:0.002388s ]
INFO: [ app_begin ] --END-- [ RunTime:0.003329s ]
SQL: SHOW COLUMNS FROM `fofs_gp` [ RunTime:0.0060s ]
NOTIC: [8] Undefined variable: where D:\phpStudy\WWW\fofs\1\Application\Home\Controller\SearchController.class.php 第 271 行.
SQL: SELECT COUNT(*) AS tp_count FROM `fofs_gp` LIMIT 1   [ RunTime:0.0009s ]
NOTIC: [8] Undefined variable: where D:\phpStudy\WWW\fofs\1\Application\Home\Controller\SearchController.class.php 第 277 行.
SQL: SELECT `id`,`institution_type`,`institution_fullname_cn`,`institution_logo_img`,`is_securities_fund`,`is_stock_fund`,`is_startup_fund`,`is_other_fund` FROM `fofs_gp` ORDER BY id desc LIMIT 0,2   [ RunTime:0.0010s ]
INFO: [ view_parse ] --START--
INFO: [ template_filter ] --START--
INFO: Run Behavior\ContentReplaceBehavior [ RunTime:0.000243s ]
INFO: [ template_filter ] --END-- [ RunTime:0.000341s ]
NOTIC: [8] Undefined variable: user_id D:\phpStudy\WWW\fofs\1\Application\Runtime\Cache\Home\bc5dfa4b95e7bea426908244e271d3cb.php 第 49 行.
NOTIC: [8] Undefined variable: vo D:\phpStudy\WWW\fofs\1\Application\Runtime\Cache\Home\bc5dfa4b95e7bea426908244e271d3cb.php 第 267 行.
NOTIC: [8] Undefined variable: vo D:\phpStudy\WWW\fofs\1\Application\Runtime\Cache\Home\bc5dfa4b95e7bea426908244e271d3cb.php 第 271 行.
NOTIC: [8] Undefined variable: vo D:\phpStudy\WWW\fofs\1\Application\Runtime\Cache\Home\bc5dfa4b95e7bea426908244e271d3cb.php 第 275 行.
NOTIC: [8] Undefined variable: vo D:\phpStudy\WWW\fofs\1\Application\Runtime\Cache\Home\bc5dfa4b95e7bea426908244e271d3cb.php 第 279 行.
NOTIC: [8] Undefined index: is_by_followed D:\phpStudy\WWW\fofs\1\Application\Runtime\Cache\Home\bc5dfa4b95e7bea426908244e271d3cb.php 第 352 行.
NOTIC: [8] Undefined index: is_by_followed D:\phpStudy\WWW\fofs\1\Application\Runtime\Cache\Home\bc5dfa4b95e7bea426908244e271d3cb.php 第 352 行.
INFO: Run Behavior\ParseTemplateBehavior [ RunTime:0.022765s ]
INFO: [ view_parse ] --END-- [ RunTime:0.022874s ]
INFO: [ view_filter ] --START--
INFO: Run Behavior\WriteHtmlCacheBehavior [ RunTime:0.000646s ]
INFO: [ view_filter ] --END-- [ RunTime:0.000718s ]
INFO: [ app_end ] --START--
INFO: Run Behavior\ShowPageTraceBehavior [ RunTime:0.001211s ]
INFO: [ app_end ] --END-- [ RunTime:0.001334s ]

[ 2016-11-07T23:51:04+08:00 ] ::1 /fofs/1/index.php/Home/Search/gpSearch.html
INFO: [ app_init ] --START--
INFO: Run Behavior\BuildLiteBehavior [ RunTime:0.000031s ]
INFO: [ app_init ] --END-- [ RunTime:0.000555s ]
INFO: [ app_begin ] --START--
INFO: Run Behavior\ReadHtmlCacheBehavior [ RunTime:0.000944s ]
INFO: Run Behavior\CheckLangBehavior [ RunTime:0.001619s ]
INFO: [ app_begin ] --END-- [ RunTime:0.002729s ]
SQL: SHOW COLUMNS FROM `fofs_gp` [ RunTime:0.0058s ]
NOTIC: [8] Undefined variable: where D:\phpStudy\WWW\fofs\1\Application\Home\Controller\SearchController.class.php 第 271 行.
SQL: SELECT COUNT(*) AS tp_count FROM `fofs_gp` LIMIT 1   [ RunTime:0.0008s ]
NOTIC: [8] Undefined variable: where D:\phpStudy\WWW\fofs\1\Application\Home\Controller\SearchController.class.php 第 277 行.
SQL: SELECT `id`,`institution_type`,`institution_fullname_cn`,`institution_logo_img`,`is_securities_fund`,`is_stock_fund`,`is_startup_fund`,`is_other_fund` FROM `fofs_gp` ORDER BY id desc LIMIT 0,1   [ RunTime:0.0009s ]
INFO: [ view_parse ] --START--
INFO: [ template_filter ] --START--
INFO: Run Behavior\ContentReplaceBehavior [ RunTime:0.000176s ]
INFO: [ template_filter ] --END-- [ RunTime:0.000270s ]
NOTIC: [8] Undefined variable: user_id D:\phpStudy\WWW\fofs\1\Application\Runtime\Cache\Home\bc5dfa4b95e7bea426908244e271d3cb.php 第 49 行.
NOTIC: [8] Undefined variable: vo D:\phpStudy\WWW\fofs\1\Application\Runtime\Cache\Home\bc5dfa4b95e7bea426908244e271d3cb.php 第 267 行.
NOTIC: [8] Undefined variable: vo D:\phpStudy\WWW\fofs\1\Application\Runtime\Cache\Home\bc5dfa4b95e7bea426908244e271d3cb.php 第 271 行.
NOTIC: [8] Undefined variable: vo D:\phpStudy\WWW\fofs\1\Application\Runtime\Cache\Home\bc5dfa4b95e7bea426908244e271d3cb.php 第 275 行.
NOTIC: [8] Undefined variable: vo D:\phpStudy\WWW\fofs\1\Application\Runtime\Cache\Home\bc5dfa4b95e7bea426908244e271d3cb.php 第 279 行.
NOTIC: [8] Undefined index: is_by_followed D:\phpStudy\WWW\fofs\1\Application\Runtime\Cache\Home\bc5dfa4b95e7bea426908244e271d3cb.php 第 352 行.
INFO: Run Behavior\ParseTemplateBehavior [ RunTime:0.017414s ]
INFO: [ view_parse ] --END-- [ RunTime:0.017483s ]
INFO: [ view_filter ] --START--
INFO: Run Behavior\WriteHtmlCacheBehavior [ RunTime:0.000490s ]
INFO: [ view_filter ] --END-- [ RunTime:0.000547s ]
INFO: [ app_end ] --START--
INFO: Run Behavior\ShowPageTraceBehavior [ RunTime:0.000941s ]
INFO: [ app_end ] --END-- [ RunTime:0.001057s ]

[ 2016-11-07T23:51:05+08:00 ] ::1 /fofs/1/index.php/Home/Search/gpSearch/p/2.html
INFO: [ app_init ] --START--
INFO: Run Behavior\BuildLiteBehavior [ RunTime:0.000021s ]
INFO: [ app_init ] --END-- [ RunTime:0.000546s ]
INFO: [ app_begin ] --START--
INFO: Run Behavior\ReadHtmlCacheBehavior [ RunTime:0.000824s ]
INFO: Run Behavior\CheckLangBehavior [ RunTime:0.001882s ]
INFO: [ app_begin ] --END-- [ RunTime:0.002858s ]
SQL: SHOW COLUMNS FROM `fofs_gp` [ RunTime:0.0066s ]
NOTIC: [8] Undefined variable: where D:\phpStudy\WWW\fofs\1\Application\Home\Controller\SearchController.class.php 第 271 行.
SQL: SELECT COUNT(*) AS tp_count FROM `fofs_gp` LIMIT 1   [ RunTime:0.0008s ]
NOTIC: [8] Undefined variable: where D:\phpStudy\WWW\fofs\1\Application\Home\Controller\SearchController.class.php 第 277 行.
SQL: SELECT `id`,`institution_type`,`institution_fullname_cn`,`institution_logo_img`,`is_securities_fund`,`is_stock_fund`,`is_startup_fund`,`is_other_fund` FROM `fofs_gp` ORDER BY id desc LIMIT 1,1   [ RunTime:0.0009s ]
INFO: [ view_parse ] --START--
INFO: [ template_filter ] --START--
INFO: Run Behavior\ContentReplaceBehavior [ RunTime:0.000184s ]
INFO: [ template_filter ] --END-- [ RunTime:0.000267s ]
NOTIC: [8] Undefined variable: user_id D:\phpStudy\WWW\fofs\1\Application\Runtime\Cache\Home\bc5dfa4b95e7bea426908244e271d3cb.php 第 49 行.
NOTIC: [8] Undefined variable: vo D:\phpStudy\WWW\fofs\1\Application\Runtime\Cache\Home\bc5dfa4b95e7bea426908244e271d3cb.php 第 267 行.
NOTIC: [8] Undefined variable: vo D:\phpStudy\WWW\fofs\1\Application\Runtime\Cache\Home\bc5dfa4b95e7bea426908244e271d3cb.php 第 271 行.
NOTIC: [8] Undefined variable: vo D:\phpStudy\WWW\fofs\1\Application\Runtime\Cache\Home\bc5dfa4b95e7bea426908244e271d3cb.php 第 275 行.
NOTIC: [8] Undefined variable: vo D:\phpStudy\WWW\fofs\1\Application\Runtime\Cache\Home\bc5dfa4b95e7bea426908244e271d3cb.php 第 279 行.
NOTIC: [8] Undefined index: is_by_followed D:\phpStudy\WWW\fofs\1\Application\Runtime\Cache\Home\bc5dfa4b95e7bea426908244e271d3cb.php 第 352 行.
INFO: Run Behavior\ParseTemplateBehavior [ RunTime:0.016612s ]
INFO: [ view_parse ] --END-- [ RunTime:0.016679s ]
INFO: [ view_filter ] --START--
INFO: Run Behavior\WriteHtmlCacheBehavior [ RunTime:0.000444s ]
INFO: [ view_filter ] --END-- [ RunTime:0.000500s ]
INFO: [ app_end ] --START--
INFO: Run Behavior\ShowPageTraceBehavior [ RunTime:0.001086s ]
INFO: [ app_end ] --END-- [ RunTime:0.001206s ]

[ 2016-11-07T23:51:07+08:00 ] ::1 /fofs/1/index.php/Home/Search/gpSearch/p/1.html
INFO: [ app_init ] --START--
INFO: Run Behavior\BuildLiteBehavior [ RunTime:0.000027s ]
INFO: [ app_init ] --END-- [ RunTime:0.000786s ]
INFO: [ app_begin ] --START--
INFO: Run Behavior\ReadHtmlCacheBehavior [ RunTime:0.000658s ]
INFO: Run Behavior\CheckLangBehavior [ RunTime:0.001827s ]
INFO: [ app_begin ] --END-- [ RunTime:0.002625s ]
SQL: SHOW COLUMNS FROM `fofs_gp` [ RunTime:0.0059s ]
NOTIC: [8] Undefined variable: where D:\phpStudy\WWW\fofs\1\Application\Home\Controller\SearchController.class.php 第 271 行.
SQL: SELECT COUNT(*) AS tp_count FROM `fofs_gp` LIMIT 1   [ RunTime:0.0009s ]
NOTIC: [8] Undefined variable: where D:\phpStudy\WWW\fofs\1\Application\Home\Controller\SearchController.class.php 第 277 行.
SQL: SELECT `id`,`institution_type`,`institution_fullname_cn`,`institution_logo_img`,`is_securities_fund`,`is_stock_fund`,`is_startup_fund`,`is_other_fund` FROM `fofs_gp` ORDER BY id desc LIMIT 0,1   [ RunTime:0.0013s ]
INFO: [ view_parse ] --START--
INFO: [ template_filter ] --START--
INFO: Run Behavior\ContentReplaceBehavior [ RunTime:0.000237s ]
INFO: [ template_filter ] --END-- [ RunTime:0.000325s ]
NOTIC: [8] Undefined variable: user_id D:\phpStudy\WWW\fofs\1\Application\Runtime\Cache\Home\bc5dfa4b95e7bea426908244e271d3cb.php 第 49 行.
NOTIC: [8] Undefined variable: vo D:\phpStudy\WWW\fofs\1\Application\Runtime\Cache\Home\bc5dfa4b95e7bea426908244e271d3cb.php 第 267 行.
NOTIC: [8] Undefined variable: vo D:\phpStudy\WWW\fofs\1\Application\Runtime\Cache\Home\bc5dfa4b95e7bea426908244e271d3cb.php 第 271 行.
NOTIC: [8] Undefined variable: vo D:\phpStudy\WWW\fofs\1\Application\Runtime\Cache\Home\bc5dfa4b95e7bea426908244e271d3cb.php 第 275 行.
NOTIC: [8] Undefined variable: vo D:\phpStudy\WWW\fofs\1\Application\Runtime\Cache\Home\bc5dfa4b95e7bea426908244e271d3cb.php 第 279 行.
NOTIC: [8] Undefined index: is_by_followed D:\phpStudy\WWW\fofs\1\Application\Runtime\Cache\Home\bc5dfa4b95e7bea426908244e271d3cb.php 第 352 行.
INFO: Run Behavior\ParseTemplateBehavior [ RunTime:0.017807s ]
INFO: [ view_parse ] --END-- [ RunTime:0.017893s ]
INFO: [ view_filter ] --START--
INFO: Run Behavior\WriteHtmlCacheBehavior [ RunTime:0.000541s ]
INFO: [ view_filter ] --END-- [ RunTime:0.000609s ]
INFO: [ app_end ] --START--
INFO: Run Behavior\ShowPageTraceBehavior [ RunTime:0.000890s ]
INFO: [ app_end ] --END-- [ RunTime:0.000996s ]

[ 2016-11-07T23:52:50+08:00 ] ::1 /fofs/1/index.php/Home/Search/gpSearch/p/2.html
INFO: [ app_init ] --START--
INFO: Run Behavior\BuildLiteBehavior [ RunTime:0.000054s ]
INFO: [ app_init ] --END-- [ RunTime:0.000669s ]
INFO: [ app_begin ] --START--
INFO: Run Behavior\ReadHtmlCacheBehavior [ RunTime:0.000771s ]
INFO: Run Behavior\CheckLangBehavior [ RunTime:0.001998s ]
INFO: [ app_begin ] --END-- [ RunTime:0.002904s ]
SQL: SHOW COLUMNS FROM `fofs_gp` [ RunTime:0.0061s ]
NOTIC: [8] Undefined variable: where D:\phpStudy\WWW\fofs\1\Application\Home\Controller\SearchController.class.php 第 271 行.
SQL: SELECT COUNT(*) AS tp_count FROM `fofs_gp` LIMIT 1   [ RunTime:0.0009s ]
NOTIC: [8] Undefined variable: where D:\phpStudy\WWW\fofs\1\Application\Home\Controller\SearchController.class.php 第 277 行.
SQL: SELECT `id`,`institution_type`,`institution_fullname_cn`,`institution_logo_img`,`is_securities_fund`,`is_stock_fund`,`is_startup_fund`,`is_other_fund` FROM `fofs_gp` ORDER BY id desc LIMIT 1,1   [ RunTime:0.0010s ]
INFO: [ view_parse ] --START--
INFO: [ template_filter ] --START--
INFO: Run Behavior\ContentReplaceBehavior [ RunTime:0.000294s ]
INFO: [ template_filter ] --END-- [ RunTime:0.000409s ]
NOTIC: [8] Undefined variable: user_id D:\phpStudy\WWW\fofs\1\Application\Runtime\Cache\Home\bc5dfa4b95e7bea426908244e271d3cb.php 第 49 行.
NOTIC: [8] Undefined variable: vo D:\phpStudy\WWW\fofs\1\Application\Runtime\Cache\Home\bc5dfa4b95e7bea426908244e271d3cb.php 第 267 行.
NOTIC: [8] Undefined variable: vo D:\phpStudy\WWW\fofs\1\Application\Runtime\Cache\Home\bc5dfa4b95e7bea426908244e271d3cb.php 第 271 行.
NOTIC: [8] Undefined variable: vo D:\phpStudy\WWW\fofs\1\Application\Runtime\Cache\Home\bc5dfa4b95e7bea426908244e271d3cb.php 第 275 行.
NOTIC: [8] Undefined variable: vo D:\phpStudy\WWW\fofs\1\Application\Runtime\Cache\Home\bc5dfa4b95e7bea426908244e271d3cb.php 第 279 行.
NOTIC: [8] Undefined index: is_by_followed D:\phpStudy\WWW\fofs\1\Application\Runtime\Cache\Home\bc5dfa4b95e7bea426908244e271d3cb.php 第 352 行.
INFO: Run Behavior\ParseTemplateBehavior [ RunTime:0.017520s ]
INFO: [ view_parse ] --END-- [ RunTime:0.017601s ]
INFO: [ view_filter ] --START--
INFO: Run Behavior\WriteHtmlCacheBehavior [ RunTime:0.000478s ]
INFO: [ view_filter ] --END-- [ RunTime:0.000543s ]
INFO: [ app_end ] --START--
INFO: Run Behavior\ShowPageTraceBehavior [ RunTime:0.001114s ]
INFO: [ app_end ] --END-- [ RunTime:0.001306s ]

[ 2016-11-07T23:53:57+08:00 ] ::1 /fofs/1/index.php/Home/Search/startUpSearch.html
INFO: [ app_init ] --START--
INFO: Run Behavior\BuildLiteBehavior [ RunTime:0.000021s ]
INFO: [ app_init ] --END-- [ RunTime:0.000672s ]
INFO: [ app_begin ] --START--
INFO: Run Behavior\ReadHtmlCacheBehavior [ RunTime:0.000861s ]
INFO: Run Behavior\CheckLangBehavior [ RunTime:0.002263s ]
INFO: [ app_begin ] --END-- [ RunTime:0.003246s ]
SQL: SHOW COLUMNS FROM `fofs_startup_company` [ RunTime:0.1046s ]
NOTIC: [8] Undefined variable: where D:\phpStudy\WWW\fofs\1\Application\Home\Controller\SearchController.class.php 第 375 行.
SQL: SELECT `id`,`institution_type`,`institution_abbr`,`institution_logo_img`,`institution_abstract` FROM `fofs_startup_company`  [ RunTime:0.0017s ]
INFO: [ view_parse ] --START--
INFO: [ template_filter ] --START--
INFO: Run Behavior\ContentReplaceBehavior [ RunTime:0.000328s ]
INFO: [ template_filter ] --END-- [ RunTime:0.000522s ]
NOTIC: [8] Undefined variable: user_id D:\phpStudy\WWW\fofs\1\Application\Runtime\Cache\Home\fd14eb71e03cf537c69feac2cf21ba1d.php 第 49 行.
NOTIC: [8] Undefined index: is_by_followed D:\phpStudy\WWW\fofs\1\Application\Runtime\Cache\Home\fd14eb71e03cf537c69feac2cf21ba1d.php 第 264 行.
INFO: Run Behavior\ParseTemplateBehavior [ RunTime:0.052676s ]
INFO: [ view_parse ] --END-- [ RunTime:0.052842s ]
INFO: [ view_filter ] --START--
INFO: Run Behavior\WriteHtmlCacheBehavior [ RunTime:0.001309s ]
INFO: [ view_filter ] --END-- [ RunTime:0.001470s ]
INFO: [ app_end ] --START--
INFO: Run Behavior\ShowPageTraceBehavior [ RunTime:0.001962s ]
INFO: [ app_end ] --END-- [ RunTime:0.002217s ]

[ 2016-11-07T23:55:56+08:00 ] ::1 /fofs/1/index.php/Home/Search/startUpSearch.html
INFO: [ app_init ] --START--
INFO: Run Behavior\BuildLiteBehavior [ RunTime:0.000022s ]
INFO: [ app_init ] --END-- [ RunTime:0.000594s ]
INFO: [ app_begin ] --START--
INFO: Run Behavior\ReadHtmlCacheBehavior [ RunTime:0.000708s ]
INFO: Run Behavior\CheckLangBehavior [ RunTime:0.002025s ]
INFO: [ app_begin ] --END-- [ RunTime:0.002886s ]
SQL: SHOW COLUMNS FROM `fofs_startup_company` [ RunTime:0.0063s ]
NOTIC: [8] Undefined variable: where D:\phpStudy\WWW\fofs\1\Application\Home\Controller\SearchController.class.php 第 377 行.
SQL: SELECT COUNT(*) AS tp_count FROM `fofs_startup_company` LIMIT 1   [ RunTime:0.0009s ]
NOTIC: [8] Undefined variable: where D:\phpStudy\WWW\fofs\1\Application\Home\Controller\SearchController.class.php 第 383 行.
SQL: SELECT `id`,`institution_type`,`institution_abbr`,`institution_logo_img`,`institution_abstract` FROM `fofs_startup_company` ORDER BY id desc LIMIT 0,2   [ RunTime:0.0010s ]
INFO: [ view_parse ] --START--
INFO: [ template_filter ] --START--
INFO: Run Behavior\ContentReplaceBehavior [ RunTime:0.000143s ]
INFO: [ template_filter ] --END-- [ RunTime:0.000226s ]
NOTIC: [8] Undefined variable: user_id D:\phpStudy\WWW\fofs\1\Application\Runtime\Cache\Home\fd14eb71e03cf537c69feac2cf21ba1d.php 第 49 行.
NOTIC: [8] Undefined index: is_by_followed D:\phpStudy\WWW\fofs\1\Application\Runtime\Cache\Home\fd14eb71e03cf537c69feac2cf21ba1d.php 第 264 行.
INFO: Run Behavior\ParseTemplateBehavior [ RunTime:0.015997s ]
INFO: [ view_parse ] --END-- [ RunTime:0.016117s ]
INFO: [ view_filter ] --START--
INFO: Run Behavior\WriteHtmlCacheBehavior [ RunTime:0.000990s ]
INFO: [ view_filter ] --END-- [ RunTime:0.001134s ]
INFO: [ app_end ] --START--
INFO: Run Behavior\ShowPageTraceBehavior [ RunTime:0.002143s ]
INFO: [ app_end ] --END-- [ RunTime:0.002915s ]

[ 2016-11-07T23:56:07+08:00 ] ::1 /fofs/1/index.php/Home/Search/saSearch.html
INFO: [ app_init ] --START--
INFO: Run Behavior\BuildLiteBehavior [ RunTime:0.000026s ]
INFO: [ app_init ] --END-- [ RunTime:0.000747s ]
INFO: [ app_begin ] --START--
INFO: Run Behavior\ReadHtmlCacheBehavior [ RunTime:0.000836s ]
INFO: Run Behavior\CheckLangBehavior [ RunTime:0.002216s ]
INFO: [ app_begin ] --END-- [ RunTime:0.003182s ]
SQL: SHOW COLUMNS FROM `fofs_fa` [ RunTime:0.0748s ]
NOTIC: [8] Undefined variable: where D:\phpStudy\WWW\fofs\1\Application\Home\Controller\SearchController.class.php 第 455 行.
SQL: SELECT `id`,`institution_type`,`institution_fullname_cn`,`institution_logo_img` FROM `fofs_fa`  [ RunTime:0.0010s ]
SQL: SHOW COLUMNS FROM `fofs_legal_agency` [ RunTime:0.0523s ]
NOTIC: [8] Undefined variable: where D:\phpStudy\WWW\fofs\1\Application\Home\Controller\SearchController.class.php 第 473 行.
SQL: SELECT `id`,`institution_type`,`institution_fullname_cn`,`institution_logo_img` FROM `fofs_legal_agency`  [ RunTime:0.0017s ]
SQL: SHOW COLUMNS FROM `fofs_financial_institution` [ RunTime:0.0656s ]
NOTIC: [8] Undefined variable: where D:\phpStudy\WWW\fofs\1\Application\Home\Controller\SearchController.class.php 第 491 行.
SQL: SELECT `id`,`institution_type`,`institution_fullname_cn`,`institution_logo_img` FROM `fofs_financial_institution`  [ RunTime:0.0019s ]
SQL: SHOW COLUMNS FROM `fofs_business_incubator` [ RunTime:0.0383s ]
NOTIC: [8] Undefined variable: where D:\phpStudy\WWW\fofs\1\Application\Home\Controller\SearchController.class.php 第 509 行.
SQL: SELECT `id`,`institution_type`,`institution_fullname_cn`,`institution_logo_img` FROM `fofs_business_incubator`  [ RunTime:0.0017s ]
SQL: SHOW COLUMNS FROM `fofs_other_institution` [ RunTime:0.1043s ]
NOTIC: [8] Undefined variable: where D:\phpStudy\WWW\fofs\1\Application\Home\Controller\SearchController.class.php 第 527 行.
SQL: SELECT `id`,`institution_type`,`institution_fullname_cn`,`institution_logo_img` FROM `fofs_other_institution`  [ RunTime:0.0016s ]
INFO: [ view_parse ] --START--
INFO: [ template_filter ] --START--
INFO: Run Behavior\ContentReplaceBehavior [ RunTime:0.000575s ]
INFO: [ template_filter ] --END-- [ RunTime:0.000751s ]
NOTIC: [8] Undefined variable: user_id D:\phpStudy\WWW\fofs\1\Application\Runtime\Cache\Home\4ec7caa947d9c0bdf76399e5da119be9.php 第 49 行.
NOTIC: [8] Undefined index: is_by_followed D:\phpStudy\WWW\fofs\1\Application\Runtime\Cache\Home\4ec7caa947d9c0bdf76399e5da119be9.php 第 279 行.
NOTIC: [8] Undefined index: is_by_followed D:\phpStudy\WWW\fofs\1\Application\Runtime\Cache\Home\4ec7caa947d9c0bdf76399e5da119be9.php 第 318 行.
NOTIC: [8] Undefined index: is_by_followed D:\phpStudy\WWW\fofs\1\Application\Runtime\Cache\Home\4ec7caa947d9c0bdf76399e5da119be9.php 第 358 行.
NOTIC: [8] Undefined index: is_by_followed D:\phpStudy\WWW\fofs\1\Application\Runtime\Cache\Home\4ec7caa947d9c0bdf76399e5da119be9.php 第 400 行.
NOTIC: [8] Undefined index: is_by_followed D:\phpStudy\WWW\fofs\1\Application\Runtime\Cache\Home\4ec7caa947d9c0bdf76399e5da119be9.php 第 489 行.
INFO: Run Behavior\ParseTemplateBehavior [ RunTime:0.075541s ]
INFO: [ view_parse ] --END-- [ RunTime:0.075709s ]
INFO: [ view_filter ] --START--
INFO: Run Behavior\WriteHtmlCacheBehavior [ RunTime:0.001088s ]
INFO: [ view_filter ] --END-- [ RunTime:0.001225s ]
INFO: [ app_end ] --START--
INFO: Run Behavior\ShowPageTraceBehavior [ RunTime:0.003717s ]
INFO: [ app_end ] --END-- [ RunTime:0.003986s ]

[ 2016-11-07T23:56:18+08:00 ] ::1 /fofs/1/index.php/Home/Cooperations/cooperations.html
INFO: [ app_init ] --START--
INFO: Run Behavior\BuildLiteBehavior [ RunTime:0.000021s ]
INFO: [ app_init ] --END-- [ RunTime:0.000645s ]
INFO: [ app_begin ] --START--
INFO: Run Behavior\ReadHtmlCacheBehavior [ RunTime:0.000875s ]
INFO: Run Behavior\CheckLangBehavior [ RunTime:0.002098s ]
INFO: [ app_begin ] --END-- [ RunTime:0.003106s ]
SQL: SHOW COLUMNS FROM `fofs_article` [ RunTime:0.0055s ]
SQL: SELECT * FROM `fofs_article` WHERE `article_type` = 15 LIMIT 1   [ RunTime:0.0010s ]
INFO: [ view_parse ] --START--
INFO: [ template_filter ] --START--
INFO: Run Behavior\ContentReplaceBehavior [ RunTime:0.000329s ]
INFO: [ template_filter ] --END-- [ RunTime:0.000525s ]
NOTIC: [8] Undefined variable: user_id D:\phpStudy\WWW\fofs\1\Application\Runtime\Cache\Home\478e3e619b4480cfba981fff560fed19.php 第 49 行.
INFO: Run Behavior\ParseTemplateBehavior [ RunTime:0.082741s ]
INFO: [ view_parse ] --END-- [ RunTime:0.082885s ]
INFO: [ view_filter ] --START--
INFO: Run Behavior\WriteHtmlCacheBehavior [ RunTime:0.001191s ]
INFO: [ view_filter ] --END-- [ RunTime:0.001339s ]
INFO: [ app_end ] --START--
INFO: Run Behavior\ShowPageTraceBehavior [ RunTime:0.003149s ]
INFO: [ app_end ] --END-- [ RunTime:0.003336s ]

[ 2016-11-07T23:56:19+08:00 ] ::1 /fofs/1/index.php/Home/Index/index.html
INFO: [ app_init ] --START--
INFO: Run Behavior\BuildLiteBehavior [ RunTime:0.000022s ]
INFO: [ app_init ] --END-- [ RunTime:0.000602s ]
INFO: [ app_begin ] --START--
INFO: Run Behavior\ReadHtmlCacheBehavior [ RunTime:0.000689s ]
INFO: Run Behavior\CheckLangBehavior [ RunTime:0.001968s ]
INFO: [ app_begin ] --END-- [ RunTime:0.002795s ]
SQL: SHOW COLUMNS FROM `fofs_article` [ RunTime:0.0055s ]
SQL: SELECT * FROM `fofs_article` WHERE `article_type` = 1 ORDER BY id desc LIMIT 1,10   [ RunTime:0.0012s ]
SQL: SELECT * FROM `fofs_article` WHERE `article_type` = 2 ORDER BY id desc LIMIT 10   [ RunTime:0.0010s ]
SQL: SELECT * FROM `fofs_article` WHERE `article_type` = 3 ORDER BY id desc LIMIT 10   [ RunTime:0.0009s ]
SQL: SELECT * FROM `fofs_article` WHERE `article_type` = 4 ORDER BY id desc LIMIT 10   [ RunTime:0.0009s ]
INFO: [ view_parse ] --START--
INFO: [ template_filter ] --START--
INFO: Run Behavior\ContentReplaceBehavior [ RunTime:0.000209s ]
INFO: [ template_filter ] --END-- [ RunTime:0.000294s ]
NOTIC: [8] Undefined variable: user_id D:\phpStudy\WWW\fofs\1\Application\Runtime\Cache\Home\2a94b8bda04ff446dcedd42276fc99ee.php 第 49 行.
NOTIC: [8] Undefined variable: link D:\phpStudy\WWW\fofs\1\Application\Runtime\Cache\Home\2a94b8bda04ff446dcedd42276fc99ee.php 第 247 行.
NOTIC: [8] Undefined variable: link D:\phpStudy\WWW\fofs\1\Application\Runtime\Cache\Home\2a94b8bda04ff446dcedd42276fc99ee.php 第 264 行.
NOTIC: [8] Undefined variable: link D:\phpStudy\WWW\fofs\1\Application\Runtime\Cache\Home\2a94b8bda04ff446dcedd42276fc99ee.php 第 281 行.
INFO: Run Behavior\ParseTemplateBehavior [ RunTime:0.025249s ]
INFO: [ view_parse ] --END-- [ RunTime:0.025329s ]
INFO: [ view_filter ] --START--
INFO: Run Behavior\WriteHtmlCacheBehavior [ RunTime:0.000507s ]
INFO: [ view_filter ] --END-- [ RunTime:0.000580s ]
INFO: [ app_end ] --START--
INFO: Run Behavior\ShowPageTraceBehavior [ RunTime:0.000751s ]
INFO: [ app_end ] --END-- [ RunTime:0.000838s ]

[ 2016-11-07T23:56:20+08:00 ] ::1 /fofs/1/index.php/Home/Index/aboutAlliance.html?article_type=9
INFO: [ app_init ] --START--
INFO: Run Behavior\BuildLiteBehavior [ RunTime:0.000021s ]
INFO: [ app_init ] --END-- [ RunTime:0.000600s ]
INFO: [ app_begin ] --START--
INFO: Run Behavior\ReadHtmlCacheBehavior [ RunTime:0.000694s ]
INFO: Run Behavior\CheckLangBehavior [ RunTime:0.002009s ]
INFO: [ app_begin ] --END-- [ RunTime:0.002821s ]
SQL: SHOW COLUMNS FROM `fofs_article` [ RunTime:0.0052s ]
SQL: SELECT * FROM `fofs_article` WHERE `article_type` = 9 LIMIT 1   [ RunTime:0.0010s ]
INFO: [ view_parse ] --START--
INFO: [ template_filter ] --START--
INFO: Run Behavior\ContentReplaceBehavior [ RunTime:0.000179s ]
INFO: [ template_filter ] --END-- [ RunTime:0.000262s ]
NOTIC: [8] Undefined variable: user_id D:\phpStudy\WWW\fofs\1\Application\Runtime\Cache\Home\b528f4ddcc84698bb220ed5d07f09f62.php 第 49 行.
INFO: Run Behavior\ParseTemplateBehavior [ RunTime:0.015721s ]
INFO: [ view_parse ] --END-- [ RunTime:0.015795s ]
INFO: [ view_filter ] --START--
INFO: Run Behavior\WriteHtmlCacheBehavior [ RunTime:0.000452s ]
INFO: [ view_filter ] --END-- [ RunTime:0.000524s ]
INFO: [ app_end ] --START--
INFO: Run Behavior\ShowPageTraceBehavior [ RunTime:0.000896s ]
INFO: [ app_end ] --END-- [ RunTime:0.001029s ]

[ 2016-11-07T23:56:22+08:00 ] ::1 /fofs/1/index.php/Home
INFO: [ app_init ] --START--
INFO: Run Behavior\BuildLiteBehavior [ RunTime:0.000023s ]
INFO: [ app_init ] --END-- [ RunTime:0.000545s ]
INFO: [ app_begin ] --START--
INFO: Run Behavior\ReadHtmlCacheBehavior [ RunTime:0.000689s ]
INFO: Run Behavior\CheckLangBehavior [ RunTime:0.001961s ]
INFO: [ app_begin ] --END-- [ RunTime:0.002788s ]
SQL: SHOW COLUMNS FROM `fofs_article` [ RunTime:0.0053s ]
SQL: SELECT * FROM `fofs_article` WHERE `article_type` = 1 ORDER BY id desc LIMIT 1,10   [ RunTime:0.0012s ]
SQL: SELECT * FROM `fofs_article` WHERE `article_type` = 2 ORDER BY id desc LIMIT 10   [ RunTime:0.0010s ]
SQL: SELECT * FROM `fofs_article` WHERE `article_type` = 3 ORDER BY id desc LIMIT 10   [ RunTime:0.0009s ]
SQL: SELECT * FROM `fofs_article` WHERE `article_type` = 4 ORDER BY id desc LIMIT 10   [ RunTime:0.0009s ]
INFO: [ view_parse ] --START--
INFO: [ template_filter ] --START--
INFO: Run Behavior\ContentReplaceBehavior [ RunTime:0.000290s ]
INFO: [ template_filter ] --END-- [ RunTime:0.000451s ]
NOTIC: [8] Undefined variable: user_id D:\phpStudy\WWW\fofs\1\Application\Runtime\Cache\Home\2a94b8bda04ff446dcedd42276fc99ee.php 第 49 行.
NOTIC: [8] Undefined variable: link D:\phpStudy\WWW\fofs\1\Application\Runtime\Cache\Home\2a94b8bda04ff446dcedd42276fc99ee.php 第 247 行.
NOTIC: [8] Undefined variable: link D:\phpStudy\WWW\fofs\1\Application\Runtime\Cache\Home\2a94b8bda04ff446dcedd42276fc99ee.php 第 264 行.
NOTIC: [8] Undefined variable: link D:\phpStudy\WWW\fofs\1\Application\Runtime\Cache\Home\2a94b8bda04ff446dcedd42276fc99ee.php 第 281 行.
INFO: Run Behavior\ParseTemplateBehavior [ RunTime:0.025636s ]
INFO: [ view_parse ] --END-- [ RunTime:0.025718s ]
INFO: [ view_filter ] --START--
INFO: Run Behavior\WriteHtmlCacheBehavior [ RunTime:0.000577s ]
INFO: [ view_filter ] --END-- [ RunTime:0.000645s ]
INFO: [ app_end ] --START--
INFO: Run Behavior\ShowPageTraceBehavior [ RunTime:0.000749s ]
INFO: [ app_end ] --END-- [ RunTime:0.000831s ]

[ 2016-11-07T23:56:23+08:00 ] ::1 /fofs/1/index.php/Home/Index/aboutAlliance.html?article_type=9
INFO: [ app_init ] --START--
INFO: Run Behavior\BuildLiteBehavior [ RunTime:0.000022s ]
INFO: [ app_init ] --END-- [ RunTime:0.000585s ]
INFO: [ app_begin ] --START--
INFO: Run Behavior\ReadHtmlCacheBehavior [ RunTime:0.000815s ]
INFO: Run Behavior\CheckLangBehavior [ RunTime:0.001852s ]
INFO: [ app_begin ] --END-- [ RunTime:0.002858s ]
SQL: SHOW COLUMNS FROM `fofs_article` [ RunTime:0.0049s ]
SQL: SELECT * FROM `fofs_article` WHERE `article_type` = 9 LIMIT 1   [ RunTime:0.0012s ]
INFO: [ view_parse ] --START--
INFO: [ template_filter ] --START--
INFO: Run Behavior\ContentReplaceBehavior [ RunTime:0.000180s ]
INFO: [ template_filter ] --END-- [ RunTime:0.000272s ]
NOTIC: [8] Undefined variable: user_id D:\phpStudy\WWW\fofs\1\Application\Runtime\Cache\Home\b528f4ddcc84698bb220ed5d07f09f62.php 第 49 行.
INFO: Run Behavior\ParseTemplateBehavior [ RunTime:0.015589s ]
INFO: [ view_parse ] --END-- [ RunTime:0.015677s ]
INFO: [ view_filter ] --START--
INFO: Run Behavior\WriteHtmlCacheBehavior [ RunTime:0.000490s ]
INFO: [ view_filter ] --END-- [ RunTime:0.000559s ]
INFO: [ app_end ] --START--
INFO: Run Behavior\ShowPageTraceBehavior [ RunTime:0.000849s ]
INFO: [ app_end ] --END-- [ RunTime:0.000956s ]

[ 2016-11-07T23:56:24+08:00 ] ::1 /fofs/1/index.php/Home/Index/aboutAlliance.html?article_type=9
INFO: [ app_init ] --START--
INFO: Run Behavior\BuildLiteBehavior [ RunTime:0.000036s ]
INFO: [ app_init ] --END-- [ RunTime:0.000656s ]
INFO: [ app_begin ] --START--
INFO: Run Behavior\ReadHtmlCacheBehavior [ RunTime:0.001048s ]
INFO: Run Behavior\CheckLangBehavior [ RunTime:0.001914s ]
INFO: [ app_begin ] --END-- [ RunTime:0.003163s ]
SQL: SHOW COLUMNS FROM `fofs_article` [ RunTime:0.0051s ]
SQL: SELECT * FROM `fofs_article` WHERE `article_type` = 9 LIMIT 1   [ RunTime:0.0009s ]
INFO: [ view_parse ] --START--
INFO: [ template_filter ] --START--
INFO: Run Behavior\ContentReplaceBehavior [ RunTime:0.000153s ]
INFO: [ template_filter ] --END-- [ RunTime:0.000240s ]
NOTIC: [8] Undefined variable: user_id D:\phpStudy\WWW\fofs\1\Application\Runtime\Cache\Home\b528f4ddcc84698bb220ed5d07f09f62.php 第 49 行.
INFO: Run Behavior\ParseTemplateBehavior [ RunTime:0.016999s ]
INFO: [ view_parse ] --END-- [ RunTime:0.017078s ]
INFO: [ view_filter ] --START--
INFO: Run Behavior\WriteHtmlCacheBehavior [ RunTime:0.000400s ]
INFO: [ view_filter ] --END-- [ RunTime:0.000464s ]
INFO: [ app_end ] --START--
INFO: Run Behavior\ShowPageTraceBehavior [ RunTime:0.000841s ]
INFO: [ app_end ] --END-- [ RunTime:0.000958s ]

[ 2016-11-07T23:56:25+08:00 ] ::1 /fofs/1/index.php/Home/Index/aboutAllianceNews/article_type/1.html
INFO: [ app_init ] --START--
INFO: Run Behavior\BuildLiteBehavior [ RunTime:0.000025s ]
INFO: [ app_init ] --END-- [ RunTime:0.000614s ]
INFO: [ app_begin ] --START--
INFO: Run Behavior\ReadHtmlCacheBehavior [ RunTime:0.000834s ]
INFO: Run Behavior\CheckLangBehavior [ RunTime:0.001836s ]
INFO: [ app_begin ] --END-- [ RunTime:0.002833s ]
SQL: SHOW COLUMNS FROM `fofs_article` [ RunTime:0.0062s ]
SQL: SELECT COUNT(*) AS tp_count FROM `fofs_article` WHERE `article_type` = 1 LIMIT 1   [ RunTime:0.0010s ]
SQL: SELECT `id`,`title`,`institution_type`,`author_name`,`pub_time` FROM `fofs_article` WHERE `article_type` = 1 ORDER BY id desc LIMIT 0,2   [ RunTime:0.0011s ]
INFO: [ view_parse ] --START--
INFO: [ template_filter ] --START--
INFO: Run Behavior\ContentReplaceBehavior [ RunTime:0.000240s ]
INFO: [ template_filter ] --END-- [ RunTime:0.000365s ]
NOTIC: [8] Undefined variable: user_id D:\phpStudy\WWW\fofs\1\Application\Runtime\Cache\Home\72b985da9e2d4412c8d605c8aa894c93.php 第 49 行.
INFO: Run Behavior\ParseTemplateBehavior [ RunTime:0.044189s ]
INFO: [ view_parse ] --END-- [ RunTime:0.044297s ]
INFO: [ view_filter ] --START--
INFO: Run Behavior\WriteHtmlCacheBehavior [ RunTime:0.000569s ]
INFO: [ view_filter ] --END-- [ RunTime:0.000654s ]
INFO: [ app_end ] --START--
INFO: Run Behavior\ShowPageTraceBehavior [ RunTime:0.000778s ]
INFO: [ app_end ] --END-- [ RunTime:0.000861s ]

[ 2016-11-07T23:56:27+08:00 ] ::1 /fofs/1/index.php/Home/Index/aboutAllianceNews/article_type/1/p/3.html
INFO: [ app_init ] --START--
INFO: Run Behavior\BuildLiteBehavior [ RunTime:0.000030s ]
INFO: [ app_init ] --END-- [ RunTime:0.000761s ]
INFO: [ app_begin ] --START--
INFO: Run Behavior\ReadHtmlCacheBehavior [ RunTime:0.000761s ]
INFO: Run Behavior\CheckLangBehavior [ RunTime:0.001923s ]
INFO: [ app_begin ] --END-- [ RunTime:0.002845s ]
SQL: SHOW COLUMNS FROM `fofs_article` [ RunTime:0.0063s ]
SQL: SELECT COUNT(*) AS tp_count FROM `fofs_article` WHERE `article_type` = 1 LIMIT 1   [ RunTime:0.0010s ]
SQL: SELECT `id`,`title`,`institution_type`,`author_name`,`pub_time` FROM `fofs_article` WHERE `article_type` = 1 ORDER BY id desc LIMIT 4,2   [ RunTime:0.0011s ]
INFO: [ view_parse ] --START--
INFO: [ template_filter ] --START--
INFO: Run Behavior\ContentReplaceBehavior [ RunTime:0.000173s ]
INFO: [ template_filter ] --END-- [ RunTime:0.000256s ]
NOTIC: [8] Undefined variable: user_id D:\phpStudy\WWW\fofs\1\Application\Runtime\Cache\Home\72b985da9e2d4412c8d605c8aa894c93.php 第 49 行.
INFO: Run Behavior\ParseTemplateBehavior [ RunTime:0.018242s ]
INFO: [ view_parse ] --END-- [ RunTime:0.018319s ]
INFO: [ view_filter ] --START--
INFO: Run Behavior\WriteHtmlCacheBehavior [ RunTime:0.000409s ]
INFO: [ view_filter ] --END-- [ RunTime:0.000469s ]
INFO: [ app_end ] --START--
INFO: Run Behavior\ShowPageTraceBehavior [ RunTime:0.001001s ]
INFO: [ app_end ] --END-- [ RunTime:0.001125s ]

[ 2016-11-07T23:56:29+08:00 ] ::1 /fofs/1/index.php/Home/Index/index.html
INFO: [ app_init ] --START--
INFO: Run Behavior\BuildLiteBehavior [ RunTime:0.000034s ]
INFO: [ app_init ] --END-- [ RunTime:0.000819s ]
INFO: [ app_begin ] --START--
INFO: Run Behavior\ReadHtmlCacheBehavior [ RunTime:0.000790s ]
INFO: Run Behavior\CheckLangBehavior [ RunTime:0.002236s ]
INFO: [ app_begin ] --END-- [ RunTime:0.003240s ]
SQL: SHOW COLUMNS FROM `fofs_article` [ RunTime:0.0075s ]
SQL: SELECT * FROM `fofs_article` WHERE `article_type` = 1 ORDER BY id desc LIMIT 1,10   [ RunTime:0.0013s ]
SQL: SELECT * FROM `fofs_article` WHERE `article_type` = 2 ORDER BY id desc LIMIT 10   [ RunTime:0.0011s ]
SQL: SELECT * FROM `fofs_article` WHERE `article_type` = 3 ORDER BY id desc LIMIT 10   [ RunTime:0.0009s ]
SQL: SELECT * FROM `fofs_article` WHERE `article_type` = 4 ORDER BY id desc LIMIT 10   [ RunTime:0.0009s ]
INFO: [ view_parse ] --START--
INFO: [ template_filter ] --START--
INFO: Run Behavior\ContentReplaceBehavior [ RunTime:0.000321s ]
INFO: [ template_filter ] --END-- [ RunTime:0.000439s ]
NOTIC: [8] Undefined variable: user_id D:\phpStudy\WWW\fofs\1\Application\Runtime\Cache\Home\2a94b8bda04ff446dcedd42276fc99ee.php 第 49 行.
NOTIC: [8] Undefined variable: link D:\phpStudy\WWW\fofs\1\Application\Runtime\Cache\Home\2a94b8bda04ff446dcedd42276fc99ee.php 第 247 行.
NOTIC: [8] Undefined variable: link D:\phpStudy\WWW\fofs\1\Application\Runtime\Cache\Home\2a94b8bda04ff446dcedd42276fc99ee.php 第 264 行.
NOTIC: [8] Undefined variable: link D:\phpStudy\WWW\fofs\1\Application\Runtime\Cache\Home\2a94b8bda04ff446dcedd42276fc99ee.php 第 281 行.
INFO: Run Behavior\ParseTemplateBehavior [ RunTime:0.026698s ]
INFO: [ view_parse ] --END-- [ RunTime:0.026797s ]
INFO: [ view_filter ] --START--
INFO: Run Behavior\WriteHtmlCacheBehavior [ RunTime:0.000423s ]
INFO: [ view_filter ] --END-- [ RunTime:0.000483s ]
INFO: [ app_end ] --START--
INFO: Run Behavior\ShowPageTraceBehavior [ RunTime:0.000757s ]
INFO: [ app_end ] --END-- [ RunTime:0.000861s ]

[ 2016-11-07T23:56:30+08:00 ] ::1 /fofs/1/index.php/Home
INFO: [ app_init ] --START--
INFO: Run Behavior\BuildLiteBehavior [ RunTime:0.000021s ]
INFO: [ app_init ] --END-- [ RunTime:0.000540s ]
INFO: [ app_begin ] --START--
INFO: Run Behavior\ReadHtmlCacheBehavior [ RunTime:0.000921s ]
INFO: Run Behavior\CheckLangBehavior [ RunTime:0.001821s ]
INFO: [ app_begin ] --END-- [ RunTime:0.002898s ]
SQL: SHOW COLUMNS FROM `fofs_article` [ RunTime:0.0054s ]
SQL: SELECT * FROM `fofs_article` WHERE `article_type` = 1 ORDER BY id desc LIMIT 1,10   [ RunTime:0.0013s ]
SQL: SELECT * FROM `fofs_article` WHERE `article_type` = 2 ORDER BY id desc LIMIT 10   [ RunTime:0.0010s ]
SQL: SELECT * FROM `fofs_article` WHERE `article_type` = 3 ORDER BY id desc LIMIT 10   [ RunTime:0.0009s ]
SQL: SELECT * FROM `fofs_article` WHERE `article_type` = 4 ORDER BY id desc LIMIT 10   [ RunTime:0.0009s ]
INFO: [ view_parse ] --START--
INFO: [ template_filter ] --START--
INFO: Run Behavior\ContentReplaceBehavior [ RunTime:0.000225s ]
INFO: [ template_filter ] --END-- [ RunTime:0.000319s ]
NOTIC: [8] Undefined variable: user_id D:\phpStudy\WWW\fofs\1\Application\Runtime\Cache\Home\2a94b8bda04ff446dcedd42276fc99ee.php 第 49 行.
NOTIC: [8] Undefined variable: link D:\phpStudy\WWW\fofs\1\Application\Runtime\Cache\Home\2a94b8bda04ff446dcedd42276fc99ee.php 第 247 行.
NOTIC: [8] Undefined variable: link D:\phpStudy\WWW\fofs\1\Application\Runtime\Cache\Home\2a94b8bda04ff446dcedd42276fc99ee.php 第 264 行.
NOTIC: [8] Undefined variable: link D:\phpStudy\WWW\fofs\1\Application\Runtime\Cache\Home\2a94b8bda04ff446dcedd42276fc99ee.php 第 281 行.
INFO: Run Behavior\ParseTemplateBehavior [ RunTime:0.027222s ]
INFO: [ view_parse ] --END-- [ RunTime:0.027373s ]
INFO: [ view_filter ] --START--
INFO: Run Behavior\WriteHtmlCacheBehavior [ RunTime:0.000596s ]
INFO: [ view_filter ] --END-- [ RunTime:0.000665s ]
INFO: [ app_end ] --START--
INFO: Run Behavior\ShowPageTraceBehavior [ RunTime:0.000823s ]
INFO: [ app_end ] --END-- [ RunTime:0.000925s ]

