[ 2016-12-16T00:00:01+08:00 ] ::1 /fofs/1/index.php/Home/Search/startUpSearch.html
INFO: [ app_init ] --START--
INFO: Run Behavior\BuildLiteBehavior [ RunTime:0.000031s ]
INFO: [ app_init ] --END-- [ RunTime:0.000886s ]
INFO: [ app_begin ] --START--
INFO: Run Behavior\ReadHtmlCacheBehavior [ RunTime:0.000848s ]
INFO: Run Behavior\CheckLangBehavior [ RunTime:0.002433s ]
INFO: [ app_begin ] --END-- [ RunTime:0.003382s ]
NOTIC: [8] A session had already been started - ignoring session_start() D:\phpStudy\WWW\fofs\1\ThinkPHP\Common\functions.php 第 1263 行.
SQL: SHOW COLUMNS FROM `fofs_startup_company` [ RunTime:0.0080s ]
SQL: SELECT COUNT(*) AS tp_count FROM `fofs_startup_company` WHERE `state` <> 400 LIMIT 1   [ RunTime:0.0015s ]
SQL: SELECT `id`,`institution_type`,`institution_abbr`,`institution_logo_img`,`institution_abstract` FROM `fofs_startup_company` WHERE `state` <> 400 ORDER BY id desc LIMIT 0,2   [ RunTime:0.0015s ]
SQL: SHOW COLUMNS FROM `fofs_interest_list` [ RunTime:0.0074s ]
SQL: SELECT * FROM `fofs_interest_list` WHERE `fan_id` = 3 AND `fan_type` = 1 AND `host_id` = 4 AND `host_type` = 3  [ RunTime:0.0014s ]
INFO: [ view_parse ] --START--
INFO: [ template_filter ] --START--
INFO: Run Behavior\ContentReplaceBehavior [ RunTime:0.000154s ]
INFO: [ template_filter ] --END-- [ RunTime:0.000229s ]
NOTIC: [8] Undefined variable: keywords D:\phpStudy\WWW\fofs\1\Application\Runtime\Cache\Home\fd14eb71e03cf537c69feac2cf21ba1d.php 第 43 行.
NOTIC: [8] Undefined index: is_by_followed D:\phpStudy\WWW\fofs\1\Application\Runtime\Cache\Home\fd14eb71e03cf537c69feac2cf21ba1d.php 第 264 行.
INFO: Run Behavior\ParseTemplateBehavior [ RunTime:0.016845s ]
INFO: [ view_parse ] --END-- [ RunTime:0.016904s ]
INFO: [ view_filter ] --START--
INFO: Run Behavior\WriteHtmlCacheBehavior [ RunTime:0.000588s ]
INFO: [ view_filter ] --END-- [ RunTime:0.000640s ]
INFO: [ app_end ] --START--
INFO: Run Behavior\ShowPageTraceBehavior [ RunTime:0.002373s ]
INFO: [ app_end ] --END-- [ RunTime:0.002441s ]

[ 2016-12-16T00:00:02+08:00 ] ::1 /fofs/1/index.php/Home/Search/saSearch.html
INFO: [ app_init ] --START--
INFO: Run Behavior\BuildLiteBehavior [ RunTime:0.000030s ]
INFO: [ app_init ] --END-- [ RunTime:0.000871s ]
INFO: [ app_begin ] --START--
INFO: Run Behavior\ReadHtmlCacheBehavior [ RunTime:0.000837s ]
INFO: Run Behavior\CheckLangBehavior [ RunTime:0.003114s ]
INFO: [ app_begin ] --END-- [ RunTime:0.004092s ]
NOTIC: [8] A session had already been started - ignoring session_start() D:\phpStudy\WWW\fofs\1\ThinkPHP\Common\functions.php 第 1263 行.
SQL: SHOW COLUMNS FROM `fofs_fa` [ RunTime:0.0078s ]
SQL: SELECT COUNT(*) AS tp_count FROM `fofs_fa` WHERE `state` <> 400 LIMIT 1   [ RunTime:0.0014s ]
SQL: SELECT `id`,`institution_type`,`institution_fullname_cn`,`institution_logo_img` FROM `fofs_fa` WHERE `state` <> 400  [ RunTime:0.0015s ]
SQL: SHOW COLUMNS FROM `fofs_interest_list` [ RunTime:0.0062s ]
SQL: SELECT * FROM `fofs_interest_list` WHERE `fan_id` = 3 AND `fan_type` = 1 AND `host_id` = 1 AND `host_type` = 4  [ RunTime:0.0014s ]
INFO: [ view_parse ] --START--
INFO: [ template_filter ] --START--
INFO: Run Behavior\ContentReplaceBehavior [ RunTime:0.000255s ]
INFO: [ template_filter ] --END-- [ RunTime:0.000322s ]
NOTIC: [8] Undefined variable: keywords D:\phpStudy\WWW\fofs\1\Application\Runtime\Cache\Home\4ec7caa947d9c0bdf76399e5da119be9.php 第 43 行.
NOTIC: [8] Undefined index: is_by_followed D:\phpStudy\WWW\fofs\1\Application\Runtime\Cache\Home\4ec7caa947d9c0bdf76399e5da119be9.php 第 279 行.
NOTIC: [8] Undefined variable: results2 D:\phpStudy\WWW\fofs\1\Application\Runtime\Cache\Home\4ec7caa947d9c0bdf76399e5da119be9.php 第 295 行.
NOTIC: [8] Undefined variable: results3 D:\phpStudy\WWW\fofs\1\Application\Runtime\Cache\Home\4ec7caa947d9c0bdf76399e5da119be9.php 第 338 行.
NOTIC: [8] Undefined variable: results4 D:\phpStudy\WWW\fofs\1\Application\Runtime\Cache\Home\4ec7caa947d9c0bdf76399e5da119be9.php 第 384 行.
NOTIC: [8] Undefined variable: results5 D:\phpStudy\WWW\fofs\1\Application\Runtime\Cache\Home\4ec7caa947d9c0bdf76399e5da119be9.php 第 427 行.
INFO: Run Behavior\ParseTemplateBehavior [ RunTime:0.032290s ]
INFO: [ view_parse ] --END-- [ RunTime:0.032366s ]
INFO: [ view_filter ] --START--
INFO: Run Behavior\WriteHtmlCacheBehavior [ RunTime:0.000750s ]
INFO: [ view_filter ] --END-- [ RunTime:0.000827s ]
INFO: [ app_end ] --START--
INFO: Run Behavior\ShowPageTraceBehavior [ RunTime:0.001524s ]
INFO: [ app_end ] --END-- [ RunTime:0.001623s ]

[ 2016-12-16T00:00:04+08:00 ] ::1 /fofs/1/index.php/Home/Search/gpSearch.html
INFO: [ app_init ] --START--
INFO: Run Behavior\BuildLiteBehavior [ RunTime:0.000020s ]
INFO: [ app_init ] --END-- [ RunTime:0.000637s ]
INFO: [ app_begin ] --START--
INFO: Run Behavior\ReadHtmlCacheBehavior [ RunTime:0.001051s ]
INFO: Run Behavior\CheckLangBehavior [ RunTime:0.002642s ]
INFO: [ app_begin ] --END-- [ RunTime:0.003837s ]
NOTIC: [8] A session had already been started - ignoring session_start() D:\phpStudy\WWW\fofs\1\ThinkPHP\Common\functions.php 第 1263 行.
SQL: SHOW COLUMNS FROM `fofs_gp_fund_product` [ RunTime:0.0064s ]
NOTIC: [8] Undefined variable: where D:\phpStudy\WWW\fofs\1\Application\Home\Controller\SearchController.class.php 第 342 行.
SQL: SELECT DISTINCT  `institution_id` FROM `fofs_gp_fund_product`  [ RunTime:0.0017s ]
SQL: SHOW COLUMNS FROM `fofs_gp` [ RunTime:0.0095s ]
SQL: SELECT COUNT(*) AS tp_count FROM `fofs_gp` WHERE `state` <> 400 AND `id` IN ('2','3') LIMIT 1   [ RunTime:0.0015s ]
SQL: SELECT `id`,`institution_type`,`institution_fullname_cn`,`institution_logo_img`,`is_securities_fund`,`is_stock_fund`,`is_startup_fund`,`is_other_fund` FROM `fofs_gp` WHERE `state` <> 400 AND `id` IN ('2','3') ORDER BY id desc LIMIT 0,2   [ RunTime:0.0015s ]
SQL: SHOW COLUMNS FROM `fofs_interest_list` [ RunTime:0.0072s ]
SQL: SELECT * FROM `fofs_interest_list` WHERE `id` IN ('2','3') AND `fan_id` = 3 AND `fan_type` = 1 AND `host_id` = 3 AND `host_type` = 2  [ RunTime:0.0015s ]
SQL: SELECT * FROM `fofs_interest_list` WHERE `id` IN ('2','3') AND `fan_id` = 3 AND `fan_type` = 1 AND `host_id` = 2 AND `host_type` = 2  [ RunTime:0.0014s ]
INFO: [ view_parse ] --START--
INFO: [ template_filter ] --START--
INFO: Run Behavior\ContentReplaceBehavior [ RunTime:0.000222s ]
INFO: [ template_filter ] --END-- [ RunTime:0.000289s ]
NOTIC: [8] Undefined variable: keywords D:\phpStudy\WWW\fofs\1\Application\Runtime\Cache\Home\bc5dfa4b95e7bea426908244e271d3cb.php 第 43 行.
NOTIC: [8] Undefined variable: is_angel_investment D:\phpStudy\WWW\fofs\1\Application\Runtime\Cache\Home\bc5dfa4b95e7bea426908244e271d3cb.php 第 251 行.
NOTIC: [8] Undefined variable: is_vc_investment D:\phpStudy\WWW\fofs\1\Application\Runtime\Cache\Home\bc5dfa4b95e7bea426908244e271d3cb.php 第 252 行.
NOTIC: [8] Undefined variable: is_pe_investment D:\phpStudy\WWW\fofs\1\Application\Runtime\Cache\Home\bc5dfa4b95e7bea426908244e271d3cb.php 第 253 行.
NOTIC: [8] Undefined variable: is_other_investment D:\phpStudy\WWW\fofs\1\Application\Runtime\Cache\Home\bc5dfa4b95e7bea426908244e271d3cb.php 第 254 行.
NOTIC: [8] Undefined variable: is_securities_fund D:\phpStudy\WWW\fofs\1\Application\Runtime\Cache\Home\bc5dfa4b95e7bea426908244e271d3cb.php 第 268 行.
NOTIC: [8] Undefined variable: is_stock_fund D:\phpStudy\WWW\fofs\1\Application\Runtime\Cache\Home\bc5dfa4b95e7bea426908244e271d3cb.php 第 272 行.
NOTIC: [8] Undefined variable: is_startup_fund D:\phpStudy\WWW\fofs\1\Application\Runtime\Cache\Home\bc5dfa4b95e7bea426908244e271d3cb.php 第 276 行.
NOTIC: [8] Undefined variable: is_other_fund D:\phpStudy\WWW\fofs\1\Application\Runtime\Cache\Home\bc5dfa4b95e7bea426908244e271d3cb.php 第 280 行.
NOTIC: [8] Undefined variable: investment_field D:\phpStudy\WWW\fofs\1\Application\Runtime\Cache\Home\bc5dfa4b95e7bea426908244e271d3cb.php 第 292 行.
NOTIC: [8] Undefined variable: investment_region D:\phpStudy\WWW\fofs\1\Application\Runtime\Cache\Home\bc5dfa4b95e7bea426908244e271d3cb.php 第 304 行.
NOTIC: [8] Undefined index: is_by_followed D:\phpStudy\WWW\fofs\1\Application\Runtime\Cache\Home\bc5dfa4b95e7bea426908244e271d3cb.php 第 353 行.
NOTIC: [8] Undefined index: is_by_followed D:\phpStudy\WWW\fofs\1\Application\Runtime\Cache\Home\bc5dfa4b95e7bea426908244e271d3cb.php 第 353 行.
NOTIC: [8] Undefined variable: tip D:\phpStudy\WWW\fofs\1\Application\Runtime\Cache\Home\bc5dfa4b95e7bea426908244e271d3cb.php 第 362 行.
INFO: Run Behavior\ParseTemplateBehavior [ RunTime:0.019248s ]
INFO: [ view_parse ] --END-- [ RunTime:0.019309s ]
INFO: [ view_filter ] --START--
INFO: Run Behavior\WriteHtmlCacheBehavior [ RunTime:0.000475s ]
INFO: [ view_filter ] --END-- [ RunTime:0.000522s ]
INFO: [ app_end ] --START--
INFO: Run Behavior\ShowPageTraceBehavior [ RunTime:0.000917s ]
INFO: [ app_end ] --END-- [ RunTime:0.000986s ]

[ 2016-12-16T00:00:13+08:00 ] ::1 /fofs/1/index.php/Home/Search/search.html
INFO: [ app_init ] --START--
INFO: Run Behavior\BuildLiteBehavior [ RunTime:0.000019s ]
INFO: [ app_init ] --END-- [ RunTime:0.000619s ]
INFO: [ app_begin ] --START--
INFO: Run Behavior\ReadHtmlCacheBehavior [ RunTime:0.000875s ]
INFO: Run Behavior\CheckLangBehavior [ RunTime:0.002515s ]
INFO: [ app_begin ] --END-- [ RunTime:0.003507s ]
NOTIC: [8] A session had already been started - ignoring session_start() D:\phpStudy\WWW\fofs\1\ThinkPHP\Common\functions.php 第 1263 行.
SQL: SHOW COLUMNS FROM `fofs_article` [ RunTime:0.0076s ]
SQL: SELECT * FROM `fofs_article` WHERE `title` LIKE '%资本%' ORDER BY pub_time desc  [ RunTime:0.0017s ]
SQL: SHOW COLUMNS FROM `fofs_user` [ RunTime:0.0073s ]
SQL: SELECT * FROM `fofs_user` WHERE `state` <> 400 AND `nickname` LIKE '%资本%'  [ RunTime:0.0015s ]
SQL: SHOW COLUMNS FROM `fofs_lp` [ RunTime:0.0079s ]
SQL: SELECT * FROM `fofs_lp` WHERE `state` <> 400 AND `institution_abbr` LIKE '%资本%'  [ RunTime:0.0017s ]
SQL: SHOW COLUMNS FROM `fofs_gp` [ RunTime:0.0084s ]
SQL: SELECT * FROM `fofs_gp` WHERE `state` <> 400 AND `institution_abbr` LIKE '%资本%'  [ RunTime:0.0016s ]
SQL: SHOW COLUMNS FROM `fofs_startup_company` [ RunTime:0.0076s ]
SQL: SELECT * FROM `fofs_startup_company` WHERE `state` <> 400 AND `institution_abbr` LIKE '%资本%'  [ RunTime:0.0016s ]
SQL: SHOW COLUMNS FROM `fofs_fa` [ RunTime:0.0083s ]
SQL: SELECT * FROM `fofs_fa` WHERE `state` <> 400 AND `institution_abbr` LIKE '%资本%'  [ RunTime:0.0015s ]
SQL: SHOW COLUMNS FROM `fofs_legal_agency` [ RunTime:0.0074s ]
SQL: SELECT * FROM `fofs_legal_agency` WHERE `state` <> 400 AND `institution_abbr` LIKE '%资本%'  [ RunTime:0.0017s ]
SQL: SHOW COLUMNS FROM `fofs_financial_institution` [ RunTime:0.0079s ]
SQL: SELECT * FROM `fofs_financial_institution` WHERE `state` <> 400 AND `institution_abbr` LIKE '%资本%'  [ RunTime:0.0017s ]
SQL: SHOW COLUMNS FROM `fofs_business_incubator` [ RunTime:0.0099s ]
SQL: SELECT * FROM `fofs_business_incubator` WHERE `state` <> 400 AND `institution_abbr` LIKE '%资本%'  [ RunTime:0.0016s ]
SQL: SHOW COLUMNS FROM `fofs_other_institution` [ RunTime:0.0082s ]
SQL: SELECT * FROM `fofs_other_institution` WHERE `state` <> 400 AND `institution_abbr` LIKE '%资本%'  [ RunTime:0.0015s ]
INFO: [ view_parse ] --START--
INFO: [ template_filter ] --START--
INFO: Run Behavior\ContentReplaceBehavior [ RunTime:0.000238s ]
INFO: [ template_filter ] --END-- [ RunTime:0.000316s ]
INFO: Run Behavior\ParseTemplateBehavior [ RunTime:0.025193s ]
INFO: [ view_parse ] --END-- [ RunTime:0.025262s ]
INFO: [ view_filter ] --START--
INFO: Run Behavior\WriteHtmlCacheBehavior [ RunTime:0.000599s ]
INFO: [ view_filter ] --END-- [ RunTime:0.000653s ]
INFO: [ app_end ] --START--
INFO: Run Behavior\ShowPageTraceBehavior [ RunTime:0.000985s ]
INFO: [ app_end ] --END-- [ RunTime:0.001077s ]

[ 2016-12-16T00:00:19+08:00 ] ::1 /fofs/1/index.php/Home/Search/lpProfile.html?id=3&institution_type=1
INFO: [ app_init ] --START--
INFO: Run Behavior\BuildLiteBehavior [ RunTime:0.000030s ]
INFO: [ app_init ] --END-- [ RunTime:0.000978s ]
INFO: [ app_begin ] --START--
INFO: Run Behavior\ReadHtmlCacheBehavior [ RunTime:0.001464s ]
INFO: Run Behavior\CheckLangBehavior [ RunTime:0.004077s ]
INFO: [ app_begin ] --END-- [ RunTime:0.005809s ]
NOTIC: [8] A session had already been started - ignoring session_start() D:\phpStudy\WWW\fofs\1\ThinkPHP\Common\functions.php 第 1263 行.
SQL: SHOW COLUMNS FROM `fofs_lp` [ RunTime:0.0100s ]
SQL: SELECT * FROM `fofs_lp` WHERE `id` = 3 LIMIT 1   [ RunTime:0.0018s ]
SQL: SHOW COLUMNS FROM `fofs_senior_executive` [ RunTime:0.0069s ]
SQL: SELECT * FROM `fofs_senior_executive` WHERE `institution_type` = 1 AND `institution_id` = 3  [ RunTime:0.0015s ]
SQL: SHOW COLUMNS FROM `fofs_business_experience` [ RunTime:0.0091s ]
SQL: SELECT * FROM `fofs_business_experience` WHERE `senior_executive_id` = 18  [ RunTime:0.0015s ]
SQL: SELECT * FROM `fofs_business_experience` WHERE `senior_executive_id` = 17  [ RunTime:0.0013s ]
SQL: SELECT * FROM `fofs_business_experience` WHERE `senior_executive_id` = 16  [ RunTime:0.0013s ]
SQL: SHOW COLUMNS FROM `fofs_lp_fund_product` [ RunTime:0.0073s ]
SQL: SELECT * FROM `fofs_lp_fund_product` WHERE `institution_type` = 1 AND `institution_id` = 3  [ RunTime:0.0018s ]
SQL: SHOW COLUMNS FROM `fofs_investment_project` [ RunTime:0.0074s ]
SQL: SELECT * FROM `fofs_investment_project` WHERE `fund_id` = 1  [ RunTime:0.0015s ]
SQL: SELECT * FROM `fofs_investment_project` WHERE `fund_id` = 2  [ RunTime:0.0014s ]
SQL: SELECT `is_fofs_member` FROM `fofs_lp` WHERE `id` = 3 LIMIT 1   [ RunTime:0.0016s ]
SQL: SHOW COLUMNS FROM `fofs_auth_group_access` [ RunTime:0.0065s ]
SQL: SELECT `uid`,`group_id`,`title`,`rules` FROM fofs_auth_group_access a INNER JOIN fofs_auth_group g on a.group_id=g.id  WHERE ( a.uid='LpMem' and g.status='1' )  [ RunTime:0.0017s ]
SQL: SHOW COLUMNS FROM `fofs_auth_rule` [ RunTime:0.0088s ]
SQL: SELECT `condition`,`name` FROM `fofs_auth_rule` WHERE `id` IN ('5','7','10','11','12','15','18','23','28','31','34','36','38','41') AND `type` = 1 AND `status` = 1  [ RunTime:0.0015s ]
SQL: SELECT `is_fofs_member` FROM `fofs_lp` WHERE `id` = 3 LIMIT 1   [ RunTime:0.0014s ]
SQL: SELECT `is_fofs_member` FROM `fofs_lp` WHERE `id` = 3 LIMIT 1   [ RunTime:0.0014s ]
SQL: SELECT `is_fofs_member` FROM `fofs_lp` WHERE `id` = 3 LIMIT 1   [ RunTime:0.0014s ]
SQL: SELECT `is_fofs_member` FROM `fofs_lp` WHERE `id` = 3 LIMIT 1   [ RunTime:0.0013s ]
SQL: SELECT `is_fofs_member` FROM `fofs_lp` WHERE `id` = 3 LIMIT 1   [ RunTime:0.0013s ]
SQL: SELECT `is_fofs_member` FROM `fofs_lp` WHERE `id` = 3 LIMIT 1   [ RunTime:0.0018s ]
SQL: SELECT `is_fofs_member` FROM `fofs_lp` WHERE `id` = 3 LIMIT 1   [ RunTime:0.0020s ]
SQL: SELECT `is_fofs_member` FROM `fofs_lp` WHERE `id` = 3 LIMIT 1   [ RunTime:0.0014s ]
SQL: SELECT `is_fofs_member` FROM `fofs_lp` WHERE `id` = 3 LIMIT 1   [ RunTime:0.0014s ]
SQL: SELECT `is_fofs_member` FROM `fofs_lp` WHERE `id` = 3 LIMIT 1   [ RunTime:0.0012s ]
SQL: SELECT `is_fofs_member` FROM `fofs_lp` WHERE `id` = 3 LIMIT 1   [ RunTime:0.0013s ]
SQL: SELECT `is_fofs_member` FROM `fofs_lp` WHERE `id` = 3 LIMIT 1   [ RunTime:0.0013s ]
SQL: SELECT `is_fofs_member` FROM `fofs_lp` WHERE `id` = 3 LIMIT 1   [ RunTime:0.0016s ]
SQL: SELECT `is_fofs_member` FROM `fofs_lp` WHERE `id` = 3 LIMIT 1   [ RunTime:0.0015s ]
INFO: [ view_parse ] --START--
INFO: [ template_filter ] --START--
INFO: Run Behavior\ContentReplaceBehavior [ RunTime:0.000645s ]
INFO: [ template_filter ] --END-- [ RunTime:0.000760s ]
NOTIC: [8] Undefined variable: keywords D:\phpStudy\WWW\fofs\1\Application\Runtime\Cache\Home\e25a7a6766f073ff0dd8356030c2865b.php 第 43 行.
INFO: Run Behavior\ParseTemplateBehavior [ RunTime:0.054999s ]
INFO: [ view_parse ] --END-- [ RunTime:0.055082s ]
INFO: [ view_filter ] --START--
INFO: Run Behavior\WriteHtmlCacheBehavior [ RunTime:0.000647s ]
INFO: [ view_filter ] --END-- [ RunTime:0.000701s ]
INFO: [ app_end ] --START--
INFO: Run Behavior\ShowPageTraceBehavior [ RunTime:0.001108s ]
INFO: [ app_end ] --END-- [ RunTime:0.001206s ]

[ 2016-12-16T00:00:24+08:00 ] ::1 /fofs/1/index.php/Home/Search/gpSearch.html
INFO: [ app_init ] --START--
INFO: Run Behavior\BuildLiteBehavior [ RunTime:0.000019s ]
INFO: [ app_init ] --END-- [ RunTime:0.000637s ]
INFO: [ app_begin ] --START--
INFO: Run Behavior\ReadHtmlCacheBehavior [ RunTime:0.000893s ]
INFO: Run Behavior\CheckLangBehavior [ RunTime:0.002505s ]
INFO: [ app_begin ] --END-- [ RunTime:0.003506s ]
NOTIC: [8] A session had already been started - ignoring session_start() D:\phpStudy\WWW\fofs\1\ThinkPHP\Common\functions.php 第 1263 行.
SQL: SHOW COLUMNS FROM `fofs_gp_fund_product` [ RunTime:0.0068s ]
NOTIC: [8] Undefined variable: where D:\phpStudy\WWW\fofs\1\Application\Home\Controller\SearchController.class.php 第 342 行.
SQL: SELECT DISTINCT  `institution_id` FROM `fofs_gp_fund_product`  [ RunTime:0.0017s ]
SQL: SHOW COLUMNS FROM `fofs_gp` [ RunTime:0.0097s ]
SQL: SELECT COUNT(*) AS tp_count FROM `fofs_gp` WHERE `state` <> 400 AND `id` IN ('2','3') LIMIT 1   [ RunTime:0.0015s ]
SQL: SELECT `id`,`institution_type`,`institution_fullname_cn`,`institution_logo_img`,`is_securities_fund`,`is_stock_fund`,`is_startup_fund`,`is_other_fund` FROM `fofs_gp` WHERE `state` <> 400 AND `id` IN ('2','3') ORDER BY id desc LIMIT 0,2   [ RunTime:0.0016s ]
SQL: SHOW COLUMNS FROM `fofs_interest_list` [ RunTime:0.0061s ]
SQL: SELECT * FROM `fofs_interest_list` WHERE `id` IN ('2','3') AND `fan_id` = 3 AND `fan_type` = 1 AND `host_id` = 3 AND `host_type` = 2  [ RunTime:0.0014s ]
SQL: SELECT * FROM `fofs_interest_list` WHERE `id` IN ('2','3') AND `fan_id` = 3 AND `fan_type` = 1 AND `host_id` = 2 AND `host_type` = 2  [ RunTime:0.0013s ]
INFO: [ view_parse ] --START--
INFO: [ template_filter ] --START--
INFO: Run Behavior\ContentReplaceBehavior [ RunTime:0.000227s ]
INFO: [ template_filter ] --END-- [ RunTime:0.000291s ]
NOTIC: [8] Undefined variable: keywords D:\phpStudy\WWW\fofs\1\Application\Runtime\Cache\Home\bc5dfa4b95e7bea426908244e271d3cb.php 第 43 行.
NOTIC: [8] Undefined variable: is_angel_investment D:\phpStudy\WWW\fofs\1\Application\Runtime\Cache\Home\bc5dfa4b95e7bea426908244e271d3cb.php 第 251 行.
NOTIC: [8] Undefined variable: is_vc_investment D:\phpStudy\WWW\fofs\1\Application\Runtime\Cache\Home\bc5dfa4b95e7bea426908244e271d3cb.php 第 252 行.
NOTIC: [8] Undefined variable: is_pe_investment D:\phpStudy\WWW\fofs\1\Application\Runtime\Cache\Home\bc5dfa4b95e7bea426908244e271d3cb.php 第 253 行.
NOTIC: [8] Undefined variable: is_other_investment D:\phpStudy\WWW\fofs\1\Application\Runtime\Cache\Home\bc5dfa4b95e7bea426908244e271d3cb.php 第 254 行.
NOTIC: [8] Undefined variable: is_securities_fund D:\phpStudy\WWW\fofs\1\Application\Runtime\Cache\Home\bc5dfa4b95e7bea426908244e271d3cb.php 第 268 行.
NOTIC: [8] Undefined variable: is_stock_fund D:\phpStudy\WWW\fofs\1\Application\Runtime\Cache\Home\bc5dfa4b95e7bea426908244e271d3cb.php 第 272 行.
NOTIC: [8] Undefined variable: is_startup_fund D:\phpStudy\WWW\fofs\1\Application\Runtime\Cache\Home\bc5dfa4b95e7bea426908244e271d3cb.php 第 276 行.
NOTIC: [8] Undefined variable: is_other_fund D:\phpStudy\WWW\fofs\1\Application\Runtime\Cache\Home\bc5dfa4b95e7bea426908244e271d3cb.php 第 280 行.
NOTIC: [8] Undefined variable: investment_field D:\phpStudy\WWW\fofs\1\Application\Runtime\Cache\Home\bc5dfa4b95e7bea426908244e271d3cb.php 第 292 行.
NOTIC: [8] Undefined variable: investment_region D:\phpStudy\WWW\fofs\1\Application\Runtime\Cache\Home\bc5dfa4b95e7bea426908244e271d3cb.php 第 304 行.
NOTIC: [8] Undefined index: is_by_followed D:\phpStudy\WWW\fofs\1\Application\Runtime\Cache\Home\bc5dfa4b95e7bea426908244e271d3cb.php 第 353 行.
NOTIC: [8] Undefined index: is_by_followed D:\phpStudy\WWW\fofs\1\Application\Runtime\Cache\Home\bc5dfa4b95e7bea426908244e271d3cb.php 第 353 行.
NOTIC: [8] Undefined variable: tip D:\phpStudy\WWW\fofs\1\Application\Runtime\Cache\Home\bc5dfa4b95e7bea426908244e271d3cb.php 第 362 行.
INFO: Run Behavior\ParseTemplateBehavior [ RunTime:0.018633s ]
INFO: [ view_parse ] --END-- [ RunTime:0.018699s ]
INFO: [ view_filter ] --START--
INFO: Run Behavior\WriteHtmlCacheBehavior [ RunTime:0.000550s ]
INFO: [ view_filter ] --END-- [ RunTime:0.000609s ]
INFO: [ app_end ] --START--
INFO: Run Behavior\ShowPageTraceBehavior [ RunTime:0.001459s ]
INFO: [ app_end ] --END-- [ RunTime:0.001580s ]

