[ 2016-11-19T14:45:31+08:00 ] ::1 /fofs/1/index.php
INFO: [ app_init ] --START--
INFO: Run Behavior\BuildLiteBehavior [ RunTime:0.000022s ]
INFO: [ app_init ] --END-- [ RunTime:0.000606s ]
INFO: [ app_begin ] --START--
INFO: Run Behavior\ReadHtmlCacheBehavior [ RunTime:0.000750s ]
INFO: Run Behavior\CheckLangBehavior [ RunTime:0.002017s ]
INFO: [ app_begin ] --END-- [ RunTime:0.002894s ]
SQL: SHOW COLUMNS FROM `fofs_article` [ RunTime:0.0241s ]
SQL: SELECT * FROM `fofs_article` WHERE `article_type` = 1 ORDER BY id desc LIMIT 1,10   [ RunTime:0.0111s ]
SQL: SELECT * FROM `fofs_article` WHERE `article_type` = 2 ORDER BY id desc LIMIT 10   [ RunTime:0.0008s ]
SQL: SELECT * FROM `fofs_article` WHERE `article_type` = 3 ORDER BY id desc LIMIT 10   [ RunTime:0.0007s ]
SQL: SELECT * FROM `fofs_article` WHERE `article_type` = 4 ORDER BY id desc LIMIT 10   [ RunTime:0.0007s ]
INFO: [ view_parse ] --START--
INFO: [ template_filter ] --START--
INFO: Run Behavior\ContentReplaceBehavior [ RunTime:0.000669s ]
INFO: [ template_filter ] --END-- [ RunTime:0.000888s ]
NOTIC: [8] Undefined variable: keywords D:\phpStudy\WWW\fofs\1\Application\Runtime\Cache\Home\2a94b8bda04ff446dcedd42276fc99ee.php 第 43 行.
NOTIC: [8] Undefined variable: link D:\phpStudy\WWW\fofs\1\Application\Runtime\Cache\Home\2a94b8bda04ff446dcedd42276fc99ee.php 第 247 行.
NOTIC: [8] Undefined variable: link D:\phpStudy\WWW\fofs\1\Application\Runtime\Cache\Home\2a94b8bda04ff446dcedd42276fc99ee.php 第 264 行.
NOTIC: [8] Undefined variable: link D:\phpStudy\WWW\fofs\1\Application\Runtime\Cache\Home\2a94b8bda04ff446dcedd42276fc99ee.php 第 281 行.
INFO: Run Behavior\ParseTemplateBehavior [ RunTime:0.105642s ]
INFO: [ view_parse ] --END-- [ RunTime:0.105753s ]
INFO: [ view_filter ] --START--
INFO: Run Behavior\WriteHtmlCacheBehavior [ RunTime:0.000651s ]
INFO: [ view_filter ] --END-- [ RunTime:0.000725s ]
INFO: [ app_end ] --START--
INFO: Run Behavior\ShowPageTraceBehavior [ RunTime:0.001282s ]
INFO: [ app_end ] --END-- [ RunTime:0.001639s ]

[ 2016-11-19T14:45:34+08:00 ] ::1 /fofs/1/index.php/Home/Individual/individualProfile
INFO: [ app_init ] --START--
INFO: Run Behavior\BuildLiteBehavior [ RunTime:0.000022s ]
INFO: [ app_init ] --END-- [ RunTime:0.000646s ]
INFO: [ app_begin ] --START--
INFO: Run Behavior\ReadHtmlCacheBehavior [ RunTime:0.001032s ]
INFO: Run Behavior\CheckLangBehavior [ RunTime:0.002127s ]
INFO: [ app_begin ] --END-- [ RunTime:0.003313s ]
SQL: SHOW COLUMNS FROM `fofs_user` [ RunTime:0.0319s ]
SQL: SELECT * FROM `fofs_user` WHERE `id` = 4 LIMIT 1   [ RunTime:0.0012s ]
INFO: [ view_parse ] --START--
INFO: [ template_filter ] --START--
INFO: Run Behavior\ContentReplaceBehavior [ RunTime:0.000236s ]
INFO: [ template_filter ] --END-- [ RunTime:0.000342s ]
NOTIC: [8] Undefined variable: keywords D:\phpStudy\WWW\fofs\1\Application\Runtime\Cache\Home\3ae7c2c803142a2481cb7e98492ba7d4.php 第 43 行.
NOTIC: [8] Undefined variable: amount D:\phpStudy\WWW\fofs\1\Application\Runtime\Cache\Home\3ae7c2c803142a2481cb7e98492ba7d4.php 第 291 行.
NOTIC: [8] Undefined variable: amount D:\phpStudy\WWW\fofs\1\Application\Runtime\Cache\Home\3ae7c2c803142a2481cb7e98492ba7d4.php 第 307 行.
NOTIC: [8] Undefined variable: amount D:\phpStudy\WWW\fofs\1\Application\Runtime\Cache\Home\3ae7c2c803142a2481cb7e98492ba7d4.php 第 308 行.
INFO: Run Behavior\ParseTemplateBehavior [ RunTime:0.024128s ]
INFO: [ view_parse ] --END-- [ RunTime:0.024239s ]
INFO: [ view_filter ] --START--
INFO: Run Behavior\WriteHtmlCacheBehavior [ RunTime:0.000671s ]
INFO: [ view_filter ] --END-- [ RunTime:0.000747s ]
INFO: [ app_end ] --START--
INFO: Run Behavior\ShowPageTraceBehavior [ RunTime:0.000923s ]
INFO: [ app_end ] --END-- [ RunTime:0.001029s ]

[ 2016-11-19T14:45:36+08:00 ] ::1 /fofs/1/index.php/Home/Individual/myCompany.html
INFO: [ app_init ] --START--
INFO: Run Behavior\BuildLiteBehavior [ RunTime:0.000031s ]
INFO: [ app_init ] --END-- [ RunTime:0.000655s ]
INFO: [ app_begin ] --START--
INFO: Run Behavior\ReadHtmlCacheBehavior [ RunTime:0.000746s ]
INFO: Run Behavior\CheckLangBehavior [ RunTime:0.001977s ]
INFO: [ app_begin ] --END-- [ RunTime:0.002852s ]
SQL: SHOW COLUMNS FROM `fofs_user` [ RunTime:0.0060s ]
SQL: SELECT * FROM `fofs_user` WHERE `id` = 4 LIMIT 1   [ RunTime:0.0008s ]
NOTIC: [8] Undefined index: institution_type D:\phpStudy\WWW\fofs\1\Application\Home\Controller\IndividualController.class.php 第 94 行.
INFO: [ view_parse ] --START--
INFO: [ template_filter ] --START--
INFO: Run Behavior\ContentReplaceBehavior [ RunTime:0.000226s ]
INFO: [ template_filter ] --END-- [ RunTime:0.000317s ]
NOTIC: [8] Undefined variable: keywords D:\phpStudy\WWW\fofs\1\Application\Runtime\Cache\Home\f4853f3fe82bf03a01ab6378f867d3ba.php 第 43 行.
NOTIC: [8] Undefined variable: amount D:\phpStudy\WWW\fofs\1\Application\Runtime\Cache\Home\f4853f3fe82bf03a01ab6378f867d3ba.php 第 291 行.
NOTIC: [8] Undefined variable: amount D:\phpStudy\WWW\fofs\1\Application\Runtime\Cache\Home\f4853f3fe82bf03a01ab6378f867d3ba.php 第 307 行.
NOTIC: [8] Undefined variable: amount D:\phpStudy\WWW\fofs\1\Application\Runtime\Cache\Home\f4853f3fe82bf03a01ab6378f867d3ba.php 第 308 行.
NOTIC: [8] Undefined variable: search_result D:\phpStudy\WWW\fofs\1\Application\Runtime\Cache\Home\f4853f3fe82bf03a01ab6378f867d3ba.php 第 410 行.
NOTIC: [8] Undefined variable: search_result D:\phpStudy\WWW\fofs\1\Application\Runtime\Cache\Home\f4853f3fe82bf03a01ab6378f867d3ba.php 第 411 行.
NOTIC: [8] Undefined variable: search_result D:\phpStudy\WWW\fofs\1\Application\Runtime\Cache\Home\f4853f3fe82bf03a01ab6378f867d3ba.php 第 420 行.
NOTIC: [8] Undefined variable: search_result D:\phpStudy\WWW\fofs\1\Application\Runtime\Cache\Home\f4853f3fe82bf03a01ab6378f867d3ba.php 第 421 行.
NOTIC: [8] Undefined variable: search_result D:\phpStudy\WWW\fofs\1\Application\Runtime\Cache\Home\f4853f3fe82bf03a01ab6378f867d3ba.php 第 422 行.
NOTIC: [8] Undefined variable: search_result D:\phpStudy\WWW\fofs\1\Application\Runtime\Cache\Home\f4853f3fe82bf03a01ab6378f867d3ba.php 第 423 行.
NOTIC: [8] Undefined variable: search_result D:\phpStudy\WWW\fofs\1\Application\Runtime\Cache\Home\f4853f3fe82bf03a01ab6378f867d3ba.php 第 424 行.
NOTIC: [8] Undefined variable: search_result D:\phpStudy\WWW\fofs\1\Application\Runtime\Cache\Home\f4853f3fe82bf03a01ab6378f867d3ba.php 第 425 行.
NOTIC: [8] Undefined variable: search_result D:\phpStudy\WWW\fofs\1\Application\Runtime\Cache\Home\f4853f3fe82bf03a01ab6378f867d3ba.php 第 426 行.
INFO: Run Behavior\ParseTemplateBehavior [ RunTime:0.018803s ]
INFO: [ view_parse ] --END-- [ RunTime:0.018877s ]
INFO: [ view_filter ] --START--
INFO: Run Behavior\WriteHtmlCacheBehavior [ RunTime:0.000432s ]
INFO: [ view_filter ] --END-- [ RunTime:0.000505s ]
INFO: [ app_end ] --START--
INFO: Run Behavior\ShowPageTraceBehavior [ RunTime:0.000730s ]
INFO: [ app_end ] --END-- [ RunTime:0.000807s ]

[ 2016-11-19T14:45:42+08:00 ] ::1 /fofs/1/index.php/Home/Individual/myCompany.html
INFO: [ app_init ] --START--
INFO: Run Behavior\BuildLiteBehavior [ RunTime:0.000019s ]
INFO: [ app_init ] --END-- [ RunTime:0.000542s ]
INFO: [ app_begin ] --START--
INFO: Run Behavior\ReadHtmlCacheBehavior [ RunTime:0.001031s ]
INFO: Run Behavior\CheckLangBehavior [ RunTime:0.001975s ]
INFO: [ app_begin ] --END-- [ RunTime:0.003199s ]
SQL: SHOW COLUMNS FROM `fofs_user` [ RunTime:0.0052s ]
SQL: SELECT * FROM `fofs_user` WHERE `id` = 4 LIMIT 1   [ RunTime:0.0008s ]
SQL: SHOW COLUMNS FROM `fofs_startup_company` [ RunTime:0.1723s ]
SQL: SELECT `id`,`institution_type`,`institution_abbr`,`institution_fullname_cn` FROM `fofs_startup_company` WHERE (  (institution_abbr like "%dfadfa%")  OR ( institution_fullname_cn like "dfadfa")  )  [ RunTime:0.0525s ]
INFO: [ view_parse ] --START--
INFO: [ template_filter ] --START--
INFO: Run Behavior\ContentReplaceBehavior [ RunTime:0.000212s ]
INFO: [ template_filter ] --END-- [ RunTime:0.000310s ]
NOTIC: [8] Undefined variable: keywords D:\phpStudy\WWW\fofs\1\Application\Runtime\Cache\Home\f4853f3fe82bf03a01ab6378f867d3ba.php 第 43 行.
NOTIC: [8] Undefined variable: amount D:\phpStudy\WWW\fofs\1\Application\Runtime\Cache\Home\f4853f3fe82bf03a01ab6378f867d3ba.php 第 291 行.
NOTIC: [8] Undefined variable: amount D:\phpStudy\WWW\fofs\1\Application\Runtime\Cache\Home\f4853f3fe82bf03a01ab6378f867d3ba.php 第 307 行.
NOTIC: [8] Undefined variable: amount D:\phpStudy\WWW\fofs\1\Application\Runtime\Cache\Home\f4853f3fe82bf03a01ab6378f867d3ba.php 第 308 行.
NOTIC: [8] Undefined variable: search_result D:\phpStudy\WWW\fofs\1\Application\Runtime\Cache\Home\f4853f3fe82bf03a01ab6378f867d3ba.php 第 410 行.
NOTIC: [8] Undefined variable: search_result D:\phpStudy\WWW\fofs\1\Application\Runtime\Cache\Home\f4853f3fe82bf03a01ab6378f867d3ba.php 第 411 行.
NOTIC: [8] Undefined variable: search_result D:\phpStudy\WWW\fofs\1\Application\Runtime\Cache\Home\f4853f3fe82bf03a01ab6378f867d3ba.php 第 420 行.
NOTIC: [8] Undefined variable: search_result D:\phpStudy\WWW\fofs\1\Application\Runtime\Cache\Home\f4853f3fe82bf03a01ab6378f867d3ba.php 第 421 行.
NOTIC: [8] Undefined variable: search_result D:\phpStudy\WWW\fofs\1\Application\Runtime\Cache\Home\f4853f3fe82bf03a01ab6378f867d3ba.php 第 422 行.
NOTIC: [8] Undefined variable: search_result D:\phpStudy\WWW\fofs\1\Application\Runtime\Cache\Home\f4853f3fe82bf03a01ab6378f867d3ba.php 第 423 行.
NOTIC: [8] Undefined variable: search_result D:\phpStudy\WWW\fofs\1\Application\Runtime\Cache\Home\f4853f3fe82bf03a01ab6378f867d3ba.php 第 424 行.
NOTIC: [8] Undefined variable: search_result D:\phpStudy\WWW\fofs\1\Application\Runtime\Cache\Home\f4853f3fe82bf03a01ab6378f867d3ba.php 第 425 行.
NOTIC: [8] Undefined variable: search_result D:\phpStudy\WWW\fofs\1\Application\Runtime\Cache\Home\f4853f3fe82bf03a01ab6378f867d3ba.php 第 426 行.
INFO: Run Behavior\ParseTemplateBehavior [ RunTime:0.021006s ]
INFO: [ view_parse ] --END-- [ RunTime:0.021095s ]
INFO: [ view_filter ] --START--
INFO: Run Behavior\WriteHtmlCacheBehavior [ RunTime:0.000521s ]
INFO: [ view_filter ] --END-- [ RunTime:0.000588s ]
INFO: [ app_end ] --START--
INFO: Run Behavior\ShowPageTraceBehavior [ RunTime:0.000821s ]
INFO: [ app_end ] --END-- [ RunTime:0.000929s ]

[ 2016-11-19T14:46:13+08:00 ] ::1 /fofs/1/index.php/Home
INFO: [ app_init ] --START--
INFO: Run Behavior\BuildLiteBehavior [ RunTime:0.000024s ]
INFO: [ app_init ] --END-- [ RunTime:0.000619s ]
INFO: [ app_begin ] --START--
INFO: Run Behavior\ReadHtmlCacheBehavior [ RunTime:0.000772s ]
INFO: Run Behavior\CheckLangBehavior [ RunTime:0.002071s ]
INFO: [ app_begin ] --END-- [ RunTime:0.003003s ]
SQL: SHOW COLUMNS FROM `fofs_article` [ RunTime:0.0052s ]
SQL: SELECT * FROM `fofs_article` WHERE `article_type` = 1 ORDER BY id desc LIMIT 1,10   [ RunTime:0.0011s ]
SQL: SELECT * FROM `fofs_article` WHERE `article_type` = 2 ORDER BY id desc LIMIT 10   [ RunTime:0.0009s ]
SQL: SELECT * FROM `fofs_article` WHERE `article_type` = 3 ORDER BY id desc LIMIT 10   [ RunTime:0.0007s ]
SQL: SELECT * FROM `fofs_article` WHERE `article_type` = 4 ORDER BY id desc LIMIT 10   [ RunTime:0.0007s ]
INFO: [ view_parse ] --START--
INFO: [ template_filter ] --START--
INFO: Run Behavior\ContentReplaceBehavior [ RunTime:0.000207s ]
INFO: [ template_filter ] --END-- [ RunTime:0.000293s ]
NOTIC: [8] Undefined variable: keywords D:\phpStudy\WWW\fofs\1\Application\Runtime\Cache\Home\2a94b8bda04ff446dcedd42276fc99ee.php 第 43 行.
NOTIC: [8] Undefined variable: link D:\phpStudy\WWW\fofs\1\Application\Runtime\Cache\Home\2a94b8bda04ff446dcedd42276fc99ee.php 第 247 行.
NOTIC: [8] Undefined variable: link D:\phpStudy\WWW\fofs\1\Application\Runtime\Cache\Home\2a94b8bda04ff446dcedd42276fc99ee.php 第 264 行.
NOTIC: [8] Undefined variable: link D:\phpStudy\WWW\fofs\1\Application\Runtime\Cache\Home\2a94b8bda04ff446dcedd42276fc99ee.php 第 281 行.
INFO: Run Behavior\ParseTemplateBehavior [ RunTime:0.026617s ]
INFO: [ view_parse ] --END-- [ RunTime:0.026699s ]
INFO: [ view_filter ] --START--
INFO: Run Behavior\WriteHtmlCacheBehavior [ RunTime:0.000465s ]
INFO: [ view_filter ] --END-- [ RunTime:0.000529s ]
INFO: [ app_end ] --START--
INFO: Run Behavior\ShowPageTraceBehavior [ RunTime:0.001375s ]
INFO: [ app_end ] --END-- [ RunTime:0.001481s ]

[ 2016-11-19T14:46:15+08:00 ] ::1 /fofs/1/index.php/Home/Search/lpSearch.html
INFO: [ app_init ] --START--
INFO: Run Behavior\BuildLiteBehavior [ RunTime:0.000021s ]
INFO: [ app_init ] --END-- [ RunTime:0.000514s ]
INFO: [ app_begin ] --START--
INFO: Run Behavior\ReadHtmlCacheBehavior [ RunTime:0.000728s ]
INFO: Run Behavior\CheckLangBehavior [ RunTime:0.002010s ]
INFO: [ app_begin ] --END-- [ RunTime:0.002875s ]
SQL: SHOW COLUMNS FROM `fofs_lp_fund_product` [ RunTime:0.0511s ]
NOTIC: [8] Undefined variable: where D:\phpStudy\WWW\fofs\1\Application\Home\Controller\SearchController.class.php 第 157 行.
SQL: SELECT DISTINCT  `institution_id` FROM `fofs_lp_fund_product`  [ RunTime:0.0168s ]
SQL: SHOW COLUMNS FROM `fofs_lp` [ RunTime:0.0267s ]
SQL: SELECT COUNT(*) AS tp_count FROM `fofs_lp` WHERE `id` IN ('3','4') LIMIT 1   [ RunTime:0.0256s ]
SQL: SELECT `id`,`institution_type`,`institution_fullname_cn`,`institution_logo_img`,`is_securities_fund`,`is_stock_fund`,`is_startup_fund`,`is_other_fund` FROM `fofs_lp` WHERE `id` IN ('3','4') ORDER BY id desc LIMIT 0,2   [ RunTime:0.0143s ]
SQL: SHOW COLUMNS FROM `fofs_interest_list` [ RunTime:0.0258s ]
SQL: SELECT * FROM `fofs_interest_list` WHERE `id` IN ('3','4') AND `fan_id` = 4 AND `fan_type` = 9 AND `host_id` = 4 AND `host_type` = 1  [ RunTime:0.0008s ]
SQL: SELECT * FROM `fofs_interest_list` WHERE `id` IN ('3','4') AND `fan_id` = 4 AND `fan_type` = 9 AND `host_id` = 3 AND `host_type` = 1  [ RunTime:0.0007s ]
INFO: [ view_parse ] --START--
INFO: [ template_filter ] --START--
INFO: Run Behavior\ContentReplaceBehavior [ RunTime:0.000189s ]
INFO: [ template_filter ] --END-- [ RunTime:0.000275s ]
NOTIC: [8] Undefined variable: keywords D:\phpStudy\WWW\fofs\1\Application\Runtime\Cache\Home\46ffef79ff36275cb149efd05d9222a4.php 第 43 行.
NOTIC: [8] Undefined variable: is_government_guidance D:\phpStudy\WWW\fofs\1\Application\Runtime\Cache\Home\46ffef79ff36275cb149efd05d9222a4.php 第 251 行.
NOTIC: [8] Undefined variable: is_private_capital D:\phpStudy\WWW\fofs\1\Application\Runtime\Cache\Home\46ffef79ff36275cb149efd05d9222a4.php 第 252 行.
NOTIC: [8] Undefined variable: is_state_owned D:\phpStudy\WWW\fofs\1\Application\Runtime\Cache\Home\46ffef79ff36275cb149efd05d9222a4.php 第 253 行.
NOTIC: [8] Undefined variable: is_investment_security D:\phpStudy\WWW\fofs\1\Application\Runtime\Cache\Home\46ffef79ff36275cb149efd05d9222a4.php 第 266 行.
NOTIC: [8] Undefined variable: is_equity_investment D:\phpStudy\WWW\fofs\1\Application\Runtime\Cache\Home\46ffef79ff36275cb149efd05d9222a4.php 第 270 行.
NOTIC: [8] Undefined variable: is_venture_investment D:\phpStudy\WWW\fofs\1\Application\Runtime\Cache\Home\46ffef79ff36275cb149efd05d9222a4.php 第 274 行.
NOTIC: [8] Undefined variable: is_other_investment D:\phpStudy\WWW\fofs\1\Application\Runtime\Cache\Home\46ffef79ff36275cb149efd05d9222a4.php 第 278 行.
NOTIC: [8] Undefined variable: investment_field D:\phpStudy\WWW\fofs\1\Application\Runtime\Cache\Home\46ffef79ff36275cb149efd05d9222a4.php 第 291 行.
NOTIC: [8] Undefined index: is_by_followed D:\phpStudy\WWW\fofs\1\Application\Runtime\Cache\Home\46ffef79ff36275cb149efd05d9222a4.php 第 371 行.
NOTIC: [8] Undefined index: is_by_followed D:\phpStudy\WWW\fofs\1\Application\Runtime\Cache\Home\46ffef79ff36275cb149efd05d9222a4.php 第 371 行.
NOTIC: [8] Undefined variable: tip D:\phpStudy\WWW\fofs\1\Application\Runtime\Cache\Home\46ffef79ff36275cb149efd05d9222a4.php 第 380 行.
INFO: Run Behavior\ParseTemplateBehavior [ RunTime:0.032767s ]
INFO: [ view_parse ] --END-- [ RunTime:0.032847s ]
INFO: [ view_filter ] --START--
INFO: Run Behavior\WriteHtmlCacheBehavior [ RunTime:0.000450s ]
INFO: [ view_filter ] --END-- [ RunTime:0.000510s ]
INFO: [ app_end ] --START--
INFO: Run Behavior\ShowPageTraceBehavior [ RunTime:0.000937s ]
INFO: [ app_end ] --END-- [ RunTime:0.001024s ]

[ 2016-11-19T14:46:16+08:00 ] ::1 /fofs/1/index.php/Home/Search/gpSearch.html
INFO: [ app_init ] --START--
INFO: Run Behavior\BuildLiteBehavior [ RunTime:0.000026s ]
INFO: [ app_init ] --END-- [ RunTime:0.000698s ]
INFO: [ app_begin ] --START--
INFO: Run Behavior\ReadHtmlCacheBehavior [ RunTime:0.000694s ]
INFO: Run Behavior\CheckLangBehavior [ RunTime:0.002206s ]
INFO: [ app_begin ] --END-- [ RunTime:0.003067s ]
SQL: SHOW COLUMNS FROM `fofs_gp_fund_product` [ RunTime:0.0778s ]
NOTIC: [8] Undefined variable: where D:\phpStudy\WWW\fofs\1\Application\Home\Controller\SearchController.class.php 第 340 行.
SQL: SELECT DISTINCT  `institution_id` FROM `fofs_gp_fund_product`  [ RunTime:0.0008s ]
SQL: SHOW COLUMNS FROM `fofs_gp` [ RunTime:0.0364s ]
SQL: SELECT COUNT(*) AS tp_count FROM `fofs_gp` WHERE `id` IN ('2','3') LIMIT 1   [ RunTime:0.0008s ]
SQL: SELECT `id`,`institution_type`,`institution_fullname_cn`,`institution_logo_img`,`is_securities_fund`,`is_stock_fund`,`is_startup_fund`,`is_other_fund` FROM `fofs_gp` WHERE `id` IN ('2','3') ORDER BY id desc LIMIT 0,2   [ RunTime:0.0008s ]
SQL: SHOW COLUMNS FROM `fofs_interest_list` [ RunTime:0.0052s ]
SQL: SELECT * FROM `fofs_interest_list` WHERE `id` IN ('2','3') AND `fan_id` = 4 AND `fan_type` = 9 AND `host_id` = 3 AND `host_type` = 2  [ RunTime:0.0007s ]
SQL: SELECT * FROM `fofs_interest_list` WHERE `id` IN ('2','3') AND `fan_id` = 4 AND `fan_type` = 9 AND `host_id` = 2 AND `host_type` = 2  [ RunTime:0.0006s ]
INFO: [ view_parse ] --START--
INFO: [ template_filter ] --START--
INFO: Run Behavior\ContentReplaceBehavior [ RunTime:0.000180s ]
INFO: [ template_filter ] --END-- [ RunTime:0.000268s ]
NOTIC: [8] Undefined variable: keywords D:\phpStudy\WWW\fofs\1\Application\Runtime\Cache\Home\bc5dfa4b95e7bea426908244e271d3cb.php 第 43 行.
NOTIC: [8] Undefined variable: is_angel_investment D:\phpStudy\WWW\fofs\1\Application\Runtime\Cache\Home\bc5dfa4b95e7bea426908244e271d3cb.php 第 251 行.
NOTIC: [8] Undefined variable: is_vc_investment D:\phpStudy\WWW\fofs\1\Application\Runtime\Cache\Home\bc5dfa4b95e7bea426908244e271d3cb.php 第 252 行.
NOTIC: [8] Undefined variable: is_pe_investment D:\phpStudy\WWW\fofs\1\Application\Runtime\Cache\Home\bc5dfa4b95e7bea426908244e271d3cb.php 第 253 行.
NOTIC: [8] Undefined variable: is_other_investment D:\phpStudy\WWW\fofs\1\Application\Runtime\Cache\Home\bc5dfa4b95e7bea426908244e271d3cb.php 第 254 行.
NOTIC: [8] Undefined variable: is_securities_fund D:\phpStudy\WWW\fofs\1\Application\Runtime\Cache\Home\bc5dfa4b95e7bea426908244e271d3cb.php 第 268 行.
NOTIC: [8] Undefined variable: is_stock_fund D:\phpStudy\WWW\fofs\1\Application\Runtime\Cache\Home\bc5dfa4b95e7bea426908244e271d3cb.php 第 272 行.
NOTIC: [8] Undefined variable: is_startup_fund D:\phpStudy\WWW\fofs\1\Application\Runtime\Cache\Home\bc5dfa4b95e7bea426908244e271d3cb.php 第 276 行.
NOTIC: [8] Undefined variable: is_other_fund D:\phpStudy\WWW\fofs\1\Application\Runtime\Cache\Home\bc5dfa4b95e7bea426908244e271d3cb.php 第 280 行.
NOTIC: [8] Undefined variable: investment_field D:\phpStudy\WWW\fofs\1\Application\Runtime\Cache\Home\bc5dfa4b95e7bea426908244e271d3cb.php 第 292 行.
NOTIC: [8] Undefined variable: investment_region D:\phpStudy\WWW\fofs\1\Application\Runtime\Cache\Home\bc5dfa4b95e7bea426908244e271d3cb.php 第 304 行.
NOTIC: [8] Undefined index: is_by_followed D:\phpStudy\WWW\fofs\1\Application\Runtime\Cache\Home\bc5dfa4b95e7bea426908244e271d3cb.php 第 353 行.
NOTIC: [8] Undefined index: is_by_followed D:\phpStudy\WWW\fofs\1\Application\Runtime\Cache\Home\bc5dfa4b95e7bea426908244e271d3cb.php 第 353 行.
NOTIC: [8] Undefined variable: tip D:\phpStudy\WWW\fofs\1\Application\Runtime\Cache\Home\bc5dfa4b95e7bea426908244e271d3cb.php 第 362 行.
INFO: Run Behavior\ParseTemplateBehavior [ RunTime:0.028428s ]
INFO: [ view_parse ] --END-- [ RunTime:0.028506s ]
INFO: [ view_filter ] --START--
INFO: Run Behavior\WriteHtmlCacheBehavior [ RunTime:0.000607s ]
INFO: [ view_filter ] --END-- [ RunTime:0.000688s ]
INFO: [ app_end ] --START--
INFO: Run Behavior\ShowPageTraceBehavior [ RunTime:0.001339s ]
INFO: [ app_end ] --END-- [ RunTime:0.001505s ]

[ 2016-11-19T14:46:16+08:00 ] ::1 /fofs/1/index.php/Home/Search/startUpSearch.html
INFO: [ app_init ] --START--
INFO: Run Behavior\BuildLiteBehavior [ RunTime:0.000021s ]
INFO: [ app_init ] --END-- [ RunTime:0.000610s ]
INFO: [ app_begin ] --START--
INFO: Run Behavior\ReadHtmlCacheBehavior [ RunTime:0.000680s ]
INFO: Run Behavior\CheckLangBehavior [ RunTime:0.002150s ]
INFO: [ app_begin ] --END-- [ RunTime:0.003018s ]
SQL: SHOW COLUMNS FROM `fofs_startup_company` [ RunTime:0.0058s ]
NOTIC: [8] Undefined variable: where D:\phpStudy\WWW\fofs\1\Application\Home\Controller\SearchController.class.php 第 479 行.
SQL: SELECT COUNT(*) AS tp_count FROM `fofs_startup_company` LIMIT 1   [ RunTime:0.0007s ]
NOTIC: [8] Undefined variable: where D:\phpStudy\WWW\fofs\1\Application\Home\Controller\SearchController.class.php 第 485 行.
SQL: SELECT `id`,`institution_type`,`institution_abbr`,`institution_logo_img`,`institution_abstract` FROM `fofs_startup_company` ORDER BY id desc LIMIT 0,2   [ RunTime:0.0007s ]
SQL: SHOW COLUMNS FROM `fofs_interest_list` [ RunTime:0.0059s ]
SQL: SELECT * FROM `fofs_interest_list` WHERE `fan_id` = 4 AND `fan_type` = 9 AND `host_id` = 4 AND `host_type` = 3  [ RunTime:0.0007s ]
INFO: [ view_parse ] --START--
INFO: [ template_filter ] --START--
INFO: Run Behavior\ContentReplaceBehavior [ RunTime:0.000284s ]
INFO: [ template_filter ] --END-- [ RunTime:0.000375s ]
NOTIC: [8] Undefined variable: keywords D:\phpStudy\WWW\fofs\1\Application\Runtime\Cache\Home\fd14eb71e03cf537c69feac2cf21ba1d.php 第 43 行.
NOTIC: [8] Undefined index: is_by_followed D:\phpStudy\WWW\fofs\1\Application\Runtime\Cache\Home\fd14eb71e03cf537c69feac2cf21ba1d.php 第 264 行.
INFO: Run Behavior\ParseTemplateBehavior [ RunTime:0.032653s ]
INFO: [ view_parse ] --END-- [ RunTime:0.032733s ]
INFO: [ view_filter ] --START--
INFO: Run Behavior\WriteHtmlCacheBehavior [ RunTime:0.000468s ]
INFO: [ view_filter ] --END-- [ RunTime:0.000531s ]
INFO: [ app_end ] --START--
INFO: Run Behavior\ShowPageTraceBehavior [ RunTime:0.000821s ]
INFO: [ app_end ] --END-- [ RunTime:0.000917s ]

[ 2016-11-19T14:46:17+08:00 ] ::1 /fofs/1/index.php/Home/Search/saSearch.html
INFO: [ app_init ] --START--
INFO: Run Behavior\BuildLiteBehavior [ RunTime:0.000021s ]
INFO: [ app_init ] --END-- [ RunTime:0.000556s ]
INFO: [ app_begin ] --START--
INFO: Run Behavior\ReadHtmlCacheBehavior [ RunTime:0.000930s ]
INFO: Run Behavior\CheckLangBehavior [ RunTime:0.002023s ]
INFO: [ app_begin ] --END-- [ RunTime:0.003107s ]
SQL: SHOW COLUMNS FROM `fofs_fa` [ RunTime:0.0609s ]
NOTIC: [8] Undefined variable: where D:\phpStudy\WWW\fofs\1\Application\Home\Controller\SearchController.class.php 第 587 行.
SQL: SELECT COUNT(*) AS tp_count FROM `fofs_fa` LIMIT 1   [ RunTime:0.0007s ]
NOTIC: [8] Undefined variable: where D:\phpStudy\WWW\fofs\1\Application\Home\Controller\SearchController.class.php 第 595 行.
SQL: SELECT `id`,`institution_type`,`institution_fullname_cn`,`institution_logo_img` FROM `fofs_fa`  [ RunTime:0.0008s ]
SQL: SHOW COLUMNS FROM `fofs_interest_list` [ RunTime:0.0065s ]
SQL: SELECT * FROM `fofs_interest_list` WHERE `fan_id` = 4 AND `fan_type` = 9 AND `host_id` = 1 AND `host_type` = 4  [ RunTime:0.0008s ]
INFO: [ view_parse ] --START--
INFO: [ template_filter ] --START--
INFO: Run Behavior\ContentReplaceBehavior [ RunTime:0.000219s ]
INFO: [ template_filter ] --END-- [ RunTime:0.000309s ]
NOTIC: [8] Undefined variable: keywords D:\phpStudy\WWW\fofs\1\Application\Runtime\Cache\Home\4ec7caa947d9c0bdf76399e5da119be9.php 第 43 行.
NOTIC: [8] Undefined variable: results2 D:\phpStudy\WWW\fofs\1\Application\Runtime\Cache\Home\4ec7caa947d9c0bdf76399e5da119be9.php 第 295 行.
NOTIC: [8] Undefined variable: results3 D:\phpStudy\WWW\fofs\1\Application\Runtime\Cache\Home\4ec7caa947d9c0bdf76399e5da119be9.php 第 338 行.
NOTIC: [8] Undefined variable: results4 D:\phpStudy\WWW\fofs\1\Application\Runtime\Cache\Home\4ec7caa947d9c0bdf76399e5da119be9.php 第 384 行.
NOTIC: [8] Undefined variable: results5 D:\phpStudy\WWW\fofs\1\Application\Runtime\Cache\Home\4ec7caa947d9c0bdf76399e5da119be9.php 第 427 行.
INFO: Run Behavior\ParseTemplateBehavior [ RunTime:0.052732s ]
INFO: [ view_parse ] --END-- [ RunTime:0.052819s ]
INFO: [ view_filter ] --START--
INFO: Run Behavior\WriteHtmlCacheBehavior [ RunTime:0.000473s ]
INFO: [ view_filter ] --END-- [ RunTime:0.000536s ]
INFO: [ app_end ] --START--
INFO: Run Behavior\ShowPageTraceBehavior [ RunTime:0.000817s ]
INFO: [ app_end ] --END-- [ RunTime:0.000917s ]

[ 2016-11-19T14:46:17+08:00 ] ::1 /fofs/1/index.php/Home/Cooperations/cooperations.html
INFO: [ app_init ] --START--
INFO: Run Behavior\BuildLiteBehavior [ RunTime:0.000021s ]
INFO: [ app_init ] --END-- [ RunTime:0.000588s ]
INFO: [ app_begin ] --START--
INFO: Run Behavior\ReadHtmlCacheBehavior [ RunTime:0.000718s ]
INFO: Run Behavior\CheckLangBehavior [ RunTime:0.001769s ]
INFO: [ app_begin ] --END-- [ RunTime:0.002626s ]
SQL: SHOW COLUMNS FROM `fofs_article` [ RunTime:0.0051s ]
SQL: SELECT * FROM `fofs_article` WHERE `article_type` = 15 LIMIT 1   [ RunTime:0.0008s ]
INFO: [ view_parse ] --START--
INFO: [ template_filter ] --START--
INFO: Run Behavior\ContentReplaceBehavior [ RunTime:0.000284s ]
INFO: [ template_filter ] --END-- [ RunTime:0.000477s ]
NOTIC: [8] Undefined variable: keywords D:\phpStudy\WWW\fofs\1\Application\Runtime\Cache\Home\478e3e619b4480cfba981fff560fed19.php 第 43 行.
INFO: Run Behavior\ParseTemplateBehavior [ RunTime:0.083543s ]
INFO: [ view_parse ] --END-- [ RunTime:0.083686s ]
INFO: [ view_filter ] --START--
INFO: Run Behavior\WriteHtmlCacheBehavior [ RunTime:0.001064s ]
INFO: [ view_filter ] --END-- [ RunTime:0.001233s ]
INFO: [ app_end ] --START--
INFO: Run Behavior\ShowPageTraceBehavior [ RunTime:0.002497s ]
INFO: [ app_end ] --END-- [ RunTime:0.002849s ]

[ 2016-11-19T14:46:18+08:00 ] ::1 /fofs/1/index.php/Home/Search/saSearch.html
INFO: [ app_init ] --START--
INFO: Run Behavior\BuildLiteBehavior [ RunTime:0.000021s ]
INFO: [ app_init ] --END-- [ RunTime:0.000604s ]
INFO: [ app_begin ] --START--
INFO: Run Behavior\ReadHtmlCacheBehavior [ RunTime:0.000720s ]
INFO: Run Behavior\CheckLangBehavior [ RunTime:0.001920s ]
INFO: [ app_begin ] --END-- [ RunTime:0.002799s ]
SQL: SHOW COLUMNS FROM `fofs_fa` [ RunTime:0.0058s ]
NOTIC: [8] Undefined variable: where D:\phpStudy\WWW\fofs\1\Application\Home\Controller\SearchController.class.php 第 587 行.
SQL: SELECT COUNT(*) AS tp_count FROM `fofs_fa` LIMIT 1   [ RunTime:0.0006s ]
NOTIC: [8] Undefined variable: where D:\phpStudy\WWW\fofs\1\Application\Home\Controller\SearchController.class.php 第 595 行.
SQL: SELECT `id`,`institution_type`,`institution_fullname_cn`,`institution_logo_img` FROM `fofs_fa`  [ RunTime:0.0006s ]
SQL: SHOW COLUMNS FROM `fofs_interest_list` [ RunTime:0.0047s ]
SQL: SELECT * FROM `fofs_interest_list` WHERE `fan_id` = 4 AND `fan_type` = 9 AND `host_id` = 1 AND `host_type` = 4  [ RunTime:0.0010s ]
INFO: [ view_parse ] --START--
INFO: [ template_filter ] --START--
INFO: Run Behavior\ContentReplaceBehavior [ RunTime:0.000214s ]
INFO: [ template_filter ] --END-- [ RunTime:0.000314s ]
NOTIC: [8] Undefined variable: keywords D:\phpStudy\WWW\fofs\1\Application\Runtime\Cache\Home\4ec7caa947d9c0bdf76399e5da119be9.php 第 43 行.
NOTIC: [8] Undefined variable: results2 D:\phpStudy\WWW\fofs\1\Application\Runtime\Cache\Home\4ec7caa947d9c0bdf76399e5da119be9.php 第 295 行.
NOTIC: [8] Undefined variable: results3 D:\phpStudy\WWW\fofs\1\Application\Runtime\Cache\Home\4ec7caa947d9c0bdf76399e5da119be9.php 第 338 行.
NOTIC: [8] Undefined variable: results4 D:\phpStudy\WWW\fofs\1\Application\Runtime\Cache\Home\4ec7caa947d9c0bdf76399e5da119be9.php 第 384 行.
NOTIC: [8] Undefined variable: results5 D:\phpStudy\WWW\fofs\1\Application\Runtime\Cache\Home\4ec7caa947d9c0bdf76399e5da119be9.php 第 427 行.
INFO: Run Behavior\ParseTemplateBehavior [ RunTime:0.032265s ]
INFO: [ view_parse ] --END-- [ RunTime:0.032376s ]
INFO: [ view_filter ] --START--
INFO: Run Behavior\WriteHtmlCacheBehavior [ RunTime:0.000511s ]
INFO: [ view_filter ] --END-- [ RunTime:0.000579s ]
INFO: [ app_end ] --START--
INFO: Run Behavior\ShowPageTraceBehavior [ RunTime:0.000955s ]
INFO: [ app_end ] --END-- [ RunTime:0.001132s ]

[ 2016-11-19T14:46:19+08:00 ] ::1 /fofs/1/index.php/Home/Search/startUpSearch.html
INFO: [ app_init ] --START--
INFO: Run Behavior\BuildLiteBehavior [ RunTime:0.000021s ]
INFO: [ app_init ] --END-- [ RunTime:0.000596s ]
INFO: [ app_begin ] --START--
INFO: Run Behavior\ReadHtmlCacheBehavior [ RunTime:0.000648s ]
INFO: Run Behavior\CheckLangBehavior [ RunTime:0.001943s ]
INFO: [ app_begin ] --END-- [ RunTime:0.002716s ]
SQL: SHOW COLUMNS FROM `fofs_startup_company` [ RunTime:0.0064s ]
NOTIC: [8] Undefined variable: where D:\phpStudy\WWW\fofs\1\Application\Home\Controller\SearchController.class.php 第 479 行.
SQL: SELECT COUNT(*) AS tp_count FROM `fofs_startup_company` LIMIT 1   [ RunTime:0.0007s ]
NOTIC: [8] Undefined variable: where D:\phpStudy\WWW\fofs\1\Application\Home\Controller\SearchController.class.php 第 485 行.
SQL: SELECT `id`,`institution_type`,`institution_abbr`,`institution_logo_img`,`institution_abstract` FROM `fofs_startup_company` ORDER BY id desc LIMIT 0,2   [ RunTime:0.0008s ]
SQL: SHOW COLUMNS FROM `fofs_interest_list` [ RunTime:0.0050s ]
SQL: SELECT * FROM `fofs_interest_list` WHERE `fan_id` = 4 AND `fan_type` = 9 AND `host_id` = 4 AND `host_type` = 3  [ RunTime:0.0008s ]
INFO: [ view_parse ] --START--
INFO: [ template_filter ] --START--
INFO: Run Behavior\ContentReplaceBehavior [ RunTime:0.000266s ]
INFO: [ template_filter ] --END-- [ RunTime:0.000403s ]
NOTIC: [8] Undefined variable: keywords D:\phpStudy\WWW\fofs\1\Application\Runtime\Cache\Home\fd14eb71e03cf537c69feac2cf21ba1d.php 第 43 行.
NOTIC: [8] Undefined index: is_by_followed D:\phpStudy\WWW\fofs\1\Application\Runtime\Cache\Home\fd14eb71e03cf537c69feac2cf21ba1d.php 第 264 行.
INFO: Run Behavior\ParseTemplateBehavior [ RunTime:0.016048s ]
INFO: [ view_parse ] --END-- [ RunTime:0.016203s ]
INFO: [ view_filter ] --START--
INFO: Run Behavior\WriteHtmlCacheBehavior [ RunTime:0.000665s ]
INFO: [ view_filter ] --END-- [ RunTime:0.000780s ]
INFO: [ app_end ] --START--
INFO: Run Behavior\ShowPageTraceBehavior [ RunTime:0.001220s ]
INFO: [ app_end ] --END-- [ RunTime:0.001363s ]

[ 2016-11-19T14:46:19+08:00 ] ::1 /fofs/1/index.php/Home/Search/gpSearch.html
INFO: [ app_init ] --START--
INFO: Run Behavior\BuildLiteBehavior [ RunTime:0.000026s ]
INFO: [ app_init ] --END-- [ RunTime:0.000638s ]
INFO: [ app_begin ] --START--
INFO: Run Behavior\ReadHtmlCacheBehavior [ RunTime:0.000755s ]
INFO: Run Behavior\CheckLangBehavior [ RunTime:0.002020s ]
INFO: [ app_begin ] --END-- [ RunTime:0.002929s ]
SQL: SHOW COLUMNS FROM `fofs_gp_fund_product` [ RunTime:0.0054s ]
NOTIC: [8] Undefined variable: where D:\phpStudy\WWW\fofs\1\Application\Home\Controller\SearchController.class.php 第 340 行.
SQL: SELECT DISTINCT  `institution_id` FROM `fofs_gp_fund_product`  [ RunTime:0.0008s ]
SQL: SHOW COLUMNS FROM `fofs_gp` [ RunTime:0.0060s ]
SQL: SELECT COUNT(*) AS tp_count FROM `fofs_gp` WHERE `id` IN ('2','3') LIMIT 1   [ RunTime:0.0007s ]
SQL: SELECT `id`,`institution_type`,`institution_fullname_cn`,`institution_logo_img`,`is_securities_fund`,`is_stock_fund`,`is_startup_fund`,`is_other_fund` FROM `fofs_gp` WHERE `id` IN ('2','3') ORDER BY id desc LIMIT 0,2   [ RunTime:0.0008s ]
SQL: SHOW COLUMNS FROM `fofs_interest_list` [ RunTime:0.0060s ]
SQL: SELECT * FROM `fofs_interest_list` WHERE `id` IN ('2','3') AND `fan_id` = 4 AND `fan_type` = 9 AND `host_id` = 3 AND `host_type` = 2  [ RunTime:0.0008s ]
SQL: SELECT * FROM `fofs_interest_list` WHERE `id` IN ('2','3') AND `fan_id` = 4 AND `fan_type` = 9 AND `host_id` = 2 AND `host_type` = 2  [ RunTime:0.0007s ]
INFO: [ view_parse ] --START--
INFO: [ template_filter ] --START--
INFO: Run Behavior\ContentReplaceBehavior [ RunTime:0.000257s ]
INFO: [ template_filter ] --END-- [ RunTime:0.000367s ]
NOTIC: [8] Undefined variable: keywords D:\phpStudy\WWW\fofs\1\Application\Runtime\Cache\Home\bc5dfa4b95e7bea426908244e271d3cb.php 第 43 行.
NOTIC: [8] Undefined variable: is_angel_investment D:\phpStudy\WWW\fofs\1\Application\Runtime\Cache\Home\bc5dfa4b95e7bea426908244e271d3cb.php 第 251 行.
NOTIC: [8] Undefined variable: is_vc_investment D:\phpStudy\WWW\fofs\1\Application\Runtime\Cache\Home\bc5dfa4b95e7bea426908244e271d3cb.php 第 252 行.
NOTIC: [8] Undefined variable: is_pe_investment D:\phpStudy\WWW\fofs\1\Application\Runtime\Cache\Home\bc5dfa4b95e7bea426908244e271d3cb.php 第 253 行.
NOTIC: [8] Undefined variable: is_other_investment D:\phpStudy\WWW\fofs\1\Application\Runtime\Cache\Home\bc5dfa4b95e7bea426908244e271d3cb.php 第 254 行.
NOTIC: [8] Undefined variable: is_securities_fund D:\phpStudy\WWW\fofs\1\Application\Runtime\Cache\Home\bc5dfa4b95e7bea426908244e271d3cb.php 第 268 行.
NOTIC: [8] Undefined variable: is_stock_fund D:\phpStudy\WWW\fofs\1\Application\Runtime\Cache\Home\bc5dfa4b95e7bea426908244e271d3cb.php 第 272 行.
NOTIC: [8] Undefined variable: is_startup_fund D:\phpStudy\WWW\fofs\1\Application\Runtime\Cache\Home\bc5dfa4b95e7bea426908244e271d3cb.php 第 276 行.
NOTIC: [8] Undefined variable: is_other_fund D:\phpStudy\WWW\fofs\1\Application\Runtime\Cache\Home\bc5dfa4b95e7bea426908244e271d3cb.php 第 280 行.
NOTIC: [8] Undefined variable: investment_field D:\phpStudy\WWW\fofs\1\Application\Runtime\Cache\Home\bc5dfa4b95e7bea426908244e271d3cb.php 第 292 行.
NOTIC: [8] Undefined variable: investment_region D:\phpStudy\WWW\fofs\1\Application\Runtime\Cache\Home\bc5dfa4b95e7bea426908244e271d3cb.php 第 304 行.
NOTIC: [8] Undefined index: is_by_followed D:\phpStudy\WWW\fofs\1\Application\Runtime\Cache\Home\bc5dfa4b95e7bea426908244e271d3cb.php 第 353 行.
NOTIC: [8] Undefined index: is_by_followed D:\phpStudy\WWW\fofs\1\Application\Runtime\Cache\Home\bc5dfa4b95e7bea426908244e271d3cb.php 第 353 行.
NOTIC: [8] Undefined variable: tip D:\phpStudy\WWW\fofs\1\Application\Runtime\Cache\Home\bc5dfa4b95e7bea426908244e271d3cb.php 第 362 行.
INFO: Run Behavior\ParseTemplateBehavior [ RunTime:0.017999s ]
INFO: [ view_parse ] --END-- [ RunTime:0.018079s ]
INFO: [ view_filter ] --START--
INFO: Run Behavior\WriteHtmlCacheBehavior [ RunTime:0.000466s ]
INFO: [ view_filter ] --END-- [ RunTime:0.000530s ]
INFO: [ app_end ] --START--
INFO: Run Behavior\ShowPageTraceBehavior [ RunTime:0.000844s ]
INFO: [ app_end ] --END-- [ RunTime:0.000921s ]

[ 2016-11-19T14:46:20+08:00 ] ::1 /fofs/1/index.php/Home/Search/lpSearch.html
INFO: [ app_init ] --START--
INFO: Run Behavior\BuildLiteBehavior [ RunTime:0.000022s ]
INFO: [ app_init ] --END-- [ RunTime:0.000613s ]
INFO: [ app_begin ] --START--
INFO: Run Behavior\ReadHtmlCacheBehavior [ RunTime:0.000713s ]
INFO: Run Behavior\CheckLangBehavior [ RunTime:0.001965s ]
INFO: [ app_begin ] --END-- [ RunTime:0.002810s ]
SQL: SHOW COLUMNS FROM `fofs_lp_fund_product` [ RunTime:0.0057s ]
NOTIC: [8] Undefined variable: where D:\phpStudy\WWW\fofs\1\Application\Home\Controller\SearchController.class.php 第 157 行.
SQL: SELECT DISTINCT  `institution_id` FROM `fofs_lp_fund_product`  [ RunTime:0.0008s ]
SQL: SHOW COLUMNS FROM `fofs_lp` [ RunTime:0.0063s ]
SQL: SELECT COUNT(*) AS tp_count FROM `fofs_lp` WHERE `id` IN ('3','4') LIMIT 1   [ RunTime:0.0007s ]
SQL: SELECT `id`,`institution_type`,`institution_fullname_cn`,`institution_logo_img`,`is_securities_fund`,`is_stock_fund`,`is_startup_fund`,`is_other_fund` FROM `fofs_lp` WHERE `id` IN ('3','4') ORDER BY id desc LIMIT 0,2   [ RunTime:0.0008s ]
SQL: SHOW COLUMNS FROM `fofs_interest_list` [ RunTime:0.0052s ]
SQL: SELECT * FROM `fofs_interest_list` WHERE `id` IN ('3','4') AND `fan_id` = 4 AND `fan_type` = 9 AND `host_id` = 4 AND `host_type` = 1  [ RunTime:0.0008s ]
SQL: SELECT * FROM `fofs_interest_list` WHERE `id` IN ('3','4') AND `fan_id` = 4 AND `fan_type` = 9 AND `host_id` = 3 AND `host_type` = 1  [ RunTime:0.0007s ]
INFO: [ view_parse ] --START--
INFO: [ template_filter ] --START--
INFO: Run Behavior\ContentReplaceBehavior [ RunTime:0.000233s ]
INFO: [ template_filter ] --END-- [ RunTime:0.000350s ]
NOTIC: [8] Undefined variable: keywords D:\phpStudy\WWW\fofs\1\Application\Runtime\Cache\Home\46ffef79ff36275cb149efd05d9222a4.php 第 43 行.
NOTIC: [8] Undefined variable: is_government_guidance D:\phpStudy\WWW\fofs\1\Application\Runtime\Cache\Home\46ffef79ff36275cb149efd05d9222a4.php 第 251 行.
NOTIC: [8] Undefined variable: is_private_capital D:\phpStudy\WWW\fofs\1\Application\Runtime\Cache\Home\46ffef79ff36275cb149efd05d9222a4.php 第 252 行.
NOTIC: [8] Undefined variable: is_state_owned D:\phpStudy\WWW\fofs\1\Application\Runtime\Cache\Home\46ffef79ff36275cb149efd05d9222a4.php 第 253 行.
NOTIC: [8] Undefined variable: is_investment_security D:\phpStudy\WWW\fofs\1\Application\Runtime\Cache\Home\46ffef79ff36275cb149efd05d9222a4.php 第 266 行.
NOTIC: [8] Undefined variable: is_equity_investment D:\phpStudy\WWW\fofs\1\Application\Runtime\Cache\Home\46ffef79ff36275cb149efd05d9222a4.php 第 270 行.
NOTIC: [8] Undefined variable: is_venture_investment D:\phpStudy\WWW\fofs\1\Application\Runtime\Cache\Home\46ffef79ff36275cb149efd05d9222a4.php 第 274 行.
NOTIC: [8] Undefined variable: is_other_investment D:\phpStudy\WWW\fofs\1\Application\Runtime\Cache\Home\46ffef79ff36275cb149efd05d9222a4.php 第 278 行.
NOTIC: [8] Undefined variable: investment_field D:\phpStudy\WWW\fofs\1\Application\Runtime\Cache\Home\46ffef79ff36275cb149efd05d9222a4.php 第 291 行.
NOTIC: [8] Undefined index: is_by_followed D:\phpStudy\WWW\fofs\1\Application\Runtime\Cache\Home\46ffef79ff36275cb149efd05d9222a4.php 第 371 行.
NOTIC: [8] Undefined index: is_by_followed D:\phpStudy\WWW\fofs\1\Application\Runtime\Cache\Home\46ffef79ff36275cb149efd05d9222a4.php 第 371 行.
NOTIC: [8] Undefined variable: tip D:\phpStudy\WWW\fofs\1\Application\Runtime\Cache\Home\46ffef79ff36275cb149efd05d9222a4.php 第 380 行.
INFO: Run Behavior\ParseTemplateBehavior [ RunTime:0.020099s ]
INFO: [ view_parse ] --END-- [ RunTime:0.020206s ]
INFO: [ view_filter ] --START--
INFO: Run Behavior\WriteHtmlCacheBehavior [ RunTime:0.000525s ]
INFO: [ view_filter ] --END-- [ RunTime:0.000606s ]
INFO: [ app_end ] --START--
INFO: Run Behavior\ShowPageTraceBehavior [ RunTime:0.000755s ]
INFO: [ app_end ] --END-- [ RunTime:0.000847s ]

[ 2016-11-19T14:46:20+08:00 ] ::1 /fofs/1/index.php/Home/Index/aboutAlliance.html?article_type=9
INFO: [ app_init ] --START--
INFO: Run Behavior\BuildLiteBehavior [ RunTime:0.000021s ]
INFO: [ app_init ] --END-- [ RunTime:0.000523s ]
INFO: [ app_begin ] --START--
INFO: Run Behavior\ReadHtmlCacheBehavior [ RunTime:0.000715s ]
INFO: Run Behavior\CheckLangBehavior [ RunTime:0.002084s ]
INFO: [ app_begin ] --END-- [ RunTime:0.002936s ]
SQL: SHOW COLUMNS FROM `fofs_article` [ RunTime:0.0054s ]
SQL: SELECT * FROM `fofs_article` WHERE `article_type` = 9 LIMIT 1   [ RunTime:0.0008s ]
INFO: [ view_parse ] --START--
INFO: [ template_filter ] --START--
INFO: Run Behavior\ContentReplaceBehavior [ RunTime:0.000177s ]
INFO: [ template_filter ] --END-- [ RunTime:0.000280s ]
NOTIC: [8] Undefined variable: keywords D:\phpStudy\WWW\fofs\1\Application\Runtime\Cache\Home\b528f4ddcc84698bb220ed5d07f09f62.php 第 43 行.
INFO: Run Behavior\ParseTemplateBehavior [ RunTime:0.032636s ]
INFO: [ view_parse ] --END-- [ RunTime:0.032786s ]
INFO: [ view_filter ] --START--
INFO: Run Behavior\WriteHtmlCacheBehavior [ RunTime:0.000434s ]
INFO: [ view_filter ] --END-- [ RunTime:0.000497s ]
INFO: [ app_end ] --START--
INFO: Run Behavior\ShowPageTraceBehavior [ RunTime:0.000894s ]
INFO: [ app_end ] --END-- [ RunTime:0.000974s ]

[ 2016-11-19T14:46:21+08:00 ] ::1 /fofs/1/index.php/Home/Index/index.html
INFO: [ app_init ] --START--
INFO: Run Behavior\BuildLiteBehavior [ RunTime:0.000020s ]
INFO: [ app_init ] --END-- [ RunTime:0.000612s ]
INFO: [ app_begin ] --START--
INFO: Run Behavior\ReadHtmlCacheBehavior [ RunTime:0.000860s ]
INFO: Run Behavior\CheckLangBehavior [ RunTime:0.001791s ]
INFO: [ app_begin ] --END-- [ RunTime:0.002806s ]
SQL: SHOW COLUMNS FROM `fofs_article` [ RunTime:0.0053s ]
SQL: SELECT * FROM `fofs_article` WHERE `article_type` = 1 ORDER BY id desc LIMIT 1,10   [ RunTime:0.0010s ]
SQL: SELECT * FROM `fofs_article` WHERE `article_type` = 2 ORDER BY id desc LIMIT 10   [ RunTime:0.0008s ]
SQL: SELECT * FROM `fofs_article` WHERE `article_type` = 3 ORDER BY id desc LIMIT 10   [ RunTime:0.0008s ]
SQL: SELECT * FROM `fofs_article` WHERE `article_type` = 4 ORDER BY id desc LIMIT 10   [ RunTime:0.0007s ]
INFO: [ view_parse ] --START--
INFO: [ template_filter ] --START--
INFO: Run Behavior\ContentReplaceBehavior [ RunTime:0.000232s ]
INFO: [ template_filter ] --END-- [ RunTime:0.000319s ]
NOTIC: [8] Undefined variable: keywords D:\phpStudy\WWW\fofs\1\Application\Runtime\Cache\Home\2a94b8bda04ff446dcedd42276fc99ee.php 第 43 行.
NOTIC: [8] Undefined variable: link D:\phpStudy\WWW\fofs\1\Application\Runtime\Cache\Home\2a94b8bda04ff446dcedd42276fc99ee.php 第 247 行.
NOTIC: [8] Undefined variable: link D:\phpStudy\WWW\fofs\1\Application\Runtime\Cache\Home\2a94b8bda04ff446dcedd42276fc99ee.php 第 264 行.
NOTIC: [8] Undefined variable: link D:\phpStudy\WWW\fofs\1\Application\Runtime\Cache\Home\2a94b8bda04ff446dcedd42276fc99ee.php 第 281 行.
INFO: Run Behavior\ParseTemplateBehavior [ RunTime:0.026976s ]
INFO: [ view_parse ] --END-- [ RunTime:0.027063s ]
INFO: [ view_filter ] --START--
INFO: Run Behavior\WriteHtmlCacheBehavior [ RunTime:0.000528s ]
INFO: [ view_filter ] --END-- [ RunTime:0.000593s ]
INFO: [ app_end ] --START--
INFO: Run Behavior\ShowPageTraceBehavior [ RunTime:0.000826s ]
INFO: [ app_end ] --END-- [ RunTime:0.000926s ]

[ 2016-11-19T14:46:22+08:00 ] ::1 /fofs/1/index.php/Home
INFO: [ app_init ] --START--
INFO: Run Behavior\BuildLiteBehavior [ RunTime:0.000020s ]
INFO: [ app_init ] --END-- [ RunTime:0.000622s ]
INFO: [ app_begin ] --START--
INFO: Run Behavior\ReadHtmlCacheBehavior [ RunTime:0.000654s ]
INFO: Run Behavior\CheckLangBehavior [ RunTime:0.001749s ]
INFO: [ app_begin ] --END-- [ RunTime:0.002518s ]
SQL: SHOW COLUMNS FROM `fofs_article` [ RunTime:0.0048s ]
SQL: SELECT * FROM `fofs_article` WHERE `article_type` = 1 ORDER BY id desc LIMIT 1,10   [ RunTime:0.0009s ]
SQL: SELECT * FROM `fofs_article` WHERE `article_type` = 2 ORDER BY id desc LIMIT 10   [ RunTime:0.0010s ]
SQL: SELECT * FROM `fofs_article` WHERE `article_type` = 3 ORDER BY id desc LIMIT 10   [ RunTime:0.0007s ]
SQL: SELECT * FROM `fofs_article` WHERE `article_type` = 4 ORDER BY id desc LIMIT 10   [ RunTime:0.0006s ]
INFO: [ view_parse ] --START--
INFO: [ template_filter ] --START--
INFO: Run Behavior\ContentReplaceBehavior [ RunTime:0.000249s ]
INFO: [ template_filter ] --END-- [ RunTime:0.000334s ]
NOTIC: [8] Undefined variable: keywords D:\phpStudy\WWW\fofs\1\Application\Runtime\Cache\Home\2a94b8bda04ff446dcedd42276fc99ee.php 第 43 行.
NOTIC: [8] Undefined variable: link D:\phpStudy\WWW\fofs\1\Application\Runtime\Cache\Home\2a94b8bda04ff446dcedd42276fc99ee.php 第 247 行.
NOTIC: [8] Undefined variable: link D:\phpStudy\WWW\fofs\1\Application\Runtime\Cache\Home\2a94b8bda04ff446dcedd42276fc99ee.php 第 264 行.
NOTIC: [8] Undefined variable: link D:\phpStudy\WWW\fofs\1\Application\Runtime\Cache\Home\2a94b8bda04ff446dcedd42276fc99ee.php 第 281 行.
INFO: Run Behavior\ParseTemplateBehavior [ RunTime:0.025061s ]
INFO: [ view_parse ] --END-- [ RunTime:0.025140s ]
INFO: [ view_filter ] --START--
INFO: Run Behavior\WriteHtmlCacheBehavior [ RunTime:0.000451s ]
INFO: [ view_filter ] --END-- [ RunTime:0.000512s ]
INFO: [ app_end ] --START--
INFO: Run Behavior\ShowPageTraceBehavior [ RunTime:0.000728s ]
INFO: [ app_end ] --END-- [ RunTime:0.000801s ]

[ 2016-11-19T14:46:23+08:00 ] ::1 /fofs/1/index.php/Home/Individual/individualProfile
INFO: [ app_init ] --START--
INFO: Run Behavior\BuildLiteBehavior [ RunTime:0.000022s ]
INFO: [ app_init ] --END-- [ RunTime:0.000619s ]
INFO: [ app_begin ] --START--
INFO: Run Behavior\ReadHtmlCacheBehavior [ RunTime:0.000710s ]
INFO: Run Behavior\CheckLangBehavior [ RunTime:0.002041s ]
INFO: [ app_begin ] --END-- [ RunTime:0.002900s ]
SQL: SHOW COLUMNS FROM `fofs_user` [ RunTime:0.0055s ]
SQL: SELECT * FROM `fofs_user` WHERE `id` = 4 LIMIT 1   [ RunTime:0.0008s ]
INFO: [ view_parse ] --START--
INFO: [ template_filter ] --START--
INFO: Run Behavior\ContentReplaceBehavior [ RunTime:0.000208s ]
INFO: [ template_filter ] --END-- [ RunTime:0.000304s ]
NOTIC: [8] Undefined variable: keywords D:\phpStudy\WWW\fofs\1\Application\Runtime\Cache\Home\3ae7c2c803142a2481cb7e98492ba7d4.php 第 43 行.
NOTIC: [8] Undefined variable: amount D:\phpStudy\WWW\fofs\1\Application\Runtime\Cache\Home\3ae7c2c803142a2481cb7e98492ba7d4.php 第 291 行.
NOTIC: [8] Undefined variable: amount D:\phpStudy\WWW\fofs\1\Application\Runtime\Cache\Home\3ae7c2c803142a2481cb7e98492ba7d4.php 第 307 行.
NOTIC: [8] Undefined variable: amount D:\phpStudy\WWW\fofs\1\Application\Runtime\Cache\Home\3ae7c2c803142a2481cb7e98492ba7d4.php 第 308 行.
INFO: Run Behavior\ParseTemplateBehavior [ RunTime:0.017995s ]
INFO: [ view_parse ] --END-- [ RunTime:0.018069s ]
INFO: [ view_filter ] --START--
INFO: Run Behavior\WriteHtmlCacheBehavior [ RunTime:0.000421s ]
INFO: [ view_filter ] --END-- [ RunTime:0.000483s ]
INFO: [ app_end ] --START--
INFO: Run Behavior\ShowPageTraceBehavior [ RunTime:0.000682s ]
INFO: [ app_end ] --END-- [ RunTime:0.000769s ]

[ 2016-11-19T14:46:24+08:00 ] ::1 /fofs/1/index.php/Home/Search/lpSearch.html
INFO: [ app_init ] --START--
INFO: Run Behavior\BuildLiteBehavior [ RunTime:0.000021s ]
INFO: [ app_init ] --END-- [ RunTime:0.000510s ]
INFO: [ app_begin ] --START--
INFO: Run Behavior\ReadHtmlCacheBehavior [ RunTime:0.000694s ]
INFO: Run Behavior\CheckLangBehavior [ RunTime:0.001831s ]
INFO: [ app_begin ] --END-- [ RunTime:0.002671s ]
SQL: SHOW COLUMNS FROM `fofs_lp_fund_product` [ RunTime:0.0064s ]
NOTIC: [8] Undefined variable: where D:\phpStudy\WWW\fofs\1\Application\Home\Controller\SearchController.class.php 第 157 行.
SQL: SELECT DISTINCT  `institution_id` FROM `fofs_lp_fund_product`  [ RunTime:0.0008s ]
SQL: SHOW COLUMNS FROM `fofs_lp` [ RunTime:0.0054s ]
SQL: SELECT COUNT(*) AS tp_count FROM `fofs_lp` WHERE `id` IN ('3','4') LIMIT 1   [ RunTime:0.0007s ]
SQL: SELECT `id`,`institution_type`,`institution_fullname_cn`,`institution_logo_img`,`is_securities_fund`,`is_stock_fund`,`is_startup_fund`,`is_other_fund` FROM `fofs_lp` WHERE `id` IN ('3','4') ORDER BY id desc LIMIT 0,2   [ RunTime:0.0008s ]
SQL: SHOW COLUMNS FROM `fofs_interest_list` [ RunTime:0.0049s ]
SQL: SELECT * FROM `fofs_interest_list` WHERE `id` IN ('3','4') AND `fan_id` = 4 AND `fan_type` = 9 AND `host_id` = 4 AND `host_type` = 1  [ RunTime:0.0007s ]
SQL: SELECT * FROM `fofs_interest_list` WHERE `id` IN ('3','4') AND `fan_id` = 4 AND `fan_type` = 9 AND `host_id` = 3 AND `host_type` = 1  [ RunTime:0.0007s ]
INFO: [ view_parse ] --START--
INFO: [ template_filter ] --START--
INFO: Run Behavior\ContentReplaceBehavior [ RunTime:0.000217s ]
INFO: [ template_filter ] --END-- [ RunTime:0.000302s ]
NOTIC: [8] Undefined variable: keywords D:\phpStudy\WWW\fofs\1\Application\Runtime\Cache\Home\46ffef79ff36275cb149efd05d9222a4.php 第 43 行.
NOTIC: [8] Undefined variable: is_government_guidance D:\phpStudy\WWW\fofs\1\Application\Runtime\Cache\Home\46ffef79ff36275cb149efd05d9222a4.php 第 251 行.
NOTIC: [8] Undefined variable: is_private_capital D:\phpStudy\WWW\fofs\1\Application\Runtime\Cache\Home\46ffef79ff36275cb149efd05d9222a4.php 第 252 行.
NOTIC: [8] Undefined variable: is_state_owned D:\phpStudy\WWW\fofs\1\Application\Runtime\Cache\Home\46ffef79ff36275cb149efd05d9222a4.php 第 253 行.
NOTIC: [8] Undefined variable: is_investment_security D:\phpStudy\WWW\fofs\1\Application\Runtime\Cache\Home\46ffef79ff36275cb149efd05d9222a4.php 第 266 行.
NOTIC: [8] Undefined variable: is_equity_investment D:\phpStudy\WWW\fofs\1\Application\Runtime\Cache\Home\46ffef79ff36275cb149efd05d9222a4.php 第 270 行.
NOTIC: [8] Undefined variable: is_venture_investment D:\phpStudy\WWW\fofs\1\Application\Runtime\Cache\Home\46ffef79ff36275cb149efd05d9222a4.php 第 274 行.
NOTIC: [8] Undefined variable: is_other_investment D:\phpStudy\WWW\fofs\1\Application\Runtime\Cache\Home\46ffef79ff36275cb149efd05d9222a4.php 第 278 行.
NOTIC: [8] Undefined variable: investment_field D:\phpStudy\WWW\fofs\1\Application\Runtime\Cache\Home\46ffef79ff36275cb149efd05d9222a4.php 第 291 行.
NOTIC: [8] Undefined index: is_by_followed D:\phpStudy\WWW\fofs\1\Application\Runtime\Cache\Home\46ffef79ff36275cb149efd05d9222a4.php 第 371 行.
NOTIC: [8] Undefined index: is_by_followed D:\phpStudy\WWW\fofs\1\Application\Runtime\Cache\Home\46ffef79ff36275cb149efd05d9222a4.php 第 371 行.
NOTIC: [8] Undefined variable: tip D:\phpStudy\WWW\fofs\1\Application\Runtime\Cache\Home\46ffef79ff36275cb149efd05d9222a4.php 第 380 行.
INFO: Run Behavior\ParseTemplateBehavior [ RunTime:0.017547s ]
INFO: [ view_parse ] --END-- [ RunTime:0.017637s ]
INFO: [ view_filter ] --START--
INFO: Run Behavior\WriteHtmlCacheBehavior [ RunTime:0.000469s ]
INFO: [ view_filter ] --END-- [ RunTime:0.000529s ]
INFO: [ app_end ] --START--
INFO: Run Behavior\ShowPageTraceBehavior [ RunTime:0.000750s ]
INFO: [ app_end ] --END-- [ RunTime:0.000840s ]

[ 2016-11-19T14:46:25+08:00 ] ::1 /fofs/1/index.php/Home/Search/gpSearch.html
INFO: [ app_init ] --START--
INFO: Run Behavior\BuildLiteBehavior [ RunTime:0.000021s ]
INFO: [ app_init ] --END-- [ RunTime:0.000633s ]
INFO: [ app_begin ] --START--
INFO: Run Behavior\ReadHtmlCacheBehavior [ RunTime:0.000725s ]
INFO: Run Behavior\CheckLangBehavior [ RunTime:0.001983s ]
INFO: [ app_begin ] --END-- [ RunTime:0.002832s ]
SQL: SHOW COLUMNS FROM `fofs_gp_fund_product` [ RunTime:0.0053s ]
NOTIC: [8] Undefined variable: where D:\phpStudy\WWW\fofs\1\Application\Home\Controller\SearchController.class.php 第 340 行.
SQL: SELECT DISTINCT  `institution_id` FROM `fofs_gp_fund_product`  [ RunTime:0.0011s ]
SQL: SHOW COLUMNS FROM `fofs_gp` [ RunTime:0.0060s ]
SQL: SELECT COUNT(*) AS tp_count FROM `fofs_gp` WHERE `id` IN ('2','3') LIMIT 1   [ RunTime:0.0007s ]
SQL: SELECT `id`,`institution_type`,`institution_fullname_cn`,`institution_logo_img`,`is_securities_fund`,`is_stock_fund`,`is_startup_fund`,`is_other_fund` FROM `fofs_gp` WHERE `id` IN ('2','3') ORDER BY id desc LIMIT 0,2   [ RunTime:0.0008s ]
SQL: SHOW COLUMNS FROM `fofs_interest_list` [ RunTime:0.0052s ]
SQL: SELECT * FROM `fofs_interest_list` WHERE `id` IN ('2','3') AND `fan_id` = 4 AND `fan_type` = 9 AND `host_id` = 3 AND `host_type` = 2  [ RunTime:0.0008s ]
SQL: SELECT * FROM `fofs_interest_list` WHERE `id` IN ('2','3') AND `fan_id` = 4 AND `fan_type` = 9 AND `host_id` = 2 AND `host_type` = 2  [ RunTime:0.0007s ]
INFO: [ view_parse ] --START--
INFO: [ template_filter ] --START--
INFO: Run Behavior\ContentReplaceBehavior [ RunTime:0.000179s ]
INFO: [ template_filter ] --END-- [ RunTime:0.000265s ]
NOTIC: [8] Undefined variable: keywords D:\phpStudy\WWW\fofs\1\Application\Runtime\Cache\Home\bc5dfa4b95e7bea426908244e271d3cb.php 第 43 行.
NOTIC: [8] Undefined variable: is_angel_investment D:\phpStudy\WWW\fofs\1\Application\Runtime\Cache\Home\bc5dfa4b95e7bea426908244e271d3cb.php 第 251 行.
NOTIC: [8] Undefined variable: is_vc_investment D:\phpStudy\WWW\fofs\1\Application\Runtime\Cache\Home\bc5dfa4b95e7bea426908244e271d3cb.php 第 252 行.
NOTIC: [8] Undefined variable: is_pe_investment D:\phpStudy\WWW\fofs\1\Application\Runtime\Cache\Home\bc5dfa4b95e7bea426908244e271d3cb.php 第 253 行.
NOTIC: [8] Undefined variable: is_other_investment D:\phpStudy\WWW\fofs\1\Application\Runtime\Cache\Home\bc5dfa4b95e7bea426908244e271d3cb.php 第 254 行.
NOTIC: [8] Undefined variable: is_securities_fund D:\phpStudy\WWW\fofs\1\Application\Runtime\Cache\Home\bc5dfa4b95e7bea426908244e271d3cb.php 第 268 行.
NOTIC: [8] Undefined variable: is_stock_fund D:\phpStudy\WWW\fofs\1\Application\Runtime\Cache\Home\bc5dfa4b95e7bea426908244e271d3cb.php 第 272 行.
NOTIC: [8] Undefined variable: is_startup_fund D:\phpStudy\WWW\fofs\1\Application\Runtime\Cache\Home\bc5dfa4b95e7bea426908244e271d3cb.php 第 276 行.
NOTIC: [8] Undefined variable: is_other_fund D:\phpStudy\WWW\fofs\1\Application\Runtime\Cache\Home\bc5dfa4b95e7bea426908244e271d3cb.php 第 280 行.
NOTIC: [8] Undefined variable: investment_field D:\phpStudy\WWW\fofs\1\Application\Runtime\Cache\Home\bc5dfa4b95e7bea426908244e271d3cb.php 第 292 行.
NOTIC: [8] Undefined variable: investment_region D:\phpStudy\WWW\fofs\1\Application\Runtime\Cache\Home\bc5dfa4b95e7bea426908244e271d3cb.php 第 304 行.
NOTIC: [8] Undefined index: is_by_followed D:\phpStudy\WWW\fofs\1\Application\Runtime\Cache\Home\bc5dfa4b95e7bea426908244e271d3cb.php 第 353 行.
NOTIC: [8] Undefined index: is_by_followed D:\phpStudy\WWW\fofs\1\Application\Runtime\Cache\Home\bc5dfa4b95e7bea426908244e271d3cb.php 第 353 行.
NOTIC: [8] Undefined variable: tip D:\phpStudy\WWW\fofs\1\Application\Runtime\Cache\Home\bc5dfa4b95e7bea426908244e271d3cb.php 第 362 行.
INFO: Run Behavior\ParseTemplateBehavior [ RunTime:0.018144s ]
INFO: [ view_parse ] --END-- [ RunTime:0.018225s ]
INFO: [ view_filter ] --START--
INFO: Run Behavior\WriteHtmlCacheBehavior [ RunTime:0.000495s ]
INFO: [ view_filter ] --END-- [ RunTime:0.000558s ]
INFO: [ app_end ] --START--
INFO: Run Behavior\ShowPageTraceBehavior [ RunTime:0.000727s ]
INFO: [ app_end ] --END-- [ RunTime:0.000819s ]

[ 2016-11-19T14:46:25+08:00 ] ::1 /fofs/1/index.php/Home/Search/startUpSearch.html
INFO: [ app_init ] --START--
INFO: Run Behavior\BuildLiteBehavior [ RunTime:0.000022s ]
INFO: [ app_init ] --END-- [ RunTime:0.000602s ]
INFO: [ app_begin ] --START--
INFO: Run Behavior\ReadHtmlCacheBehavior [ RunTime:0.000703s ]
INFO: Run Behavior\CheckLangBehavior [ RunTime:0.001808s ]
INFO: [ app_begin ] --END-- [ RunTime:0.002631s ]
SQL: SHOW COLUMNS FROM `fofs_startup_company` [ RunTime:0.0066s ]
NOTIC: [8] Undefined variable: where D:\phpStudy\WWW\fofs\1\Application\Home\Controller\SearchController.class.php 第 479 行.
SQL: SELECT COUNT(*) AS tp_count FROM `fofs_startup_company` LIMIT 1   [ RunTime:0.0008s ]
NOTIC: [8] Undefined variable: where D:\phpStudy\WWW\fofs\1\Application\Home\Controller\SearchController.class.php 第 485 行.
SQL: SELECT `id`,`institution_type`,`institution_abbr`,`institution_logo_img`,`institution_abstract` FROM `fofs_startup_company` ORDER BY id desc LIMIT 0,2   [ RunTime:0.0007s ]
SQL: SHOW COLUMNS FROM `fofs_interest_list` [ RunTime:0.0048s ]
SQL: SELECT * FROM `fofs_interest_list` WHERE `fan_id` = 4 AND `fan_type` = 9 AND `host_id` = 4 AND `host_type` = 3  [ RunTime:0.0007s ]
INFO: [ view_parse ] --START--
INFO: [ template_filter ] --START--
INFO: Run Behavior\ContentReplaceBehavior [ RunTime:0.000192s ]
INFO: [ template_filter ] --END-- [ RunTime:0.000284s ]
NOTIC: [8] Undefined variable: keywords D:\phpStudy\WWW\fofs\1\Application\Runtime\Cache\Home\fd14eb71e03cf537c69feac2cf21ba1d.php 第 43 行.
NOTIC: [8] Undefined index: is_by_followed D:\phpStudy\WWW\fofs\1\Application\Runtime\Cache\Home\fd14eb71e03cf537c69feac2cf21ba1d.php 第 264 行.
INFO: Run Behavior\ParseTemplateBehavior [ RunTime:0.014683s ]
INFO: [ view_parse ] --END-- [ RunTime:0.014760s ]
INFO: [ view_filter ] --START--
INFO: Run Behavior\WriteHtmlCacheBehavior [ RunTime:0.000436s ]
INFO: [ view_filter ] --END-- [ RunTime:0.000498s ]
INFO: [ app_end ] --START--
INFO: Run Behavior\ShowPageTraceBehavior [ RunTime:0.000810s ]
INFO: [ app_end ] --END-- [ RunTime:0.000904s ]

[ 2016-11-19T14:46:25+08:00 ] ::1 /fofs/1/index.php/Home/Search/saSearch.html
INFO: [ app_init ] --START--
INFO: Run Behavior\BuildLiteBehavior [ RunTime:0.000032s ]
INFO: [ app_init ] --END-- [ RunTime:0.000945s ]
INFO: [ app_begin ] --START--
INFO: Run Behavior\ReadHtmlCacheBehavior [ RunTime:0.000700s ]
INFO: Run Behavior\CheckLangBehavior [ RunTime:0.001850s ]
INFO: [ app_begin ] --END-- [ RunTime:0.002693s ]
SQL: SHOW COLUMNS FROM `fofs_fa` [ RunTime:0.0056s ]
NOTIC: [8] Undefined variable: where D:\phpStudy\WWW\fofs\1\Application\Home\Controller\SearchController.class.php 第 587 行.
SQL: SELECT COUNT(*) AS tp_count FROM `fofs_fa` LIMIT 1   [ RunTime:0.0006s ]
NOTIC: [8] Undefined variable: where D:\phpStudy\WWW\fofs\1\Application\Home\Controller\SearchController.class.php 第 595 行.
SQL: SELECT `id`,`institution_type`,`institution_fullname_cn`,`institution_logo_img` FROM `fofs_fa`  [ RunTime:0.0006s ]
SQL: SHOW COLUMNS FROM `fofs_interest_list` [ RunTime:0.0054s ]
SQL: SELECT * FROM `fofs_interest_list` WHERE `fan_id` = 4 AND `fan_type` = 9 AND `host_id` = 1 AND `host_type` = 4  [ RunTime:0.0007s ]
INFO: [ view_parse ] --START--
INFO: [ template_filter ] --START--
INFO: Run Behavior\ContentReplaceBehavior [ RunTime:0.000306s ]
INFO: [ template_filter ] --END-- [ RunTime:0.000437s ]
NOTIC: [8] Undefined variable: keywords D:\phpStudy\WWW\fofs\1\Application\Runtime\Cache\Home\4ec7caa947d9c0bdf76399e5da119be9.php 第 43 行.
NOTIC: [8] Undefined variable: results2 D:\phpStudy\WWW\fofs\1\Application\Runtime\Cache\Home\4ec7caa947d9c0bdf76399e5da119be9.php 第 295 行.
NOTIC: [8] Undefined variable: results3 D:\phpStudy\WWW\fofs\1\Application\Runtime\Cache\Home\4ec7caa947d9c0bdf76399e5da119be9.php 第 338 行.
NOTIC: [8] Undefined variable: results4 D:\phpStudy\WWW\fofs\1\Application\Runtime\Cache\Home\4ec7caa947d9c0bdf76399e5da119be9.php 第 384 行.
NOTIC: [8] Undefined variable: results5 D:\phpStudy\WWW\fofs\1\Application\Runtime\Cache\Home\4ec7caa947d9c0bdf76399e5da119be9.php 第 427 行.
INFO: Run Behavior\ParseTemplateBehavior [ RunTime:0.030289s ]
INFO: [ view_parse ] --END-- [ RunTime:0.030374s ]
INFO: [ view_filter ] --START--
INFO: Run Behavior\WriteHtmlCacheBehavior [ RunTime:0.000469s ]
INFO: [ view_filter ] --END-- [ RunTime:0.000542s ]
INFO: [ app_end ] --START--
INFO: Run Behavior\ShowPageTraceBehavior [ RunTime:0.000756s ]
INFO: [ app_end ] --END-- [ RunTime:0.000851s ]

[ 2016-11-19T14:46:26+08:00 ] ::1 /fofs/1/index.php/Home/Cooperations/cooperations.html
INFO: [ app_init ] --START--
INFO: Run Behavior\BuildLiteBehavior [ RunTime:0.000021s ]
INFO: [ app_init ] --END-- [ RunTime:0.000531s ]
INFO: [ app_begin ] --START--
INFO: Run Behavior\ReadHtmlCacheBehavior [ RunTime:0.000675s ]
INFO: Run Behavior\CheckLangBehavior [ RunTime:0.002117s ]
INFO: [ app_begin ] --END-- [ RunTime:0.002917s ]
SQL: SHOW COLUMNS FROM `fofs_article` [ RunTime:0.0054s ]
SQL: SELECT * FROM `fofs_article` WHERE `article_type` = 15 LIMIT 1   [ RunTime:0.0008s ]
INFO: [ view_parse ] --START--
INFO: [ template_filter ] --START--
INFO: Run Behavior\ContentReplaceBehavior [ RunTime:0.000143s ]
INFO: [ template_filter ] --END-- [ RunTime:0.000254s ]
NOTIC: [8] Undefined variable: keywords D:\phpStudy\WWW\fofs\1\Application\Runtime\Cache\Home\478e3e619b4480cfba981fff560fed19.php 第 43 行.
INFO: Run Behavior\ParseTemplateBehavior [ RunTime:0.013774s ]
INFO: [ view_parse ] --END-- [ RunTime:0.013871s ]
INFO: [ view_filter ] --START--
INFO: Run Behavior\WriteHtmlCacheBehavior [ RunTime:0.000515s ]
INFO: [ view_filter ] --END-- [ RunTime:0.000599s ]
INFO: [ app_end ] --START--
INFO: Run Behavior\ShowPageTraceBehavior [ RunTime:0.000897s ]
INFO: [ app_end ] --END-- [ RunTime:0.001003s ]

[ 2016-11-19T14:46:26+08:00 ] ::1 /fofs/1/index.php/Home/Search/saSearch.html
INFO: [ app_init ] --START--
INFO: Run Behavior\BuildLiteBehavior [ RunTime:0.000028s ]
INFO: [ app_init ] --END-- [ RunTime:0.000527s ]
INFO: [ app_begin ] --START--
INFO: Run Behavior\ReadHtmlCacheBehavior [ RunTime:0.000729s ]
INFO: Run Behavior\CheckLangBehavior [ RunTime:0.001795s ]
INFO: [ app_begin ] --END-- [ RunTime:0.002651s ]
SQL: SHOW COLUMNS FROM `fofs_fa` [ RunTime:0.0055s ]
NOTIC: [8] Undefined variable: where D:\phpStudy\WWW\fofs\1\Application\Home\Controller\SearchController.class.php 第 587 行.
SQL: SELECT COUNT(*) AS tp_count FROM `fofs_fa` LIMIT 1   [ RunTime:0.0008s ]
NOTIC: [8] Undefined variable: where D:\phpStudy\WWW\fofs\1\Application\Home\Controller\SearchController.class.php 第 595 行.
SQL: SELECT `id`,`institution_type`,`institution_fullname_cn`,`institution_logo_img` FROM `fofs_fa`  [ RunTime:0.0007s ]
SQL: SHOW COLUMNS FROM `fofs_interest_list` [ RunTime:0.0048s ]
SQL: SELECT * FROM `fofs_interest_list` WHERE `fan_id` = 4 AND `fan_type` = 9 AND `host_id` = 1 AND `host_type` = 4  [ RunTime:0.0007s ]
INFO: [ view_parse ] --START--
INFO: [ template_filter ] --START--
INFO: Run Behavior\ContentReplaceBehavior [ RunTime:0.000216s ]
INFO: [ template_filter ] --END-- [ RunTime:0.000345s ]
NOTIC: [8] Undefined variable: keywords D:\phpStudy\WWW\fofs\1\Application\Runtime\Cache\Home\4ec7caa947d9c0bdf76399e5da119be9.php 第 43 行.
NOTIC: [8] Undefined variable: results2 D:\phpStudy\WWW\fofs\1\Application\Runtime\Cache\Home\4ec7caa947d9c0bdf76399e5da119be9.php 第 295 行.
NOTIC: [8] Undefined variable: results3 D:\phpStudy\WWW\fofs\1\Application\Runtime\Cache\Home\4ec7caa947d9c0bdf76399e5da119be9.php 第 338 行.
NOTIC: [8] Undefined variable: results4 D:\phpStudy\WWW\fofs\1\Application\Runtime\Cache\Home\4ec7caa947d9c0bdf76399e5da119be9.php 第 384 行.
NOTIC: [8] Undefined variable: results5 D:\phpStudy\WWW\fofs\1\Application\Runtime\Cache\Home\4ec7caa947d9c0bdf76399e5da119be9.php 第 427 行.
INFO: Run Behavior\ParseTemplateBehavior [ RunTime:0.029532s ]
INFO: [ view_parse ] --END-- [ RunTime:0.029613s ]
INFO: [ view_filter ] --START--
INFO: Run Behavior\WriteHtmlCacheBehavior [ RunTime:0.000477s ]
INFO: [ view_filter ] --END-- [ RunTime:0.000545s ]
INFO: [ app_end ] --START--
INFO: Run Behavior\ShowPageTraceBehavior [ RunTime:0.000878s ]
INFO: [ app_end ] --END-- [ RunTime:0.000972s ]

[ 2016-11-19T14:46:27+08:00 ] ::1 /fofs/1/index.php/Home/Search/startUpSearch.html
INFO: [ app_init ] --START--
INFO: Run Behavior\BuildLiteBehavior [ RunTime:0.000035s ]
INFO: [ app_init ] --END-- [ RunTime:0.000614s ]
INFO: [ app_begin ] --START--
INFO: Run Behavior\ReadHtmlCacheBehavior [ RunTime:0.000812s ]
INFO: Run Behavior\CheckLangBehavior [ RunTime:0.002146s ]
INFO: [ app_begin ] --END-- [ RunTime:0.003144s ]
SQL: SHOW COLUMNS FROM `fofs_startup_company` [ RunTime:0.0066s ]
NOTIC: [8] Undefined variable: where D:\phpStudy\WWW\fofs\1\Application\Home\Controller\SearchController.class.php 第 479 行.
SQL: SELECT COUNT(*) AS tp_count FROM `fofs_startup_company` LIMIT 1   [ RunTime:0.0007s ]
NOTIC: [8] Undefined variable: where D:\phpStudy\WWW\fofs\1\Application\Home\Controller\SearchController.class.php 第 485 行.
SQL: SELECT `id`,`institution_type`,`institution_abbr`,`institution_logo_img`,`institution_abstract` FROM `fofs_startup_company` ORDER BY id desc LIMIT 0,2   [ RunTime:0.0008s ]
SQL: SHOW COLUMNS FROM `fofs_interest_list` [ RunTime:0.0048s ]
SQL: SELECT * FROM `fofs_interest_list` WHERE `fan_id` = 4 AND `fan_type` = 9 AND `host_id` = 4 AND `host_type` = 3  [ RunTime:0.0008s ]
INFO: [ view_parse ] --START--
INFO: [ template_filter ] --START--
INFO: Run Behavior\ContentReplaceBehavior [ RunTime:0.000191s ]
INFO: [ template_filter ] --END-- [ RunTime:0.000286s ]
NOTIC: [8] Undefined variable: keywords D:\phpStudy\WWW\fofs\1\Application\Runtime\Cache\Home\fd14eb71e03cf537c69feac2cf21ba1d.php 第 43 行.
NOTIC: [8] Undefined index: is_by_followed D:\phpStudy\WWW\fofs\1\Application\Runtime\Cache\Home\fd14eb71e03cf537c69feac2cf21ba1d.php 第 264 行.
INFO: Run Behavior\ParseTemplateBehavior [ RunTime:0.014948s ]
INFO: [ view_parse ] --END-- [ RunTime:0.015030s ]
INFO: [ view_filter ] --START--
INFO: Run Behavior\WriteHtmlCacheBehavior [ RunTime:0.000433s ]
INFO: [ view_filter ] --END-- [ RunTime:0.000496s ]
INFO: [ app_end ] --START--
INFO: Run Behavior\ShowPageTraceBehavior [ RunTime:0.001401s ]
INFO: [ app_end ] --END-- [ RunTime:0.001525s ]

[ 2016-11-19T14:46:27+08:00 ] ::1 /fofs/1/index.php/Home/Search/gpSearch.html
INFO: [ app_init ] --START--
INFO: Run Behavior\BuildLiteBehavior [ RunTime:0.000022s ]
INFO: [ app_init ] --END-- [ RunTime:0.000537s ]
INFO: [ app_begin ] --START--
INFO: Run Behavior\ReadHtmlCacheBehavior [ RunTime:0.000693s ]
INFO: Run Behavior\CheckLangBehavior [ RunTime:0.001909s ]
INFO: [ app_begin ] --END-- [ RunTime:0.002733s ]
SQL: SHOW COLUMNS FROM `fofs_gp_fund_product` [ RunTime:0.0055s ]
NOTIC: [8] Undefined variable: where D:\phpStudy\WWW\fofs\1\Application\Home\Controller\SearchController.class.php 第 340 行.
SQL: SELECT DISTINCT  `institution_id` FROM `fofs_gp_fund_product`  [ RunTime:0.0009s ]
SQL: SHOW COLUMNS FROM `fofs_gp` [ RunTime:0.0057s ]
SQL: SELECT COUNT(*) AS tp_count FROM `fofs_gp` WHERE `id` IN ('2','3') LIMIT 1   [ RunTime:0.0008s ]
SQL: SELECT `id`,`institution_type`,`institution_fullname_cn`,`institution_logo_img`,`is_securities_fund`,`is_stock_fund`,`is_startup_fund`,`is_other_fund` FROM `fofs_gp` WHERE `id` IN ('2','3') ORDER BY id desc LIMIT 0,2   [ RunTime:0.0008s ]
SQL: SHOW COLUMNS FROM `fofs_interest_list` [ RunTime:0.0051s ]
SQL: SELECT * FROM `fofs_interest_list` WHERE `id` IN ('2','3') AND `fan_id` = 4 AND `fan_type` = 9 AND `host_id` = 3 AND `host_type` = 2  [ RunTime:0.0007s ]
SQL: SELECT * FROM `fofs_interest_list` WHERE `id` IN ('2','3') AND `fan_id` = 4 AND `fan_type` = 9 AND `host_id` = 2 AND `host_type` = 2  [ RunTime:0.0007s ]
INFO: [ view_parse ] --START--
INFO: [ template_filter ] --START--
INFO: Run Behavior\ContentReplaceBehavior [ RunTime:0.000179s ]
INFO: [ template_filter ] --END-- [ RunTime:0.000269s ]
NOTIC: [8] Undefined variable: keywords D:\phpStudy\WWW\fofs\1\Application\Runtime\Cache\Home\bc5dfa4b95e7bea426908244e271d3cb.php 第 43 行.
NOTIC: [8] Undefined variable: is_angel_investment D:\phpStudy\WWW\fofs\1\Application\Runtime\Cache\Home\bc5dfa4b95e7bea426908244e271d3cb.php 第 251 行.
NOTIC: [8] Undefined variable: is_vc_investment D:\phpStudy\WWW\fofs\1\Application\Runtime\Cache\Home\bc5dfa4b95e7bea426908244e271d3cb.php 第 252 行.
NOTIC: [8] Undefined variable: is_pe_investment D:\phpStudy\WWW\fofs\1\Application\Runtime\Cache\Home\bc5dfa4b95e7bea426908244e271d3cb.php 第 253 行.
NOTIC: [8] Undefined variable: is_other_investment D:\phpStudy\WWW\fofs\1\Application\Runtime\Cache\Home\bc5dfa4b95e7bea426908244e271d3cb.php 第 254 行.
NOTIC: [8] Undefined variable: is_securities_fund D:\phpStudy\WWW\fofs\1\Application\Runtime\Cache\Home\bc5dfa4b95e7bea426908244e271d3cb.php 第 268 行.
NOTIC: [8] Undefined variable: is_stock_fund D:\phpStudy\WWW\fofs\1\Application\Runtime\Cache\Home\bc5dfa4b95e7bea426908244e271d3cb.php 第 272 行.
NOTIC: [8] Undefined variable: is_startup_fund D:\phpStudy\WWW\fofs\1\Application\Runtime\Cache\Home\bc5dfa4b95e7bea426908244e271d3cb.php 第 276 行.
NOTIC: [8] Undefined variable: is_other_fund D:\phpStudy\WWW\fofs\1\Application\Runtime\Cache\Home\bc5dfa4b95e7bea426908244e271d3cb.php 第 280 行.
NOTIC: [8] Undefined variable: investment_field D:\phpStudy\WWW\fofs\1\Application\Runtime\Cache\Home\bc5dfa4b95e7bea426908244e271d3cb.php 第 292 行.
NOTIC: [8] Undefined variable: investment_region D:\phpStudy\WWW\fofs\1\Application\Runtime\Cache\Home\bc5dfa4b95e7bea426908244e271d3cb.php 第 304 行.
NOTIC: [8] Undefined index: is_by_followed D:\phpStudy\WWW\fofs\1\Application\Runtime\Cache\Home\bc5dfa4b95e7bea426908244e271d3cb.php 第 353 行.
NOTIC: [8] Undefined index: is_by_followed D:\phpStudy\WWW\fofs\1\Application\Runtime\Cache\Home\bc5dfa4b95e7bea426908244e271d3cb.php 第 353 行.
NOTIC: [8] Undefined variable: tip D:\phpStudy\WWW\fofs\1\Application\Runtime\Cache\Home\bc5dfa4b95e7bea426908244e271d3cb.php 第 362 行.
INFO: Run Behavior\ParseTemplateBehavior [ RunTime:0.017069s ]
INFO: [ view_parse ] --END-- [ RunTime:0.017146s ]
INFO: [ view_filter ] --START--
INFO: Run Behavior\WriteHtmlCacheBehavior [ RunTime:0.000439s ]
INFO: [ view_filter ] --END-- [ RunTime:0.000501s ]
INFO: [ app_end ] --START--
INFO: Run Behavior\ShowPageTraceBehavior [ RunTime:0.000924s ]
INFO: [ app_end ] --END-- [ RunTime:0.001037s ]

[ 2016-11-19T14:46:28+08:00 ] ::1 /fofs/1/index.php/Home/Search/lpSearch.html
INFO: [ app_init ] --START--
INFO: Run Behavior\BuildLiteBehavior [ RunTime:0.000021s ]
INFO: [ app_init ] --END-- [ RunTime:0.000545s ]
INFO: [ app_begin ] --START--
INFO: Run Behavior\ReadHtmlCacheBehavior [ RunTime:0.000733s ]
INFO: Run Behavior\CheckLangBehavior [ RunTime:0.002020s ]
INFO: [ app_begin ] --END-- [ RunTime:0.002875s ]
SQL: SHOW COLUMNS FROM `fofs_lp_fund_product` [ RunTime:0.0056s ]
NOTIC: [8] Undefined variable: where D:\phpStudy\WWW\fofs\1\Application\Home\Controller\SearchController.class.php 第 157 行.
SQL: SELECT DISTINCT  `institution_id` FROM `fofs_lp_fund_product`  [ RunTime:0.0009s ]
SQL: SHOW COLUMNS FROM `fofs_lp` [ RunTime:0.0073s ]
SQL: SELECT COUNT(*) AS tp_count FROM `fofs_lp` WHERE `id` IN ('3','4') LIMIT 1   [ RunTime:0.0009s ]
SQL: SELECT `id`,`institution_type`,`institution_fullname_cn`,`institution_logo_img`,`is_securities_fund`,`is_stock_fund`,`is_startup_fund`,`is_other_fund` FROM `fofs_lp` WHERE `id` IN ('3','4') ORDER BY id desc LIMIT 0,2   [ RunTime:0.0023s ]
SQL: SHOW COLUMNS FROM `fofs_interest_list` [ RunTime:0.0068s ]
SQL: SELECT * FROM `fofs_interest_list` WHERE `id` IN ('3','4') AND `fan_id` = 4 AND `fan_type` = 9 AND `host_id` = 4 AND `host_type` = 1  [ RunTime:0.0008s ]
SQL: SELECT * FROM `fofs_interest_list` WHERE `id` IN ('3','4') AND `fan_id` = 4 AND `fan_type` = 9 AND `host_id` = 3 AND `host_type` = 1  [ RunTime:0.0008s ]
INFO: [ view_parse ] --START--
INFO: [ template_filter ] --START--
INFO: Run Behavior\ContentReplaceBehavior [ RunTime:0.000208s ]
INFO: [ template_filter ] --END-- [ RunTime:0.000296s ]
NOTIC: [8] Undefined variable: keywords D:\phpStudy\WWW\fofs\1\Application\Runtime\Cache\Home\46ffef79ff36275cb149efd05d9222a4.php 第 43 行.
NOTIC: [8] Undefined variable: is_government_guidance D:\phpStudy\WWW\fofs\1\Application\Runtime\Cache\Home\46ffef79ff36275cb149efd05d9222a4.php 第 251 行.
NOTIC: [8] Undefined variable: is_private_capital D:\phpStudy\WWW\fofs\1\Application\Runtime\Cache\Home\46ffef79ff36275cb149efd05d9222a4.php 第 252 行.
NOTIC: [8] Undefined variable: is_state_owned D:\phpStudy\WWW\fofs\1\Application\Runtime\Cache\Home\46ffef79ff36275cb149efd05d9222a4.php 第 253 行.
NOTIC: [8] Undefined variable: is_investment_security D:\phpStudy\WWW\fofs\1\Application\Runtime\Cache\Home\46ffef79ff36275cb149efd05d9222a4.php 第 266 行.
NOTIC: [8] Undefined variable: is_equity_investment D:\phpStudy\WWW\fofs\1\Application\Runtime\Cache\Home\46ffef79ff36275cb149efd05d9222a4.php 第 270 行.
NOTIC: [8] Undefined variable: is_venture_investment D:\phpStudy\WWW\fofs\1\Application\Runtime\Cache\Home\46ffef79ff36275cb149efd05d9222a4.php 第 274 行.
NOTIC: [8] Undefined variable: is_other_investment D:\phpStudy\WWW\fofs\1\Application\Runtime\Cache\Home\46ffef79ff36275cb149efd05d9222a4.php 第 278 行.
NOTIC: [8] Undefined variable: investment_field D:\phpStudy\WWW\fofs\1\Application\Runtime\Cache\Home\46ffef79ff36275cb149efd05d9222a4.php 第 291 行.
NOTIC: [8] Undefined index: is_by_followed D:\phpStudy\WWW\fofs\1\Application\Runtime\Cache\Home\46ffef79ff36275cb149efd05d9222a4.php 第 371 行.
NOTIC: [8] Undefined index: is_by_followed D:\phpStudy\WWW\fofs\1\Application\Runtime\Cache\Home\46ffef79ff36275cb149efd05d9222a4.php 第 371 行.
NOTIC: [8] Undefined variable: tip D:\phpStudy\WWW\fofs\1\Application\Runtime\Cache\Home\46ffef79ff36275cb149efd05d9222a4.php 第 380 行.
INFO: Run Behavior\ParseTemplateBehavior [ RunTime:0.018676s ]
INFO: [ view_parse ] --END-- [ RunTime:0.018762s ]
INFO: [ view_filter ] --START--
INFO: Run Behavior\WriteHtmlCacheBehavior [ RunTime:0.000407s ]
INFO: [ view_filter ] --END-- [ RunTime:0.000469s ]
INFO: [ app_end ] --START--
INFO: Run Behavior\ShowPageTraceBehavior [ RunTime:0.000708s ]
INFO: [ app_end ] --END-- [ RunTime:0.000798s ]

[ 2016-11-19T14:46:28+08:00 ] ::1 /fofs/1/index.php/Home/Index/aboutAlliance.html?article_type=9
INFO: [ app_init ] --START--
INFO: Run Behavior\BuildLiteBehavior [ RunTime:0.000035s ]
INFO: [ app_init ] --END-- [ RunTime:0.000773s ]
INFO: [ app_begin ] --START--
INFO: Run Behavior\ReadHtmlCacheBehavior [ RunTime:0.000716s ]
INFO: Run Behavior\CheckLangBehavior [ RunTime:0.001987s ]
INFO: [ app_begin ] --END-- [ RunTime:0.002831s ]
SQL: SHOW COLUMNS FROM `fofs_article` [ RunTime:0.0055s ]
SQL: SELECT * FROM `fofs_article` WHERE `article_type` = 9 LIMIT 1   [ RunTime:0.0008s ]
INFO: [ view_parse ] --START--
INFO: [ template_filter ] --START--
INFO: Run Behavior\ContentReplaceBehavior [ RunTime:0.000143s ]
INFO: [ template_filter ] --END-- [ RunTime:0.000228s ]
NOTIC: [8] Undefined variable: keywords D:\phpStudy\WWW\fofs\1\Application\Runtime\Cache\Home\b528f4ddcc84698bb220ed5d07f09f62.php 第 43 行.
INFO: Run Behavior\ParseTemplateBehavior [ RunTime:0.019259s ]
INFO: [ view_parse ] --END-- [ RunTime:0.019342s ]
INFO: [ view_filter ] --START--
INFO: Run Behavior\WriteHtmlCacheBehavior [ RunTime:0.000555s ]
INFO: [ view_filter ] --END-- [ RunTime:0.000624s ]
INFO: [ app_end ] --START--
INFO: Run Behavior\ShowPageTraceBehavior [ RunTime:0.001393s ]
INFO: [ app_end ] --END-- [ RunTime:0.001531s ]

[ 2016-11-19T14:46:29+08:00 ] ::1 /fofs/1/index.php/Home/Index/index.html
INFO: [ app_init ] --START--
INFO: Run Behavior\BuildLiteBehavior [ RunTime:0.000032s ]
INFO: [ app_init ] --END-- [ RunTime:0.000805s ]
INFO: [ app_begin ] --START--
INFO: Run Behavior\ReadHtmlCacheBehavior [ RunTime:0.000751s ]
INFO: Run Behavior\CheckLangBehavior [ RunTime:0.002041s ]
INFO: [ app_begin ] --END-- [ RunTime:0.002931s ]
SQL: SHOW COLUMNS FROM `fofs_article` [ RunTime:0.0049s ]
SQL: SELECT * FROM `fofs_article` WHERE `article_type` = 1 ORDER BY id desc LIMIT 1,10   [ RunTime:0.0009s ]
SQL: SELECT * FROM `fofs_article` WHERE `article_type` = 2 ORDER BY id desc LIMIT 10   [ RunTime:0.0007s ]
SQL: SELECT * FROM `fofs_article` WHERE `article_type` = 3 ORDER BY id desc LIMIT 10   [ RunTime:0.0007s ]
SQL: SELECT * FROM `fofs_article` WHERE `article_type` = 4 ORDER BY id desc LIMIT 10   [ RunTime:0.0006s ]
INFO: [ view_parse ] --START--
INFO: [ template_filter ] --START--
INFO: Run Behavior\ContentReplaceBehavior [ RunTime:0.000205s ]
INFO: [ template_filter ] --END-- [ RunTime:0.000295s ]
NOTIC: [8] Undefined variable: keywords D:\phpStudy\WWW\fofs\1\Application\Runtime\Cache\Home\2a94b8bda04ff446dcedd42276fc99ee.php 第 43 行.
NOTIC: [8] Undefined variable: link D:\phpStudy\WWW\fofs\1\Application\Runtime\Cache\Home\2a94b8bda04ff446dcedd42276fc99ee.php 第 247 行.
NOTIC: [8] Undefined variable: link D:\phpStudy\WWW\fofs\1\Application\Runtime\Cache\Home\2a94b8bda04ff446dcedd42276fc99ee.php 第 264 行.
NOTIC: [8] Undefined variable: link D:\phpStudy\WWW\fofs\1\Application\Runtime\Cache\Home\2a94b8bda04ff446dcedd42276fc99ee.php 第 281 行.
INFO: Run Behavior\ParseTemplateBehavior [ RunTime:0.025678s ]
INFO: [ view_parse ] --END-- [ RunTime:0.025758s ]
INFO: [ view_filter ] --START--
INFO: Run Behavior\WriteHtmlCacheBehavior [ RunTime:0.000530s ]
INFO: [ view_filter ] --END-- [ RunTime:0.000597s ]
INFO: [ app_end ] --START--
INFO: Run Behavior\ShowPageTraceBehavior [ RunTime:0.000708s ]
INFO: [ app_end ] --END-- [ RunTime:0.000797s ]

