[ 2016-11-27T09:52:25+08:00 ] ::1 /fofs/1/index.php/Admin/Index/index
INFO: [ app_init ] --START--
INFO: Run Behavior\BuildLiteBehavior [ RunTime:0.000032s ]
INFO: [ app_init ] --END-- [ RunTime:0.000833s ]
INFO: [ app_begin ] --START--
INFO: Run Behavior\ReadHtmlCacheBehavior [ RunTime:0.000857s ]
INFO: Run Behavior\CheckLangBehavior [ RunTime:0.056415s ]
INFO: [ app_begin ] --END-- [ RunTime:0.057466s ]
NOTIC: [8] Undefined variable: is_admin D:\phpStudy\WWW\fofs\1\Application\Admin\Controller\BaseController.class.php 第 14 行.
INFO: [ view_parse ] --START--
INFO: [ template_filter ] --START--
INFO: Run Behavior\ContentReplaceBehavior [ RunTime:0.000166s ]
INFO: [ template_filter ] --END-- [ RunTime:0.000256s ]
NOTIC: [8] Undefined variable: is_admin D:\phpStudy\WWW\fofs\1\Application\Runtime\Cache\Admin\b595b808c2ebeeeb0478ffc30bb4e87a.php 第 83 行.
INFO: Run Behavior\ParseTemplateBehavior [ RunTime:0.312055s ]
INFO: [ view_parse ] --END-- [ RunTime:0.312205s ]
INFO: [ view_filter ] --START--
INFO: Run Behavior\WriteHtmlCacheBehavior [ RunTime:0.000494s ]
INFO: [ view_filter ] --END-- [ RunTime:0.000563s ]
INFO: [ app_end ] --START--
INFO: Run Behavior\ShowPageTraceBehavior [ RunTime:0.000804s ]
INFO: [ app_end ] --END-- [ RunTime:0.000889s ]

[ 2016-11-27T09:52:30+08:00 ] ::1 /fofs/1/index.php/Admin/User/allUsers?institution_type=2
INFO: [ app_init ] --START--
INFO: Run Behavior\BuildLiteBehavior [ RunTime:0.000020s ]
INFO: [ app_init ] --END-- [ RunTime:0.000467s ]
INFO: [ app_begin ] --START--
INFO: Run Behavior\ReadHtmlCacheBehavior [ RunTime:0.000741s ]
INFO: Run Behavior\CheckLangBehavior [ RunTime:0.001688s ]
INFO: [ app_begin ] --END-- [ RunTime:0.002552s ]
NOTIC: [8] Undefined variable: is_admin D:\phpStudy\WWW\fofs\1\Application\Admin\Controller\BaseController.class.php 第 14 行.
SQL: SHOW COLUMNS FROM `fofs_gp` [ RunTime:0.1939s ]
NOTIC: [8] Undefined variable: where D:\phpStudy\WWW\fofs\1\Application\Admin\Controller\UserController.class.php 第 52 行.
SQL: SELECT COUNT(*) AS tp_count FROM `fofs_gp` LIMIT 1   [ RunTime:0.0799s ]
NOTIC: [8] Undefined variable: where D:\phpStudy\WWW\fofs\1\Application\Admin\Controller\UserController.class.php 第 64 行.
SQL: SELECT `id`,`institution_type`,`email`,`institution_abbr`,`institution_fullname_cn`,`institution_logo_img`,`reg_time` FROM `fofs_gp` LIMIT 0,10   [ RunTime:0.0015s ]
INFO: [ view_parse ] --START--
INFO: [ template_filter ] --START--
INFO: Run Behavior\ContentReplaceBehavior [ RunTime:0.000271s ]
INFO: [ template_filter ] --END-- [ RunTime:0.000414s ]
NOTIC: [8] Undefined variable: is_admin D:\phpStudy\WWW\fofs\1\Application\Runtime\Cache\Admin\ec564a3c1ba6f9f73e4327733421bd10.php 第 84 行.
INFO: Run Behavior\ParseTemplateBehavior [ RunTime:0.053337s ]
INFO: [ view_parse ] --END-- [ RunTime:0.053538s ]
INFO: [ view_filter ] --START--
INFO: Run Behavior\WriteHtmlCacheBehavior [ RunTime:0.000432s ]
INFO: [ view_filter ] --END-- [ RunTime:0.000506s ]
INFO: [ app_end ] --START--
INFO: Run Behavior\ShowPageTraceBehavior [ RunTime:0.000828s ]
INFO: [ app_end ] --END-- [ RunTime:0.000938s ]

[ 2016-11-27T10:08:14+08:00 ] ::1 /fofs/1/index.php/Admin/User/allUsers?institution_type=2
INFO: [ app_init ] --START--
INFO: Run Behavior\BuildLiteBehavior [ RunTime:0.000019s ]
INFO: [ app_init ] --END-- [ RunTime:0.000678s ]
INFO: [ app_begin ] --START--
INFO: Run Behavior\ReadHtmlCacheBehavior [ RunTime:0.000886s ]
INFO: Run Behavior\CheckLangBehavior [ RunTime:0.002196s ]
INFO: [ app_begin ] --END-- [ RunTime:0.003188s ]
NOTIC: [8] Undefined variable: is_admin D:\phpStudy\WWW\fofs\1\Application\Admin\Controller\BaseController.class.php 第 14 行.
SQL: SHOW COLUMNS FROM `fofs_gp` [ RunTime:0.0042s ]
NOTIC: [8] Undefined variable: where D:\phpStudy\WWW\fofs\1\Application\Admin\Controller\UserController.class.php 第 52 行.
SQL: SELECT COUNT(*) AS tp_count FROM `fofs_gp` LIMIT 1   [ RunTime:0.0006s ]
NOTIC: [8] Undefined variable: where D:\phpStudy\WWW\fofs\1\Application\Admin\Controller\UserController.class.php 第 64 行.
SQL: SELECT `id`,`institution_type`,`email`,`institution_abbr`,`institution_fullname_cn`,`institution_logo_img`,`reg_time` FROM `fofs_gp` LIMIT 0,10   [ RunTime:0.0008s ]
INFO: [ view_parse ] --START--
INFO: [ template_filter ] --START--
INFO: Run Behavior\ContentReplaceBehavior [ RunTime:0.000125s ]
INFO: [ template_filter ] --END-- [ RunTime:0.000191s ]
NOTIC: [8] Undefined variable: is_admin D:\phpStudy\WWW\fofs\1\Application\Runtime\Cache\Admin\ec564a3c1ba6f9f73e4327733421bd10.php 第 84 行.
INFO: Run Behavior\ParseTemplateBehavior [ RunTime:0.014860s ]
INFO: [ view_parse ] --END-- [ RunTime:0.014932s ]
INFO: [ view_filter ] --START--
INFO: Run Behavior\WriteHtmlCacheBehavior [ RunTime:0.000633s ]
INFO: [ view_filter ] --END-- [ RunTime:0.000692s ]
INFO: [ app_end ] --START--
INFO: Run Behavior\ShowPageTraceBehavior [ RunTime:0.000897s ]
INFO: [ app_end ] --END-- [ RunTime:0.000996s ]

[ 2016-11-27T10:08:46+08:00 ] ::1 /fofs/1/index.php/Admin/Index/login
INFO: [ app_init ] --START--
INFO: Run Behavior\BuildLiteBehavior [ RunTime:0.000019s ]
INFO: [ app_init ] --END-- [ RunTime:0.000482s ]
INFO: [ app_begin ] --START--
INFO: Run Behavior\ReadHtmlCacheBehavior [ RunTime:0.000747s ]
INFO: Run Behavior\CheckLangBehavior [ RunTime:0.037977s ]
INFO: [ app_begin ] --END-- [ RunTime:0.038859s ]
NOTIC: [8] Undefined variable: is_admin D:\phpStudy\WWW\fofs\1\Application\Admin\Controller\BaseController.class.php 第 14 行.
INFO: [ view_parse ] --START--
INFO: [ template_filter ] --START--
INFO: Run Behavior\ContentReplaceBehavior [ RunTime:0.000071s ]
INFO: [ template_filter ] --END-- [ RunTime:0.000161s ]
INFO: Run Behavior\ParseTemplateBehavior [ RunTime:0.039038s ]
INFO: [ view_parse ] --END-- [ RunTime:0.039125s ]
INFO: [ view_filter ] --START--
INFO: Run Behavior\WriteHtmlCacheBehavior [ RunTime:0.000535s ]
INFO: [ view_filter ] --END-- [ RunTime:0.000597s ]
INFO: [ app_end ] --START--
INFO: Run Behavior\ShowPageTraceBehavior [ RunTime:0.000811s ]
INFO: [ app_end ] --END-- [ RunTime:0.000867s ]

[ 2016-11-27T10:09:09+08:00 ] ::1 /fofs/1/index.php/Admin/User/allUsers?institution_type=3
INFO: [ app_init ] --START--
INFO: Run Behavior\BuildLiteBehavior [ RunTime:0.000030s ]
INFO: [ app_init ] --END-- [ RunTime:0.000718s ]
INFO: [ app_begin ] --START--
INFO: Run Behavior\ReadHtmlCacheBehavior [ RunTime:0.001097s ]
INFO: Run Behavior\CheckLangBehavior [ RunTime:0.002888s ]
INFO: [ app_begin ] --END-- [ RunTime:0.004162s ]
NOTIC: [8] Undefined variable: is_admin D:\phpStudy\WWW\fofs\1\Application\Admin\Controller\BaseController.class.php 第 14 行.
SQL: SHOW COLUMNS FROM `fofs_startup_company` [ RunTime:0.0049s ]
NOTIC: [8] Undefined variable: where D:\phpStudy\WWW\fofs\1\Application\Admin\Controller\UserController.class.php 第 52 行.
SQL: SELECT COUNT(*) AS tp_count FROM `fofs_startup_company` LIMIT 1   [ RunTime:0.0006s ]
NOTIC: [8] Undefined variable: where D:\phpStudy\WWW\fofs\1\Application\Admin\Controller\UserController.class.php 第 64 行.
SQL: SELECT `id`,`institution_type`,`email`,`institution_abbr`,`institution_fullname_cn`,`institution_logo_img`,`reg_time` FROM `fofs_startup_company` LIMIT 0,10   [ RunTime:0.0562s ]
INFO: [ view_parse ] --START--
INFO: [ template_filter ] --START--
INFO: Run Behavior\ContentReplaceBehavior [ RunTime:0.000237s ]
INFO: [ template_filter ] --END-- [ RunTime:0.000360s ]
NOTIC: [8] Undefined variable: is_admin D:\phpStudy\WWW\fofs\1\Application\Runtime\Cache\Admin\ec564a3c1ba6f9f73e4327733421bd10.php 第 84 行.
INFO: Run Behavior\ParseTemplateBehavior [ RunTime:0.018008s ]
INFO: [ view_parse ] --END-- [ RunTime:0.018147s ]
INFO: [ view_filter ] --START--
INFO: Run Behavior\WriteHtmlCacheBehavior [ RunTime:0.000566s ]
INFO: [ view_filter ] --END-- [ RunTime:0.000625s ]
INFO: [ app_end ] --START--
INFO: Run Behavior\ShowPageTraceBehavior [ RunTime:0.001148s ]
INFO: [ app_end ] --END-- [ RunTime:0.001263s ]

[ 2016-11-27T10:09:10+08:00 ] ::1 /fofs/1/index.php/Admin/User/allUsers?institution_type=1
INFO: [ app_init ] --START--
INFO: Run Behavior\BuildLiteBehavior [ RunTime:0.000019s ]
INFO: [ app_init ] --END-- [ RunTime:0.000595s ]
INFO: [ app_begin ] --START--
INFO: Run Behavior\ReadHtmlCacheBehavior [ RunTime:0.001021s ]
INFO: Run Behavior\CheckLangBehavior [ RunTime:0.002388s ]
INFO: [ app_begin ] --END-- [ RunTime:0.003609s ]
NOTIC: [8] Undefined variable: is_admin D:\phpStudy\WWW\fofs\1\Application\Admin\Controller\BaseController.class.php 第 14 行.
SQL: SHOW COLUMNS FROM `fofs_lp` [ RunTime:0.0051s ]
NOTIC: [8] Undefined variable: where D:\phpStudy\WWW\fofs\1\Application\Admin\Controller\UserController.class.php 第 52 行.
SQL: SELECT COUNT(*) AS tp_count FROM `fofs_lp` LIMIT 1   [ RunTime:0.0006s ]
NOTIC: [8] Undefined variable: where D:\phpStudy\WWW\fofs\1\Application\Admin\Controller\UserController.class.php 第 64 行.
SQL: SELECT `id`,`institution_type`,`email`,`institution_abbr`,`institution_fullname_cn`,`institution_logo_img`,`reg_time` FROM `fofs_lp` LIMIT 0,10   [ RunTime:0.0008s ]
INFO: [ view_parse ] --START--
INFO: [ template_filter ] --START--
INFO: Run Behavior\ContentReplaceBehavior [ RunTime:0.000143s ]
INFO: [ template_filter ] --END-- [ RunTime:0.000218s ]
NOTIC: [8] Undefined variable: is_admin D:\phpStudy\WWW\fofs\1\Application\Runtime\Cache\Admin\ec564a3c1ba6f9f73e4327733421bd10.php 第 84 行.
INFO: Run Behavior\ParseTemplateBehavior [ RunTime:0.016985s ]
INFO: [ view_parse ] --END-- [ RunTime:0.017057s ]
INFO: [ view_filter ] --START--
INFO: Run Behavior\WriteHtmlCacheBehavior [ RunTime:0.000785s ]
INFO: [ view_filter ] --END-- [ RunTime:0.000876s ]
INFO: [ app_end ] --START--
INFO: Run Behavior\ShowPageTraceBehavior [ RunTime:0.001295s ]
INFO: [ app_end ] --END-- [ RunTime:0.001794s ]

[ 2016-11-27T10:09:14+08:00 ] ::1 /fofs/1/index.php/Admin/User/delete/institution_id/3/institution_type/1
INFO: [ app_init ] --START--
INFO: Run Behavior\BuildLiteBehavior [ RunTime:0.000020s ]
INFO: [ app_init ] --END-- [ RunTime:0.000549s ]
INFO: [ app_begin ] --START--
INFO: Run Behavior\ReadHtmlCacheBehavior [ RunTime:0.001145s ]
INFO: Run Behavior\CheckLangBehavior [ RunTime:0.002366s ]
INFO: [ app_begin ] --END-- [ RunTime:0.003664s ]
NOTIC: [8] Undefined variable: is_admin D:\phpStudy\WWW\fofs\1\Application\Admin\Controller\BaseController.class.php 第 14 行.
SQL: SHOW COLUMNS FROM `fofs_lp` [ RunTime:0.0046s ]
SQL: UPDATE `fofs_lp` SET `state`='400' WHERE `id` = 3 [ RunTime:0.0556s ]
INFO: [ view_parse ] --START--
INFO: [ template_filter ] --START--
INFO: Run Behavior\ContentReplaceBehavior [ RunTime:0.000041s ]
INFO: [ template_filter ] --END-- [ RunTime:0.000110s ]
INFO: Run Behavior\ParseTemplateBehavior [ RunTime:0.007202s ]
INFO: [ view_parse ] --END-- [ RunTime:0.007284s ]
INFO: [ view_filter ] --START--
INFO: Run Behavior\WriteHtmlCacheBehavior [ RunTime:0.000733s ]
INFO: [ view_filter ] --END-- [ RunTime:0.000791s ]
INFO: [ app_end ] --START--
INFO: Run Behavior\ShowPageTraceBehavior [ RunTime:0.000883s ]
INFO: [ app_end ] --END-- [ RunTime:0.000939s ]

[ 2016-11-27T10:09:15+08:00 ] ::1 /fofs/1/index.php/Admin/User/allUsers?institution_type=1
INFO: [ app_init ] --START--
INFO: Run Behavior\BuildLiteBehavior [ RunTime:0.000024s ]
INFO: [ app_init ] --END-- [ RunTime:0.000875s ]
INFO: [ app_begin ] --START--
INFO: Run Behavior\ReadHtmlCacheBehavior [ RunTime:0.001057s ]
INFO: Run Behavior\CheckLangBehavior [ RunTime:0.002773s ]
INFO: [ app_begin ] --END-- [ RunTime:0.003976s ]
NOTIC: [8] Undefined variable: is_admin D:\phpStudy\WWW\fofs\1\Application\Admin\Controller\BaseController.class.php 第 14 行.
SQL: SHOW COLUMNS FROM `fofs_lp` [ RunTime:0.0042s ]
NOTIC: [8] Undefined variable: where D:\phpStudy\WWW\fofs\1\Application\Admin\Controller\UserController.class.php 第 52 行.
SQL: SELECT COUNT(*) AS tp_count FROM `fofs_lp` LIMIT 1   [ RunTime:0.0006s ]
NOTIC: [8] Undefined variable: where D:\phpStudy\WWW\fofs\1\Application\Admin\Controller\UserController.class.php 第 64 行.
SQL: SELECT `id`,`institution_type`,`email`,`institution_abbr`,`institution_fullname_cn`,`institution_logo_img`,`reg_time` FROM `fofs_lp` LIMIT 0,10   [ RunTime:0.0008s ]
INFO: [ view_parse ] --START--
INFO: [ template_filter ] --START--
INFO: Run Behavior\ContentReplaceBehavior [ RunTime:0.000131s ]
INFO: [ template_filter ] --END-- [ RunTime:0.000200s ]
NOTIC: [8] Undefined variable: is_admin D:\phpStudy\WWW\fofs\1\Application\Runtime\Cache\Admin\ec564a3c1ba6f9f73e4327733421bd10.php 第 84 行.
INFO: Run Behavior\ParseTemplateBehavior [ RunTime:0.013456s ]
INFO: [ view_parse ] --END-- [ RunTime:0.013531s ]
INFO: [ view_filter ] --START--
INFO: Run Behavior\WriteHtmlCacheBehavior [ RunTime:0.001014s ]
INFO: [ view_filter ] --END-- [ RunTime:0.001142s ]
INFO: [ app_end ] --START--
INFO: Run Behavior\ShowPageTraceBehavior [ RunTime:0.001305s ]
INFO: [ app_end ] --END-- [ RunTime:0.001425s ]

[ 2016-11-27T10:11:30+08:00 ] ::1 /fofs/1/index.php/Admin/Article/all_articles?article_type=1
INFO: [ app_init ] --START--
INFO: Run Behavior\BuildLiteBehavior [ RunTime:0.000028s ]
INFO: [ app_init ] --END-- [ RunTime:0.000657s ]
INFO: [ app_begin ] --START--
INFO: Run Behavior\ReadHtmlCacheBehavior [ RunTime:0.000954s ]
INFO: Run Behavior\CheckLangBehavior [ RunTime:0.002686s ]
INFO: [ app_begin ] --END-- [ RunTime:0.003779s ]
NOTIC: [8] Undefined variable: is_admin D:\phpStudy\WWW\fofs\1\Application\Admin\Controller\BaseController.class.php 第 14 行.
SQL: SHOW COLUMNS FROM `fofs_article` [ RunTime:0.0043s ]
SQL: SELECT COUNT(*) AS tp_count FROM `fofs_article` WHERE `article_type` = 1 LIMIT 1   [ RunTime:0.0007s ]
SQL: SELECT `id`,`title`,`institution_type`,`author_name`,`pub_time` FROM `fofs_article` WHERE `article_type` = 1 ORDER BY id desc LIMIT 0,2   [ RunTime:0.0008s ]
INFO: [ view_parse ] --START--
INFO: [ template_filter ] --START--
INFO: Run Behavior\ContentReplaceBehavior [ RunTime:0.000190s ]
INFO: [ template_filter ] --END-- [ RunTime:0.000295s ]
NOTIC: [8] Undefined variable: is_admin D:\phpStudy\WWW\fofs\1\Application\Runtime\Cache\Admin\58b8aa82579818ce6bba874eadcc7c6b.php 第 82 行.
INFO: Run Behavior\ParseTemplateBehavior [ RunTime:0.029221s ]
INFO: [ view_parse ] --END-- [ RunTime:0.029301s ]
INFO: [ view_filter ] --START--
INFO: Run Behavior\WriteHtmlCacheBehavior [ RunTime:0.000735s ]
INFO: [ view_filter ] --END-- [ RunTime:0.000802s ]
INFO: [ app_end ] --START--
INFO: Run Behavior\ShowPageTraceBehavior [ RunTime:0.001272s ]
INFO: [ app_end ] --END-- [ RunTime:0.001382s ]

[ 2016-11-27T10:16:29+08:00 ] ::1 /fofs/1/index.php/Admin/User/allUsers?institution_type=2
INFO: [ app_init ] --START--
INFO: Run Behavior\BuildLiteBehavior [ RunTime:0.000022s ]
INFO: [ app_init ] --END-- [ RunTime:0.000647s ]
INFO: [ app_begin ] --START--
INFO: Run Behavior\ReadHtmlCacheBehavior [ RunTime:0.000904s ]
INFO: Run Behavior\CheckLangBehavior [ RunTime:0.002629s ]
INFO: [ app_begin ] --END-- [ RunTime:0.003665s ]
NOTIC: [8] Undefined variable: is_admin D:\phpStudy\WWW\fofs\1\Application\Admin\Controller\BaseController.class.php 第 14 行.
SQL: SHOW COLUMNS FROM `fofs_gp` [ RunTime:0.0052s ]
NOTIC: [8] Undefined variable: where D:\phpStudy\WWW\fofs\1\Application\Admin\Controller\UserController.class.php 第 52 行.
SQL: SELECT COUNT(*) AS tp_count FROM `fofs_gp` LIMIT 1   [ RunTime:0.0008s ]
NOTIC: [8] Undefined variable: where D:\phpStudy\WWW\fofs\1\Application\Admin\Controller\UserController.class.php 第 64 行.
SQL: SELECT `id`,`institution_type`,`email`,`institution_abbr`,`institution_fullname_cn`,`institution_logo_img`,`reg_time` FROM `fofs_gp` LIMIT 0,10   [ RunTime:0.0007s ]
INFO: [ view_parse ] --START--
INFO: [ template_filter ] --START--
INFO: Run Behavior\ContentReplaceBehavior [ RunTime:0.000206s ]
INFO: [ template_filter ] --END-- [ RunTime:0.000312s ]
NOTIC: [8] Undefined variable: is_admin D:\phpStudy\WWW\fofs\1\Application\Runtime\Cache\Admin\ec564a3c1ba6f9f73e4327733421bd10.php 第 84 行.
INFO: Run Behavior\ParseTemplateBehavior [ RunTime:0.015148s ]
INFO: [ view_parse ] --END-- [ RunTime:0.015218s ]
INFO: [ view_filter ] --START--
INFO: Run Behavior\WriteHtmlCacheBehavior [ RunTime:0.000586s ]
INFO: [ view_filter ] --END-- [ RunTime:0.000640s ]
INFO: [ app_end ] --START--
INFO: Run Behavior\ShowPageTraceBehavior [ RunTime:0.000889s ]
INFO: [ app_end ] --END-- [ RunTime:0.000987s ]

[ 2016-11-27T10:16:40+08:00 ] ::1 /fofs/1/index.php/Admin/User/delete/institution_id/2/institution_type/2
INFO: [ app_init ] --START--
INFO: Run Behavior\BuildLiteBehavior [ RunTime:0.000018s ]
INFO: [ app_init ] --END-- [ RunTime:0.000541s ]
INFO: [ app_begin ] --START--
INFO: Run Behavior\ReadHtmlCacheBehavior [ RunTime:0.000767s ]
INFO: Run Behavior\CheckLangBehavior [ RunTime:0.002136s ]
INFO: [ app_begin ] --END-- [ RunTime:0.003025s ]
NOTIC: [8] Undefined variable: is_admin D:\phpStudy\WWW\fofs\1\Application\Admin\Controller\BaseController.class.php 第 14 行.
SQL: SHOW COLUMNS FROM `fofs_gp` [ RunTime:0.0042s ]
SQL: UPDATE `fofs_gp` SET `state`='400' WHERE `id` = 2 [ RunTime:0.0008s ]
INFO: [ view_parse ] --START--
INFO: [ template_filter ] --START--
INFO: Run Behavior\ContentReplaceBehavior [ RunTime:0.000042s ]
INFO: [ template_filter ] --END-- [ RunTime:0.000110s ]
INFO: Run Behavior\ParseTemplateBehavior [ RunTime:0.007753s ]
INFO: [ view_parse ] --END-- [ RunTime:0.007823s ]
INFO: [ view_filter ] --START--
INFO: Run Behavior\WriteHtmlCacheBehavior [ RunTime:0.000566s ]
INFO: [ view_filter ] --END-- [ RunTime:0.000628s ]
INFO: [ app_end ] --START--
INFO: Run Behavior\ShowPageTraceBehavior [ RunTime:0.000769s ]
INFO: [ app_end ] --END-- [ RunTime:0.000844s ]

[ 2016-11-27T10:16:41+08:00 ] ::1 /fofs/1/index.php/Admin/User/allUsers?institution_type=2
INFO: [ app_init ] --START--
INFO: Run Behavior\BuildLiteBehavior [ RunTime:0.000019s ]
INFO: [ app_init ] --END-- [ RunTime:0.000518s ]
INFO: [ app_begin ] --START--
INFO: Run Behavior\ReadHtmlCacheBehavior [ RunTime:0.000793s ]
INFO: Run Behavior\CheckLangBehavior [ RunTime:0.002190s ]
INFO: [ app_begin ] --END-- [ RunTime:0.003087s ]
NOTIC: [8] Undefined variable: is_admin D:\phpStudy\WWW\fofs\1\Application\Admin\Controller\BaseController.class.php 第 14 行.
SQL: SHOW COLUMNS FROM `fofs_gp` [ RunTime:0.0042s ]
NOTIC: [8] Undefined variable: where D:\phpStudy\WWW\fofs\1\Application\Admin\Controller\UserController.class.php 第 52 行.
SQL: SELECT COUNT(*) AS tp_count FROM `fofs_gp` LIMIT 1   [ RunTime:0.0006s ]
NOTIC: [8] Undefined variable: where D:\phpStudy\WWW\fofs\1\Application\Admin\Controller\UserController.class.php 第 64 行.
SQL: SELECT `id`,`institution_type`,`email`,`institution_abbr`,`institution_fullname_cn`,`institution_logo_img`,`reg_time` FROM `fofs_gp` LIMIT 0,10   [ RunTime:0.0007s ]
INFO: [ view_parse ] --START--
INFO: [ template_filter ] --START--
INFO: Run Behavior\ContentReplaceBehavior [ RunTime:0.000149s ]
INFO: [ template_filter ] --END-- [ RunTime:0.000234s ]
NOTIC: [8] Undefined variable: is_admin D:\phpStudy\WWW\fofs\1\Application\Runtime\Cache\Admin\ec564a3c1ba6f9f73e4327733421bd10.php 第 84 行.
INFO: Run Behavior\ParseTemplateBehavior [ RunTime:0.014432s ]
INFO: [ view_parse ] --END-- [ RunTime:0.014502s ]
INFO: [ view_filter ] --START--
INFO: Run Behavior\WriteHtmlCacheBehavior [ RunTime:0.000645s ]
INFO: [ view_filter ] --END-- [ RunTime:0.000704s ]
INFO: [ app_end ] --START--
INFO: Run Behavior\ShowPageTraceBehavior [ RunTime:0.001043s ]
INFO: [ app_end ] --END-- [ RunTime:0.001156s ]

[ 2016-11-27T10:17:46+08:00 ] ::1 /fofs/1/index.php/Admin/User/allUsers?institution_type=2
INFO: [ app_init ] --START--
INFO: Run Behavior\BuildLiteBehavior [ RunTime:0.000020s ]
INFO: [ app_init ] --END-- [ RunTime:0.000534s ]
INFO: [ app_begin ] --START--
INFO: Run Behavior\ReadHtmlCacheBehavior [ RunTime:0.000959s ]
INFO: Run Behavior\CheckLangBehavior [ RunTime:0.002169s ]
INFO: [ app_begin ] --END-- [ RunTime:0.003254s ]
NOTIC: [8] Undefined variable: is_admin D:\phpStudy\WWW\fofs\1\Application\Admin\Controller\BaseController.class.php 第 14 行.
SQL: SHOW COLUMNS FROM `fofs_gp` [ RunTime:0.0045s ]
SQL: SELECT COUNT(*) AS tp_count FROM `fofs_gp` WHERE `state` <> 400 LIMIT 1   [ RunTime:0.0006s ]
SQL: SELECT `id`,`institution_type`,`email`,`institution_abbr`,`institution_fullname_cn`,`institution_logo_img`,`reg_time` FROM `fofs_gp` WHERE `state` <> 400 LIMIT 0,10   [ RunTime:0.0007s ]
INFO: [ view_parse ] --START--
INFO: [ template_filter ] --START--
INFO: Run Behavior\ContentReplaceBehavior [ RunTime:0.000131s ]
INFO: [ template_filter ] --END-- [ RunTime:0.000195s ]
NOTIC: [8] Undefined variable: is_admin D:\phpStudy\WWW\fofs\1\Application\Runtime\Cache\Admin\ec564a3c1ba6f9f73e4327733421bd10.php 第 84 行.
INFO: Run Behavior\ParseTemplateBehavior [ RunTime:0.013661s ]
INFO: [ view_parse ] --END-- [ RunTime:0.013730s ]
INFO: [ view_filter ] --START--
INFO: Run Behavior\WriteHtmlCacheBehavior [ RunTime:0.000539s ]
INFO: [ view_filter ] --END-- [ RunTime:0.000591s ]
INFO: [ app_end ] --START--
INFO: Run Behavior\ShowPageTraceBehavior [ RunTime:0.001075s ]
INFO: [ app_end ] --END-- [ RunTime:0.001165s ]

[ 2016-11-27T10:17:48+08:00 ] ::1 /fofs/1/index.php/Admin/User/allUsers?institution_type=1
INFO: [ app_init ] --START--
INFO: Run Behavior\BuildLiteBehavior [ RunTime:0.000028s ]
INFO: [ app_init ] --END-- [ RunTime:0.000645s ]
INFO: [ app_begin ] --START--
INFO: Run Behavior\ReadHtmlCacheBehavior [ RunTime:0.000981s ]
INFO: Run Behavior\CheckLangBehavior [ RunTime:0.001742s ]
INFO: [ app_begin ] --END-- [ RunTime:0.002873s ]
NOTIC: [8] Undefined variable: is_admin D:\phpStudy\WWW\fofs\1\Application\Admin\Controller\BaseController.class.php 第 14 行.
SQL: SHOW COLUMNS FROM `fofs_lp` [ RunTime:0.0046s ]
SQL: SELECT COUNT(*) AS tp_count FROM `fofs_lp` WHERE `state` <> 400 LIMIT 1   [ RunTime:0.0007s ]
SQL: SELECT `id`,`institution_type`,`email`,`institution_abbr`,`institution_fullname_cn`,`institution_logo_img`,`reg_time` FROM `fofs_lp` WHERE `state` <> 400 LIMIT 0,10   [ RunTime:0.0007s ]
INFO: [ view_parse ] --START--
INFO: [ template_filter ] --START--
INFO: Run Behavior\ContentReplaceBehavior [ RunTime:0.000155s ]
INFO: [ template_filter ] --END-- [ RunTime:0.000254s ]
NOTIC: [8] Undefined variable: is_admin D:\phpStudy\WWW\fofs\1\Application\Runtime\Cache\Admin\ec564a3c1ba6f9f73e4327733421bd10.php 第 84 行.
INFO: Run Behavior\ParseTemplateBehavior [ RunTime:0.014044s ]
INFO: [ view_parse ] --END-- [ RunTime:0.014129s ]
INFO: [ view_filter ] --START--
INFO: Run Behavior\WriteHtmlCacheBehavior [ RunTime:0.000527s ]
INFO: [ view_filter ] --END-- [ RunTime:0.000591s ]
INFO: [ app_end ] --START--
INFO: Run Behavior\ShowPageTraceBehavior [ RunTime:0.000823s ]
INFO: [ app_end ] --END-- [ RunTime:0.000931s ]

[ 2016-11-27T10:21:45+08:00 ] ::1 /fofs/1/index.php/Admin/User/allUsers?institution_type=3
INFO: [ app_init ] --START--
INFO: Run Behavior\BuildLiteBehavior [ RunTime:0.000019s ]
INFO: [ app_init ] --END-- [ RunTime:0.000553s ]
INFO: [ app_begin ] --START--
INFO: Run Behavior\ReadHtmlCacheBehavior [ RunTime:0.000759s ]
INFO: Run Behavior\CheckLangBehavior [ RunTime:0.001909s ]
INFO: [ app_begin ] --END-- [ RunTime:0.002794s ]
NOTIC: [8] Undefined variable: is_admin D:\phpStudy\WWW\fofs\1\Application\Admin\Controller\BaseController.class.php 第 14 行.
SQL: SHOW COLUMNS FROM `fofs_startup_company` [ RunTime:0.0054s ]
SQL: SELECT COUNT(*) AS tp_count FROM `fofs_startup_company` WHERE `state` <> 400 LIMIT 1   [ RunTime:0.0006s ]
SQL: SELECT `id`,`institution_type`,`email`,`institution_abbr`,`institution_fullname_cn`,`institution_logo_img`,`reg_time` FROM `fofs_startup_company` WHERE `state` <> 400 LIMIT 0,10   [ RunTime:0.0006s ]
INFO: [ view_parse ] --START--
INFO: [ template_filter ] --START--
INFO: Run Behavior\ContentReplaceBehavior [ RunTime:0.000129s ]
INFO: [ template_filter ] --END-- [ RunTime:0.000196s ]
NOTIC: [8] Undefined variable: is_admin D:\phpStudy\WWW\fofs\1\Application\Runtime\Cache\Admin\ec564a3c1ba6f9f73e4327733421bd10.php 第 84 行.
INFO: Run Behavior\ParseTemplateBehavior [ RunTime:0.013196s ]
INFO: [ view_parse ] --END-- [ RunTime:0.013264s ]
INFO: [ view_filter ] --START--
INFO: Run Behavior\WriteHtmlCacheBehavior [ RunTime:0.000459s ]
INFO: [ view_filter ] --END-- [ RunTime:0.000511s ]
INFO: [ app_end ] --START--
INFO: Run Behavior\ShowPageTraceBehavior [ RunTime:0.000820s ]
INFO: [ app_end ] --END-- [ RunTime:0.000922s ]

[ 2016-11-27T10:21:48+08:00 ] ::1 /fofs/1/index.php/Admin/User/delete/institution_id/4/institution_type/3
INFO: [ app_init ] --START--
INFO: Run Behavior\BuildLiteBehavior [ RunTime:0.000023s ]
INFO: [ app_init ] --END-- [ RunTime:0.000714s ]
INFO: [ app_begin ] --START--
INFO: Run Behavior\ReadHtmlCacheBehavior [ RunTime:0.000719s ]
INFO: Run Behavior\CheckLangBehavior [ RunTime:0.002001s ]
INFO: [ app_begin ] --END-- [ RunTime:0.002868s ]
NOTIC: [8] Undefined variable: is_admin D:\phpStudy\WWW\fofs\1\Application\Admin\Controller\BaseController.class.php 第 14 行.
SQL: SHOW COLUMNS FROM `fofs_startup_company` [ RunTime:0.0043s ]
SQL: UPDATE `fofs_startup_company` SET `state`='400' WHERE `id` = 4 [ RunTime:0.0008s ]
INFO: [ view_parse ] --START--
INFO: [ template_filter ] --START--
INFO: Run Behavior\ContentReplaceBehavior [ RunTime:0.000043s ]
INFO: [ template_filter ] --END-- [ RunTime:0.000111s ]
INFO: Run Behavior\ParseTemplateBehavior [ RunTime:0.005720s ]
INFO: [ view_parse ] --END-- [ RunTime:0.005790s ]
INFO: [ view_filter ] --START--
INFO: Run Behavior\WriteHtmlCacheBehavior [ RunTime:0.000328s ]
INFO: [ view_filter ] --END-- [ RunTime:0.000380s ]
INFO: [ app_end ] --START--
INFO: Run Behavior\ShowPageTraceBehavior [ RunTime:0.000546s ]
INFO: [ app_end ] --END-- [ RunTime:0.000611s ]

[ 2016-11-27T10:21:49+08:00 ] ::1 /fofs/1/index.php/Admin/User/allUsers?institution_type=3
INFO: [ app_init ] --START--
INFO: Run Behavior\BuildLiteBehavior [ RunTime:0.000031s ]
INFO: [ app_init ] --END-- [ RunTime:0.000836s ]
INFO: [ app_begin ] --START--
INFO: Run Behavior\ReadHtmlCacheBehavior [ RunTime:0.000986s ]
INFO: Run Behavior\CheckLangBehavior [ RunTime:0.002569s ]
INFO: [ app_begin ] --END-- [ RunTime:0.003710s ]
NOTIC: [8] Undefined variable: is_admin D:\phpStudy\WWW\fofs\1\Application\Admin\Controller\BaseController.class.php 第 14 行.
SQL: SHOW COLUMNS FROM `fofs_startup_company` [ RunTime:0.0053s ]
SQL: SELECT COUNT(*) AS tp_count FROM `fofs_startup_company` WHERE `state` <> 400 LIMIT 1   [ RunTime:0.0007s ]
SQL: SELECT `id`,`institution_type`,`email`,`institution_abbr`,`institution_fullname_cn`,`institution_logo_img`,`reg_time` FROM `fofs_startup_company` WHERE `state` <> 400 LIMIT 0,10   [ RunTime:0.0008s ]
INFO: [ view_parse ] --START--
INFO: [ template_filter ] --START--
INFO: Run Behavior\ContentReplaceBehavior [ RunTime:0.000135s ]
INFO: [ template_filter ] --END-- [ RunTime:0.000205s ]
NOTIC: [8] Undefined variable: is_admin D:\phpStudy\WWW\fofs\1\Application\Runtime\Cache\Admin\ec564a3c1ba6f9f73e4327733421bd10.php 第 84 行.
INFO: Run Behavior\ParseTemplateBehavior [ RunTime:0.013676s ]
INFO: [ view_parse ] --END-- [ RunTime:0.013788s ]
INFO: [ view_filter ] --START--
INFO: Run Behavior\WriteHtmlCacheBehavior [ RunTime:0.000366s ]
INFO: [ view_filter ] --END-- [ RunTime:0.000436s ]
INFO: [ app_end ] --START--
INFO: Run Behavior\ShowPageTraceBehavior [ RunTime:0.000811s ]
INFO: [ app_end ] --END-- [ RunTime:0.000896s ]

[ 2016-11-27T10:22:40+08:00 ] ::1 /fofs/1/index.php/Admin/User/allUsers?institution_type=6
INFO: [ app_init ] --START--
INFO: Run Behavior\BuildLiteBehavior [ RunTime:0.000023s ]
INFO: [ app_init ] --END-- [ RunTime:0.000618s ]
INFO: [ app_begin ] --START--
INFO: Run Behavior\ReadHtmlCacheBehavior [ RunTime:0.000819s ]
INFO: Run Behavior\CheckLangBehavior [ RunTime:0.002086s ]
INFO: [ app_begin ] --END-- [ RunTime:0.003040s ]
NOTIC: [8] Undefined variable: is_admin D:\phpStudy\WWW\fofs\1\Application\Admin\Controller\BaseController.class.php 第 14 行.
SQL: SHOW COLUMNS FROM `fofs_financial_institution` [ RunTime:0.0046s ]
SQL: SELECT COUNT(*) AS tp_count FROM `fofs_financial_institution` WHERE `state` <> 400 LIMIT 1   [ RunTime:0.0006s ]
SQL: SELECT `id`,`institution_type`,`email`,`institution_abbr`,`institution_fullname_cn`,`institution_logo_img`,`reg_time` FROM `fofs_financial_institution` WHERE `state` <> 400 LIMIT 0,10   [ RunTime:0.0007s ]
INFO: [ view_parse ] --START--
INFO: [ template_filter ] --START--
INFO: Run Behavior\ContentReplaceBehavior [ RunTime:0.000137s ]
INFO: [ template_filter ] --END-- [ RunTime:0.000206s ]
NOTIC: [8] Undefined variable: is_admin D:\phpStudy\WWW\fofs\1\Application\Runtime\Cache\Admin\ec564a3c1ba6f9f73e4327733421bd10.php 第 84 行.
INFO: Run Behavior\ParseTemplateBehavior [ RunTime:0.013299s ]
INFO: [ view_parse ] --END-- [ RunTime:0.013372s ]
INFO: [ view_filter ] --START--
INFO: Run Behavior\WriteHtmlCacheBehavior [ RunTime:0.000558s ]
INFO: [ view_filter ] --END-- [ RunTime:0.000618s ]
INFO: [ app_end ] --START--
INFO: Run Behavior\ShowPageTraceBehavior [ RunTime:0.000829s ]
INFO: [ app_end ] --END-- [ RunTime:0.000920s ]

[ 2016-11-27T10:22:43+08:00 ] ::1 /fofs/1/index.php/Admin/User/delete/institution_id/1/institution_type/6
INFO: [ app_init ] --START--
INFO: Run Behavior\BuildLiteBehavior [ RunTime:0.000027s ]
INFO: [ app_init ] --END-- [ RunTime:0.000544s ]
INFO: [ app_begin ] --START--
INFO: Run Behavior\ReadHtmlCacheBehavior [ RunTime:0.000695s ]
INFO: Run Behavior\CheckLangBehavior [ RunTime:0.001827s ]
INFO: [ app_begin ] --END-- [ RunTime:0.002649s ]
NOTIC: [8] Undefined variable: is_admin D:\phpStudy\WWW\fofs\1\Application\Admin\Controller\BaseController.class.php 第 14 行.
SQL: SHOW COLUMNS FROM `fofs_financial_institution` [ RunTime:0.0058s ]
SQL: UPDATE `fofs_financial_institution` SET `state`='400' WHERE `id` = 1 [ RunTime:0.0008s ]
INFO: [ view_parse ] --START--
INFO: [ template_filter ] --START--
INFO: Run Behavior\ContentReplaceBehavior [ RunTime:0.000044s ]
INFO: [ template_filter ] --END-- [ RunTime:0.000114s ]
INFO: Run Behavior\ParseTemplateBehavior [ RunTime:0.005865s ]
INFO: [ view_parse ] --END-- [ RunTime:0.005968s ]
INFO: [ view_filter ] --START--
INFO: Run Behavior\WriteHtmlCacheBehavior [ RunTime:0.000316s ]
INFO: [ view_filter ] --END-- [ RunTime:0.000366s ]
INFO: [ app_end ] --START--
INFO: Run Behavior\ShowPageTraceBehavior [ RunTime:0.000534s ]
INFO: [ app_end ] --END-- [ RunTime:0.000586s ]

[ 2016-11-27T10:22:45+08:00 ] ::1 /fofs/1/index.php/Admin/User/allUsers?institution_type=6
INFO: [ app_init ] --START--
INFO: Run Behavior\BuildLiteBehavior [ RunTime:0.000025s ]
INFO: [ app_init ] --END-- [ RunTime:0.000613s ]
INFO: [ app_begin ] --START--
INFO: Run Behavior\ReadHtmlCacheBehavior [ RunTime:0.000860s ]
INFO: Run Behavior\CheckLangBehavior [ RunTime:0.002477s ]
INFO: [ app_begin ] --END-- [ RunTime:0.003497s ]
NOTIC: [8] Undefined variable: is_admin D:\phpStudy\WWW\fofs\1\Application\Admin\Controller\BaseController.class.php 第 14 行.
SQL: SHOW COLUMNS FROM `fofs_financial_institution` [ RunTime:0.0047s ]
SQL: SELECT COUNT(*) AS tp_count FROM `fofs_financial_institution` WHERE `state` <> 400 LIMIT 1   [ RunTime:0.0006s ]
SQL: SELECT `id`,`institution_type`,`email`,`institution_abbr`,`institution_fullname_cn`,`institution_logo_img`,`reg_time` FROM `fofs_financial_institution` WHERE `state` <> 400 LIMIT 0,10   [ RunTime:0.0006s ]
INFO: [ view_parse ] --START--
INFO: [ template_filter ] --START--
INFO: Run Behavior\ContentReplaceBehavior [ RunTime:0.000160s ]
INFO: [ template_filter ] --END-- [ RunTime:0.000273s ]
NOTIC: [8] Undefined variable: is_admin D:\phpStudy\WWW\fofs\1\Application\Runtime\Cache\Admin\ec564a3c1ba6f9f73e4327733421bd10.php 第 84 行.
INFO: Run Behavior\ParseTemplateBehavior [ RunTime:0.013544s ]
INFO: [ view_parse ] --END-- [ RunTime:0.013637s ]
INFO: [ view_filter ] --START--
INFO: Run Behavior\WriteHtmlCacheBehavior [ RunTime:0.000323s ]
INFO: [ view_filter ] --END-- [ RunTime:0.000381s ]
INFO: [ app_end ] --START--
INFO: Run Behavior\ShowPageTraceBehavior [ RunTime:0.000574s ]
INFO: [ app_end ] --END-- [ RunTime:0.000654s ]

