[ 2016-12-10T09:32:07+08:00 ] ::1 /fofs/1/index.php/Admin/Index/login
INFO: [ app_init ] --START--
INFO: Run Behavior\BuildLiteBehavior [ RunTime:0.000047s ]
INFO: [ app_init ] --END-- [ RunTime:0.025649s ]
INFO: [ app_begin ] --START--
INFO: Run Behavior\ReadHtmlCacheBehavior [ RunTime:0.022160s ]
INFO: Run Behavior\CheckLangBehavior [ RunTime:0.016559s ]
INFO: [ app_begin ] --END-- [ RunTime:0.039115s ]
NOTIC: [8] Undefined variable: is_admin D:\phpStudy\WWW\fofs\1\Application\Admin\Controller\BaseController.class.php 第 14 行.
INFO: [ view_parse ] --START--
INFO: [ template_filter ] --START--
INFO: Run Behavior\ContentReplaceBehavior [ RunTime:0.000215s ]
INFO: [ template_filter ] --END-- [ RunTime:0.000429s ]
INFO: Run Behavior\ParseTemplateBehavior [ RunTime:0.158321s ]
INFO: [ view_parse ] --END-- [ RunTime:0.158534s ]
INFO: [ view_filter ] --START--
INFO: Run Behavior\WriteHtmlCacheBehavior [ RunTime:0.001353s ]
INFO: [ view_filter ] --END-- [ RunTime:0.001530s ]
INFO: [ app_end ] --START--
INFO: Run Behavior\ShowPageTraceBehavior [ RunTime:0.015804s ]
INFO: [ app_end ] --END-- [ RunTime:0.015979s ]

[ 2016-12-10T11:03:22+08:00 ] ::1 /fofs/1/index.php/Admin/Index/login
INFO: [ app_init ] --START--
INFO: Run Behavior\BuildLiteBehavior [ RunTime:0.000031s ]
INFO: [ app_init ] --END-- [ RunTime:0.000712s ]
INFO: [ app_begin ] --START--
INFO: Run Behavior\ReadHtmlCacheBehavior [ RunTime:0.000590s ]
INFO: Run Behavior\CheckLangBehavior [ RunTime:0.067148s ]
INFO: [ app_begin ] --END-- [ RunTime:0.067919s ]
NOTIC: [8] Undefined variable: is_admin D:\phpStudy\WWW\fofs\1\Application\Admin\Controller\BaseController.class.php 第 14 行.
INFO: [ view_parse ] --START--
INFO: [ template_filter ] --START--
INFO: Run Behavior\ContentReplaceBehavior [ RunTime:0.000070s ]
INFO: [ template_filter ] --END-- [ RunTime:0.000160s ]
INFO: Run Behavior\ParseTemplateBehavior [ RunTime:0.007724s ]
INFO: [ view_parse ] --END-- [ RunTime:0.007818s ]
INFO: [ view_filter ] --START--
INFO: Run Behavior\WriteHtmlCacheBehavior [ RunTime:0.000479s ]
INFO: [ view_filter ] --END-- [ RunTime:0.000546s ]
INFO: [ app_end ] --START--
INFO: Run Behavior\ShowPageTraceBehavior [ RunTime:0.000694s ]
INFO: [ app_end ] --END-- [ RunTime:0.000763s ]

[ 2016-12-10T11:03:35+08:00 ] ::1 /fofs/1/index.php/Admin/Index/admin_login
INFO: [ app_init ] --START--
INFO: Run Behavior\BuildLiteBehavior [ RunTime:0.000017s ]
INFO: [ app_init ] --END-- [ RunTime:0.000499s ]
INFO: [ app_begin ] --START--
INFO: Run Behavior\ReadHtmlCacheBehavior [ RunTime:0.000753s ]
INFO: Run Behavior\CheckLangBehavior [ RunTime:0.001527s ]
INFO: [ app_begin ] --END-- [ RunTime:0.002420s ]
NOTIC: [8] Undefined variable: is_admin D:\phpStudy\WWW\fofs\1\Application\Admin\Controller\BaseController.class.php 第 14 行.
SQL: SHOW COLUMNS FROM `fofs_admin` [ RunTime:0.2033s ]
SQL: SELECT * FROM `fofs_admin` WHERE `email` = '896776703@qq.com'  [ RunTime:0.0008s ]
INFO: [ view_parse ] --START--
INFO: [ template_filter ] --START--
INFO: Run Behavior\ContentReplaceBehavior [ RunTime:0.000047s ]
INFO: [ template_filter ] --END-- [ RunTime:0.000127s ]
INFO: Run Behavior\ParseTemplateBehavior [ RunTime:0.029234s ]
INFO: [ view_parse ] --END-- [ RunTime:0.029327s ]
INFO: [ view_filter ] --START--
INFO: Run Behavior\WriteHtmlCacheBehavior [ RunTime:0.000599s ]
INFO: [ view_filter ] --END-- [ RunTime:0.000658s ]

[ 2016-12-10T11:03:42+08:00 ] ::1 /fofs/1/index.php/Admin/Index/admin_login
INFO: [ app_init ] --START--
INFO: Run Behavior\BuildLiteBehavior [ RunTime:0.000033s ]
INFO: [ app_init ] --END-- [ RunTime:0.000704s ]
INFO: [ app_begin ] --START--
INFO: Run Behavior\ReadHtmlCacheBehavior [ RunTime:0.000792s ]
INFO: Run Behavior\CheckLangBehavior [ RunTime:0.001601s ]
INFO: [ app_begin ] --END-- [ RunTime:0.002550s ]
NOTIC: [8] Undefined variable: is_admin D:\phpStudy\WWW\fofs\1\Application\Admin\Controller\BaseController.class.php 第 14 行.
SQL: SHOW COLUMNS FROM `fofs_admin` [ RunTime:0.0041s ]
SQL: SELECT * FROM `fofs_admin` WHERE `email` = '896776703@qq.com'  [ RunTime:0.0008s ]
INFO: [ view_parse ] --START--
INFO: [ template_filter ] --START--
INFO: Run Behavior\ContentReplaceBehavior [ RunTime:0.000049s ]
INFO: [ template_filter ] --END-- [ RunTime:0.000127s ]
INFO: Run Behavior\ParseTemplateBehavior [ RunTime:0.006476s ]
INFO: [ view_parse ] --END-- [ RunTime:0.006586s ]
INFO: [ view_filter ] --START--
INFO: Run Behavior\WriteHtmlCacheBehavior [ RunTime:0.000393s ]
INFO: [ view_filter ] --END-- [ RunTime:0.000475s ]
INFO: [ app_end ] --START--
INFO: Run Behavior\ShowPageTraceBehavior [ RunTime:0.000576s ]
INFO: [ app_end ] --END-- [ RunTime:0.000632s ]

[ 2016-12-10T11:03:44+08:00 ] ::1 /fofs/1/index.php/Admin/Index/index
INFO: [ app_init ] --START--
INFO: Run Behavior\BuildLiteBehavior [ RunTime:0.000022s ]
INFO: [ app_init ] --END-- [ RunTime:0.000618s ]
INFO: [ app_begin ] --START--
INFO: Run Behavior\ReadHtmlCacheBehavior [ RunTime:0.000752s ]
INFO: Run Behavior\CheckLangBehavior [ RunTime:0.001729s ]
INFO: [ app_begin ] --END-- [ RunTime:0.002607s ]
NOTIC: [8] Undefined variable: is_admin D:\phpStudy\WWW\fofs\1\Application\Admin\Controller\BaseController.class.php 第 14 行.
SQL: SHOW COLUMNS FROM `fofs_record` [ RunTime:0.0041s ]
SQL: SELECT * FROM `fofs_record` WHERE `name` = 'today_view_2016_12_10' LIMIT 1   [ RunTime:0.0007s ]
SQL: SELECT * FROM `fofs_record` WHERE `name` = 'total_view' LIMIT 1   [ RunTime:0.0006s ]
SQL: SHOW COLUMNS FROM `fofs_user` [ RunTime:0.0909s ]
NOTIC: [8] Undefined variable: where D:\phpStudy\WWW\fofs\1\Application\Admin\Controller\IndexController.class.php 第 80 行.
SQL: SELECT COUNT(*) AS tp_count FROM `fofs_user` LIMIT 1   [ RunTime:0.0007s ]
SQL: SHOW COLUMNS FROM `fofs_lp` [ RunTime:0.0062s ]
NOTIC: [8] Undefined variable: where D:\phpStudy\WWW\fofs\1\Application\Admin\Controller\IndexController.class.php 第 89 行.
SQL: SELECT COUNT(*) AS tp_count FROM `fofs_lp` LIMIT 1   [ RunTime:0.0007s ]
SQL: SHOW COLUMNS FROM `fofs_gp` [ RunTime:0.0068s ]
NOTIC: [8] Undefined variable: where D:\phpStudy\WWW\fofs\1\Application\Admin\Controller\IndexController.class.php 第 94 行.
SQL: SELECT COUNT(*) AS tp_count FROM `fofs_gp` LIMIT 1   [ RunTime:0.0009s ]
SQL: SHOW COLUMNS FROM `fofs_startup_company` [ RunTime:0.0076s ]
NOTIC: [8] Undefined variable: where D:\phpStudy\WWW\fofs\1\Application\Admin\Controller\IndexController.class.php 第 99 行.
SQL: SELECT COUNT(*) AS tp_count FROM `fofs_startup_company` LIMIT 1   [ RunTime:0.0007s ]
SQL: SHOW COLUMNS FROM `fofs_fa` [ RunTime:0.0050s ]
NOTIC: [8] Undefined variable: where D:\phpStudy\WWW\fofs\1\Application\Admin\Controller\IndexController.class.php 第 104 行.
SQL: SELECT COUNT(*) AS tp_count FROM `fofs_fa` LIMIT 1   [ RunTime:0.0006s ]
SQL: SHOW COLUMNS FROM `fofs_legal_agency` [ RunTime:0.0416s ]
NOTIC: [8] Undefined variable: where D:\phpStudy\WWW\fofs\1\Application\Admin\Controller\IndexController.class.php 第 109 行.
SQL: SELECT COUNT(*) AS tp_count FROM `fofs_legal_agency` LIMIT 1   [ RunTime:0.0007s ]
SQL: SHOW COLUMNS FROM `fofs_financial_institution` [ RunTime:0.0331s ]
NOTIC: [8] Undefined variable: where D:\phpStudy\WWW\fofs\1\Application\Admin\Controller\IndexController.class.php 第 114 行.
SQL: SELECT COUNT(*) AS tp_count FROM `fofs_financial_institution` LIMIT 1   [ RunTime:0.0008s ]
SQL: SHOW COLUMNS FROM `fofs_business_incubator` [ RunTime:0.0335s ]
NOTIC: [8] Undefined variable: where D:\phpStudy\WWW\fofs\1\Application\Admin\Controller\IndexController.class.php 第 119 行.
SQL: SELECT COUNT(*) AS tp_count FROM `fofs_business_incubator` LIMIT 1   [ RunTime:0.0007s ]
SQL: SHOW COLUMNS FROM `fofs_other_institution` [ RunTime:0.0452s ]
NOTIC: [8] Undefined variable: where D:\phpStudy\WWW\fofs\1\Application\Admin\Controller\IndexController.class.php 第 124 行.
SQL: SELECT COUNT(*) AS tp_count FROM `fofs_other_institution` LIMIT 1   [ RunTime:0.0006s ]
INFO: [ view_parse ] --START--
INFO: [ template_filter ] --START--
INFO: Run Behavior\ContentReplaceBehavior [ RunTime:0.000173s ]
INFO: [ template_filter ] --END-- [ RunTime:0.000270s ]
NOTIC: [8] Undefined variable: is_admin D:\phpStudy\WWW\fofs\1\Application\Runtime\Cache\Admin\b595b808c2ebeeeb0478ffc30bb4e87a.php 第 83 行.
INFO: Run Behavior\ParseTemplateBehavior [ RunTime:0.028840s ]
INFO: [ view_parse ] --END-- [ RunTime:0.028920s ]
INFO: [ view_filter ] --START--
INFO: Run Behavior\WriteHtmlCacheBehavior [ RunTime:0.000399s ]
INFO: [ view_filter ] --END-- [ RunTime:0.000462s ]
INFO: [ app_end ] --START--
INFO: Run Behavior\ShowPageTraceBehavior [ RunTime:0.000937s ]
INFO: [ app_end ] --END-- [ RunTime:0.001065s ]

[ 2016-12-10T11:08:37+08:00 ] ::1 /fofs/1/index.php/Admin/User/allUsers?institution_type=1
INFO: [ app_init ] --START--
INFO: Run Behavior\BuildLiteBehavior [ RunTime:0.000030s ]
INFO: [ app_init ] --END-- [ RunTime:0.000598s ]
INFO: [ app_begin ] --START--
INFO: Run Behavior\ReadHtmlCacheBehavior [ RunTime:0.000768s ]
INFO: Run Behavior\CheckLangBehavior [ RunTime:0.001433s ]
INFO: [ app_begin ] --END-- [ RunTime:0.002316s ]
NOTIC: [8] Undefined variable: is_admin D:\phpStudy\WWW\fofs\1\Application\Admin\Controller\BaseController.class.php 第 14 行.
SQL: SHOW COLUMNS FROM `fofs_lp` [ RunTime:0.0043s ]
SQL: SELECT COUNT(*) AS tp_count FROM `fofs_lp` WHERE `state` <> 400 LIMIT 1   [ RunTime:0.0007s ]
SQL: SELECT `id`,`institution_type`,`email`,`institution_abbr`,`institution_fullname_cn`,`institution_logo_img`,`reg_time` FROM `fofs_lp` WHERE `state` <> 400 LIMIT 0,10   [ RunTime:0.0009s ]
INFO: [ view_parse ] --START--
INFO: [ template_filter ] --START--
INFO: Run Behavior\ContentReplaceBehavior [ RunTime:0.000139s ]
INFO: [ template_filter ] --END-- [ RunTime:0.000227s ]
NOTIC: [8] Undefined variable: is_admin D:\phpStudy\WWW\fofs\1\Application\Runtime\Cache\Admin\ec564a3c1ba6f9f73e4327733421bd10.php 第 84 行.
INFO: Run Behavior\ParseTemplateBehavior [ RunTime:0.039198s ]
INFO: [ view_parse ] --END-- [ RunTime:0.039304s ]
INFO: [ view_filter ] --START--
INFO: Run Behavior\WriteHtmlCacheBehavior [ RunTime:0.000491s ]
INFO: [ view_filter ] --END-- [ RunTime:0.000553s ]
INFO: [ app_end ] --START--
INFO: Run Behavior\ShowPageTraceBehavior [ RunTime:0.000852s ]
INFO: [ app_end ] --END-- [ RunTime:0.000935s ]

[ 2016-12-10T11:08:39+08:00 ] ::1 /fofs/1/index.php/Admin/User/lpProfile.html?id=3&institution_type=1
INFO: [ app_init ] --START--
INFO: Run Behavior\BuildLiteBehavior [ RunTime:0.000037s ]
INFO: [ app_init ] --END-- [ RunTime:0.000938s ]
INFO: [ app_begin ] --START--
INFO: Run Behavior\ReadHtmlCacheBehavior [ RunTime:0.001709s ]
INFO: Run Behavior\CheckLangBehavior [ RunTime:0.001968s ]
INFO: [ app_begin ] --END-- [ RunTime:0.003901s ]
NOTIC: [8] Undefined variable: is_admin D:\phpStudy\WWW\fofs\1\Application\Admin\Controller\BaseController.class.php 第 14 行.
SQL: SHOW COLUMNS FROM `fofs_lp` [ RunTime:0.0056s ]
SQL: SELECT * FROM `fofs_lp` WHERE `id` = 3 LIMIT 1   [ RunTime:0.0009s ]
SQL: SHOW COLUMNS FROM `fofs_interest_list` [ RunTime:0.0035s ]
SQL: SELECT * FROM `fofs_interest_list` WHERE `fan_id` = 4 AND `fan_type` = 10 AND `host_id` = 3 AND `host_type` = 1  [ RunTime:0.0006s ]
SQL: SHOW COLUMNS FROM `fofs_senior_executive` [ RunTime:0.0037s ]
SQL: SELECT * FROM `fofs_senior_executive` WHERE `institution_type` = 1 AND `institution_id` = 3  [ RunTime:0.0006s ]
SQL: SHOW COLUMNS FROM `fofs_business_experience` [ RunTime:0.0046s ]
SQL: SELECT * FROM `fofs_business_experience` WHERE `senior_executive_id` = 18  [ RunTime:0.0007s ]
SQL: SELECT * FROM `fofs_business_experience` WHERE `senior_executive_id` = 17  [ RunTime:0.0006s ]
SQL: SELECT * FROM `fofs_business_experience` WHERE `senior_executive_id` = 16  [ RunTime:0.0005s ]
SQL: SHOW COLUMNS FROM `fofs_lp_fund_product` [ RunTime:0.0044s ]
SQL: SELECT * FROM `fofs_lp_fund_product` WHERE `institution_type` = 1 AND `institution_id` = 3  [ RunTime:0.0008s ]
SQL: SHOW COLUMNS FROM `fofs_investment_project` [ RunTime:0.0040s ]
SQL: SELECT * FROM `fofs_investment_project` WHERE `fund_id` = 1  [ RunTime:0.0007s ]
SQL: SELECT * FROM `fofs_investment_project` WHERE `fund_id` = 2  [ RunTime:0.0008s ]
INFO: [ view_parse ] --START--
INFO: [ template_filter ] --START--
INFO: Run Behavior\ContentReplaceBehavior [ RunTime:0.000305s ]
INFO: [ template_filter ] --END-- [ RunTime:0.000387s ]
NOTIC: [8] Undefined variable: is_admin D:\phpStudy\WWW\fofs\1\Application\Runtime\Cache\Admin\64878ed708e6539bb73776a53e377ac5.php 第 84 行.
INFO: Run Behavior\ParseTemplateBehavior [ RunTime:0.036413s ]
INFO: [ view_parse ] --END-- [ RunTime:0.036522s ]
INFO: [ view_filter ] --START--
INFO: Run Behavior\WriteHtmlCacheBehavior [ RunTime:0.000674s ]
INFO: [ view_filter ] --END-- [ RunTime:0.000749s ]
INFO: [ app_end ] --START--
INFO: Run Behavior\ShowPageTraceBehavior [ RunTime:0.002149s ]
INFO: [ app_end ] --END-- [ RunTime:0.002303s ]

[ 2016-12-10T11:08:53+08:00 ] ::1 /fofs/1/index.php/Admin/User/allUsers?institution_type=2
INFO: [ app_init ] --START--
INFO: Run Behavior\BuildLiteBehavior [ RunTime:0.000039s ]
INFO: [ app_init ] --END-- [ RunTime:0.000748s ]
INFO: [ app_begin ] --START--
INFO: Run Behavior\ReadHtmlCacheBehavior [ RunTime:0.000600s ]
INFO: Run Behavior\CheckLangBehavior [ RunTime:0.001314s ]
INFO: [ app_begin ] --END-- [ RunTime:0.002055s ]
NOTIC: [8] Undefined variable: is_admin D:\phpStudy\WWW\fofs\1\Application\Admin\Controller\BaseController.class.php 第 14 行.
SQL: SHOW COLUMNS FROM `fofs_gp` [ RunTime:0.0062s ]
SQL: SELECT COUNT(*) AS tp_count FROM `fofs_gp` WHERE `state` <> 400 LIMIT 1   [ RunTime:0.0008s ]
SQL: SELECT `id`,`institution_type`,`email`,`institution_abbr`,`institution_fullname_cn`,`institution_logo_img`,`reg_time` FROM `fofs_gp` WHERE `state` <> 400 LIMIT 0,10   [ RunTime:0.0008s ]
INFO: [ view_parse ] --START--
INFO: [ template_filter ] --START--
INFO: Run Behavior\ContentReplaceBehavior [ RunTime:0.000138s ]
INFO: [ template_filter ] --END-- [ RunTime:0.000220s ]
NOTIC: [8] Undefined variable: is_admin D:\phpStudy\WWW\fofs\1\Application\Runtime\Cache\Admin\ec564a3c1ba6f9f73e4327733421bd10.php 第 84 行.
INFO: Run Behavior\ParseTemplateBehavior [ RunTime:0.016639s ]
INFO: [ view_parse ] --END-- [ RunTime:0.016772s ]
INFO: [ view_filter ] --START--
INFO: Run Behavior\WriteHtmlCacheBehavior [ RunTime:0.000424s ]
INFO: [ view_filter ] --END-- [ RunTime:0.000488s ]
INFO: [ app_end ] --START--
INFO: Run Behavior\ShowPageTraceBehavior [ RunTime:0.000944s ]
INFO: [ app_end ] --END-- [ RunTime:0.001081s ]

[ 2016-12-10T11:08:54+08:00 ] ::1 /fofs/1/index.php/Admin/User/allUsers?institution_type=3
INFO: [ app_init ] --START--
INFO: Run Behavior\BuildLiteBehavior [ RunTime:0.000020s ]
INFO: [ app_init ] --END-- [ RunTime:0.000554s ]
INFO: [ app_begin ] --START--
INFO: Run Behavior\ReadHtmlCacheBehavior [ RunTime:0.000597s ]
INFO: Run Behavior\CheckLangBehavior [ RunTime:0.001305s ]
INFO: [ app_begin ] --END-- [ RunTime:0.002034s ]
NOTIC: [8] Undefined variable: is_admin D:\phpStudy\WWW\fofs\1\Application\Admin\Controller\BaseController.class.php 第 14 行.
SQL: SHOW COLUMNS FROM `fofs_startup_company` [ RunTime:0.0056s ]
SQL: SELECT COUNT(*) AS tp_count FROM `fofs_startup_company` WHERE `state` <> 400 LIMIT 1   [ RunTime:0.0008s ]
SQL: SELECT `id`,`institution_type`,`email`,`institution_abbr`,`institution_fullname_cn`,`institution_logo_img`,`reg_time` FROM `fofs_startup_company` WHERE `state` <> 400 LIMIT 0,10   [ RunTime:0.0009s ]
INFO: [ view_parse ] --START--
INFO: [ template_filter ] --START--
INFO: Run Behavior\ContentReplaceBehavior [ RunTime:0.000203s ]
INFO: [ template_filter ] --END-- [ RunTime:0.000341s ]
NOTIC: [8] Undefined variable: is_admin D:\phpStudy\WWW\fofs\1\Application\Runtime\Cache\Admin\ec564a3c1ba6f9f73e4327733421bd10.php 第 84 行.
INFO: Run Behavior\ParseTemplateBehavior [ RunTime:0.017133s ]
INFO: [ view_parse ] --END-- [ RunTime:0.017247s ]
INFO: [ view_filter ] --START--
INFO: Run Behavior\WriteHtmlCacheBehavior [ RunTime:0.000597s ]
INFO: [ view_filter ] --END-- [ RunTime:0.000702s ]
INFO: [ app_end ] --START--
INFO: Run Behavior\ShowPageTraceBehavior [ RunTime:0.000947s ]
INFO: [ app_end ] --END-- [ RunTime:0.001078s ]

[ 2016-12-10T11:08:56+08:00 ] ::1 /fofs/1/index.php/Admin/Index/index
INFO: [ app_init ] --START--
INFO: Run Behavior\BuildLiteBehavior [ RunTime:0.000020s ]
INFO: [ app_init ] --END-- [ RunTime:0.000446s ]
INFO: [ app_begin ] --START--
INFO: Run Behavior\ReadHtmlCacheBehavior [ RunTime:0.000893s ]
INFO: Run Behavior\CheckLangBehavior [ RunTime:0.001471s ]
INFO: [ app_begin ] --END-- [ RunTime:0.002520s ]
NOTIC: [8] Undefined variable: is_admin D:\phpStudy\WWW\fofs\1\Application\Admin\Controller\BaseController.class.php 第 14 行.
SQL: SHOW COLUMNS FROM `fofs_record` [ RunTime:0.0041s ]
SQL: SELECT * FROM `fofs_record` WHERE `name` = 'today_view_2016_12_10' LIMIT 1   [ RunTime:0.0008s ]
SQL: SELECT * FROM `fofs_record` WHERE `name` = 'total_view' LIMIT 1   [ RunTime:0.0006s ]
SQL: SHOW COLUMNS FROM `fofs_user` [ RunTime:0.0047s ]
NOTIC: [8] Undefined variable: where D:\phpStudy\WWW\fofs\1\Application\Admin\Controller\IndexController.class.php 第 80 行.
SQL: SELECT COUNT(*) AS tp_count FROM `fofs_user` LIMIT 1   [ RunTime:0.0006s ]
SQL: SHOW COLUMNS FROM `fofs_lp` [ RunTime:0.0051s ]
NOTIC: [8] Undefined variable: where D:\phpStudy\WWW\fofs\1\Application\Admin\Controller\IndexController.class.php 第 89 行.
SQL: SELECT COUNT(*) AS tp_count FROM `fofs_lp` LIMIT 1   [ RunTime:0.0007s ]
SQL: SHOW COLUMNS FROM `fofs_gp` [ RunTime:0.0059s ]
NOTIC: [8] Undefined variable: where D:\phpStudy\WWW\fofs\1\Application\Admin\Controller\IndexController.class.php 第 94 行.
SQL: SELECT COUNT(*) AS tp_count FROM `fofs_gp` LIMIT 1   [ RunTime:0.0009s ]
SQL: SHOW COLUMNS FROM `fofs_startup_company` [ RunTime:0.0051s ]
NOTIC: [8] Undefined variable: where D:\phpStudy\WWW\fofs\1\Application\Admin\Controller\IndexController.class.php 第 99 行.
SQL: SELECT COUNT(*) AS tp_count FROM `fofs_startup_company` LIMIT 1   [ RunTime:0.0007s ]
SQL: SHOW COLUMNS FROM `fofs_fa` [ RunTime:0.0045s ]
NOTIC: [8] Undefined variable: where D:\phpStudy\WWW\fofs\1\Application\Admin\Controller\IndexController.class.php 第 104 行.
SQL: SELECT COUNT(*) AS tp_count FROM `fofs_fa` LIMIT 1   [ RunTime:0.0008s ]
SQL: SHOW COLUMNS FROM `fofs_legal_agency` [ RunTime:0.0061s ]
NOTIC: [8] Undefined variable: where D:\phpStudy\WWW\fofs\1\Application\Admin\Controller\IndexController.class.php 第 109 行.
SQL: SELECT COUNT(*) AS tp_count FROM `fofs_legal_agency` LIMIT 1   [ RunTime:0.0006s ]
SQL: SHOW COLUMNS FROM `fofs_financial_institution` [ RunTime:0.0042s ]
NOTIC: [8] Undefined variable: where D:\phpStudy\WWW\fofs\1\Application\Admin\Controller\IndexController.class.php 第 114 行.
SQL: SELECT COUNT(*) AS tp_count FROM `fofs_financial_institution` LIMIT 1   [ RunTime:0.0006s ]
SQL: SHOW COLUMNS FROM `fofs_business_incubator` [ RunTime:0.0051s ]
NOTIC: [8] Undefined variable: where D:\phpStudy\WWW\fofs\1\Application\Admin\Controller\IndexController.class.php 第 119 行.
SQL: SELECT COUNT(*) AS tp_count FROM `fofs_business_incubator` LIMIT 1   [ RunTime:0.0006s ]
SQL: SHOW COLUMNS FROM `fofs_other_institution` [ RunTime:0.0039s ]
NOTIC: [8] Undefined variable: where D:\phpStudy\WWW\fofs\1\Application\Admin\Controller\IndexController.class.php 第 124 行.
SQL: SELECT COUNT(*) AS tp_count FROM `fofs_other_institution` LIMIT 1   [ RunTime:0.0006s ]
INFO: [ view_parse ] --START--
INFO: [ template_filter ] --START--
INFO: Run Behavior\ContentReplaceBehavior [ RunTime:0.000131s ]
INFO: [ template_filter ] --END-- [ RunTime:0.000211s ]
NOTIC: [8] Undefined variable: is_admin D:\phpStudy\WWW\fofs\1\Application\Runtime\Cache\Admin\b595b808c2ebeeeb0478ffc30bb4e87a.php 第 83 行.
INFO: Run Behavior\ParseTemplateBehavior [ RunTime:0.010961s ]
INFO: [ view_parse ] --END-- [ RunTime:0.011038s ]
INFO: [ view_filter ] --START--
INFO: Run Behavior\WriteHtmlCacheBehavior [ RunTime:0.000345s ]
INFO: [ view_filter ] --END-- [ RunTime:0.000435s ]
INFO: [ app_end ] --START--
INFO: Run Behavior\ShowPageTraceBehavior [ RunTime:0.001304s ]
INFO: [ app_end ] --END-- [ RunTime:0.001707s ]

